<?xml version="1.0" encoding="UTF-8"?>
<!-- Generated by org.testng.reporters.JUnitXMLReporter -->
<testsuite ignored="0" hostname="DipaliV-lpt" failures="0" tests="30" name="ProjectScreen Test" time="0.054" errors="0" timestamp="2021-10-06T14:24:30 IST">
  <testcase classname="com.PRMSTool.base.TestBase" name="@BeforeSuite OpenBrowser" time="1.838">
    <failure type="org.openqa.selenium.SessionNotCreatedException" message="session not created: This version of ChromeDriver only supports Chrome version 92
Current browser version is 94.0.4606.61 with binary path C:\Program Files\Google\Chrome\Application\chrome.exe
Build info: version: &amp;apos;3.141.59&amp;apos;, revision: &amp;apos;e82be7d358&amp;apos;, time: &amp;apos;2018-11-14T08:17:03&amp;apos;
System info: host: &amp;apos;DIPALIV-LPT&amp;apos;, ip: &amp;apos;10.81.234.8&amp;apos;, os.name: &amp;apos;Windows 10&amp;apos;, os.arch: &amp;apos;amd64&amp;apos;, os.version: &amp;apos;10.0&amp;apos;, java.version: &amp;apos;15.0.1&amp;apos;
Driver info: driver.version: ChromeDriver
remote stacktrace: Backtrace:
	Ordinal0 [0x01112A33+2501171]
	Ordinal0 [0x010AD1C1+2085313]
	Ordinal0 [0x00FB1FA8+1056680]
	Ordinal0 [0x00FD020A+1180170]
	Ordinal0 [0x00FCC125+1163557]
	Ordinal0 [0x00FC997F+1153407]
	Ordinal0 [0x00FF999F+1350047]
	Ordinal0 [0x00FF960A+1349130]
	Ordinal0 [0x00FF551B+1332507]
	Ordinal0 [0x00FD1D74+1187188]
	Ordinal0 [0x00FD2BD9+1190873]
	GetHandleVerifier [0x0128EFE6+1504438]
	GetHandleVerifier [0x0133DDA5+2220661]
	GetHandleVerifier [0x01195589+481881]
	GetHandleVerifier [0x01194639+477961]
	Ordinal0 [0x010B28BD+2107581]
	Ordinal0 [0x010B6728+2123560]
	Ordinal0 [0x010B6862+2123874]
	Ordinal0 [0x010BFA81+2161281]
	BaseThreadInitThunk [0x76DBFA29+25]
	RtlGetAppContainerNamedObjectPath [0x77CD7A9E+286]
	RtlGetAppContainerNamedObjectPath [0x77CD7A6E+238]
">
      <![CDATA[org.openqa.selenium.SessionNotCreatedException: session not created: This version of ChromeDriver only supports Chrome version 92
Current browser version is 94.0.4606.61 with binary path C:\Program Files\Google\Chrome\Application\chrome.exe
Build info: version: '3.141.59', revision: 'e82be7d358', time: '2018-11-14T08:17:03'
System info: host: 'DIPALIV-LPT', ip: '10.81.234.8', os.name: 'Windows 10', os.arch: 'amd64', os.version: '10.0', java.version: '15.0.1'
Driver info: driver.version: ChromeDriver
remote stacktrace: Backtrace:
Ordinal0 [0x01112A33+2501171]
Ordinal0 [0x010AD1C1+2085313]
Ordinal0 [0x00FB1FA8+1056680]
Ordinal0 [0x00FD020A+1180170]
Ordinal0 [0x00FCC125+1163557]
Ordinal0 [0x00FC997F+1153407]
Ordinal0 [0x00FF999F+1350047]
Ordinal0 [0x00FF960A+1349130]
Ordinal0 [0x00FF551B+1332507]
Ordinal0 [0x00FD1D74+1187188]
Ordinal0 [0x00FD2BD9+1190873]
GetHandleVerifier [0x0128EFE6+1504438]
GetHandleVerifier [0x0133DDA5+2220661]
GetHandleVerifier [0x01195589+481881]
GetHandleVerifier [0x01194639+477961]
Ordinal0 [0x010B28BD+2107581]
Ordinal0 [0x010B6728+2123560]
Ordinal0 [0x010B6862+2123874]
Ordinal0 [0x010BFA81+2161281]
BaseThreadInitThunk [0x76DBFA29+25]
RtlGetAppContainerNamedObjectPath [0x77CD7A9E+286]
RtlGetAppContainerNamedObjectPath [0x77CD7A6E+238]

at org.openqa.selenium.remote.W3CHandshakeResponse.lambda$errorHandler$0(W3CHandshakeResponse.java:62)
at org.openqa.selenium.remote.HandshakeResponse.lambda$getResponseFunction$0(HandshakeResponse.java:30)
at org.openqa.selenium.remote.ProtocolHandshake.lambda$createSession$0(ProtocolHandshake.java:126)
at java.base/java.util.stream.ReferencePipeline$3$1.accept(ReferencePipeline.java:195)
at java.base/java.util.Spliterators$ArraySpliterator.tryAdvance(Spliterators.java:958)
at java.base/java.util.stream.ReferencePipeline.forEachWithCancel(ReferencePipeline.java:127)
at java.base/java.util.stream.AbstractPipeline.copyIntoWithCancel(AbstractPipeline.java:502)
at java.base/java.util.stream.AbstractPipeline.copyInto(AbstractPipeline.java:488)
at java.base/java.util.stream.AbstractPipeline.wrapAndCopyInto(AbstractPipeline.java:474)
at java.base/java.util.stream.FindOps$FindOp.evaluateSequential(FindOps.java:150)
at java.base/java.util.stream.AbstractPipeline.evaluate(AbstractPipeline.java:234)
at java.base/java.util.stream.ReferencePipeline.findFirst(ReferencePipeline.java:543)
at org.openqa.selenium.remote.ProtocolHandshake.createSession(ProtocolHandshake.java:128)
at org.openqa.selenium.remote.ProtocolHandshake.createSession(ProtocolHandshake.java:74)
at org.openqa.selenium.remote.HttpCommandExecutor.execute(HttpCommandExecutor.java:136)
at org.openqa.selenium.remote.service.DriverCommandExecutor.execute(DriverCommandExecutor.java:83)
at org.openqa.selenium.remote.RemoteWebDriver.execute(RemoteWebDriver.java:552)
at org.openqa.selenium.remote.RemoteWebDriver.startSession(RemoteWebDriver.java:213)
at org.openqa.selenium.remote.RemoteWebDriver.<init>(RemoteWebDriver.java:131)
at org.openqa.selenium.chrome.ChromeDriver.<init>(ChromeDriver.java:181)
at org.openqa.selenium.chrome.ChromeDriver.<init>(ChromeDriver.java:168)
at org.openqa.selenium.chrome.ChromeDriver.<init>(ChromeDriver.java:123)
at com.PRMSTool.base.TestBase.OpenBrowser(TestBase.java:57)
... Removed 25 stack frames]]>
    </failure>
  </testcase> <!-- @BeforeSuite OpenBrowser -->
  <testcase classname="com.PRMSTool.Tests.ProjectScreenTest" name="verifyLogin" time="0.0">
    <skipped/>
  </testcase> <!-- verifyLogin -->
  <testcase classname="com.PRMSTool.Tests.ProjectScreenTest" name="verifyclickOnProject" time="0.0">
    <skipped/>
  </testcase> <!-- verifyclickOnProject -->
  <testcase classname="com.PRMSTool.Tests.ProjectScreenTest" name="verifyclickOnAddNew" time="0.0">
    <skipped/>
  </testcase> <!-- verifyclickOnAddNew -->
  <testcase classname="com.PRMSTool.Tests.ProjectScreenTest" name="verifyaddProjectDetails" time="0.0">
    <skipped/>
  </testcase> <!-- verifyaddProjectDetails -->
  <testcase classname="com.PRMSTool.Tests.ProjectScreenTest" name="verifyselectStartDate" time="0.0">
    <skipped/>
  </testcase> <!-- verifyselectStartDate -->
  <testcase classname="com.PRMSTool.Tests.ProjectScreenTest" name="verifyselectEndDate" time="0.0">
    <skipped/>
  </testcase> <!-- verifyselectEndDate -->
  <testcase classname="com.PRMSTool.Tests.ProjectScreenTest" name="verifyselectActualStartDate" time="0.0">
    <skipped/>
  </testcase> <!-- verifyselectActualStartDate -->
  <testcase classname="com.PRMSTool.Tests.ProjectScreenTest" name="verifyselectActualEndDate" time="0.0">
    <skipped/>
  </testcase> <!-- verifyselectActualEndDate -->
  <testcase classname="com.PRMSTool.Tests.ProjectScreenTest" name="verifyaddProjectDetails1" time="0.0">
    <skipped/>
  </testcase> <!-- verifyaddProjectDetails1 -->
  <testcase classname="com.PRMSTool.Tests.ProjectScreenTest" name="verifyaddBillingDetails" time="0.0">
    <skipped/>
  </testcase> <!-- verifyaddBillingDetails -->
  <testcase classname="com.PRMSTool.Tests.ProjectScreenTest" name="verifyclickOnAdd" time="0.0">
    <skipped/>
  </testcase> <!-- verifyclickOnAdd -->
  <testcase classname="com.PRMSTool.Tests.ProjectScreenTest" name="verifydisplayAllStatusList" time="0.0">
    <skipped/>
  </testcase> <!-- verifydisplayAllStatusList -->
  <testcase classname="com.PRMSTool.Tests.ProjectScreenTest" name="verifysearch" time="0.0">
    <skipped/>
  </testcase> <!-- verifysearch -->
  <testcase classname="com.PRMSTool.Tests.ProjectScreenTest" name="verifyclickOnEditButton" time="0.0">
    <skipped/>
  </testcase> <!-- verifyclickOnEditButton -->
  <testcase classname="com.PRMSTool.Tests.ProjectScreenTest" name="verifyeditProjectInformation" time="0.0">
    <skipped/>
  </testcase> <!-- verifyeditProjectInformation -->
  <testcase classname="com.PRMSTool.Tests.ProjectScreenTest" name="verifyeditStartDate" time="0.0">
    <skipped/>
  </testcase> <!-- verifyeditStartDate -->
  <testcase classname="com.PRMSTool.Tests.ProjectScreenTest" name="verifyeditEndDate" time="0.0">
    <skipped/>
  </testcase> <!-- verifyeditEndDate -->
  <testcase classname="com.PRMSTool.Tests.ProjectScreenTest" name="verifyeditActualStartDate" time="0.0">
    <skipped/>
  </testcase> <!-- verifyeditActualStartDate -->
  <testcase classname="com.PRMSTool.Tests.ProjectScreenTest" name="verifyeditActualEndDate" time="0.0">
    <skipped/>
  </testcase> <!-- verifyeditActualEndDate -->
  <testcase classname="com.PRMSTool.Tests.ProjectScreenTest" name="verifyclickOnUpdateButton" time="0.0">
    <skipped/>
  </testcase> <!-- verifyclickOnUpdateButton -->
  <testcase classname="com.PRMSTool.Tests.ProjectScreenTest" name="verifydelete" time="0.0">
    <skipped/>
  </testcase> <!-- verifydelete -->
  <testcase classname="com.PRMSTool.Tests.ProjectScreenTest" name="verifydownloadFile" time="0.0">
    <skipped/>
  </testcase> <!-- verifydownloadFile -->
  <testcase classname="com.PRMSTool.Tests.ProjectScreenTest" name="verifydisplayInactiveStatusList" time="0.0">
    <skipped/>
  </testcase> <!-- verifydisplayInactiveStatusList -->
  <testcase classname="com.PRMSTool.Tests.ProjectScreenTest" name="verifydisplayActiveStatusList" time="0.0">
    <skipped/>
  </testcase> <!-- verifydisplayActiveStatusList -->
  <testcase classname="com.PRMSTool.Tests.ProjectScreenTest" name="verifydisplayvResourcingBusinessUnit" time="0.0">
    <skipped/>
  </testcase> <!-- verifydisplayvResourcingBusinessUnit -->
  <testcase classname="com.PRMSTool.Tests.ProjectScreenTest" name="verifydisplayROWBusinessUnit" time="0.0">
    <skipped/>
  </testcase> <!-- verifydisplayROWBusinessUnit -->
  <testcase classname="com.PRMSTool.Tests.ProjectScreenTest" name="verifydisplayLicenceBusinessUnit" time="0.0">
    <skipped/>
  </testcase> <!-- verifydisplayLicenceBusinessUnit -->
  <testcase classname="com.PRMSTool.Tests.ProjectScreenTest" name="verifydisplayPracticesBusinessUnit" time="0.0">
    <skipped/>
  </testcase> <!-- verifydisplayPracticesBusinessUnit -->
  <testcase classname="com.PRMSTool.Tests.ProjectScreenTest" name="verifydisplaySafeGuardBusinessUnit" time="0.0">
    <skipped/>
  </testcase> <!-- verifydisplaySafeGuardBusinessUnit -->
  <testcase classname="com.PRMSTool.Tests.ProjectScreenTest" name="verifydisplayAllBusinessUnit" time="0.0">
    <skipped/>
  </testcase> <!-- verifydisplayAllBusinessUnit -->
</testsuite> <!-- ProjectScreen Test -->
