<?xml version="1.0" encoding="UTF-8"?>
<!-- Generated by org.testng.reporters.JUnitXMLReporter -->
<testsuite ignored="0" hostname="DipaliV-lpt" failures="0" tests="17" name="ProjectScreen Test" time="119.13" errors="0" timestamp="2021-03-09T17:36:06 IST">
  <testcase classname="com.PRMSTool.Tests.ProjectScreenTest" name="verifyLogin" time="4.614"/>
  <testcase classname="com.PRMSTool.Tests.ProjectScreenTest" name="verifyclickOnProject" time="1.348"/>
  <testcase classname="com.PRMSTool.Tests.ProjectScreenTest" name="verifyclickOnAddNew" time="5.64"/>
  <testcase classname="com.PRMSTool.Tests.ProjectScreenTest" name="verifyaddProjectDetails" time="11.813"/>
  <testcase classname="com.PRMSTool.Tests.ProjectScreenTest" name="verifyselectStartDate" time="3.956"/>
  <testcase classname="com.PRMSTool.Tests.ProjectScreenTest" name="verifyselectEndDate" time="4.108"/>
  <testcase classname="com.PRMSTool.Tests.ProjectScreenTest" name="verifyselectActualStartDate" time="3.847"/>
  <testcase classname="com.PRMSTool.Tests.ProjectScreenTest" name="verifyselectActualEndDate" time="4.033"/>
  <testcase classname="com.PRMSTool.Tests.ProjectScreenTest" name="verifyaddProjectDetails1" time="25.168"/>
  <testcase classname="com.PRMSTool.Tests.ProjectScreenTest" name="verifyaddBillingDetails" time="10.168"/>
  <testcase classname="com.PRMSTool.Tests.ProjectScreenTest" name="verifyclickOnAdd" time="0.288"/>
  <testcase classname="com.PRMSTool.Tests.ProjectScreenTest" name="verifysearch" time="11.99"/>
  <testcase classname="com.PRMSTool.Tests.ProjectScreenTest" name="verifyclickOnEditButton" time="0.589"/>
  <testcase classname="com.PRMSTool.Tests.ProjectScreenTest" name="verifyeditProjectInformation" time="12.321"/>
  <testcase classname="com.PRMSTool.Tests.ProjectScreenTest" name="verifyclickOnUpdateButton" time="0.208"/>
  <testcase classname="com.PRMSTool.Tests.ProjectScreenTest" name="verifydelete" time="10.6"/>
  <testcase classname="com.PRMSTool.Tests.ProjectScreenTest" name="verifydownloadFile" time="8.396"/>
</testsuite> <!-- ProjectScreen Test -->
