<?xml version="1.0" encoding="UTF-8"?>
<!-- Generated by org.testng.reporters.JUnitXMLReporter -->
<testsuite ignored="9" hostname="DipaliV-lpt" failures="0" tests="3" name="ProjectScreen Test" time="14.156" errors="0" timestamp="2021-02-23T16:47:02 IST">
  <testcase classname="com.PRMSTool.Tests.ProjectScreenTest" name="verifyLogin" time="7.992"/>
  <testcase classname="com.PRMSTool.Tests.ProjectScreenTest" name="verifyclickOnProject" time="0.977"/>
  <testcase classname="com.PRMSTool.Tests.ProjectScreenTest" name="verifydownloadFile" time="5.181"/>
  <testcase classname="com.PRMSTool.Tests.ProjectScreenTest" name="verifyclickOnAdd" time="0.0">
    <ignored/>
  </testcase> <!-- verifyclickOnAdd -->
  <testcase classname="com.PRMSTool.Tests.ProjectScreenTest" name="verifyselectActualEndDate" time="0.0">
    <ignored/>
  </testcase> <!-- verifyselectActualEndDate -->
  <testcase classname="com.PRMSTool.Tests.ProjectScreenTest" name="verifyaddProjectDetails1" time="0.0">
    <ignored/>
  </testcase> <!-- verifyaddProjectDetails1 -->
  <testcase classname="com.PRMSTool.Tests.ProjectScreenTest" name="verifyselectActualStartDate" time="0.0">
    <ignored/>
  </testcase> <!-- verifyselectActualStartDate -->
  <testcase classname="com.PRMSTool.Tests.ProjectScreenTest" name="verifyselectEndDate" time="0.0">
    <ignored/>
  </testcase> <!-- verifyselectEndDate -->
  <testcase classname="com.PRMSTool.Tests.ProjectScreenTest" name="verifyclickOnAddNew" time="0.0">
    <ignored/>
  </testcase> <!-- verifyclickOnAddNew -->
  <testcase classname="com.PRMSTool.Tests.ProjectScreenTest" name="verifyselectStartDate" time="0.0">
    <ignored/>
  </testcase> <!-- verifyselectStartDate -->
  <testcase classname="com.PRMSTool.Tests.ProjectScreenTest" name="verifyaddProjectDetails" time="0.0">
    <ignored/>
  </testcase> <!-- verifyaddProjectDetails -->
  <testcase classname="com.PRMSTool.Tests.ProjectScreenTest" name="verifyaddBillingDetails" time="0.0">
    <ignored/>
  </testcase> <!-- verifyaddBillingDetails -->
</testsuite> <!-- ProjectScreen Test -->
