<?xml version="1.0" encoding="UTF-8"?>
<!-- Generated by org.testng.reporters.JUnitXMLReporter -->
<testsuite ignored="0" hostname="DipaliV-lpt" failures="0" tests="34" name="ClientScreen Test" time="170.635" errors="0" timestamp="2021-07-26T14:47:58 IST">
  <testcase classname="com.PRMSTool.Tests.ClientReviewTest" name="verifyLogin" time="9.402"/>
  <testcase classname="com.PRMSTool.Tests.ClientReviewTest" name="verifyclickOnClientReview" time="5.034"/>
  <testcase classname="com.PRMSTool.Tests.ClientReviewTest" name="verifyclickOnAddNew" time="5.632"/>
  <testcase classname="com.PRMSTool.Tests.ClientReviewTest" name="verifyaddNewClientReview" time="25.954"/>
  <testcase classname="com.PRMSTool.Tests.ClientReviewTest" name="verifysearch" time="10.17"/>
  <testcase classname="com.PRMSTool.Tests.ClientReviewTest" name="verifyclickOnEditButton" time="0.11"/>
  <testcase classname="com.PRMSTool.Tests.ClientReviewTest" name="verifyeditClientReview" time="19.737"/>
  <testcase classname="com.PRMSTool.Tests.ClientReviewTest" name="verifyclickOnUpdateButton" time="0.097"/>
  <testcase classname="com.PRMSTool.Tests.ClientReviewTest" name="verifydelete" time="18.494"/>
  <testcase classname="com.PRMSTool.Tests.ClientReviewTest" name="verifydisplayDateJanuary" time="3.201"/>
  <testcase classname="com.PRMSTool.Tests.ClientReviewTest" name="verifydisplayDateJanuary1" time="3.16"/>
  <testcase classname="com.PRMSTool.Tests.ClientReviewTest" name="verifydisplayDateFebruary" time="3.166"/>
  <testcase classname="com.PRMSTool.Tests.ClientReviewTest" name="verifydisplayDateFebruary1" time="3.156"/>
  <testcase classname="com.PRMSTool.Tests.ClientReviewTest" name="verifydisplayDateMarch" time="3.155"/>
  <testcase classname="com.PRMSTool.Tests.ClientReviewTest" name="verifydisplayDateMarch1" time="3.152"/>
  <testcase classname="com.PRMSTool.Tests.ClientReviewTest" name="verifydisplayDateApril" time="3.152"/>
  <testcase classname="com.PRMSTool.Tests.ClientReviewTest" name="verifydisplayDateApril1" time="3.153"/>
  <testcase classname="com.PRMSTool.Tests.ClientReviewTest" name="verifydisplayDateMay" time="3.158"/>
  <testcase classname="com.PRMSTool.Tests.ClientReviewTest" name="verifydisplayDateMay1" time="3.148"/>
  <testcase classname="com.PRMSTool.Tests.ClientReviewTest" name="verifydisplayDateJune" time="3.146"/>
  <testcase classname="com.PRMSTool.Tests.ClientReviewTest" name="verifydisplayDateJune1" time="3.148"/>
  <testcase classname="com.PRMSTool.Tests.ClientReviewTest" name="verifydisplayDateJuly" time="3.151"/>
  <testcase classname="com.PRMSTool.Tests.ClientReviewTest" name="verifydisplayDateJuly1" time="3.155"/>
  <testcase classname="com.PRMSTool.Tests.ClientReviewTest" name="verifydisplayDateAugust" time="3.157"/>
  <testcase classname="com.PRMSTool.Tests.ClientReviewTest" name="verifydisplayDateAugust1" time="3.172"/>
  <testcase classname="com.PRMSTool.Tests.ClientReviewTest" name="verifydisplayDateSeptember" time="3.164"/>
  <testcase classname="com.PRMSTool.Tests.ClientReviewTest" name="verifydisplayDateSeptember1" time="3.152"/>
  <testcase classname="com.PRMSTool.Tests.ClientReviewTest" name="verifydisplayDateOctober" time="3.149"/>
  <testcase classname="com.PRMSTool.Tests.ClientReviewTest" name="verifydisplayDateOctober1" time="3.15"/>
  <testcase classname="com.PRMSTool.Tests.ClientReviewTest" name="verifydisplayDateNovember" time="3.164"/>
  <testcase classname="com.PRMSTool.Tests.ClientReviewTest" name="verifydisplayDateNovember1" time="3.15"/>
  <testcase classname="com.PRMSTool.Tests.ClientReviewTest" name="verifydisplayDateDecember" time="3.165"/>
  <testcase classname="com.PRMSTool.Tests.ClientReviewTest" name="verifydisplayDateDecember1" time="3.16"/>
  <testcase classname="com.PRMSTool.Tests.ClientReviewTest" name="verifydisplayYearAll" time="0.192"/>
</testsuite> <!-- ClientScreen Test -->
