<?xml version="1.0" encoding="UTF-8"?>
<!-- Generated by org.testng.reporters.JUnitXMLReporter -->
<testsuite ignored="0" hostname="DipaliV-lpt" failures="0" tests="16" name="ResourceScreen Test" time="83.843" errors="0" timestamp="2021-05-18T18:27:24 IST">
  <testcase classname="com.PRMSTool.Tests.ResourceScreenTest" name="verifyLogin" time="11.387"/>
  <testcase classname="com.PRMSTool.Tests.ResourceScreenTest" name="verifyclickOnResource" time="5.065"/>
  <testcase classname="com.PRMSTool.Tests.ResourceScreenTest" name="verifyclickOnAddNew" time="5.267"/>
  <testcase classname="com.PRMSTool.Tests.ResourceScreenTest" name="verifyaddResourceDetails" time="5.912"/>
  <testcase classname="com.PRMSTool.Tests.ResourceScreenTest" name="verifyselectBirthDate" time="0.466"/>
  <testcase classname="com.PRMSTool.Tests.ResourceScreenTest" name="verifyselectJoiningDate" time="0.78"/>
  <testcase classname="com.PRMSTool.Tests.ResourceScreenTest" name="verifyclickOnAdd" time="0.098"/>
  <testcase classname="com.PRMSTool.Tests.ResourceScreenTest" name="verifysearch" time="11.155"/>
  <testcase classname="com.PRMSTool.Tests.ResourceScreenTest" name="verifyclickOnEditButton" time="0.15"/>
  <testcase classname="com.PRMSTool.Tests.ResourceScreenTest" name="verifyeditResourceInformation" time="6.543"/>
  <testcase classname="com.PRMSTool.Tests.ResourceScreenTest" name="verifyclickOnUpdateButton" time="0.075"/>
  <testcase classname="com.PRMSTool.Tests.ResourceScreenTest" name="verifydelete" time="11.206"/>
  <testcase classname="com.PRMSTool.Tests.ResourceScreenTest" name="verifydownloadFile" time="5.114"/>
  <testcase classname="com.PRMSTool.Tests.ResourceScreenTest" name="verifydisplayAllStatusList" time="10.207"/>
  <testcase classname="com.PRMSTool.Tests.ResourceScreenTest" name="verifydisplayInactiveStatusList" time="5.177"/>
  <testcase classname="com.PRMSTool.Tests.ResourceScreenTest" name="verifydisplayActiveStatusList" time="5.184"/>
</testsuite> <!-- ResourceScreen Test -->
