<?xml version="1.0" encoding="UTF-8"?>
<!-- Generated by org.testng.reporters.JUnitXMLReporter -->
<testsuite ignored="0" hostname="DipaliV-lpt" failures="0" tests="16" name="ResourceScreen Test" time="124.056" errors="0" timestamp="2021-08-04T10:35:15 IST">
  <testcase classname="com.PRMSTool.Tests.ResourceScreenTest" name="verifyLogin" time="9.456"/>
  <testcase classname="com.PRMSTool.Tests.ResourceScreenTest" name="verifyclickOnResource" time="5.043"/>
  <testcase classname="com.PRMSTool.Tests.ResourceScreenTest" name="verifyclickOnAddNew" time="5.234"/>
  <testcase classname="com.PRMSTool.Tests.ResourceScreenTest" name="verifyaddResourceDetails" time="7.814"/>
  <testcase classname="com.PRMSTool.Tests.ResourceScreenTest" name="verifyselectBirthDate" time="33.435"/>
  <testcase classname="com.PRMSTool.Tests.ResourceScreenTest" name="verifyselectJoiningDate" time="0.64"/>
  <testcase classname="com.PRMSTool.Tests.ResourceScreenTest" name="verifyclickOnAdd" time="5.117"/>
  <testcase classname="com.PRMSTool.Tests.ResourceScreenTest" name="verifydisplayAllStatusList" time="10.225"/>
  <testcase classname="com.PRMSTool.Tests.ResourceScreenTest" name="verifysearch" time="10.273"/>
  <testcase classname="com.PRMSTool.Tests.ResourceScreenTest" name="verifyclickOnEditButton" time="0.13"/>
  <testcase classname="com.PRMSTool.Tests.ResourceScreenTest" name="verifyeditResourceInformation" time="6.161"/>
  <testcase classname="com.PRMSTool.Tests.ResourceScreenTest" name="verifyclickOnUpdateButton" time="0.08"/>
  <testcase classname="com.PRMSTool.Tests.ResourceScreenTest" name="verifydelete" time="14.305"/>
  <testcase classname="com.PRMSTool.Tests.ResourceScreenTest" name="verifydownloadFile" time="5.134"/>
  <testcase classname="com.PRMSTool.Tests.ResourceScreenTest" name="verifydisplayInactiveStatusList" time="5.837"/>
  <testcase classname="com.PRMSTool.Tests.ResourceScreenTest" name="verifydisplayActiveStatusList" time="5.16"/>
</testsuite> <!-- ResourceScreen Test -->
