<?xml version="1.0" encoding="UTF-8"?>
<!-- Generated by org.testng.reporters.JUnitXMLReporter -->
<testsuite ignored="0" hostname="DipaliV-lpt" failures="0" tests="13" name="ResourceScreen Test" time="131.658" errors="0" timestamp="2021-03-04T18:22:10 IST">
  <testcase classname="com.PRMSTool.Tests.ResourceScreenTest" name="verifyLogin" time="6.737"/>
  <testcase classname="com.PRMSTool.Tests.ResourceScreenTest" name="verifyclickOnResource" time="1.976"/>
  <testcase classname="com.PRMSTool.Tests.ResourceScreenTest" name="verifyclickOnAddNew" time="6.201"/>
  <testcase classname="com.PRMSTool.Tests.ResourceScreenTest" name="verifyaddResourceDetails" time="41.295"/>
  <testcase classname="com.PRMSTool.Tests.ResourceScreenTest" name="verifyselectBirthDate" time="9.664"/>
  <testcase classname="com.PRMSTool.Tests.ResourceScreenTest" name="verifyselectJoiningDate" time="20.038"/>
  <testcase classname="com.PRMSTool.Tests.ResourceScreenTest" name="verifyclickOnAdd" time="0.294"/>
  <testcase classname="com.PRMSTool.Tests.ResourceScreenTest" name="verifysearch" time="11.572"/>
  <testcase classname="com.PRMSTool.Tests.ResourceScreenTest" name="verifyclickOnEditButton" time="0.777"/>
  <testcase classname="com.PRMSTool.Tests.ResourceScreenTest" name="verifyeditResourceInformation" time="9.821"/>
  <testcase classname="com.PRMSTool.Tests.ResourceScreenTest" name="verifyclickOnUpdateButton" time="0.217"/>
  <testcase classname="com.PRMSTool.Tests.ResourceScreenTest" name="verifydelete" time="14.599"/>
  <testcase classname="com.PRMSTool.Tests.ResourceScreenTest" name="verifydownloadFile" time="8.431"/>
</testsuite> <!-- ResourceScreen Test -->
