<?xml version="1.0" encoding="UTF-8"?>
<!-- Generated by org.testng.reporters.JUnitXMLReporter -->
<testsuite ignored="0" hostname="DipaliV-lpt" failures="0" tests="13" name="ResourceScreen Test" time="126.416" errors="0" timestamp="2021-03-09T17:38:17 IST">
  <testcase classname="com.PRMSTool.Tests.ResourceScreenTest" name="verifyLogin" time="6.025"/>
  <testcase classname="com.PRMSTool.Tests.ResourceScreenTest" name="verifyclickOnResource" time="1.886"/>
  <testcase classname="com.PRMSTool.Tests.ResourceScreenTest" name="verifyclickOnAddNew" time="5.848"/>
  <testcase classname="com.PRMSTool.Tests.ResourceScreenTest" name="verifyaddResourceDetails" time="38.309"/>
  <testcase classname="com.PRMSTool.Tests.ResourceScreenTest" name="verifyselectBirthDate" time="8.796"/>
  <testcase classname="com.PRMSTool.Tests.ResourceScreenTest" name="verifyselectJoiningDate" time="7.178"/>
  <testcase classname="com.PRMSTool.Tests.ResourceScreenTest" name="verifyclickOnAdd" time="0.287"/>
  <testcase classname="com.PRMSTool.Tests.ResourceScreenTest" name="verifysearch" time="24.978"/>
  <testcase classname="com.PRMSTool.Tests.ResourceScreenTest" name="verifyclickOnEditButton" time="0.584"/>
  <testcase classname="com.PRMSTool.Tests.ResourceScreenTest" name="verifyeditResourceInformation" time="8.818"/>
  <testcase classname="com.PRMSTool.Tests.ResourceScreenTest" name="verifyclickOnUpdateButton" time="0.159"/>
  <testcase classname="com.PRMSTool.Tests.ResourceScreenTest" name="verifydelete" time="15.086"/>
  <testcase classname="com.PRMSTool.Tests.ResourceScreenTest" name="verifydownloadFile" time="8.434"/>
</testsuite> <!-- ResourceScreen Test -->
