<?xml version="1.0" encoding="UTF-8"?>
<!-- Generated by org.testng.reporters.JUnitXMLReporter -->
<testsuite ignored="0" hostname="DipaliV-lpt" failures="0" tests="22" name="Default test" time="173.203" errors="0" timestamp="2021-05-12T18:20:06 IST">
  <testcase classname="com.PRMSTool.Tests.ProjectResourceScreenTest" name="verifyLogin" time="9.917"/>
  <testcase classname="com.PRMSTool.Tests.ProjectResourceScreenTest" name="verifyclickOnProjectResource" time="5.092"/>
  <testcase classname="com.PRMSTool.Tests.ProjectResourceScreenTest" name="verifyclickOnAddNew" time="5.472"/>
  <testcase classname="com.PRMSTool.Tests.ProjectResourceScreenTest" name="verifyaddProjectResourceDetails" time="30.204"/>
  <testcase classname="com.PRMSTool.Tests.ProjectResourceScreenTest" name="verifyselectStartDate" time="2.776"/>
  <testcase classname="com.PRMSTool.Tests.ProjectResourceScreenTest" name="verifyselectEndDate" time="2.799"/>
  <testcase classname="com.PRMSTool.Tests.ProjectResourceScreenTest" name="verifyclickOnAdd" time="0.095"/>
  <testcase classname="com.PRMSTool.Tests.ProjectResourceScreenTest" name="verifysearch" time="16.209"/>
  <testcase classname="com.PRMSTool.Tests.ProjectResourceScreenTest" name="verifyclickOnEditButton" time="0.117"/>
  <testcase classname="com.PRMSTool.Tests.ProjectResourceScreenTest" name="verifyeditResourceInformation" time="36.769"/>
  <testcase classname="com.PRMSTool.Tests.ProjectResourceScreenTest" name="verifyclickOnUpdateButton" time="0.084"/>
  <testcase classname="com.PRMSTool.Tests.ProjectResourceScreenTest" name="verifydelete" time="6.713"/>
  <testcase classname="com.PRMSTool.Tests.ProjectResourceScreenTest" name="verifydownloadFile" time="5.103"/>
  <testcase classname="com.PRMSTool.Tests.ProjectResourceScreenTest" name="verifydisplayAllStatusList" time="10.206"/>
  <testcase classname="com.PRMSTool.Tests.ProjectResourceScreenTest" name="verifydisplayInactiveStatusList" time="5.176"/>
  <testcase classname="com.PRMSTool.Tests.ProjectResourceScreenTest" name="verifydisplayActiveStatusList" time="5.211"/>
  <testcase classname="com.PRMSTool.Tests.ProjectResourceScreenTest" name="verifydisplayvResourcingBusinessUnit" time="5.205"/>
  <testcase classname="com.PRMSTool.Tests.ProjectResourceScreenTest" name="verifydisplayROWBusinessUnit" time="5.21"/>
  <testcase classname="com.PRMSTool.Tests.ProjectResourceScreenTest" name="verifydisplayLicenceBusinessUnit" time="5.192"/>
  <testcase classname="com.PRMSTool.Tests.ProjectResourceScreenTest" name="verifydisplayPracticesBusinessUnit" time="5.202"/>
  <testcase classname="com.PRMSTool.Tests.ProjectResourceScreenTest" name="verifydisplaySafeGuardBusinessUnit" time="5.194"/>
  <testcase classname="com.PRMSTool.Tests.ProjectResourceScreenTest" name="verifydisplayAllBusinessUnit" time="5.185"/>
</testsuite> <!-- Default test -->
