<?xml version="1.0" encoding="UTF-8"?>
<!-- Generated by org.testng.reporters.JUnitXMLReporter -->
<testsuite ignored="0" hostname="DipaliV-lpt" failures="0" tests="30" name="Default test" time="233.809" errors="0" timestamp="2021-10-14T18:25:46 IST">
  <testcase classname="com.PRMSTool.Tests.ProjectScreenTest" name="verifyLogin" time="9.383"/>
  <testcase classname="com.PRMSTool.Tests.ProjectScreenTest" name="verifyclickOnProject" time="5.052"/>
  <testcase classname="com.PRMSTool.Tests.ProjectScreenTest" name="verifyclickOnAddNew" time="5.184"/>
  <testcase classname="com.PRMSTool.Tests.ProjectScreenTest" name="verifyaddProjectDetails" time="5.346"/>
  <testcase classname="com.PRMSTool.Tests.ProjectScreenTest" name="verifyselectStartDate" time="5.81"/>
  <testcase classname="com.PRMSTool.Tests.ProjectScreenTest" name="verifyselectEndDate" time="5.889"/>
  <testcase classname="com.PRMSTool.Tests.ProjectScreenTest" name="verifyselectActualStartDate" time="5.855"/>
  <testcase classname="com.PRMSTool.Tests.ProjectScreenTest" name="verifyselectActualEndDate" time="5.966"/>
  <testcase classname="com.PRMSTool.Tests.ProjectScreenTest" name="verifyaddProjectDetails1" time="4.544"/>
  <testcase classname="com.PRMSTool.Tests.ProjectScreenTest" name="verifyaddBillingDetails" time="1.21"/>
  <testcase classname="com.PRMSTool.Tests.ProjectScreenTest" name="verifyclickOnAdd" time="5.091"/>
  <testcase classname="com.PRMSTool.Tests.ProjectScreenTest" name="verifydisplayAllStatusList" time="10.19"/>
  <testcase classname="com.PRMSTool.Tests.ProjectScreenTest" name="verifysearch" time="7.25"/>
  <testcase classname="com.PRMSTool.Tests.ProjectScreenTest" name="verifyclickOnEditButton" time="0.095"/>
  <testcase classname="com.PRMSTool.Tests.ProjectScreenTest" name="verifyeditProjectInformation" time="8.214"/>
  <testcase classname="com.PRMSTool.Tests.ProjectScreenTest" name="verifyeditStartDate" time="29.381"/>
  <testcase classname="com.PRMSTool.Tests.ProjectScreenTest" name="verifyeditEndDate" time="24.742"/>
  <testcase classname="com.PRMSTool.Tests.ProjectScreenTest" name="verifyeditActualStartDate" time="17.834"/>
  <testcase classname="com.PRMSTool.Tests.ProjectScreenTest" name="verifyeditActualEndDate" time="6.849"/>
  <testcase classname="com.PRMSTool.Tests.ProjectScreenTest" name="verifyclickOnUpdateButton" time="0.096"/>
  <testcase classname="com.PRMSTool.Tests.ProjectScreenTest" name="verifydelete" time="23.657"/>
  <testcase classname="com.PRMSTool.Tests.ProjectScreenTest" name="verifydownloadFile" time="5.112"/>
  <testcase classname="com.PRMSTool.Tests.ProjectScreenTest" name="verifydisplayInactiveStatusList" time="5.145"/>
  <testcase classname="com.PRMSTool.Tests.ProjectScreenTest" name="verifydisplayActiveStatusList" time="5.128"/>
  <testcase classname="com.PRMSTool.Tests.ProjectScreenTest" name="verifydisplayvResourcingBusinessUnit" time="5.153"/>
  <testcase classname="com.PRMSTool.Tests.ProjectScreenTest" name="verifydisplayROWBusinessUnit" time="5.119"/>
  <testcase classname="com.PRMSTool.Tests.ProjectScreenTest" name="verifydisplayLicenceBusinessUnit" time="5.121"/>
  <testcase classname="com.PRMSTool.Tests.ProjectScreenTest" name="verifydisplayPracticesBusinessUnit" time="5.116"/>
  <testcase classname="com.PRMSTool.Tests.ProjectScreenTest" name="verifydisplaySafeGuardBusinessUnit" time="5.097"/>
  <testcase classname="com.PRMSTool.Tests.ProjectScreenTest" name="verifydisplayAllBusinessUnit" time="5.124"/>
</testsuite> <!-- Default test -->
