<?xml version="1.0" encoding="UTF-8"?>
<!-- Generated by org.testng.reporters.JUnitXMLReporter -->
<testsuite ignored="0" hostname="DipaliV-lpt" failures="0" tests="29" name="Default test" time="0.132" errors="0" timestamp="2021-12-06T11:20:39 IST">
  <testcase classname="com.PRMSTool.base.TestBase" name="@BeforeSuite OpenBrowser" time="2.067">
    <failure type="org.openqa.selenium.SessionNotCreatedException" message="session not created: This version of ChromeDriver only supports Chrome version 94
Current browser version is 96.0.4664.45 with binary path C:\Program Files\Google\Chrome\Application\chrome.exe
Build info: version: &amp;apos;3.141.59&amp;apos;, revision: &amp;apos;e82be7d358&amp;apos;, time: &amp;apos;2018-11-14T08:17:03&amp;apos;
System info: host: &amp;apos;DIPALIV-LPT&amp;apos;, ip: &amp;apos;10.81.234.8&amp;apos;, os.name: &amp;apos;Windows 10&amp;apos;, os.arch: &amp;apos;amd64&amp;apos;, os.version: &amp;apos;10.0&amp;apos;, java.version: &amp;apos;15.0.1&amp;apos;
Driver info: driver.version: ChromeDriver
remote stacktrace: Backtrace:
	Ordinal0 [0x00C7BDE3+2473443]
	Ordinal0 [0x00C16661+2057825]
	Ordinal0 [0x00B22438+1057848]
	Ordinal0 [0x00B4054A+1181002]
	Ordinal0 [0x00B3C435+1164341]
	Ordinal0 [0x00B39CAF+1154223]
	Ordinal0 [0x00B69ADF+1350367]
	Ordinal0 [0x00B6974A+1349450]
	Ordinal0 [0x00B655AB+1332651]
	Ordinal0 [0x00B42104+1188100]
	Ordinal0 [0x00B42F59+1191769]
	GetHandleVerifier [0x00E02266+1549718]
	GetHandleVerifier [0x00EAD4A7+2250711]
	GetHandleVerifier [0x00D0718B+521403]
	GetHandleVerifier [0x00D06229+517465]
	Ordinal0 [0x00C1B79D+2078621]
	Ordinal0 [0x00C1FB58+2095960]
	Ordinal0 [0x00C1FC92+2096274]
	Ordinal0 [0x00C29541+2135361]
	BaseThreadInitThunk [0x7510FA29+25]
	RtlGetAppContainerNamedObjectPath [0x77147A9E+286]
	RtlGetAppContainerNamedObjectPath [0x77147A6E+238]
">
      <![CDATA[org.openqa.selenium.SessionNotCreatedException: session not created: This version of ChromeDriver only supports Chrome version 94
Current browser version is 96.0.4664.45 with binary path C:\Program Files\Google\Chrome\Application\chrome.exe
Build info: version: '3.141.59', revision: 'e82be7d358', time: '2018-11-14T08:17:03'
System info: host: 'DIPALIV-LPT', ip: '10.81.234.8', os.name: 'Windows 10', os.arch: 'amd64', os.version: '10.0', java.version: '15.0.1'
Driver info: driver.version: ChromeDriver
remote stacktrace: Backtrace:
Ordinal0 [0x00C7BDE3+2473443]
Ordinal0 [0x00C16661+2057825]
Ordinal0 [0x00B22438+1057848]
Ordinal0 [0x00B4054A+1181002]
Ordinal0 [0x00B3C435+1164341]
Ordinal0 [0x00B39CAF+1154223]
Ordinal0 [0x00B69ADF+1350367]
Ordinal0 [0x00B6974A+1349450]
Ordinal0 [0x00B655AB+1332651]
Ordinal0 [0x00B42104+1188100]
Ordinal0 [0x00B42F59+1191769]
GetHandleVerifier [0x00E02266+1549718]
GetHandleVerifier [0x00EAD4A7+2250711]
GetHandleVerifier [0x00D0718B+521403]
GetHandleVerifier [0x00D06229+517465]
Ordinal0 [0x00C1B79D+2078621]
Ordinal0 [0x00C1FB58+2095960]
Ordinal0 [0x00C1FC92+2096274]
Ordinal0 [0x00C29541+2135361]
BaseThreadInitThunk [0x7510FA29+25]
RtlGetAppContainerNamedObjectPath [0x77147A9E+286]
RtlGetAppContainerNamedObjectPath [0x77147A6E+238]

at java.base/jdk.internal.reflect.NativeConstructorAccessorImpl.newInstance0(Native Method)
at java.base/jdk.internal.reflect.NativeConstructorAccessorImpl.newInstance(NativeConstructorAccessorImpl.java:64)
at java.base/jdk.internal.reflect.DelegatingConstructorAccessorImpl.newInstance(DelegatingConstructorAccessorImpl.java:45)
at java.base/java.lang.reflect.Constructor.newInstanceWithCaller(Constructor.java:500)
at java.base/java.lang.reflect.Constructor.newInstance(Constructor.java:481)
at org.openqa.selenium.remote.W3CHandshakeResponse.lambda$errorHandler$0(W3CHandshakeResponse.java:62)
at org.openqa.selenium.remote.HandshakeResponse.lambda$getResponseFunction$0(HandshakeResponse.java:30)
at org.openqa.selenium.remote.ProtocolHandshake.lambda$createSession$0(ProtocolHandshake.java:126)
at java.base/java.util.stream.ReferencePipeline$3$1.accept(ReferencePipeline.java:195)
at java.base/java.util.Spliterators$ArraySpliterator.tryAdvance(Spliterators.java:958)
at java.base/java.util.stream.ReferencePipeline.forEachWithCancel(ReferencePipeline.java:127)
at java.base/java.util.stream.AbstractPipeline.copyIntoWithCancel(AbstractPipeline.java:502)
at java.base/java.util.stream.AbstractPipeline.copyInto(AbstractPipeline.java:488)
at java.base/java.util.stream.AbstractPipeline.wrapAndCopyInto(AbstractPipeline.java:474)
at java.base/java.util.stream.FindOps$FindOp.evaluateSequential(FindOps.java:150)
at java.base/java.util.stream.AbstractPipeline.evaluate(AbstractPipeline.java:234)
at java.base/java.util.stream.ReferencePipeline.findFirst(ReferencePipeline.java:543)
at org.openqa.selenium.remote.ProtocolHandshake.createSession(ProtocolHandshake.java:128)
at org.openqa.selenium.remote.ProtocolHandshake.createSession(ProtocolHandshake.java:74)
at org.openqa.selenium.remote.HttpCommandExecutor.execute(HttpCommandExecutor.java:136)
at org.openqa.selenium.remote.service.DriverCommandExecutor.execute(DriverCommandExecutor.java:83)
at org.openqa.selenium.remote.RemoteWebDriver.execute(RemoteWebDriver.java:552)
at org.openqa.selenium.remote.RemoteWebDriver.startSession(RemoteWebDriver.java:213)
at org.openqa.selenium.remote.RemoteWebDriver.<init>(RemoteWebDriver.java:131)
at org.openqa.selenium.chrome.ChromeDriver.<init>(ChromeDriver.java:181)
at org.openqa.selenium.chrome.ChromeDriver.<init>(ChromeDriver.java:168)
at org.openqa.selenium.chrome.ChromeDriver.<init>(ChromeDriver.java:123)
at com.PRMSTool.base.TestBase.OpenBrowser(TestBase.java:57)
at java.base/jdk.internal.reflect.NativeMethodAccessorImpl.invoke0(Native Method)
at java.base/jdk.internal.reflect.NativeMethodAccessorImpl.invoke(NativeMethodAccessorImpl.java:64)
at java.base/jdk.internal.reflect.DelegatingMethodAccessorImpl.invoke(DelegatingMethodAccessorImpl.java:43)
at java.base/java.lang.reflect.Method.invoke(Method.java:564)
at org.testng.internal.MethodInvocationHelper.invokeMethod(MethodInvocationHelper.java:132)
at org.testng.internal.MethodInvocationHelper.invokeMethodConsideringTimeout(MethodInvocationHelper.java:61)
at org.testng.internal.ConfigInvoker.invokeConfigurationMethod(ConfigInvoker.java:366)
at org.testng.internal.ConfigInvoker.invokeConfigurations(ConfigInvoker.java:320)
at org.testng.SuiteRunner.privateRun(SuiteRunner.java:327)
at org.testng.SuiteRunner.run(SuiteRunner.java:286)
at org.testng.SuiteRunnerWorker.runSuite(SuiteRunnerWorker.java:53)
at org.testng.SuiteRunnerWorker.run(SuiteRunnerWorker.java:96)
at org.testng.TestNG.runSuitesSequentially(TestNG.java:1218)
at org.testng.TestNG.runSuitesLocally(TestNG.java:1140)
at org.testng.TestNG.runSuites(TestNG.java:1069)
at org.testng.TestNG.run(TestNG.java:1037)
at org.testng.remote.AbstractRemoteTestNG.run(AbstractRemoteTestNG.java:115)
at org.testng.remote.RemoteTestNG.initAndRun(RemoteTestNG.java:251)
at org.testng.remote.RemoteTestNG.main(RemoteTestNG.java:77)
]]>
    </failure>
  </testcase> <!-- @BeforeSuite OpenBrowser -->
  <testcase classname="com.PRMSTool.Tests.ClientScreenTest" name="verifyLogin" time="0.0">
    <skipped/>
  </testcase> <!-- verifyLogin -->
  <testcase classname="com.PRMSTool.Tests.ClientScreenTest" name="verifyclickOnAddNew" time="0.0">
    <skipped/>
  </testcase> <!-- verifyclickOnAddNew -->
  <testcase classname="com.PRMSTool.Tests.ClientScreenTest" name="verifyaddNewClientInformation" time="0.0">
    <skipped/>
  </testcase> <!-- verifyaddNewClientInformation -->
  <testcase classname="com.PRMSTool.Tests.ClientScreenTest" name="verifyclickOnAgreementDetails" time="0.0">
    <skipped/>
  </testcase> <!-- verifyclickOnAgreementDetails -->
  <testcase classname="com.PRMSTool.Tests.ClientScreenTest" name="verifyselectAgreementSignedDate" time="0.0">
    <skipped/>
  </testcase> <!-- verifyselectAgreementSignedDate -->
  <testcase classname="com.PRMSTool.Tests.ClientScreenTest" name="verifyselectApproxStartDate" time="0.0">
    <skipped/>
  </testcase> <!-- verifyselectApproxStartDate -->
  <testcase classname="com.PRMSTool.Tests.ClientScreenTest" name="verifyaddAgreementDetails" time="0.0">
    <skipped/>
  </testcase> <!-- verifyaddAgreementDetails -->
  <testcase classname="com.PRMSTool.Tests.ClientScreenTest" name="verifyclickOnStakeholderDetails" time="0.0">
    <skipped/>
  </testcase> <!-- verifyclickOnStakeholderDetails -->
  <testcase classname="com.PRMSTool.Tests.ClientScreenTest" name="verifyaddStakeholderDetails" time="0.0">
    <skipped/>
  </testcase> <!-- verifyaddStakeholderDetails -->
  <testcase classname="com.PRMSTool.Tests.ClientScreenTest" name="verifyclickOnAdd" time="0.0">
    <skipped/>
  </testcase> <!-- verifyclickOnAdd -->
  <testcase classname="com.PRMSTool.Tests.ClientScreenTest" name="verifydisplayAllStatusList" time="0.0">
    <skipped/>
  </testcase> <!-- verifydisplayAllStatusList -->
  <testcase classname="com.PRMSTool.Tests.ClientScreenTest" name="verifysearchClient" time="0.0">
    <skipped/>
  </testcase> <!-- verifysearchClient -->
  <testcase classname="com.PRMSTool.Tests.ClientScreenTest" name="verifyeditClient" time="0.0">
    <skipped/>
  </testcase> <!-- verifyeditClient -->
  <testcase classname="com.PRMSTool.Tests.ClientScreenTest" name="verifyeditClientInformation" time="0.0">
    <skipped/>
  </testcase> <!-- verifyeditClientInformation -->
  <testcase classname="com.PRMSTool.Tests.ClientScreenTest" name="verifyeditAgreementDetails" time="0.0">
    <skipped/>
  </testcase> <!-- verifyeditAgreementDetails -->
  <testcase classname="com.PRMSTool.Tests.ClientScreenTest" name="verifyeditAgreementSignedDate" time="0.0">
    <skipped/>
  </testcase> <!-- verifyeditAgreementSignedDate -->
  <testcase classname="com.PRMSTool.Tests.ClientScreenTest" name="verifyeditApproxStartDate" time="0.0">
    <skipped/>
  </testcase> <!-- verifyeditApproxStartDate -->
  <testcase classname="com.PRMSTool.Tests.ClientScreenTest" name="verifyeditStakeholder" time="0.0">
    <skipped/>
  </testcase> <!-- verifyeditStakeholder -->
  <testcase classname="com.PRMSTool.Tests.ClientScreenTest" name="verifyclickOnUpdateClient" time="0.0">
    <skipped/>
  </testcase> <!-- verifyclickOnUpdateClient -->
  <testcase classname="com.PRMSTool.Tests.ClientScreenTest" name="verifydeleteClient" time="0.0">
    <skipped/>
  </testcase> <!-- verifydeleteClient -->
  <testcase classname="com.PRMSTool.Tests.ClientScreenTest" name="verifydownloadFile" time="0.0">
    <skipped/>
  </testcase> <!-- verifydownloadFile -->
  <testcase classname="com.PRMSTool.Tests.ClientScreenTest" name="verifydisplayInactiveStatusList" time="0.0">
    <skipped/>
  </testcase> <!-- verifydisplayInactiveStatusList -->
  <testcase classname="com.PRMSTool.Tests.ClientScreenTest" name="verifydisplayActiveStatusList" time="0.0">
    <skipped/>
  </testcase> <!-- verifydisplayActiveStatusList -->
  <testcase classname="com.PRMSTool.Tests.ClientScreenTest" name="verifydisplayvResourcingBusinessUnit" time="0.0">
    <skipped/>
  </testcase> <!-- verifydisplayvResourcingBusinessUnit -->
  <testcase classname="com.PRMSTool.Tests.ClientScreenTest" name="verifydisplayROWBusinessUnit" time="0.0">
    <skipped/>
  </testcase> <!-- verifydisplayROWBusinessUnit -->
  <testcase classname="com.PRMSTool.Tests.ClientScreenTest" name="verifydisplayLicenceBusinessUnit" time="0.0">
    <skipped/>
  </testcase> <!-- verifydisplayLicenceBusinessUnit -->
  <testcase classname="com.PRMSTool.Tests.ClientScreenTest" name="verifydisplayPracticesBusinessUnit" time="0.0">
    <skipped/>
  </testcase> <!-- verifydisplayPracticesBusinessUnit -->
  <testcase classname="com.PRMSTool.Tests.ClientScreenTest" name="verifydisplaySafeGuardBusinessUnit" time="0.0">
    <skipped/>
  </testcase> <!-- verifydisplaySafeGuardBusinessUnit -->
  <testcase classname="com.PRMSTool.Tests.ClientScreenTest" name="verifydisplayAllBusinessUnit" time="0.0">
    <skipped/>
  </testcase> <!-- verifydisplayAllBusinessUnit -->
</testsuite> <!-- Default test -->
