<?xml version="1.0" encoding="UTF-8"?>
<!-- Generated by org.testng.reporters.JUnitXMLReporter -->
<testsuite ignored="17" hostname="DipaliV-lpt" failures="0" tests="3" name="Default test" time="57.381" errors="0" timestamp="2021-02-25T18:46:59 IST">
  <testcase classname="com.PRMSTool.Tests.ClientScreenTest" name="verifyLogin" time="20.243"/>
  <testcase classname="com.PRMSTool.Tests.ClientScreenTest" name="verifysearchClientName" time="17.885"/>
  <testcase classname="com.PRMSTool.Tests.ClientScreenTest" name="verifydeleteClient" time="19.139"/>
  <testcase classname="com.PRMSTool.Tests.ClientScreenTest" name="verifyclickOnAgreementDetails" time="0.0">
    <ignored/>
  </testcase> <!-- verifyclickOnAgreementDetails -->
  <testcase classname="com.PRMSTool.Tests.ClientScreenTest" name="verifyaddStakeholderDetails" time="0.0">
    <ignored/>
  </testcase> <!-- verifyaddStakeholderDetails -->
  <testcase classname="com.PRMSTool.Tests.ClientScreenTest" name="verifyeditAgreementDetails" time="0.0">
    <ignored/>
  </testcase> <!-- verifyeditAgreementDetails -->
  <testcase classname="com.PRMSTool.Tests.ClientScreenTest" name="verifyaddAgreementDetails" time="0.0">
    <ignored/>
  </testcase> <!-- verifyaddAgreementDetails -->
  <testcase classname="com.PRMSTool.Tests.ClientScreenTest" name="verifyselectAgreementSignedDate" time="0.0">
    <ignored/>
  </testcase> <!-- verifyselectAgreementSignedDate -->
  <testcase classname="com.PRMSTool.Tests.ClientScreenTest" name="verifyclickOnStakeholderDetails" time="0.0">
    <ignored/>
  </testcase> <!-- verifyclickOnStakeholderDetails -->
  <testcase classname="com.PRMSTool.Tests.ClientScreenTest" name="verifyclickOnUpdateClient" time="0.0">
    <ignored/>
  </testcase> <!-- verifyclickOnUpdateClient -->
  <testcase classname="com.PRMSTool.Tests.ClientScreenTest" name="verifyeditStakeholder" time="0.0">
    <ignored/>
  </testcase> <!-- verifyeditStakeholder -->
  <testcase classname="com.PRMSTool.Tests.ClientScreenTest" name="verifyclickOnAdd" time="0.0">
    <ignored/>
  </testcase> <!-- verifyclickOnAdd -->
  <testcase classname="com.PRMSTool.Tests.ClientScreenTest" name="verifydownloadFile" time="0.0">
    <ignored/>
  </testcase> <!-- verifydownloadFile -->
  <testcase classname="com.PRMSTool.Tests.ClientScreenTest" name="verifycheckSorting" time="0.0">
    <ignored/>
  </testcase> <!-- verifycheckSorting -->
  <testcase classname="com.PRMSTool.Tests.ClientScreenTest" name="verifyclickOnAddNew" time="0.0">
    <ignored/>
  </testcase> <!-- verifyclickOnAddNew -->
  <testcase classname="com.PRMSTool.Tests.ClientScreenTest" name="verifyeditClientInformation" time="0.0">
    <ignored/>
  </testcase> <!-- verifyeditClientInformation -->
  <testcase classname="com.PRMSTool.Tests.ClientScreenTest" name="verifyaddNewClientInformation" time="0.0">
    <ignored/>
  </testcase> <!-- verifyaddNewClientInformation -->
  <testcase classname="com.PRMSTool.Tests.ClientScreenTest" name="verifyselectApproxStartDate" time="0.0">
    <ignored/>
  </testcase> <!-- verifyselectApproxStartDate -->
  <testcase classname="com.PRMSTool.Tests.ClientScreenTest" name="verifysearchClient" time="0.0">
    <ignored/>
  </testcase> <!-- verifysearchClient -->
  <testcase classname="com.PRMSTool.Tests.ClientScreenTest" name="verifyeditClient" time="0.0">
    <ignored/>
  </testcase> <!-- verifyeditClient -->
</testsuite> <!-- Default test -->
