<?xml version="1.0" encoding="UTF-8"?>
<!-- Generated by org.testng.reporters.JUnitXMLReporter -->
<testsuite ignored="0" hostname="DipaliV-lpt" failures="0" tests="20" name="Default test" time="122.4" errors="0" timestamp="2021-03-12T16:44:28 IST">
  <testcase classname="com.PRMSTool.Tests.ProjectScreenTest" name="verifyLogin" time="3.252"/>
  <testcase classname="com.PRMSTool.Tests.ProjectScreenTest" name="verifyclickOnProject" time="0.971"/>
  <testcase classname="com.PRMSTool.Tests.ProjectScreenTest" name="verifyclickOnAddNew" time="5.423"/>
  <testcase classname="com.PRMSTool.Tests.ProjectScreenTest" name="verifyaddProjectDetails" time="11.311"/>
  <testcase classname="com.PRMSTool.Tests.ProjectScreenTest" name="verifyselectStartDate" time="2.903"/>
  <testcase classname="com.PRMSTool.Tests.ProjectScreenTest" name="verifyselectEndDate" time="2.794"/>
  <testcase classname="com.PRMSTool.Tests.ProjectScreenTest" name="verifyselectActualStartDate" time="2.687"/>
  <testcase classname="com.PRMSTool.Tests.ProjectScreenTest" name="verifyselectActualEndDate" time="2.759"/>
  <testcase classname="com.PRMSTool.Tests.ProjectScreenTest" name="verifyaddProjectDetails1" time="22.673"/>
  <testcase classname="com.PRMSTool.Tests.ProjectScreenTest" name="verifyaddBillingDetails" time="9.287"/>
  <testcase classname="com.PRMSTool.Tests.ProjectScreenTest" name="verifyclickOnAdd" time="0.106"/>
  <testcase classname="com.PRMSTool.Tests.ProjectScreenTest" name="verifysearch" time="11.799"/>
  <testcase classname="com.PRMSTool.Tests.ProjectScreenTest" name="verifyclickOnEditButton" time="0.194"/>
  <testcase classname="com.PRMSTool.Tests.ProjectScreenTest" name="verifyeditProjectInformation" time="8.491"/>
  <testcase classname="com.PRMSTool.Tests.ProjectScreenTest" name="verifyclickOnUpdateButton" time="0.084"/>
  <testcase classname="com.PRMSTool.Tests.ProjectScreenTest" name="verifydelete" time="8.892"/>
  <testcase classname="com.PRMSTool.Tests.ProjectScreenTest" name="verifydownloadFile" time="8.226"/>
  <testcase classname="com.PRMSTool.Tests.ProjectScreenTest" name="verifydisplayAllStatusList" time="10.177"/>
  <testcase classname="com.PRMSTool.Tests.ProjectScreenTest" name="verifydisplayInactiveStatusList" time="5.151"/>
  <testcase classname="com.PRMSTool.Tests.ProjectScreenTest" name="verifydisplayActiveStatusList" time="5.165"/>
</testsuite> <!-- Default test -->
