<?xml version="1.0" encoding="UTF-8"?>
<!-- Generated by org.testng.reporters.JUnitXMLReporter -->
<testsuite ignored="21" hostname="DipaliV-lpt" failures="0" tests="3" name="Default test" time="25.223" errors="0" timestamp="2021-05-07T18:21:02 IST">
  <testcase classname="com.PRMSTool.Tests.SalesLeadScreenTest" name="verifyLogin" time="10.474"/>
  <testcase classname="com.PRMSTool.Tests.SalesLeadScreenTest" name="verifyclickOnSalesLead" time="5.077"/>
  <testcase classname="com.PRMSTool.Tests.SalesLeadScreenTest" name="verifyuploadFile" time="9.644"/>
  <testcase classname="com.PRMSTool.Tests.SalesLeadScreenTest" name="verifyclickOnAdd" time="0.0">
    <ignored/>
  </testcase> <!-- verifyclickOnAdd -->
  <testcase classname="com.PRMSTool.Tests.SalesLeadScreenTest" name="verifyclickOnUpdateButton" time="0.0">
    <ignored/>
  </testcase> <!-- verifyclickOnUpdateButton -->
  <testcase classname="com.PRMSTool.Tests.SalesLeadScreenTest" name="verifyclickOnAddNew" time="0.0">
    <ignored/>
  </testcase> <!-- verifyclickOnAddNew -->
  <testcase classname="com.PRMSTool.Tests.SalesLeadScreenTest" name="verifyselectLastUpdatedDate" time="0.0">
    <ignored/>
  </testcase> <!-- verifyselectLastUpdatedDate -->
  <testcase classname="com.PRMSTool.Tests.SalesLeadScreenTest" name="verifydownloadFile" time="0.0">
    <ignored/>
  </testcase> <!-- verifydownloadFile -->
  <testcase classname="com.PRMSTool.Tests.SalesLeadScreenTest" name="verifyselectFUPDate" time="0.0">
    <ignored/>
  </testcase> <!-- verifyselectFUPDate -->
  <testcase classname="com.PRMSTool.Tests.SalesLeadScreenTest" name="verifyaddCompanyDetails" time="0.0">
    <ignored/>
  </testcase> <!-- verifyaddCompanyDetails -->
  <testcase classname="com.PRMSTool.Tests.SalesLeadScreenTest" name="verifysearch" time="0.0">
    <ignored/>
  </testcase> <!-- verifysearch -->
  <testcase classname="com.PRMSTool.Tests.SalesLeadScreenTest" name="verifyeditOtherDetails" time="0.0">
    <ignored/>
  </testcase> <!-- verifyeditOtherDetails -->
  <testcase classname="com.PRMSTool.Tests.SalesLeadScreenTest" name="verifyeditCompanyDetails" time="0.0">
    <ignored/>
  </testcase> <!-- verifyeditCompanyDetails -->
  <testcase classname="com.PRMSTool.Tests.SalesLeadScreenTest" name="verifyclickOnEditButton" time="0.0">
    <ignored/>
  </testcase> <!-- verifyclickOnEditButton -->
  <testcase classname="com.PRMSTool.Tests.SalesLeadScreenTest" name="verifyclickOnCloudUpload" time="0.0">
    <ignored/>
  </testcase> <!-- verifyclickOnCloudUpload -->
  <testcase classname="com.PRMSTool.Tests.SalesLeadScreenTest" name="verifyaddOtherDetails" time="0.0">
    <ignored/>
  </testcase> <!-- verifyaddOtherDetails -->
  <testcase classname="com.PRMSTool.Tests.SalesLeadScreenTest" name="verifyeditLastUpdatedDate" time="0.0">
    <ignored/>
  </testcase> <!-- verifyeditLastUpdatedDate -->
  <testcase classname="com.PRMSTool.Tests.SalesLeadScreenTest" name="verifyclickOnBackButton" time="0.0">
    <ignored/>
  </testcase> <!-- verifyclickOnBackButton -->
  <testcase classname="com.PRMSTool.Tests.SalesLeadScreenTest" name="verifyclickOnOtherDetails" time="0.0">
    <ignored/>
  </testcase> <!-- verifyclickOnOtherDetails -->
  <testcase classname="com.PRMSTool.Tests.SalesLeadScreenTest" name="verifyaddSalesLeadInformation" time="0.0">
    <ignored/>
  </testcase> <!-- verifyaddSalesLeadInformation -->
  <testcase classname="com.PRMSTool.Tests.SalesLeadScreenTest" name="verifydeleteSalesLead" time="0.0">
    <ignored/>
  </testcase> <!-- verifydeleteSalesLead -->
  <testcase classname="com.PRMSTool.Tests.SalesLeadScreenTest" name="verifyeditSalesLeadInformation" time="0.0">
    <ignored/>
  </testcase> <!-- verifyeditSalesLeadInformation -->
  <testcase classname="com.PRMSTool.Tests.SalesLeadScreenTest" name="verifyeditFUPDate" time="0.0">
    <ignored/>
  </testcase> <!-- verifyeditFUPDate -->
  <testcase classname="com.PRMSTool.Tests.SalesLeadScreenTest" name="verifyclickOnCompanyDetails" time="0.0">
    <ignored/>
  </testcase> <!-- verifyclickOnCompanyDetails -->
</testsuite> <!-- Default test -->
