<?xml version="1.0" encoding="UTF-8"?>
<!-- Generated by org.testng.reporters.JUnitXMLReporter -->
<testsuite ignored="0" hostname="DipaliV-lpt" failures="0" tests="14" name="Default test" time="73.417" errors="0" timestamp="2021-04-29T18:36:10 IST">
  <testcase classname="com.PRMSTool.Tests.SalesLeadScreenTest" name="verifyLogin" time="11.222"/>
  <testcase classname="com.PRMSTool.Tests.SalesLeadScreenTest" name="verifyclickOnSalesLead" time="5.167"/>
  <testcase classname="com.PRMSTool.Tests.SalesLeadScreenTest" name="verifyclickOnAddNew" time="6.246"/>
  <testcase classname="com.PRMSTool.Tests.SalesLeadScreenTest" name="verifyaddSalesLeadInformation" time="7.499"/>
  <testcase classname="com.PRMSTool.Tests.SalesLeadScreenTest" name="verifyclickOnCompanyDetails" time="0.302"/>
  <testcase classname="com.PRMSTool.Tests.SalesLeadScreenTest" name="verifyaddCompanyDetails" time="3.803"/>
  <testcase classname="com.PRMSTool.Tests.SalesLeadScreenTest" name="verifyclickOnOtherDetails" time="0.301"/>
  <testcase classname="com.PRMSTool.Tests.SalesLeadScreenTest" name="verifyaddOtherDetails" time="1.97"/>
  <testcase classname="com.PRMSTool.Tests.SalesLeadScreenTest" name="verifyclickOnBackButton" time="0.307"/>
  <testcase classname="com.PRMSTool.Tests.SalesLeadScreenTest" name="verifyclickOnCloudUpload" time="0.244"/>
  <testcase classname="com.PRMSTool.Tests.SalesLeadScreenTest" name="verifydownloadFile" time="8.786"/>
  <testcase classname="com.PRMSTool.Tests.SalesLeadScreenTest" name="verifysearch" time="10.586"/>
  <testcase classname="com.PRMSTool.Tests.SalesLeadScreenTest" name="verifyclickOnEditButton" time="0.748"/>
  <testcase classname="com.PRMSTool.Tests.SalesLeadScreenTest" name="verifydeleteSalesLead" time="16.087"/>
</testsuite> <!-- Default test -->
