<?xml version="1.0" encoding="UTF-8"?>
<!-- Generated by org.testng.reporters.JUnitXMLReporter -->
<testsuite ignored="12" hostname="DipaliV-lpt" failures="0" tests="4" name="Default test" time="28.048" errors="0" timestamp="2021-03-18T16:28:18 IST">
  <testcase classname="com.PRMSTool.Tests.ResourceScreenTest" name="verifyLogin" time="7.746"/>
  <testcase classname="com.PRMSTool.Tests.ResourceScreenTest" name="verifyclickOnResource" time="5.141"/>
  <testcase classname="com.PRMSTool.Tests.ResourceScreenTest" name="verifyclickOnAddNew" time="5.673"/>
  <testcase classname="com.PRMSTool.Tests.ResourceScreenTest" name="verifyaddResourceDetails" time="9.374"/>
  <testcase classname="com.PRMSTool.Tests.ResourceScreenTest" name="verifydownloadFile" time="0.0">
    <ignored/>
  </testcase> <!-- verifydownloadFile -->
  <testcase classname="com.PRMSTool.Tests.ResourceScreenTest" name="verifyeditResourceInformation" time="0.0">
    <ignored/>
  </testcase> <!-- verifyeditResourceInformation -->
  <testcase classname="com.PRMSTool.Tests.ResourceScreenTest" name="verifyselectJoiningDate" time="0.0">
    <ignored/>
  </testcase> <!-- verifyselectJoiningDate -->
  <testcase classname="com.PRMSTool.Tests.ResourceScreenTest" name="verifydelete" time="0.0">
    <ignored/>
  </testcase> <!-- verifydelete -->
  <testcase classname="com.PRMSTool.Tests.ResourceScreenTest" name="verifydisplayInactiveStatusList" time="0.0">
    <ignored/>
  </testcase> <!-- verifydisplayInactiveStatusList -->
  <testcase classname="com.PRMSTool.Tests.ResourceScreenTest" name="verifysearch" time="0.0">
    <ignored/>
  </testcase> <!-- verifysearch -->
  <testcase classname="com.PRMSTool.Tests.ResourceScreenTest" name="verifyselectBirthDate" time="0.0">
    <ignored/>
  </testcase> <!-- verifyselectBirthDate -->
  <testcase classname="com.PRMSTool.Tests.ResourceScreenTest" name="verifyclickOnEditButton" time="0.0">
    <ignored/>
  </testcase> <!-- verifyclickOnEditButton -->
  <testcase classname="com.PRMSTool.Tests.ResourceScreenTest" name="verifydisplayAllStatusList" time="0.0">
    <ignored/>
  </testcase> <!-- verifydisplayAllStatusList -->
  <testcase classname="com.PRMSTool.Tests.ResourceScreenTest" name="verifyclickOnAdd" time="0.0">
    <ignored/>
  </testcase> <!-- verifyclickOnAdd -->
  <testcase classname="com.PRMSTool.Tests.ResourceScreenTest" name="verifyclickOnUpdateButton" time="0.0">
    <ignored/>
  </testcase> <!-- verifyclickOnUpdateButton -->
  <testcase classname="com.PRMSTool.Tests.ResourceScreenTest" name="verifydisplayActiveStatusList" time="0.0">
    <ignored/>
  </testcase> <!-- verifydisplayActiveStatusList -->
</testsuite> <!-- Default test -->
