<?xml version="1.0" encoding="UTF-8"?>
<!-- Generated by org.testng.reporters.JUnitXMLReporter -->
<testsuite ignored="0" hostname="DipaliV-lpt" failures="0" tests="34" name="Default test" time="187.754" errors="0" timestamp="2021-12-13T14:07:33 IST">
  <testcase classname="com.PRMSTool.Tests.ClientReviewTest" name="verifyLogin" time="13.415"/>
  <testcase classname="com.PRMSTool.Tests.ClientReviewTest" name="verifyclickOnClientReview" time="6.13"/>
  <testcase classname="com.PRMSTool.Tests.ClientReviewTest" name="verifyclickOnAddNew" time="5.499"/>
  <testcase classname="com.PRMSTool.Tests.ClientReviewTest" name="verifyaddNewClientReview" time="26.084"/>
  <testcase classname="com.PRMSTool.Tests.ClientReviewTest" name="verifysearch" time="13.387"/>
  <testcase classname="com.PRMSTool.Tests.ClientReviewTest" name="verifyclickOnEditButton" time="0.124"/>
  <testcase classname="com.PRMSTool.Tests.ClientReviewTest" name="verifyeditClientReview" time="19.834"/>
  <testcase classname="com.PRMSTool.Tests.ClientReviewTest" name="verifyclickOnUpdateButton" time="0.081"/>
  <testcase classname="com.PRMSTool.Tests.ClientReviewTest" name="verifydelete" time="18.595"/>
  <testcase classname="com.PRMSTool.Tests.ClientReviewTest" name="verifydisplayDateJanuary" time="3.11"/>
  <testcase classname="com.PRMSTool.Tests.ClientReviewTest" name="verifydisplayDateJanuary1" time="6.099"/>
  <testcase classname="com.PRMSTool.Tests.ClientReviewTest" name="verifydisplayDateFebruary" time="6.126"/>
  <testcase classname="com.PRMSTool.Tests.ClientReviewTest" name="verifydisplayDateFebruary1" time="6.124"/>
  <testcase classname="com.PRMSTool.Tests.ClientReviewTest" name="verifydisplayDateMarch" time="3.14"/>
  <testcase classname="com.PRMSTool.Tests.ClientReviewTest" name="verifydisplayDateMarch1" time="3.153"/>
  <testcase classname="com.PRMSTool.Tests.ClientReviewTest" name="verifydisplayDateApril" time="3.147"/>
  <testcase classname="com.PRMSTool.Tests.ClientReviewTest" name="verifydisplayDateApril1" time="3.149"/>
  <testcase classname="com.PRMSTool.Tests.ClientReviewTest" name="verifydisplayDateMay" time="3.165"/>
  <testcase classname="com.PRMSTool.Tests.ClientReviewTest" name="verifydisplayDateMay1" time="3.14"/>
  <testcase classname="com.PRMSTool.Tests.ClientReviewTest" name="verifydisplayDateJune" time="3.15"/>
  <testcase classname="com.PRMSTool.Tests.ClientReviewTest" name="verifydisplayDateJune1" time="3.151"/>
  <testcase classname="com.PRMSTool.Tests.ClientReviewTest" name="verifydisplayDateJuly" time="3.137"/>
  <testcase classname="com.PRMSTool.Tests.ClientReviewTest" name="verifydisplayDateJuly1" time="3.131"/>
  <testcase classname="com.PRMSTool.Tests.ClientReviewTest" name="verifydisplayDateAugust" time="3.151"/>
  <testcase classname="com.PRMSTool.Tests.ClientReviewTest" name="verifydisplayDateAugust1" time="3.178"/>
  <testcase classname="com.PRMSTool.Tests.ClientReviewTest" name="verifydisplayDateSeptember" time="3.129"/>
  <testcase classname="com.PRMSTool.Tests.ClientReviewTest" name="verifydisplayDateSeptember1" time="3.138"/>
  <testcase classname="com.PRMSTool.Tests.ClientReviewTest" name="verifydisplayDateOctober" time="3.146"/>
  <testcase classname="com.PRMSTool.Tests.ClientReviewTest" name="verifydisplayDateOctober1" time="3.136"/>
  <testcase classname="com.PRMSTool.Tests.ClientReviewTest" name="verifydisplayDateNovember" time="3.162"/>
  <testcase classname="com.PRMSTool.Tests.ClientReviewTest" name="verifydisplayDateNovember1" time="3.128"/>
  <testcase classname="com.PRMSTool.Tests.ClientReviewTest" name="verifydisplayDateDecember" time="3.131"/>
  <testcase classname="com.PRMSTool.Tests.ClientReviewTest" name="verifydisplayDateDecember1" time="3.137"/>
  <testcase classname="com.PRMSTool.Tests.ClientReviewTest" name="verifydisplayYearAll" time="0.175"/>
</testsuite> <!-- Default test -->
