<?xml version="1.0" encoding="UTF-8"?>
<!-- Generated by org.testng.reporters.JUnitXMLReporter -->
<testsuite ignored="10" hostname="DipaliV-lpt" failures="0" tests="3" name="Default test" time="92.508" errors="0" timestamp="2021-02-23T18:22:34 IST">
  <testcase classname="com.PRMSTool.Tests.ClientScreenTest" name="verifyLogin" time="10.465"/>
  <testcase classname="com.PRMSTool.Tests.ClientScreenTest" name="verifycheckSorting" time="75.951"/>
  <testcase classname="com.PRMSTool.Tests.ClientScreenTest" name="verifyeditClient" time="5.994"/>
  <testcase classname="com.PRMSTool.Tests.ClientScreenTest" name="verifyclickOnAdd" time="0.0">
    <ignored/>
  </testcase> <!-- verifyclickOnAdd -->
  <testcase classname="com.PRMSTool.Tests.ClientScreenTest" name="verifyclickOnAgreementDetails" time="0.0">
    <ignored/>
  </testcase> <!-- verifyclickOnAgreementDetails -->
  <testcase classname="com.PRMSTool.Tests.ClientScreenTest" name="verifydownloadFile" time="0.0">
    <ignored/>
  </testcase> <!-- verifydownloadFile -->
  <testcase classname="com.PRMSTool.Tests.ClientScreenTest" name="verifyaddStakeholderDetails" time="0.0">
    <ignored/>
  </testcase> <!-- verifyaddStakeholderDetails -->
  <testcase classname="com.PRMSTool.Tests.ClientScreenTest" name="verifyclickOnAddNew" time="0.0">
    <ignored/>
  </testcase> <!-- verifyclickOnAddNew -->
  <testcase classname="com.PRMSTool.Tests.ClientScreenTest" name="verifyaddAgreementDetails" time="0.0">
    <ignored/>
  </testcase> <!-- verifyaddAgreementDetails -->
  <testcase classname="com.PRMSTool.Tests.ClientScreenTest" name="verifyaddNewClientInformation" time="0.0">
    <ignored/>
  </testcase> <!-- verifyaddNewClientInformation -->
  <testcase classname="com.PRMSTool.Tests.ClientScreenTest" name="verifyselectApproxStartDate" time="0.0">
    <ignored/>
  </testcase> <!-- verifyselectApproxStartDate -->
  <testcase classname="com.PRMSTool.Tests.ClientScreenTest" name="verifyclickOnStakeholderDetails" time="0.0">
    <ignored/>
  </testcase> <!-- verifyclickOnStakeholderDetails -->
  <testcase classname="com.PRMSTool.Tests.ClientScreenTest" name="verifysearchClient" time="0.0">
    <ignored/>
  </testcase> <!-- verifysearchClient -->
</testsuite> <!-- Default test -->
