<?xml version="1.0" encoding="UTF-8"?>
<!-- Generated by org.testng.reporters.JUnitXMLReporter -->
<testsuite ignored="0" hostname="DipaliV-lpt" failures="0" tests="13" name="Default test" time="129.592" errors="0" timestamp="2021-03-09T11:19:10 IST">
  <testcase classname="com.PRMSTool.Tests.ProjectResourceScreenTest" name="verifyLogin" time="3.986"/>
  <testcase classname="com.PRMSTool.Tests.ProjectResourceScreenTest" name="verifyclickOnProjectResource" time="1.111"/>
  <testcase classname="com.PRMSTool.Tests.ProjectResourceScreenTest" name="verifyclickOnAddNew" time="5.568"/>
  <testcase classname="com.PRMSTool.Tests.ProjectResourceScreenTest" name="verifyaddProjectResourceDetails" time="36.99"/>
  <testcase classname="com.PRMSTool.Tests.ProjectResourceScreenTest" name="verifyselectStartDate" time="2.809"/>
  <testcase classname="com.PRMSTool.Tests.ProjectResourceScreenTest" name="verifyselectEndDate" time="2.8"/>
  <testcase classname="com.PRMSTool.Tests.ProjectResourceScreenTest" name="verifyclickOnAdd" time="0.095"/>
  <testcase classname="com.PRMSTool.Tests.ProjectResourceScreenTest" name="verifysearch" time="24.934"/>
  <testcase classname="com.PRMSTool.Tests.ProjectResourceScreenTest" name="verifyclickOnEditButton" time="0.18"/>
  <testcase classname="com.PRMSTool.Tests.ProjectResourceScreenTest" name="verifyeditResourceInformation" time="36.69"/>
  <testcase classname="com.PRMSTool.Tests.ProjectResourceScreenTest" name="verifyclickOnUpdateButton" time="0.082"/>
  <testcase classname="com.PRMSTool.Tests.ProjectResourceScreenTest" name="verifydelete" time="6.174"/>
  <testcase classname="com.PRMSTool.Tests.ProjectResourceScreenTest" name="verifydownloadFile" time="8.129"/>
</testsuite> <!-- Default test -->
