<?xml version="1.0" encoding="UTF-8"?>
<!-- Generated by org.testng.reporters.JUnitXMLReporter -->
<testsuite ignored="1" hostname="DipaliV-lpt" failures="0" tests="21" name="Default test" time="151.554" errors="0" timestamp="2021-03-15T11:34:02 IST">
  <testcase classname="com.PRMSTool.Tests.ClientScreenTest" name="verifyLogin" time="6.895"/>
  <testcase classname="com.PRMSTool.Tests.ClientScreenTest" name="verifyclickOnAddNew" time="7.889"/>
  <testcase classname="com.PRMSTool.Tests.ClientScreenTest" name="verifyaddNewClientInformation" time="8.969"/>
  <testcase classname="com.PRMSTool.Tests.ClientScreenTest" name="verifyclickOnAgreementDetails" time="0.365"/>
  <testcase classname="com.PRMSTool.Tests.ClientScreenTest" name="verifyselectAgreementSignedDate" time="10.002"/>
  <testcase classname="com.PRMSTool.Tests.ClientScreenTest" name="verifyselectApproxStartDate" time="9.862"/>
  <testcase classname="com.PRMSTool.Tests.ClientScreenTest" name="verifyaddAgreementDetails" time="3.573"/>
  <testcase classname="com.PRMSTool.Tests.ClientScreenTest" name="verifyclickOnStakeholderDetails" time="0.302"/>
  <testcase classname="com.PRMSTool.Tests.ClientScreenTest" name="verifyaddStakeholderDetails" time="7.201"/>
  <testcase classname="com.PRMSTool.Tests.ClientScreenTest" name="verifyclickOnAdd" time="0.41"/>
  <testcase classname="com.PRMSTool.Tests.ClientScreenTest" name="verifysearchClient" time="19.33"/>
  <testcase classname="com.PRMSTool.Tests.ClientScreenTest" name="verifyeditClient" time="1.457"/>
  <testcase classname="com.PRMSTool.Tests.ClientScreenTest" name="verifyeditClientInformation" time="11.844"/>
  <testcase classname="com.PRMSTool.Tests.ClientScreenTest" name="verifyeditAgreementDetails" time="9.124"/>
  <testcase classname="com.PRMSTool.Tests.ClientScreenTest" name="verifyeditStakeholder" time="7.41"/>
  <testcase classname="com.PRMSTool.Tests.ClientScreenTest" name="verifyclickOnUpdateClient" time="0.226"/>
  <testcase classname="com.PRMSTool.Tests.ClientScreenTest" name="verifydeleteClient" time="16.288"/>
  <testcase classname="com.PRMSTool.Tests.ClientScreenTest" name="verifydownloadFile" time="8.395"/>
  <testcase classname="com.PRMSTool.Tests.ClientScreenTest" name="verifydisplayAllStatusList" time="10.667"/>
  <testcase classname="com.PRMSTool.Tests.ClientScreenTest" name="verifydisplayInactiveStatusList" time="5.629"/>
  <testcase classname="com.PRMSTool.Tests.ClientScreenTest" name="verifydisplayActiveStatusList" time="5.572"/>
  <testcase classname="com.PRMSTool.Tests.ClientScreenTest" name="verifycheckSorting" time="0.0">
    <ignored/>
  </testcase> <!-- verifycheckSorting -->
</testsuite> <!-- Default test -->
