<?xml version="1.0" encoding="UTF-8"?>
<!-- Generated by org.testng.reporters.JUnitXMLReporter -->
<testsuite ignored="2" hostname="DipaliV-lpt" failures="0" tests="10" name="Default test" time="109.71" errors="0" timestamp="2021-02-18T16:04:57 IST">
  <testcase classname="com.PRMSTool.Tests.ProjectScreenTest" name="verifyLogin" time="48.258"/>
  <testcase classname="com.PRMSTool.Tests.ProjectScreenTest" name="verifyclickOnProject" time="3.023"/>
  <testcase classname="com.PRMSTool.Tests.ProjectScreenTest" name="verifyclickOnAddNew" time="6.098"/>
  <testcase classname="com.PRMSTool.Tests.ProjectScreenTest" name="verifyaddProjectDetails" time="13.286"/>
  <testcase classname="com.PRMSTool.Tests.ProjectScreenTest" name="verifyselectStartDate" time="2.699"/>
  <testcase classname="com.PRMSTool.Tests.ProjectScreenTest" name="verifyselectEndDate" time="2.771"/>
  <testcase classname="com.PRMSTool.Tests.ProjectScreenTest" name="verifyselectActualStartDate" time="2.685"/>
  <testcase classname="com.PRMSTool.Tests.ProjectScreenTest" name="verifyselectActualEndDate" time="2.736"/>
  <testcase classname="com.PRMSTool.Tests.ProjectScreenTest" name="verifyaddProjectDetails1" time="19.456"/>
  <testcase classname="com.PRMSTool.Tests.ProjectScreenTest" name="verifyaddBillingDetails" time="8.657"/>
  <testcase classname="com.PRMSTool.Tests.ProjectScreenTest" name="verifyclickOnAdd" time="0.0">
    <ignored/>
  </testcase> <!-- verifyclickOnAdd -->
  <testcase classname="com.PRMSTool.Tests.ProjectScreenTest" name="verifydownloadFile" time="0.0">
    <ignored/>
  </testcase> <!-- verifydownloadFile -->
</testsuite> <!-- Default test -->
