<?xml version="1.0" encoding="UTF-8"?>
<!-- Generated by org.testng.reporters.JUnitXMLReporter -->
<testsuite ignored="0" hostname="DipaliV-lpt" failures="0" tests="34" name="Default test" time="182.919" errors="0" timestamp="2021-10-19T12:38:55 IST">
  <testcase classname="com.PRMSTool.Tests.ClientReviewTest" name="verifyLogin" time="9.49"/>
  <testcase classname="com.PRMSTool.Tests.ClientReviewTest" name="verifyclickOnClientReview" time="5.519"/>
  <testcase classname="com.PRMSTool.Tests.ClientReviewTest" name="verifyclickOnAddNew" time="5.467"/>
  <testcase classname="com.PRMSTool.Tests.ClientReviewTest" name="verifyaddNewClientReview" time="26.042"/>
  <testcase classname="com.PRMSTool.Tests.ClientReviewTest" name="verifysearch" time="13.392"/>
  <testcase classname="com.PRMSTool.Tests.ClientReviewTest" name="verifyclickOnEditButton" time="0.113"/>
  <testcase classname="com.PRMSTool.Tests.ClientReviewTest" name="verifyeditClientReview" time="19.777"/>
  <testcase classname="com.PRMSTool.Tests.ClientReviewTest" name="verifyclickOnUpdateButton" time="0.079"/>
  <testcase classname="com.PRMSTool.Tests.ClientReviewTest" name="verifydelete" time="18.53"/>
  <testcase classname="com.PRMSTool.Tests.ClientReviewTest" name="verifydisplayDateJanuary" time="3.128"/>
  <testcase classname="com.PRMSTool.Tests.ClientReviewTest" name="verifydisplayDateJanuary1" time="6.092"/>
  <testcase classname="com.PRMSTool.Tests.ClientReviewTest" name="verifydisplayDateFebruary" time="6.123"/>
  <testcase classname="com.PRMSTool.Tests.ClientReviewTest" name="verifydisplayDateFebruary1" time="6.112"/>
  <testcase classname="com.PRMSTool.Tests.ClientReviewTest" name="verifydisplayDateMarch" time="3.138"/>
  <testcase classname="com.PRMSTool.Tests.ClientReviewTest" name="verifydisplayDateMarch1" time="3.156"/>
  <testcase classname="com.PRMSTool.Tests.ClientReviewTest" name="verifydisplayDateApril" time="3.136"/>
  <testcase classname="com.PRMSTool.Tests.ClientReviewTest" name="verifydisplayDateApril1" time="3.135"/>
  <testcase classname="com.PRMSTool.Tests.ClientReviewTest" name="verifydisplayDateMay" time="3.137"/>
  <testcase classname="com.PRMSTool.Tests.ClientReviewTest" name="verifydisplayDateMay1" time="3.127"/>
  <testcase classname="com.PRMSTool.Tests.ClientReviewTest" name="verifydisplayDateJune" time="3.137"/>
  <testcase classname="com.PRMSTool.Tests.ClientReviewTest" name="verifydisplayDateJune1" time="3.145"/>
  <testcase classname="com.PRMSTool.Tests.ClientReviewTest" name="verifydisplayDateJuly" time="3.152"/>
  <testcase classname="com.PRMSTool.Tests.ClientReviewTest" name="verifydisplayDateJuly1" time="3.141"/>
  <testcase classname="com.PRMSTool.Tests.ClientReviewTest" name="verifydisplayDateAugust" time="3.145"/>
  <testcase classname="com.PRMSTool.Tests.ClientReviewTest" name="verifydisplayDateAugust1" time="3.178"/>
  <testcase classname="com.PRMSTool.Tests.ClientReviewTest" name="verifydisplayDateSeptember" time="3.137"/>
  <testcase classname="com.PRMSTool.Tests.ClientReviewTest" name="verifydisplayDateSeptember1" time="3.134"/>
  <testcase classname="com.PRMSTool.Tests.ClientReviewTest" name="verifydisplayDateOctober" time="3.14"/>
  <testcase classname="com.PRMSTool.Tests.ClientReviewTest" name="verifydisplayDateOctober1" time="3.131"/>
  <testcase classname="com.PRMSTool.Tests.ClientReviewTest" name="verifydisplayDateNovember" time="3.129"/>
  <testcase classname="com.PRMSTool.Tests.ClientReviewTest" name="verifydisplayDateNovember1" time="3.132"/>
  <testcase classname="com.PRMSTool.Tests.ClientReviewTest" name="verifydisplayDateDecember" time="3.151"/>
  <testcase classname="com.PRMSTool.Tests.ClientReviewTest" name="verifydisplayDateDecember1" time="3.127"/>
  <testcase classname="com.PRMSTool.Tests.ClientReviewTest" name="verifydisplayYearAll" time="0.174"/>
</testsuite> <!-- Default test -->
