<?xml version="1.0" encoding="UTF-8"?>
<!-- Generated by org.testng.reporters.JUnitXMLReporter -->
<testsuite ignored="0" hostname="DipaliV-lpt" failures="0" tests="34" name="Default test" time="171.605" errors="0" timestamp="2021-07-23T19:08:09 IST">
  <testcase classname="com.PRMSTool.Tests.ClientReviewTest" name="verifyLogin" time="9.511"/>
  <testcase classname="com.PRMSTool.Tests.ClientReviewTest" name="verifyclickOnClientReview" time="5.056"/>
  <testcase classname="com.PRMSTool.Tests.ClientReviewTest" name="verifyclickOnAddNew" time="5.467"/>
  <testcase classname="com.PRMSTool.Tests.ClientReviewTest" name="verifyaddNewClientReview" time="26.076"/>
  <testcase classname="com.PRMSTool.Tests.ClientReviewTest" name="verifysearch" time="10.196"/>
  <testcase classname="com.PRMSTool.Tests.ClientReviewTest" name="verifyclickOnEditButton" time="0.126"/>
  <testcase classname="com.PRMSTool.Tests.ClientReviewTest" name="verifyeditClientReview" time="19.834"/>
  <testcase classname="com.PRMSTool.Tests.ClientReviewTest" name="verifyclickOnUpdateButton" time="0.069"/>
  <testcase classname="com.PRMSTool.Tests.ClientReviewTest" name="verifydelete" time="18.507"/>
  <testcase classname="com.PRMSTool.Tests.ClientReviewTest" name="verifydisplayDateJanuary" time="3.205"/>
  <testcase classname="com.PRMSTool.Tests.ClientReviewTest" name="verifydisplayDateJanuary1" time="3.162"/>
  <testcase classname="com.PRMSTool.Tests.ClientReviewTest" name="verifydisplayDateFebruary" time="3.179"/>
  <testcase classname="com.PRMSTool.Tests.ClientReviewTest" name="verifydisplayDateFebruary1" time="3.174"/>
  <testcase classname="com.PRMSTool.Tests.ClientReviewTest" name="verifydisplayDateMarch" time="3.157"/>
  <testcase classname="com.PRMSTool.Tests.ClientReviewTest" name="verifydisplayDateMarch1" time="3.167"/>
  <testcase classname="com.PRMSTool.Tests.ClientReviewTest" name="verifydisplayDateApril" time="3.159"/>
  <testcase classname="com.PRMSTool.Tests.ClientReviewTest" name="verifydisplayDateApril1" time="3.149"/>
  <testcase classname="com.PRMSTool.Tests.ClientReviewTest" name="verifydisplayDateMay" time="3.161"/>
  <testcase classname="com.PRMSTool.Tests.ClientReviewTest" name="verifydisplayDateMay1" time="3.168"/>
  <testcase classname="com.PRMSTool.Tests.ClientReviewTest" name="verifydisplayDateJune" time="3.168"/>
  <testcase classname="com.PRMSTool.Tests.ClientReviewTest" name="verifydisplayDateJune1" time="3.16"/>
  <testcase classname="com.PRMSTool.Tests.ClientReviewTest" name="verifydisplayDateJuly" time="3.164"/>
  <testcase classname="com.PRMSTool.Tests.ClientReviewTest" name="verifydisplayDateJuly1" time="3.159"/>
  <testcase classname="com.PRMSTool.Tests.ClientReviewTest" name="verifydisplayDateAugust" time="3.171"/>
  <testcase classname="com.PRMSTool.Tests.ClientReviewTest" name="verifydisplayDateAugust1" time="3.157"/>
  <testcase classname="com.PRMSTool.Tests.ClientReviewTest" name="verifydisplayDateSeptember" time="3.156"/>
  <testcase classname="com.PRMSTool.Tests.ClientReviewTest" name="verifydisplayDateSeptember1" time="3.163"/>
  <testcase classname="com.PRMSTool.Tests.ClientReviewTest" name="verifydisplayDateOctober" time="3.167"/>
  <testcase classname="com.PRMSTool.Tests.ClientReviewTest" name="verifydisplayDateOctober1" time="3.148"/>
  <testcase classname="com.PRMSTool.Tests.ClientReviewTest" name="verifydisplayDateNovember" time="3.165"/>
  <testcase classname="com.PRMSTool.Tests.ClientReviewTest" name="verifydisplayDateNovember1" time="3.178"/>
  <testcase classname="com.PRMSTool.Tests.ClientReviewTest" name="verifydisplayDateDecember" time="3.162"/>
  <testcase classname="com.PRMSTool.Tests.ClientReviewTest" name="verifydisplayDateDecember1" time="3.159"/>
  <testcase classname="com.PRMSTool.Tests.ClientReviewTest" name="verifydisplayYearAll" time="0.729"/>
</testsuite> <!-- Default test -->
