<?xml version="1.0" encoding="UTF-8"?>
<!-- Generated by org.testng.reporters.JUnitXMLReporter -->
<testsuite ignored="1" hostname="DipaliV-lpt" failures="0" tests="18" name="Default test" time="131.345" errors="0" timestamp="2021-03-08T18:21:30 IST">
  <testcase classname="com.PRMSTool.Tests.ClientScreenTest" name="verifyLogin" time="5.429"/>
  <testcase classname="com.PRMSTool.Tests.ClientScreenTest" name="verifyclickOnAddNew" time="7.581"/>
  <testcase classname="com.PRMSTool.Tests.ClientScreenTest" name="verifyaddNewClientInformation" time="8.616"/>
  <testcase classname="com.PRMSTool.Tests.ClientScreenTest" name="verifyclickOnAgreementDetails" time="0.279"/>
  <testcase classname="com.PRMSTool.Tests.ClientScreenTest" name="verifyselectAgreementSignedDate" time="9.719"/>
  <testcase classname="com.PRMSTool.Tests.ClientScreenTest" name="verifyselectApproxStartDate" time="9.457"/>
  <testcase classname="com.PRMSTool.Tests.ClientScreenTest" name="verifyaddAgreementDetails" time="2.317"/>
  <testcase classname="com.PRMSTool.Tests.ClientScreenTest" name="verifyclickOnStakeholderDetails" time="0.268"/>
  <testcase classname="com.PRMSTool.Tests.ClientScreenTest" name="verifyaddStakeholderDetails" time="6.865"/>
  <testcase classname="com.PRMSTool.Tests.ClientScreenTest" name="verifyclickOnAdd" time="0.206"/>
  <testcase classname="com.PRMSTool.Tests.ClientScreenTest" name="verifysearchClient" time="19.106"/>
  <testcase classname="com.PRMSTool.Tests.ClientScreenTest" name="verifyeditClient" time="0.747"/>
  <testcase classname="com.PRMSTool.Tests.ClientScreenTest" name="verifyeditClientInformation" time="9.949"/>
  <testcase classname="com.PRMSTool.Tests.ClientScreenTest" name="verifyeditAgreementDetails" time="8.549"/>
  <testcase classname="com.PRMSTool.Tests.ClientScreenTest" name="verifyeditStakeholder" time="7.634"/>
  <testcase classname="com.PRMSTool.Tests.ClientScreenTest" name="verifyclickOnUpdateClient" time="0.211"/>
  <testcase classname="com.PRMSTool.Tests.ClientScreenTest" name="verifydeleteClient" time="25.671"/>
  <testcase classname="com.PRMSTool.Tests.ClientScreenTest" name="verifydownloadFile" time="8.571"/>
  <testcase classname="com.PRMSTool.Tests.ClientScreenTest" name="verifycheckSorting" time="0.0">
    <ignored/>
  </testcase> <!-- verifycheckSorting -->
</testsuite> <!-- Default test -->
