<?xml version="1.0" encoding="UTF-8"?>
<!-- Generated by org.testng.reporters.JUnitXMLReporter -->
<testsuite ignored="0" hostname="DipaliV-lpt" failures="0" tests="16" name="Default test" time="137.08" errors="0" timestamp="2021-08-11T18:00:21 IST">
  <testcase classname="com.PRMSTool.Tests.ResourceScreenTest" name="verifyLogin" time="17.857"/>
  <testcase classname="com.PRMSTool.Tests.ResourceScreenTest" name="verifyclickOnResource" time="5.083"/>
  <testcase classname="com.PRMSTool.Tests.ResourceScreenTest" name="verifyclickOnAddNew" time="5.308"/>
  <testcase classname="com.PRMSTool.Tests.ResourceScreenTest" name="verifyaddResourceDetails" time="9.464"/>
  <testcase classname="com.PRMSTool.Tests.ResourceScreenTest" name="verifyselectBirthDate" time="25.954"/>
  <testcase classname="com.PRMSTool.Tests.ResourceScreenTest" name="verifyselectJoiningDate" time="0.942"/>
  <testcase classname="com.PRMSTool.Tests.ResourceScreenTest" name="verifyclickOnAdd" time="5.118"/>
  <testcase classname="com.PRMSTool.Tests.ResourceScreenTest" name="verifydisplayAllStatusList" time="10.215"/>
  <testcase classname="com.PRMSTool.Tests.ResourceScreenTest" name="verifysearch" time="10.199"/>
  <testcase classname="com.PRMSTool.Tests.ResourceScreenTest" name="verifyclickOnEditButton" time="0.137"/>
  <testcase classname="com.PRMSTool.Tests.ResourceScreenTest" name="verifyeditResourceInformation" time="6.764"/>
  <testcase classname="com.PRMSTool.Tests.ResourceScreenTest" name="verifyclickOnUpdateButton" time="0.087"/>
  <testcase classname="com.PRMSTool.Tests.ResourceScreenTest" name="verifydelete" time="23.594"/>
  <testcase classname="com.PRMSTool.Tests.ResourceScreenTest" name="verifydownloadFile" time="5.149"/>
  <testcase classname="com.PRMSTool.Tests.ResourceScreenTest" name="verifydisplayInactiveStatusList" time="5.981"/>
  <testcase classname="com.PRMSTool.Tests.ResourceScreenTest" name="verifydisplayActiveStatusList" time="5.177"/>
</testsuite> <!-- Default test -->
