<?xml version="1.0" encoding="UTF-8"?>
<!-- Generated by org.testng.reporters.JUnitXMLReporter -->
<testsuite ignored="0" hostname="DipaliV-lpt" failures="0" tests="22" name="Default test" time="195.022" errors="0" timestamp="2021-12-30T17:45:48 IST">
  <testcase classname="com.PRMSTool.Tests.ProjectResourceScreenTest" name="verifyLogin" time="19.427"/>
  <testcase classname="com.PRMSTool.Tests.ProjectResourceScreenTest" name="verifyclickOnProjectResource" time="5.062"/>
  <testcase classname="com.PRMSTool.Tests.ProjectResourceScreenTest" name="verifyclickOnAddNew" time="5.623"/>
  <testcase classname="com.PRMSTool.Tests.ProjectResourceScreenTest" name="verifyaddProjectResourceDetails" time="30.034"/>
  <testcase classname="com.PRMSTool.Tests.ProjectResourceScreenTest" name="verifyselectStartDate" time="2.758"/>
  <testcase classname="com.PRMSTool.Tests.ProjectResourceScreenTest" name="verifyselectEndDate" time="2.603"/>
  <testcase classname="com.PRMSTool.Tests.ProjectResourceScreenTest" name="verifyclickOnAdd" time="5.083"/>
  <testcase classname="com.PRMSTool.Tests.ProjectResourceScreenTest" name="verifydisplayAllStatusList" time="8.159"/>
  <testcase classname="com.PRMSTool.Tests.ProjectResourceScreenTest" name="verifysearch" time="10.246"/>
  <testcase classname="com.PRMSTool.Tests.ProjectResourceScreenTest" name="verifyclickOnEditButton" time="0.102"/>
  <testcase classname="com.PRMSTool.Tests.ProjectResourceScreenTest" name="verifyeditResourceInformation" time="31.351"/>
  <testcase classname="com.PRMSTool.Tests.ProjectResourceScreenTest" name="verifyclickOnUpdateButton" time="0.078"/>
  <testcase classname="com.PRMSTool.Tests.ProjectResourceScreenTest" name="verifydelete" time="24.712"/>
  <testcase classname="com.PRMSTool.Tests.ProjectResourceScreenTest" name="verifydownloadFile" time="8.157"/>
  <testcase classname="com.PRMSTool.Tests.ProjectResourceScreenTest" name="verifydisplayInactiveStatusList" time="5.279"/>
  <testcase classname="com.PRMSTool.Tests.ProjectResourceScreenTest" name="verifydisplayActiveStatusList" time="5.168"/>
  <testcase classname="com.PRMSTool.Tests.ProjectResourceScreenTest" name="verifydisplayvResourcingBusinessUnit" time="5.201"/>
  <testcase classname="com.PRMSTool.Tests.ProjectResourceScreenTest" name="verifydisplayROWBusinessUnit" time="5.189"/>
  <testcase classname="com.PRMSTool.Tests.ProjectResourceScreenTest" name="verifydisplayLicenceBusinessUnit" time="5.199"/>
  <testcase classname="com.PRMSTool.Tests.ProjectResourceScreenTest" name="verifydisplayPracticesBusinessUnit" time="5.163"/>
  <testcase classname="com.PRMSTool.Tests.ProjectResourceScreenTest" name="verifydisplaySafeGuardBusinessUnit" time="5.193"/>
  <testcase classname="com.PRMSTool.Tests.ProjectResourceScreenTest" name="verifydisplayAllBusinessUnit" time="5.187"/>
</testsuite> <!-- Default test -->
