<?xml version="1.0" encoding="UTF-8"?>
<!-- Generated by org.testng.reporters.JUnitXMLReporter -->
<testsuite ignored="0" hostname="DipaliV-lpt" failures="0" tests="24" name="Default test" time="148.987" errors="0" timestamp="2021-05-21T16:55:08 IST">
  <testcase classname="com.PRMSTool.Tests.SalesLeadScreenTest" name="verifyLogin" time="12.123"/>
  <testcase classname="com.PRMSTool.Tests.SalesLeadScreenTest" name="verifyclickOnSalesLead" time="5.171"/>
  <testcase classname="com.PRMSTool.Tests.SalesLeadScreenTest" name="verifyclickOnAddNew" time="6.495"/>
  <testcase classname="com.PRMSTool.Tests.SalesLeadScreenTest" name="verifyaddSalesLeadInformation" time="10.247"/>
  <testcase classname="com.PRMSTool.Tests.SalesLeadScreenTest" name="verifyselectLastUpdatedDate" time="8.002"/>
  <testcase classname="com.PRMSTool.Tests.SalesLeadScreenTest" name="verifyclickOnCompanyDetails" time="0.548"/>
  <testcase classname="com.PRMSTool.Tests.SalesLeadScreenTest" name="verifyaddCompanyDetails" time="4.508"/>
  <testcase classname="com.PRMSTool.Tests.SalesLeadScreenTest" name="verifyclickOnOtherDetails" time="0.46"/>
  <testcase classname="com.PRMSTool.Tests.SalesLeadScreenTest" name="verifyaddOtherDetails" time="2.88"/>
  <testcase classname="com.PRMSTool.Tests.SalesLeadScreenTest" name="verifyselectFUPDate" time="8.051"/>
  <testcase classname="com.PRMSTool.Tests.SalesLeadScreenTest" name="verifyclickOnAdd" time="0.318"/>
  <testcase classname="com.PRMSTool.Tests.SalesLeadScreenTest" name="verifysearch" time="10.78"/>
  <testcase classname="com.PRMSTool.Tests.SalesLeadScreenTest" name="verifyclickOnEditButton" time="0.669"/>
  <testcase classname="com.PRMSTool.Tests.SalesLeadScreenTest" name="verifyeditSalesLeadInformation" time="10.055"/>
  <testcase classname="com.PRMSTool.Tests.SalesLeadScreenTest" name="verifyeditLastUpdatedDate" time="7.428"/>
  <testcase classname="com.PRMSTool.Tests.SalesLeadScreenTest" name="verifyeditCompanyDetails" time="5.934"/>
  <testcase classname="com.PRMSTool.Tests.SalesLeadScreenTest" name="verifyeditOtherDetails" time="3.455"/>
  <testcase classname="com.PRMSTool.Tests.SalesLeadScreenTest" name="verifyeditFUPDate" time="6.672"/>
  <testcase classname="com.PRMSTool.Tests.SalesLeadScreenTest" name="verifyclickOnUpdateButton" time="0.247"/>
  <testcase classname="com.PRMSTool.Tests.SalesLeadScreenTest" name="verifydeleteSalesLead" time="15.706"/>
  <testcase classname="com.PRMSTool.Tests.SalesLeadScreenTest" name="verifyclickOnCloudUpload" time="0.444"/>
  <testcase classname="com.PRMSTool.Tests.SalesLeadScreenTest" name="verifydownloadFile" time="8.347"/>
  <testcase classname="com.PRMSTool.Tests.SalesLeadScreenTest" name="verifyclickOnBackButton" time="0.459"/>
  <testcase classname="com.PRMSTool.Tests.SalesLeadScreenTest" name="verifyuploadFile" time="19.829"/>
</testsuite> <!-- Default test -->
