<?xml version="1.0" encoding="UTF-8"?>
<!-- Generated by org.testng.reporters.JUnitXMLReporter -->
<testsuite ignored="18" hostname="DipaliV-lpt" failures="0" tests="11" name="Default test" time="63.909" errors="0" timestamp="2021-12-22T13:14:31 IST">
  <testcase classname="com.PRMSTool.Tests.ClientScreenTest" name="verifyLogin" time="9.429"/>
  <testcase classname="com.PRMSTool.Tests.ClientScreenTest" name="verifyclickOnAddNew" time="11.251"/>
  <testcase classname="com.PRMSTool.Tests.ClientScreenTest" name="verifyaddNewClientInformation" time="6.598"/>
  <testcase classname="com.PRMSTool.Tests.ClientScreenTest" name="verifyclickOnAgreementDetails" time="0.132"/>
  <testcase classname="com.PRMSTool.Tests.ClientScreenTest" name="verifyselectAgreementSignedDate" time="8.416"/>
  <testcase classname="com.PRMSTool.Tests.ClientScreenTest" name="verifyselectApproxStartDate" time="7.792"/>
  <testcase classname="com.PRMSTool.Tests.ClientScreenTest" name="verifyaddAgreementDetails" time="1.038"/>
  <testcase classname="com.PRMSTool.Tests.ClientScreenTest" name="verifyclickOnStakeholderDetails" time="0.099"/>
  <testcase classname="com.PRMSTool.Tests.ClientScreenTest" name="verifyaddStakeholderDetails" time="5.781"/>
  <testcase classname="com.PRMSTool.Tests.ClientScreenTest" name="verifyclickOnAdd" time="5.2"/>
  <testcase classname="com.PRMSTool.Tests.ClientScreenTest" name="verifydownloadFile" time="8.104"/>
  <testcase classname="com.PRMSTool.Tests.ClientScreenTest" name="verifydisplayActiveStatusList" time="0.0">
    <ignored/>
  </testcase> <!-- verifydisplayActiveStatusList -->
  <testcase classname="com.PRMSTool.Tests.ClientScreenTest" name="verifyeditAgreementDetails" time="0.0">
    <ignored/>
  </testcase> <!-- verifyeditAgreementDetails -->
  <testcase classname="com.PRMSTool.Tests.ClientScreenTest" name="verifydeleteClient" time="0.0">
    <ignored/>
  </testcase> <!-- verifydeleteClient -->
  <testcase classname="com.PRMSTool.Tests.ClientScreenTest" name="verifydisplayvResourcingBusinessUnit" time="0.0">
    <ignored/>
  </testcase> <!-- verifydisplayvResourcingBusinessUnit -->
  <testcase classname="com.PRMSTool.Tests.ClientScreenTest" name="verifydisplaySafeGuardBusinessUnit" time="0.0">
    <ignored/>
  </testcase> <!-- verifydisplaySafeGuardBusinessUnit -->
  <testcase classname="com.PRMSTool.Tests.ClientScreenTest" name="verifydisplayPracticesBusinessUnit" time="0.0">
    <ignored/>
  </testcase> <!-- verifydisplayPracticesBusinessUnit -->
  <testcase classname="com.PRMSTool.Tests.ClientScreenTest" name="verifydisplayAllBusinessUnit" time="0.0">
    <ignored/>
  </testcase> <!-- verifydisplayAllBusinessUnit -->
  <testcase classname="com.PRMSTool.Tests.ClientScreenTest" name="verifydisplayInactiveStatusList" time="0.0">
    <ignored/>
  </testcase> <!-- verifydisplayInactiveStatusList -->
  <testcase classname="com.PRMSTool.Tests.ClientScreenTest" name="verifyeditStakeholder" time="0.0">
    <ignored/>
  </testcase> <!-- verifyeditStakeholder -->
  <testcase classname="com.PRMSTool.Tests.ClientScreenTest" name="verifyclickOnUpdateClient" time="0.0">
    <ignored/>
  </testcase> <!-- verifyclickOnUpdateClient -->
  <testcase classname="com.PRMSTool.Tests.ClientScreenTest" name="verifyeditClientInformation" time="0.0">
    <ignored/>
  </testcase> <!-- verifyeditClientInformation -->
  <testcase classname="com.PRMSTool.Tests.ClientScreenTest" name="verifydisplayIPBusinessUnit" time="0.0">
    <ignored/>
  </testcase> <!-- verifydisplayIPBusinessUnit -->
  <testcase classname="com.PRMSTool.Tests.ClientScreenTest" name="verifyeditApproxStartDate" time="0.0">
    <ignored/>
  </testcase> <!-- verifyeditApproxStartDate -->
  <testcase classname="com.PRMSTool.Tests.ClientScreenTest" name="verifydisplayAllStatusList" time="0.0">
    <ignored/>
  </testcase> <!-- verifydisplayAllStatusList -->
  <testcase classname="com.PRMSTool.Tests.ClientScreenTest" name="verifyeditAgreementSignedDate" time="0.0">
    <ignored/>
  </testcase> <!-- verifyeditAgreementSignedDate -->
  <testcase classname="com.PRMSTool.Tests.ClientScreenTest" name="verifydisplayLicenceBusinessUnit" time="0.0">
    <ignored/>
  </testcase> <!-- verifydisplayLicenceBusinessUnit -->
  <testcase classname="com.PRMSTool.Tests.ClientScreenTest" name="verifysearchClient" time="0.0">
    <ignored/>
  </testcase> <!-- verifysearchClient -->
  <testcase classname="com.PRMSTool.Tests.ClientScreenTest" name="verifyeditClient" time="0.0">
    <ignored/>
  </testcase> <!-- verifyeditClient -->
</testsuite> <!-- Default test -->
