<?xml version="1.0" encoding="UTF-8"?>
<!-- Generated by org.testng.reporters.JUnitXMLReporter -->
<testsuite ignored="0" hostname="DipaliV-lpt" failures="1" tests="29" name="ClientScreen Test" time="239.491" errors="0" timestamp="2021-10-19T14:01:06 IST">
  <testcase classname="com.PRMSTool.Tests.ClientScreenTest" name="verifyLogin" time="9.614"/>
  <testcase classname="com.PRMSTool.Tests.ClientScreenTest" name="verifyclickOnAddNew" time="8.916"/>
  <testcase classname="com.PRMSTool.Tests.ClientScreenTest" name="verifyaddNewClientInformation" time="6.548"/>
  <testcase classname="com.PRMSTool.Tests.ClientScreenTest" name="verifyclickOnAgreementDetails" time="0.114"/>
  <testcase classname="com.PRMSTool.Tests.ClientScreenTest" name="verifyselectAgreementSignedDate" time="8.285"/>
  <testcase classname="com.PRMSTool.Tests.ClientScreenTest" name="verifyselectApproxStartDate" time="7.734"/>
  <testcase classname="com.PRMSTool.Tests.ClientScreenTest" name="verifyaddAgreementDetails" time="1.009"/>
  <testcase classname="com.PRMSTool.Tests.ClientScreenTest" name="verifyclickOnStakeholderDetails" time="0.087"/>
  <testcase classname="com.PRMSTool.Tests.ClientScreenTest" name="verifyaddStakeholderDetails" time="5.783"/>
  <testcase classname="com.PRMSTool.Tests.ClientScreenTest" name="verifyclickOnAdd" time="5.096"/>
  <testcase classname="com.PRMSTool.Tests.ClientScreenTest" name="verifydisplayAllStatusList" time="10.207"/>
  <testcase classname="com.PRMSTool.Tests.ClientScreenTest" name="verifysearchClient" time="10.26"/>
  <testcase classname="com.PRMSTool.Tests.ClientScreenTest" name="verifyeditClient" time="0.155"/>
  <testcase classname="com.PRMSTool.Tests.ClientScreenTest" name="verifyeditClientInformation" time="12.985"/>
  <testcase classname="com.PRMSTool.Tests.ClientScreenTest" name="verifyeditAgreementDetails" time="6.179"/>
  <testcase classname="com.PRMSTool.Tests.ClientScreenTest" name="verifyeditAgreementSignedDate" time="7.732"/>
  <testcase classname="com.PRMSTool.Tests.ClientScreenTest" name="verifyeditApproxStartDate" time="7.758"/>
  <testcase classname="com.PRMSTool.Tests.ClientScreenTest" name="verifyeditStakeholder" time="5.886"/>
  <testcase classname="com.PRMSTool.Tests.ClientScreenTest" name="verifyclickOnUpdateClient" time="0.087"/>
  <testcase classname="com.PRMSTool.Tests.ClientScreenTest" name="verifydeleteClient" time="78.506">
    <failure type="org.openqa.selenium.NoSuchElementException" message="no such element: Unable to locate element: {&amp;quot;method&amp;quot;:&amp;quot;xpath&amp;quot;,&amp;quot;selector&amp;quot;:&amp;quot;//mat-icon[contains(text(),&amp;apos;delete&amp;apos;)]&amp;quot;}
  (Session info: chrome=94.0.4606.81)
For documentation on this error, please visit: https://www.seleniumhq.org/exceptions/no_such_element.html
Build info: version: &amp;apos;3.141.59&amp;apos;, revision: &amp;apos;e82be7d358&amp;apos;, time: &amp;apos;2018-11-14T08:17:03&amp;apos;
System info: host: &amp;apos;DIPALIV-LPT&amp;apos;, ip: &amp;apos;10.81.234.9&amp;apos;, os.name: &amp;apos;Windows 10&amp;apos;, os.arch: &amp;apos;amd64&amp;apos;, os.version: &amp;apos;10.0&amp;apos;, java.version: &amp;apos;15.0.1&amp;apos;
Driver info: org.openqa.selenium.chrome.ChromeDriver
Capabilities {acceptInsecureCerts: false, browserName: chrome, browserVersion: 94.0.4606.81, chrome: {chromedriverVersion: 94.0.4606.61 (418b78f5838ed..., userDataDir: C:\Users\DIPALI~1.VAI\AppDa...}, goog:chromeOptions: {debuggerAddress: localhost:54283}, javascriptEnabled: true, networkConnectionEnabled: false, pageLoadStrategy: normal, platform: WINDOWS, platformName: WINDOWS, proxy: Proxy(), setWindowRect: true, strictFileInteractability: false, timeouts: {implicit: 0, pageLoad: 300000, script: 30000}, unhandledPromptBehavior: dismiss and notify, webauthn:extension:credBlob: true, webauthn:extension:largeBlob: true, webauthn:virtualAuthenticators: true}
Session ID: 5dc244a9487ce0b3ae4c0548790372ad
*** Element info: {Using=xpath, value=//mat-icon[contains(text(),&amp;apos;delete&amp;apos;)]}">
      <![CDATA[org.openqa.selenium.NoSuchElementException: no such element: Unable to locate element: {"method":"xpath","selector":"//mat-icon[contains(text(),'delete')]"}
  (Session info: chrome=94.0.4606.81)
For documentation on this error, please visit: https://www.seleniumhq.org/exceptions/no_such_element.html
Build info: version: '3.141.59', revision: 'e82be7d358', time: '2018-11-14T08:17:03'
System info: host: 'DIPALIV-LPT', ip: '10.81.234.9', os.name: 'Windows 10', os.arch: 'amd64', os.version: '10.0', java.version: '15.0.1'
Driver info: org.openqa.selenium.chrome.ChromeDriver
Capabilities {acceptInsecureCerts: false, browserName: chrome, browserVersion: 94.0.4606.81, chrome: {chromedriverVersion: 94.0.4606.61 (418b78f5838ed..., userDataDir: C:\Users\DIPALI~1.VAI\AppDa...}, goog:chromeOptions: {debuggerAddress: localhost:54283}, javascriptEnabled: true, networkConnectionEnabled: false, pageLoadStrategy: normal, platform: WINDOWS, platformName: WINDOWS, proxy: Proxy(), setWindowRect: true, strictFileInteractability: false, timeouts: {implicit: 0, pageLoad: 300000, script: 30000}, unhandledPromptBehavior: dismiss and notify, webauthn:extension:credBlob: true, webauthn:extension:largeBlob: true, webauthn:virtualAuthenticators: true}
Session ID: 5dc244a9487ce0b3ae4c0548790372ad
*** Element info: {Using=xpath, value=//mat-icon[contains(text(),'delete')]}
at org.openqa.selenium.remote.http.W3CHttpResponseCodec.createException(W3CHttpResponseCodec.java:187)
at org.openqa.selenium.remote.http.W3CHttpResponseCodec.decode(W3CHttpResponseCodec.java:122)
at org.openqa.selenium.remote.http.W3CHttpResponseCodec.decode(W3CHttpResponseCodec.java:49)
at org.openqa.selenium.remote.HttpCommandExecutor.execute(HttpCommandExecutor.java:158)
at org.openqa.selenium.remote.service.DriverCommandExecutor.execute(DriverCommandExecutor.java:83)
at org.openqa.selenium.remote.RemoteWebDriver.execute(RemoteWebDriver.java:552)
at org.openqa.selenium.remote.RemoteWebDriver.findElement(RemoteWebDriver.java:323)
at org.openqa.selenium.remote.RemoteWebDriver.findElementByXPath(RemoteWebDriver.java:428)
at org.openqa.selenium.By$ByXPath.findElement(By.java:353)
at org.openqa.selenium.remote.RemoteWebDriver.findElement(RemoteWebDriver.java:315)
at org.openqa.selenium.support.pagefactory.DefaultElementLocator.findElement(DefaultElementLocator.java:69)
at org.openqa.selenium.support.pagefactory.internal.LocatingElementHandler.invoke(LocatingElementHandler.java:38)
at com.sun.proxy.$Proxy12.click(Unknown Source)
at com.PRMSTool.Pages.ClientScreenPage.deleteClient(ClientScreenPage.java:397)
at com.PRMSTool.Tests.ClientScreenTest.verifydeleteClient(ClientScreenTest.java:145)
at java.base/java.util.ArrayList.forEach(ArrayList.java:1511)
... Removed 33 stack frames]]>
    </failure>
  </testcase> <!-- verifydeleteClient -->
  <testcase classname="com.PRMSTool.Tests.ClientScreenTest" name="verifydownloadFile" time="5.08"/>
  <testcase classname="com.PRMSTool.Tests.ClientScreenTest" name="verifydisplayInactiveStatusList" time="5.187"/>
  <testcase classname="com.PRMSTool.Tests.ClientScreenTest" name="verifydisplayActiveStatusList" time="5.181"/>
  <testcase classname="com.PRMSTool.Tests.ClientScreenTest" name="verifydisplayvResourcingBusinessUnit" time="5.197"/>
  <testcase classname="com.PRMSTool.Tests.ClientScreenTest" name="verifydisplayROWBusinessUnit" time="5.171"/>
  <testcase classname="com.PRMSTool.Tests.ClientScreenTest" name="verifydisplayLicenceBusinessUnit" time="5.176"/>
  <testcase classname="com.PRMSTool.Tests.ClientScreenTest" name="verifydisplayPracticesBusinessUnit" time="5.164"/>
  <testcase classname="com.PRMSTool.Tests.ClientScreenTest" name="verifydisplaySafeGuardBusinessUnit" time="5.164"/>
  <testcase classname="com.PRMSTool.Tests.ClientScreenTest" name="verifydisplayAllBusinessUnit" time="5.172"/>
</testsuite> <!-- ClientScreen Test -->
