<?xml version="1.0" encoding="UTF-8"?>
<!-- Generated by org.testng.reporters.JUnitXMLReporter -->
<testsuite ignored="1" hostname="DipaliV-lpt" failures="0" tests="18" name="ClientScreen Test" time="121.387" errors="0" timestamp="2021-03-10T13:01:48 IST">
  <testcase classname="com.PRMSTool.Tests.ClientScreenTest" name="verifyLogin" time="5.089"/>
  <testcase classname="com.PRMSTool.Tests.ClientScreenTest" name="verifyclickOnAddNew" time="8.096"/>
  <testcase classname="com.PRMSTool.Tests.ClientScreenTest" name="verifyaddNewClientInformation" time="8.204"/>
  <testcase classname="com.PRMSTool.Tests.ClientScreenTest" name="verifyclickOnAgreementDetails" time="0.379"/>
  <testcase classname="com.PRMSTool.Tests.ClientScreenTest" name="verifyselectAgreementSignedDate" time="9.735"/>
  <testcase classname="com.PRMSTool.Tests.ClientScreenTest" name="verifyselectApproxStartDate" time="9.366"/>
  <testcase classname="com.PRMSTool.Tests.ClientScreenTest" name="verifyaddAgreementDetails" time="2.638"/>
  <testcase classname="com.PRMSTool.Tests.ClientScreenTest" name="verifyclickOnStakeholderDetails" time="0.264"/>
  <testcase classname="com.PRMSTool.Tests.ClientScreenTest" name="verifyaddStakeholderDetails" time="6.781"/>
  <testcase classname="com.PRMSTool.Tests.ClientScreenTest" name="verifyclickOnAdd" time="0.212"/>
  <testcase classname="com.PRMSTool.Tests.ClientScreenTest" name="verifysearchClient" time="21.671"/>
  <testcase classname="com.PRMSTool.Tests.ClientScreenTest" name="verifyeditClient" time="0.684"/>
  <testcase classname="com.PRMSTool.Tests.ClientScreenTest" name="verifyeditClientInformation" time="9.606"/>
  <testcase classname="com.PRMSTool.Tests.ClientScreenTest" name="verifyeditAgreementDetails" time="8.361"/>
  <testcase classname="com.PRMSTool.Tests.ClientScreenTest" name="verifyeditStakeholder" time="7.437"/>
  <testcase classname="com.PRMSTool.Tests.ClientScreenTest" name="verifyclickOnUpdateClient" time="0.204"/>
  <testcase classname="com.PRMSTool.Tests.ClientScreenTest" name="verifydeleteClient" time="14.084"/>
  <testcase classname="com.PRMSTool.Tests.ClientScreenTest" name="verifydownloadFile" time="8.419"/>
  <testcase classname="com.PRMSTool.Tests.ClientScreenTest" name="verifycheckSorting" time="0.0">
    <ignored/>
  </testcase> <!-- verifycheckSorting -->
</testsuite> <!-- ClientScreen Test -->
