<?xml version="1.0" encoding="UTF-8"?>
<!-- Generated by org.testng.reporters.JUnitXMLReporter -->
<testsuite ignored="1" hostname="DipaliV-lpt" failures="0" tests="21" name="ClientScreen Test" time="126.986" errors="0" timestamp="2021-03-16T12:50:58 IST">
  <testcase classname="com.PRMSTool.Tests.ClientScreenTest" name="verifyLogin" time="6.876"/>
  <testcase classname="com.PRMSTool.Tests.ClientScreenTest" name="verifyclickOnAddNew" time="6.905"/>
  <testcase classname="com.PRMSTool.Tests.ClientScreenTest" name="verifyaddNewClientInformation" time="8.301"/>
  <testcase classname="com.PRMSTool.Tests.ClientScreenTest" name="verifyclickOnAgreementDetails" time="0.298"/>
  <testcase classname="com.PRMSTool.Tests.ClientScreenTest" name="verifyselectAgreementSignedDate" time="9.706"/>
  <testcase classname="com.PRMSTool.Tests.ClientScreenTest" name="verifyselectApproxStartDate" time="9.373"/>
  <testcase classname="com.PRMSTool.Tests.ClientScreenTest" name="verifyaddAgreementDetails" time="2.592"/>
  <testcase classname="com.PRMSTool.Tests.ClientScreenTest" name="verifyclickOnStakeholderDetails" time="0.236"/>
  <testcase classname="com.PRMSTool.Tests.ClientScreenTest" name="verifyaddStakeholderDetails" time="6.814"/>
  <testcase classname="com.PRMSTool.Tests.ClientScreenTest" name="verifyclickOnAdd" time="0.361"/>
  <testcase classname="com.PRMSTool.Tests.ClientScreenTest" name="verifysearchClient" time="12.417"/>
  <testcase classname="com.PRMSTool.Tests.ClientScreenTest" name="verifyeditClient" time="0.727"/>
  <testcase classname="com.PRMSTool.Tests.ClientScreenTest" name="verifyeditClientInformation" time="9.293"/>
  <testcase classname="com.PRMSTool.Tests.ClientScreenTest" name="verifyeditAgreementDetails" time="8.0"/>
  <testcase classname="com.PRMSTool.Tests.ClientScreenTest" name="verifyeditStakeholder" time="7.248"/>
  <testcase classname="com.PRMSTool.Tests.ClientScreenTest" name="verifyclickOnUpdateClient" time="0.192"/>
  <testcase classname="com.PRMSTool.Tests.ClientScreenTest" name="verifydeleteClient" time="7.397"/>
  <testcase classname="com.PRMSTool.Tests.ClientScreenTest" name="verifydownloadFile" time="8.475"/>
  <testcase classname="com.PRMSTool.Tests.ClientScreenTest" name="verifydisplayAllStatusList" time="10.585"/>
  <testcase classname="com.PRMSTool.Tests.ClientScreenTest" name="verifydisplayInactiveStatusList" time="5.48"/>
  <testcase classname="com.PRMSTool.Tests.ClientScreenTest" name="verifydisplayActiveStatusList" time="5.553"/>
  <testcase classname="com.PRMSTool.Tests.ClientScreenTest" name="verifycheckSorting" time="0.0">
    <ignored/>
  </testcase> <!-- verifycheckSorting -->
</testsuite> <!-- ClientScreen Test -->
