<?xml version="1.0" encoding="UTF-8"?>
<!-- Generated by org.testng.reporters.JUnitXMLReporter -->
<testsuite ignored="0" hostname="DipaliV-lpt" failures="0" tests="29" name="ClientScreen Test" time="0.095" errors="0" timestamp="2021-10-20T11:46:28 IST">
  <testcase classname="com.PRMSTool.base.TestBase" name="@BeforeSuite OpenBrowser" time="45.007">
    <failure type="org.openqa.selenium.WebDriverException" message="unknown error: net::ERR_CONNECTION_TIMED_OUT
  (Session info: chrome=94.0.4606.81)
Build info: version: &amp;apos;3.141.59&amp;apos;, revision: &amp;apos;e82be7d358&amp;apos;, time: &amp;apos;2018-11-14T08:17:03&amp;apos;
System info: host: &amp;apos;DIPALIV-LPT&amp;apos;, ip: &amp;apos;192.168.29.12&amp;apos;, os.name: &amp;apos;Windows 10&amp;apos;, os.arch: &amp;apos;amd64&amp;apos;, os.version: &amp;apos;10.0&amp;apos;, java.version: &amp;apos;15.0.1&amp;apos;
Driver info: org.openqa.selenium.chrome.ChromeDriver
Capabilities {acceptInsecureCerts: false, browserName: chrome, browserVersion: 94.0.4606.81, chrome: {chromedriverVersion: 94.0.4606.61 (418b78f5838ed..., userDataDir: C:\Users\DIPALI~1.VAI\AppDa...}, goog:chromeOptions: {debuggerAddress: localhost:59093}, javascriptEnabled: true, networkConnectionEnabled: false, pageLoadStrategy: normal, platform: WINDOWS, platformName: WINDOWS, proxy: Proxy(), setWindowRect: true, strictFileInteractability: false, timeouts: {implicit: 0, pageLoad: 300000, script: 30000}, unhandledPromptBehavior: dismiss and notify, webauthn:extension:credBlob: true, webauthn:extension:largeBlob: true, webauthn:virtualAuthenticators: true}
Session ID: 7e1665298fb06e16c5484e35bce20069">
      <![CDATA[org.openqa.selenium.WebDriverException: unknown error: net::ERR_CONNECTION_TIMED_OUT
  (Session info: chrome=94.0.4606.81)
Build info: version: '3.141.59', revision: 'e82be7d358', time: '2018-11-14T08:17:03'
System info: host: 'DIPALIV-LPT', ip: '192.168.29.12', os.name: 'Windows 10', os.arch: 'amd64', os.version: '10.0', java.version: '15.0.1'
Driver info: org.openqa.selenium.chrome.ChromeDriver
Capabilities {acceptInsecureCerts: false, browserName: chrome, browserVersion: 94.0.4606.81, chrome: {chromedriverVersion: 94.0.4606.61 (418b78f5838ed..., userDataDir: C:\Users\DIPALI~1.VAI\AppDa...}, goog:chromeOptions: {debuggerAddress: localhost:59093}, javascriptEnabled: true, networkConnectionEnabled: false, pageLoadStrategy: normal, platform: WINDOWS, platformName: WINDOWS, proxy: Proxy(), setWindowRect: true, strictFileInteractability: false, timeouts: {implicit: 0, pageLoad: 300000, script: 30000}, unhandledPromptBehavior: dismiss and notify, webauthn:extension:credBlob: true, webauthn:extension:largeBlob: true, webauthn:virtualAuthenticators: true}
Session ID: 7e1665298fb06e16c5484e35bce20069
at org.openqa.selenium.remote.http.W3CHttpResponseCodec.createException(W3CHttpResponseCodec.java:187)
at org.openqa.selenium.remote.http.W3CHttpResponseCodec.decode(W3CHttpResponseCodec.java:122)
at org.openqa.selenium.remote.http.W3CHttpResponseCodec.decode(W3CHttpResponseCodec.java:49)
at org.openqa.selenium.remote.HttpCommandExecutor.execute(HttpCommandExecutor.java:158)
at org.openqa.selenium.remote.service.DriverCommandExecutor.execute(DriverCommandExecutor.java:83)
at org.openqa.selenium.remote.RemoteWebDriver.execute(RemoteWebDriver.java:552)
at org.openqa.selenium.remote.RemoteWebDriver.get(RemoteWebDriver.java:277)
at com.PRMSTool.base.TestBase.OpenBrowser(TestBase.java:58)
... Removed 25 stack frames]]>
    </failure>
  </testcase> <!-- @BeforeSuite OpenBrowser -->
  <testcase classname="com.PRMSTool.Tests.ClientScreenTest" name="verifyLogin" time="0.0">
    <skipped/>
  </testcase> <!-- verifyLogin -->
  <testcase classname="com.PRMSTool.Tests.ClientScreenTest" name="verifyclickOnAddNew" time="0.0">
    <skipped/>
  </testcase> <!-- verifyclickOnAddNew -->
  <testcase classname="com.PRMSTool.Tests.ClientScreenTest" name="verifyaddNewClientInformation" time="0.0">
    <skipped/>
  </testcase> <!-- verifyaddNewClientInformation -->
  <testcase classname="com.PRMSTool.Tests.ClientScreenTest" name="verifyclickOnAgreementDetails" time="0.0">
    <skipped/>
  </testcase> <!-- verifyclickOnAgreementDetails -->
  <testcase classname="com.PRMSTool.Tests.ClientScreenTest" name="verifyselectAgreementSignedDate" time="0.0">
    <skipped/>
  </testcase> <!-- verifyselectAgreementSignedDate -->
  <testcase classname="com.PRMSTool.Tests.ClientScreenTest" name="verifyselectApproxStartDate" time="0.0">
    <skipped/>
  </testcase> <!-- verifyselectApproxStartDate -->
  <testcase classname="com.PRMSTool.Tests.ClientScreenTest" name="verifyaddAgreementDetails" time="0.0">
    <skipped/>
  </testcase> <!-- verifyaddAgreementDetails -->
  <testcase classname="com.PRMSTool.Tests.ClientScreenTest" name="verifyclickOnStakeholderDetails" time="0.0">
    <skipped/>
  </testcase> <!-- verifyclickOnStakeholderDetails -->
  <testcase classname="com.PRMSTool.Tests.ClientScreenTest" name="verifyaddStakeholderDetails" time="0.0">
    <skipped/>
  </testcase> <!-- verifyaddStakeholderDetails -->
  <testcase classname="com.PRMSTool.Tests.ClientScreenTest" name="verifyclickOnAdd" time="0.0">
    <skipped/>
  </testcase> <!-- verifyclickOnAdd -->
  <testcase classname="com.PRMSTool.Tests.ClientScreenTest" name="verifydisplayAllStatusList" time="0.0">
    <skipped/>
  </testcase> <!-- verifydisplayAllStatusList -->
  <testcase classname="com.PRMSTool.Tests.ClientScreenTest" name="verifysearchClient" time="0.0">
    <skipped/>
  </testcase> <!-- verifysearchClient -->
  <testcase classname="com.PRMSTool.Tests.ClientScreenTest" name="verifyeditClient" time="0.0">
    <skipped/>
  </testcase> <!-- verifyeditClient -->
  <testcase classname="com.PRMSTool.Tests.ClientScreenTest" name="verifyeditClientInformation" time="0.0">
    <skipped/>
  </testcase> <!-- verifyeditClientInformation -->
  <testcase classname="com.PRMSTool.Tests.ClientScreenTest" name="verifyeditAgreementDetails" time="0.0">
    <skipped/>
  </testcase> <!-- verifyeditAgreementDetails -->
  <testcase classname="com.PRMSTool.Tests.ClientScreenTest" name="verifyeditAgreementSignedDate" time="0.0">
    <skipped/>
  </testcase> <!-- verifyeditAgreementSignedDate -->
  <testcase classname="com.PRMSTool.Tests.ClientScreenTest" name="verifyeditApproxStartDate" time="0.0">
    <skipped/>
  </testcase> <!-- verifyeditApproxStartDate -->
  <testcase classname="com.PRMSTool.Tests.ClientScreenTest" name="verifyeditStakeholder" time="0.0">
    <skipped/>
  </testcase> <!-- verifyeditStakeholder -->
  <testcase classname="com.PRMSTool.Tests.ClientScreenTest" name="verifyclickOnUpdateClient" time="0.0">
    <skipped/>
  </testcase> <!-- verifyclickOnUpdateClient -->
  <testcase classname="com.PRMSTool.Tests.ClientScreenTest" name="verifydeleteClient" time="0.001">
    <skipped/>
  </testcase> <!-- verifydeleteClient -->
  <testcase classname="com.PRMSTool.Tests.ClientScreenTest" name="verifydownloadFile" time="0.0">
    <skipped/>
  </testcase> <!-- verifydownloadFile -->
  <testcase classname="com.PRMSTool.Tests.ClientScreenTest" name="verifydisplayInactiveStatusList" time="0.0">
    <skipped/>
  </testcase> <!-- verifydisplayInactiveStatusList -->
  <testcase classname="com.PRMSTool.Tests.ClientScreenTest" name="verifydisplayActiveStatusList" time="0.0">
    <skipped/>
  </testcase> <!-- verifydisplayActiveStatusList -->
  <testcase classname="com.PRMSTool.Tests.ClientScreenTest" name="verifydisplayvResourcingBusinessUnit" time="0.0">
    <skipped/>
  </testcase> <!-- verifydisplayvResourcingBusinessUnit -->
  <testcase classname="com.PRMSTool.Tests.ClientScreenTest" name="verifydisplayROWBusinessUnit" time="0.0">
    <skipped/>
  </testcase> <!-- verifydisplayROWBusinessUnit -->
  <testcase classname="com.PRMSTool.Tests.ClientScreenTest" name="verifydisplayLicenceBusinessUnit" time="0.0">
    <skipped/>
  </testcase> <!-- verifydisplayLicenceBusinessUnit -->
  <testcase classname="com.PRMSTool.Tests.ClientScreenTest" name="verifydisplayPracticesBusinessUnit" time="0.0">
    <skipped/>
  </testcase> <!-- verifydisplayPracticesBusinessUnit -->
  <testcase classname="com.PRMSTool.Tests.ClientScreenTest" name="verifydisplaySafeGuardBusinessUnit" time="0.0">
    <skipped/>
  </testcase> <!-- verifydisplaySafeGuardBusinessUnit -->
  <testcase classname="com.PRMSTool.Tests.ClientScreenTest" name="verifydisplayAllBusinessUnit" time="0.0">
    <skipped/>
  </testcase> <!-- verifydisplayAllBusinessUnit -->
</testsuite> <!-- ClientScreen Test -->
