<?xml version="1.0" encoding="UTF-8"?>
<testng-results ignored="18" total="29" passed="11" failed="0" skipped="0">
  <reporter-output>
  </reporter-output>
  <suite started-at="2021-12-22T13:13:27 IST" name="Default suite" finished-at="2021-12-22T13:14:31 IST" duration-ms="63909">
    <groups>
    </groups>
    <test started-at="2021-12-22T13:13:27 IST" name="Default test" finished-at="2021-12-22T13:14:31 IST" duration-ms="63909">
      <class name="com.PRMSTool.Tests.ClientScreenTest">
        <test-method is-config="true" signature="OpenBrowser()[pri:0, instance:com.PRMSTool.Tests.ClientScreenTest@1e6454ec]" started-at="2021-12-22T13:13:18 IST" name="OpenBrowser" finished-at="2021-12-22T13:13:27 IST" duration-ms="8933" status="PASS">
          <reporter-output>
          </reporter-output>
        </test-method> <!-- OpenBrowser -->
        <test-method signature="verifyLogin()[pri:0, instance:com.PRMSTool.Tests.ClientScreenTest@1e6454ec]" started-at="2021-12-22T13:13:27 IST" name="verifyLogin" finished-at="2021-12-22T13:13:37 IST" duration-ms="9429" status="PASS">
          <reporter-output>
          </reporter-output>
        </test-method> <!-- verifyLogin -->
        <test-method signature="verifyclickOnAddNew()[pri:1, instance:com.PRMSTool.Tests.ClientScreenTest@1e6454ec]" started-at="2021-12-22T13:13:37 IST" name="verifyclickOnAddNew" finished-at="2021-12-22T13:13:48 IST" duration-ms="11251" status="PASS">
          <reporter-output>
          </reporter-output>
        </test-method> <!-- verifyclickOnAddNew -->
        <test-method signature="verifyaddNewClientInformation()[pri:2, instance:com.PRMSTool.Tests.ClientScreenTest@1e6454ec]" started-at="2021-12-22T13:13:48 IST" name="verifyaddNewClientInformation" finished-at="2021-12-22T13:13:55 IST" duration-ms="6598" status="PASS">
          <reporter-output>
          </reporter-output>
        </test-method> <!-- verifyaddNewClientInformation -->
        <test-method signature="verifyclickOnAgreementDetails()[pri:3, instance:com.PRMSTool.Tests.ClientScreenTest@1e6454ec]" started-at="2021-12-22T13:13:55 IST" name="verifyclickOnAgreementDetails" finished-at="2021-12-22T13:13:55 IST" duration-ms="132" status="PASS">
          <reporter-output>
          </reporter-output>
        </test-method> <!-- verifyclickOnAgreementDetails -->
        <test-method signature="verifyselectAgreementSignedDate()[pri:4, instance:com.PRMSTool.Tests.ClientScreenTest@1e6454ec]" started-at="2021-12-22T13:13:55 IST" name="verifyselectAgreementSignedDate" finished-at="2021-12-22T13:14:03 IST" duration-ms="8416" status="PASS">
          <reporter-output>
          </reporter-output>
        </test-method> <!-- verifyselectAgreementSignedDate -->
        <test-method signature="verifyselectApproxStartDate()[pri:5, instance:com.PRMSTool.Tests.ClientScreenTest@1e6454ec]" started-at="2021-12-22T13:14:03 IST" name="verifyselectApproxStartDate" finished-at="2021-12-22T13:14:11 IST" duration-ms="7792" status="PASS">
          <reporter-output>
          </reporter-output>
        </test-method> <!-- verifyselectApproxStartDate -->
        <test-method signature="verifyaddAgreementDetails()[pri:6, instance:com.PRMSTool.Tests.ClientScreenTest@1e6454ec]" started-at="2021-12-22T13:14:11 IST" name="verifyaddAgreementDetails" finished-at="2021-12-22T13:14:12 IST" duration-ms="1038" status="PASS">
          <reporter-output>
          </reporter-output>
        </test-method> <!-- verifyaddAgreementDetails -->
        <test-method signature="verifyclickOnStakeholderDetails()[pri:7, instance:com.PRMSTool.Tests.ClientScreenTest@1e6454ec]" started-at="2021-12-22T13:14:12 IST" name="verifyclickOnStakeholderDetails" finished-at="2021-12-22T13:14:12 IST" duration-ms="99" status="PASS">
          <reporter-output>
          </reporter-output>
        </test-method> <!-- verifyclickOnStakeholderDetails -->
        <test-method signature="verifyaddStakeholderDetails()[pri:8, instance:com.PRMSTool.Tests.ClientScreenTest@1e6454ec]" started-at="2021-12-22T13:14:12 IST" name="verifyaddStakeholderDetails" finished-at="2021-12-22T13:14:18 IST" duration-ms="5781" status="PASS">
          <reporter-output>
          </reporter-output>
        </test-method> <!-- verifyaddStakeholderDetails -->
        <test-method signature="verifyclickOnAdd()[pri:9, instance:com.PRMSTool.Tests.ClientScreenTest@1e6454ec]" started-at="2021-12-22T13:14:18 IST" name="verifyclickOnAdd" finished-at="2021-12-22T13:14:23 IST" duration-ms="5200" status="PASS">
          <reporter-output>
          </reporter-output>
        </test-method> <!-- verifyclickOnAdd -->
        <test-method signature="verifydownloadFile()[pri:20, instance:com.PRMSTool.Tests.ClientScreenTest@1e6454ec]" started-at="2021-12-22T13:14:23 IST" name="verifydownloadFile" finished-at="2021-12-22T13:14:31 IST" duration-ms="8104" status="PASS">
          <reporter-output>
          </reporter-output>
        </test-method> <!-- verifydownloadFile -->
        <test-method is-config="true" signature="finish()[pri:0, instance:com.PRMSTool.Tests.ClientScreenTest@1e6454ec]" started-at="2021-12-22T13:14:32 IST" name="finish" finished-at="2021-12-22T13:14:33 IST" duration-ms="668" status="PASS">
          <reporter-output>
          </reporter-output>
        </test-method> <!-- finish -->
      </class> <!-- com.PRMSTool.Tests.ClientScreenTest -->
    </test> <!-- Default test -->
  </suite> <!-- Default suite -->
</testng-results>
