<?xml version="1.0" encoding="UTF-8"?>
<testng-results ignored="1" total="19" passed="18" failed="0" skipped="0">
  <reporter-output>
  </reporter-output>
  <suite started-at="2021-03-05T17:01:59 IST" name="Default suite" finished-at="2021-03-05T17:03:59 IST" duration-ms="119552">
    <groups>
    </groups>
    <test started-at="2021-03-05T17:01:59 IST" name="Default test" finished-at="2021-03-05T17:03:59 IST" duration-ms="119552">
      <class name="com.PRMSTool.Tests.ClientScreenTest">
        <test-method is-config="true" signature="OpenBrowserGrade()[pri:0, instance:com.PRMSTool.Tests.ClientScreenTest@a3d8174]" started-at="2021-03-05T17:01:55 IST" name="OpenBrowserGrade" finished-at="2021-03-05T17:01:59 IST" duration-ms="4043" status="PASS">
          <reporter-output>
          </reporter-output>
        </test-method> <!-- OpenBrowserGrade -->
        <test-method signature="verifyLogin()[pri:0, instance:com.PRMSTool.Tests.ClientScreenTest@a3d8174]" started-at="2021-03-05T17:01:59 IST" name="verifyLogin" finished-at="2021-03-05T17:02:05 IST" duration-ms="5478" status="PASS">
          <reporter-output>
          </reporter-output>
        </test-method> <!-- verifyLogin -->
        <test-method signature="verifyclickOnAddNew()[pri:2, instance:com.PRMSTool.Tests.ClientScreenTest@a3d8174]" started-at="2021-03-05T17:02:05 IST" name="verifyclickOnAddNew" finished-at="2021-03-05T17:02:12 IST" duration-ms="6854" status="PASS">
          <reporter-output>
          </reporter-output>
        </test-method> <!-- verifyclickOnAddNew -->
        <test-method signature="verifyaddNewClientInformation()[pri:3, instance:com.PRMSTool.Tests.ClientScreenTest@a3d8174]" started-at="2021-03-05T17:02:12 IST" name="verifyaddNewClientInformation" finished-at="2021-03-05T17:02:20 IST" duration-ms="8089" status="PASS">
          <reporter-output>
          </reporter-output>
        </test-method> <!-- verifyaddNewClientInformation -->
        <test-method signature="verifyclickOnAgreementDetails()[pri:4, instance:com.PRMSTool.Tests.ClientScreenTest@a3d8174]" started-at="2021-03-05T17:02:20 IST" name="verifyclickOnAgreementDetails" finished-at="2021-03-05T17:02:20 IST" duration-ms="345" status="PASS">
          <reporter-output>
          </reporter-output>
        </test-method> <!-- verifyclickOnAgreementDetails -->
        <test-method signature="verifyselectAgreementSignedDate()[pri:5, instance:com.PRMSTool.Tests.ClientScreenTest@a3d8174]" started-at="2021-03-05T17:02:20 IST" name="verifyselectAgreementSignedDate" finished-at="2021-03-05T17:02:30 IST" duration-ms="9763" status="PASS">
          <reporter-output>
          </reporter-output>
        </test-method> <!-- verifyselectAgreementSignedDate -->
        <test-method signature="verifyselectApproxStartDate()[pri:6, instance:com.PRMSTool.Tests.ClientScreenTest@a3d8174]" started-at="2021-03-05T17:02:30 IST" name="verifyselectApproxStartDate" finished-at="2021-03-05T17:02:39 IST" duration-ms="9222" status="PASS">
          <reporter-output>
          </reporter-output>
        </test-method> <!-- verifyselectApproxStartDate -->
        <test-method signature="verifyaddAgreementDetails()[pri:7, instance:com.PRMSTool.Tests.ClientScreenTest@a3d8174]" started-at="2021-03-05T17:02:39 IST" name="verifyaddAgreementDetails" finished-at="2021-03-05T17:02:42 IST" duration-ms="2596" status="PASS">
          <reporter-output>
          </reporter-output>
        </test-method> <!-- verifyaddAgreementDetails -->
        <test-method signature="verifyclickOnStakeholderDetails()[pri:8, instance:com.PRMSTool.Tests.ClientScreenTest@a3d8174]" started-at="2021-03-05T17:02:42 IST" name="verifyclickOnStakeholderDetails" finished-at="2021-03-05T17:02:42 IST" duration-ms="273" status="PASS">
          <reporter-output>
          </reporter-output>
        </test-method> <!-- verifyclickOnStakeholderDetails -->
        <test-method signature="verifyaddStakeholderDetails()[pri:9, instance:com.PRMSTool.Tests.ClientScreenTest@a3d8174]" started-at="2021-03-05T17:02:42 IST" name="verifyaddStakeholderDetails" finished-at="2021-03-05T17:02:49 IST" duration-ms="6659" status="PASS">
          <reporter-output>
          </reporter-output>
        </test-method> <!-- verifyaddStakeholderDetails -->
        <test-method signature="verifyclickOnAdd()[pri:10, instance:com.PRMSTool.Tests.ClientScreenTest@a3d8174]" started-at="2021-03-05T17:02:49 IST" name="verifyclickOnAdd" finished-at="2021-03-05T17:02:49 IST" duration-ms="298" status="PASS">
          <reporter-output>
          </reporter-output>
        </test-method> <!-- verifyclickOnAdd -->
        <test-method signature="verifysearchClient()[pri:11, instance:com.PRMSTool.Tests.ClientScreenTest@a3d8174]" started-at="2021-03-05T17:02:49 IST" name="verifysearchClient" finished-at="2021-03-05T17:03:10 IST" duration-ms="20633" status="PASS">
          <reporter-output>
          </reporter-output>
        </test-method> <!-- verifysearchClient -->
        <test-method signature="verifyeditClient()[pri:12, instance:com.PRMSTool.Tests.ClientScreenTest@a3d8174]" started-at="2021-03-05T17:03:10 IST" name="verifyeditClient" finished-at="2021-03-05T17:03:10 IST" duration-ms="724" status="PASS">
          <reporter-output>
          </reporter-output>
        </test-method> <!-- verifyeditClient -->
        <test-method signature="verifyeditClientInformation()[pri:13, instance:com.PRMSTool.Tests.ClientScreenTest@a3d8174]" started-at="2021-03-05T17:03:10 IST" name="verifyeditClientInformation" finished-at="2021-03-05T17:03:19 IST" duration-ms="8676" status="PASS">
          <reporter-output>
          </reporter-output>
        </test-method> <!-- verifyeditClientInformation -->
        <test-method signature="verifyeditAgreementDetails()[pri:14, instance:com.PRMSTool.Tests.ClientScreenTest@a3d8174]" started-at="2021-03-05T17:03:19 IST" name="verifyeditAgreementDetails" finished-at="2021-03-05T17:03:27 IST" duration-ms="8283" status="PASS">
          <reporter-output>
          </reporter-output>
        </test-method> <!-- verifyeditAgreementDetails -->
        <test-method signature="verifyeditStakeholder()[pri:15, instance:com.PRMSTool.Tests.ClientScreenTest@a3d8174]" started-at="2021-03-05T17:03:27 IST" name="verifyeditStakeholder" finished-at="2021-03-05T17:03:35 IST" duration-ms="7450" status="PASS">
          <reporter-output>
          </reporter-output>
        </test-method> <!-- verifyeditStakeholder -->
        <test-method signature="verifyclickOnUpdateClient()[pri:16, instance:com.PRMSTool.Tests.ClientScreenTest@a3d8174]" started-at="2021-03-05T17:03:35 IST" name="verifyclickOnUpdateClient" finished-at="2021-03-05T17:03:35 IST" duration-ms="278" status="PASS">
          <reporter-output>
          </reporter-output>
        </test-method> <!-- verifyclickOnUpdateClient -->
        <test-method signature="verifydeleteClient()[pri:17, instance:com.PRMSTool.Tests.ClientScreenTest@a3d8174]" started-at="2021-03-05T17:03:35 IST" name="verifydeleteClient" finished-at="2021-03-05T17:03:50 IST" duration-ms="15389" status="PASS">
          <reporter-output>
          </reporter-output>
        </test-method> <!-- verifydeleteClient -->
        <test-method signature="verifydownloadFile()[pri:18, instance:com.PRMSTool.Tests.ClientScreenTest@a3d8174]" started-at="2021-03-05T17:03:50 IST" name="verifydownloadFile" finished-at="2021-03-05T17:03:59 IST" duration-ms="8386" status="PASS">
          <reporter-output>
          </reporter-output>
        </test-method> <!-- verifydownloadFile -->
        <test-method is-config="true" signature="finish()[pri:0, instance:com.PRMSTool.Tests.ClientScreenTest@a3d8174]" started-at="2021-03-05T17:03:59 IST" name="finish" finished-at="2021-03-05T17:04:00 IST" duration-ms="778" status="PASS">
          <reporter-output>
          </reporter-output>
        </test-method> <!-- finish -->
      </class> <!-- com.PRMSTool.Tests.ClientScreenTest -->
    </test> <!-- Default test -->
  </suite> <!-- Default suite -->
</testng-results>
