<?xml version="1.0" encoding="UTF-8"?>
<testng-results ignored="0" total="20" passed="20" failed="0" skipped="0">
  <reporter-output>
  </reporter-output>
  <suite started-at="2021-03-16T15:44:30 IST" name="Default suite" finished-at="2021-03-16T15:45:33 IST" duration-ms="63057">
    <groups>
    </groups>
    <test started-at="2021-03-16T15:44:30 IST" name="Default test" finished-at="2021-03-16T15:45:33 IST" duration-ms="63057">
      <class name="com.PRMSTool.Tests.ProjectScreenTest">
        <test-method is-config="true" signature="OpenBrowserGrade()[pri:0, instance:com.PRMSTool.Tests.ProjectScreenTest@1ba9117e]" started-at="2021-03-16T15:44:25 IST" name="OpenBrowserGrade" finished-at="2021-03-16T15:44:30 IST" duration-ms="4868" status="PASS">
          <reporter-output>
          </reporter-output>
        </test-method> <!-- OpenBrowserGrade -->
        <test-method signature="verifyLogin()[pri:0, instance:com.PRMSTool.Tests.ProjectScreenTest@1ba9117e]" started-at="2021-03-16T15:44:30 IST" name="verifyLogin" finished-at="2021-03-16T15:44:35 IST" duration-ms="5306" status="PASS">
          <reporter-output>
          </reporter-output>
        </test-method> <!-- verifyLogin -->
        <test-method signature="verifyclickOnProject()[pri:1, instance:com.PRMSTool.Tests.ProjectScreenTest@1ba9117e]" started-at="2021-03-16T15:44:35 IST" name="verifyclickOnProject" finished-at="2021-03-16T15:44:36 IST" duration-ms="1391" status="PASS">
          <reporter-output>
          </reporter-output>
        </test-method> <!-- verifyclickOnProject -->
        <test-method signature="verifyclickOnAddNew()[pri:2, instance:com.PRMSTool.Tests.ProjectScreenTest@1ba9117e]" started-at="2021-03-16T15:44:36 IST" name="verifyclickOnAddNew" finished-at="2021-03-16T15:44:43 IST" duration-ms="6393" status="PASS">
          <reporter-output>
          </reporter-output>
        </test-method> <!-- verifyclickOnAddNew -->
        <test-method signature="verifyaddProjectDetails()[pri:3, instance:com.PRMSTool.Tests.ProjectScreenTest@1ba9117e]" started-at="2021-03-16T15:44:43 IST" name="verifyaddProjectDetails" finished-at="2021-03-16T15:44:50 IST" duration-ms="6934" status="PASS">
          <reporter-output>
          </reporter-output>
        </test-method> <!-- verifyaddProjectDetails -->
        <test-method signature="verifyselectStartDate()[pri:4, instance:com.PRMSTool.Tests.ProjectScreenTest@1ba9117e]" started-at="2021-03-16T15:44:50 IST" name="verifyselectStartDate" finished-at="2021-03-16T15:44:51 IST" duration-ms="1629" status="PASS">
          <reporter-output>
          </reporter-output>
        </test-method> <!-- verifyselectStartDate -->
        <test-method signature="verifyselectEndDate()[pri:5, instance:com.PRMSTool.Tests.ProjectScreenTest@1ba9117e]" started-at="2021-03-16T15:44:51 IST" name="verifyselectEndDate" finished-at="2021-03-16T15:44:53 IST" duration-ms="1742" status="PASS">
          <reporter-output>
          </reporter-output>
        </test-method> <!-- verifyselectEndDate -->
        <test-method signature="verifyselectActualStartDate()[pri:6, instance:com.PRMSTool.Tests.ProjectScreenTest@1ba9117e]" started-at="2021-03-16T15:44:53 IST" name="verifyselectActualStartDate" finished-at="2021-03-16T15:44:55 IST" duration-ms="1699" status="PASS">
          <reporter-output>
          </reporter-output>
        </test-method> <!-- verifyselectActualStartDate -->
        <test-method signature="verifyselectActualEndDate()[pri:7, instance:com.PRMSTool.Tests.ProjectScreenTest@1ba9117e]" started-at="2021-03-16T15:44:55 IST" name="verifyselectActualEndDate" finished-at="2021-03-16T15:44:57 IST" duration-ms="1799" status="PASS">
          <reporter-output>
          </reporter-output>
        </test-method> <!-- verifyselectActualEndDate -->
        <test-method signature="verifyaddProjectDetails1()[pri:8, instance:com.PRMSTool.Tests.ProjectScreenTest@1ba9117e]" started-at="2021-03-16T15:44:57 IST" name="verifyaddProjectDetails1" finished-at="2021-03-16T15:45:04 IST" duration-ms="7756" status="PASS">
          <reporter-output>
          </reporter-output>
        </test-method> <!-- verifyaddProjectDetails1 -->
        <test-method signature="verifyaddBillingDetails()[pri:9, instance:com.PRMSTool.Tests.ProjectScreenTest@1ba9117e]" started-at="2021-03-16T15:45:04 IST" name="verifyaddBillingDetails" finished-at="2021-03-16T15:45:12 IST" duration-ms="7302" status="PASS">
          <reporter-output>
          </reporter-output>
        </test-method> <!-- verifyaddBillingDetails -->
        <test-method signature="verifyclickOnAdd()[pri:10, instance:com.PRMSTool.Tests.ProjectScreenTest@1ba9117e]" started-at="2021-03-16T15:45:12 IST" name="verifyclickOnAdd" finished-at="2021-03-16T15:45:12 IST" duration-ms="286" status="PASS">
          <reporter-output>
          </reporter-output>
        </test-method> <!-- verifyclickOnAdd -->
        <test-method signature="verifysearch()[pri:11, instance:com.PRMSTool.Tests.ProjectScreenTest@1ba9117e]" started-at="2021-03-16T15:45:12 IST" name="verifysearch" finished-at="2021-03-16T15:45:14 IST" duration-ms="1660" status="PASS">
          <reporter-output>
          </reporter-output>
        </test-method> <!-- verifysearch -->
        <test-method signature="verifyclickOnEditButton()[pri:12, instance:com.PRMSTool.Tests.ProjectScreenTest@1ba9117e]" started-at="2021-03-16T15:45:14 IST" name="verifyclickOnEditButton" finished-at="2021-03-16T15:45:15 IST" duration-ms="1288" status="PASS">
          <reporter-output>
          </reporter-output>
        </test-method> <!-- verifyclickOnEditButton -->
        <test-method signature="verifyeditProjectInformation()[pri:13, instance:com.PRMSTool.Tests.ProjectScreenTest@1ba9117e]" started-at="2021-03-16T15:45:15 IST" name="verifyeditProjectInformation" finished-at="2021-03-16T15:45:27 IST" duration-ms="12015" status="PASS">
          <reporter-output>
          </reporter-output>
        </test-method> <!-- verifyeditProjectInformation -->
        <test-method signature="verifyclickOnUpdateButton()[pri:14, instance:com.PRMSTool.Tests.ProjectScreenTest@1ba9117e]" started-at="2021-03-16T15:45:27 IST" name="verifyclickOnUpdateButton" finished-at="2021-03-16T15:45:27 IST" duration-ms="202" status="PASS">
          <reporter-output>
          </reporter-output>
        </test-method> <!-- verifyclickOnUpdateButton -->
        <test-method signature="verifydelete()[pri:15, instance:com.PRMSTool.Tests.ProjectScreenTest@1ba9117e]" started-at="2021-03-16T15:45:27 IST" name="verifydelete" finished-at="2021-03-16T15:45:30 IST" duration-ms="2911" status="PASS">
          <reporter-output>
          </reporter-output>
        </test-method> <!-- verifydelete -->
        <test-method signature="verifydownloadFile()[pri:16, instance:com.PRMSTool.Tests.ProjectScreenTest@1ba9117e]" started-at="2021-03-16T15:45:30 IST" name="verifydownloadFile" finished-at="2021-03-16T15:45:31 IST" duration-ms="548" status="PASS">
          <reporter-output>
          </reporter-output>
        </test-method> <!-- verifydownloadFile -->
        <test-method signature="verifydisplayAllStatusList()[pri:17, instance:com.PRMSTool.Tests.ProjectScreenTest@1ba9117e]" started-at="2021-03-16T15:45:31 IST" name="verifydisplayAllStatusList" finished-at="2021-03-16T15:45:31 IST" duration-ms="662" status="PASS">
          <reporter-output>
          </reporter-output>
        </test-method> <!-- verifydisplayAllStatusList -->
        <test-method signature="verifydisplayInactiveStatusList()[pri:18, instance:com.PRMSTool.Tests.ProjectScreenTest@1ba9117e]" started-at="2021-03-16T15:45:31 IST" name="verifydisplayInactiveStatusList" finished-at="2021-03-16T15:45:32 IST" duration-ms="684" status="PASS">
          <reporter-output>
          </reporter-output>
        </test-method> <!-- verifydisplayInactiveStatusList -->
        <test-method signature="verifydisplayActiveStatusList()[pri:19, instance:com.PRMSTool.Tests.ProjectScreenTest@1ba9117e]" started-at="2021-03-16T15:45:32 IST" name="verifydisplayActiveStatusList" finished-at="2021-03-16T15:45:33 IST" duration-ms="700" status="PASS">
          <reporter-output>
          </reporter-output>
        </test-method> <!-- verifydisplayActiveStatusList -->
        <test-method is-config="true" signature="finish()[pri:0, instance:com.PRMSTool.Tests.ProjectScreenTest@1ba9117e]" started-at="2021-03-16T15:45:33 IST" name="finish" finished-at="2021-03-16T15:45:34 IST" duration-ms="850" status="PASS">
          <reporter-output>
          </reporter-output>
        </test-method> <!-- finish -->
      </class> <!-- com.PRMSTool.Tests.ProjectScreenTest -->
    </test> <!-- Default test -->
  </suite> <!-- Default suite -->
</testng-results>
