<?xml version="1.0" encoding="UTF-8"?>
<testng-results ignored="0" total="9" passed="9" failed="0" skipped="0">
  <reporter-output>
  </reporter-output>
  <suite started-at="2021-07-22T10:58:42 IST" name="Default suite" finished-at="2021-07-22T11:00:14 IST" duration-ms="91486">
    <groups>
    </groups>
    <test started-at="2021-07-22T10:58:42 IST" name="Default test" finished-at="2021-07-22T11:00:14 IST" duration-ms="91486">
      <class name="com.PRMSTool.Tests.ClientReviewTest">
        <test-method is-config="true" signature="OpenBrowser()[pri:0, instance:com.PRMSTool.Tests.ClientReviewTest@696da30b]" started-at="2021-07-22T10:58:39 IST" name="OpenBrowser" finished-at="2021-07-22T10:58:42 IST" duration-ms="3692" status="PASS">
          <reporter-output>
          </reporter-output>
        </test-method> <!-- OpenBrowser -->
        <test-method signature="verifyLogin()[pri:0, instance:com.PRMSTool.Tests.ClientReviewTest@696da30b]" started-at="2021-07-22T10:58:42 IST" name="verifyLogin" finished-at="2021-07-22T10:58:52 IST" duration-ms="9341" status="PASS">
          <reporter-output>
          </reporter-output>
        </test-method> <!-- verifyLogin -->
        <test-method signature="verifyclickOnSalesLead()[pri:1, instance:com.PRMSTool.Tests.ClientReviewTest@696da30b]" started-at="2021-07-22T10:58:52 IST" name="verifyclickOnSalesLead" finished-at="2021-07-22T10:58:57 IST" duration-ms="5053" status="PASS">
          <reporter-output>
          </reporter-output>
        </test-method> <!-- verifyclickOnSalesLead -->
        <test-method signature="verifyclickOnAddNew()[pri:2, instance:com.PRMSTool.Tests.ClientReviewTest@696da30b]" started-at="2021-07-22T10:58:57 IST" name="verifyclickOnAddNew" finished-at="2021-07-22T10:59:02 IST" duration-ms="5491" status="PASS">
          <reporter-output>
          </reporter-output>
        </test-method> <!-- verifyclickOnAddNew -->
        <test-method signature="verifyaddNewClientReview()[pri:3, instance:com.PRMSTool.Tests.ClientReviewTest@696da30b]" started-at="2021-07-22T10:59:02 IST" name="verifyaddNewClientReview" finished-at="2021-07-22T10:59:28 IST" duration-ms="26079" status="PASS">
          <reporter-output>
          </reporter-output>
        </test-method> <!-- verifyaddNewClientReview -->
        <test-method signature="verifysearch()[pri:4, instance:com.PRMSTool.Tests.ClientReviewTest@696da30b]" started-at="2021-07-22T10:59:28 IST" name="verifysearch" finished-at="2021-07-22T10:59:38 IST" duration-ms="10186" status="PASS">
          <reporter-output>
          </reporter-output>
        </test-method> <!-- verifysearch -->
        <test-method signature="verifyclickOnEditButton()[pri:5, instance:com.PRMSTool.Tests.ClientReviewTest@696da30b]" started-at="2021-07-22T10:59:38 IST" name="verifyclickOnEditButton" finished-at="2021-07-22T10:59:39 IST" duration-ms="110" status="PASS">
          <reporter-output>
          </reporter-output>
        </test-method> <!-- verifyclickOnEditButton -->
        <test-method signature="verifyeditClientReview()[pri:6, instance:com.PRMSTool.Tests.ClientReviewTest@696da30b]" started-at="2021-07-22T10:59:39 IST" name="verifyeditClientReview" finished-at="2021-07-22T11:00:05 IST" duration-ms="25984" status="PASS">
          <reporter-output>
          </reporter-output>
        </test-method> <!-- verifyeditClientReview -->
        <test-method signature="verifyclickOnUpdateButton()[pri:7, instance:com.PRMSTool.Tests.ClientReviewTest@696da30b]" started-at="2021-07-22T11:00:05 IST" name="verifyclickOnUpdateButton" finished-at="2021-07-22T11:00:05 IST" duration-ms="83" status="PASS">
          <reporter-output>
          </reporter-output>
        </test-method> <!-- verifyclickOnUpdateButton -->
        <test-method signature="verifydelete()[pri:8, instance:com.PRMSTool.Tests.ClientReviewTest@696da30b]" started-at="2021-07-22T11:00:05 IST" name="verifydelete" finished-at="2021-07-22T11:00:14 IST" duration-ms="9126" status="PASS">
          <reporter-output>
          </reporter-output>
        </test-method> <!-- verifydelete -->
        <test-method is-config="true" signature="finish()[pri:0, instance:com.PRMSTool.Tests.ClientReviewTest@696da30b]" started-at="2021-07-22T11:00:14 IST" name="finish" finished-at="2021-07-22T11:00:15 IST" duration-ms="665" status="PASS">
          <reporter-output>
          </reporter-output>
        </test-method> <!-- finish -->
      </class> <!-- com.PRMSTool.Tests.ClientReviewTest -->
    </test> <!-- Default test -->
  </suite> <!-- Default suite -->
</testng-results>
