<?xml version="1.0" encoding="UTF-8"?>
<testng-results ignored="17" total="20" passed="3" failed="0" skipped="0">
  <reporter-output>
  </reporter-output>
  <suite started-at="2021-02-25T18:46:02 IST" name="Default suite" finished-at="2021-02-25T18:46:59 IST" duration-ms="57381">
    <groups>
    </groups>
    <test started-at="2021-02-25T18:46:02 IST" name="Default test" finished-at="2021-02-25T18:46:59 IST" duration-ms="57381">
      <class name="com.PRMSTool.Tests.ClientScreenTest">
        <test-method is-config="true" signature="OpenBrowserGrade()[pri:0, instance:com.PRMSTool.Tests.ClientScreenTest@1ba9117e]" started-at="2021-02-25T18:45:56 IST" name="OpenBrowserGrade" finished-at="2021-02-25T18:46:02 IST" duration-ms="6005" status="PASS">
          <reporter-output>
          </reporter-output>
        </test-method> <!-- OpenBrowserGrade -->
        <test-method signature="verifyLogin()[pri:0, instance:com.PRMSTool.Tests.ClientScreenTest@1ba9117e]" started-at="2021-02-25T18:46:02 IST" name="verifyLogin" finished-at="2021-02-25T18:46:22 IST" duration-ms="20243" status="PASS">
          <reporter-output>
          </reporter-output>
        </test-method> <!-- verifyLogin -->
        <test-method signature="verifysearchClientName()[pri:3, instance:com.PRMSTool.Tests.ClientScreenTest@1ba9117e]" started-at="2021-02-25T18:46:22 IST" name="verifysearchClientName" finished-at="2021-02-25T18:46:40 IST" duration-ms="17885" status="PASS">
          <reporter-output>
          </reporter-output>
        </test-method> <!-- verifysearchClientName -->
        <test-method signature="verifydeleteClient()[pri:19, instance:com.PRMSTool.Tests.ClientScreenTest@1ba9117e]" started-at="2021-02-25T18:46:40 IST" name="verifydeleteClient" finished-at="2021-02-25T18:46:59 IST" duration-ms="19139" status="PASS">
          <reporter-output>
          </reporter-output>
        </test-method> <!-- verifydeleteClient -->
        <test-method is-config="true" signature="finish()[pri:0, instance:com.PRMSTool.Tests.ClientScreenTest@1ba9117e]" started-at="2021-02-25T18:46:59 IST" name="finish" finished-at="2021-02-25T18:47:00 IST" duration-ms="759" status="PASS">
          <reporter-output>
          </reporter-output>
        </test-method> <!-- finish -->
      </class> <!-- com.PRMSTool.Tests.ClientScreenTest -->
    </test> <!-- Default test -->
  </suite> <!-- Default suite -->
</testng-results>
