<?xml version="1.0" encoding="UTF-8"?>
<testng-results ignored="0" total="30" passed="30" failed="0" skipped="0">
  <reporter-output>
  </reporter-output>
  <suite started-at="2021-10-14T18:21:52 IST" name="Default suite" finished-at="2021-10-14T18:25:46 IST" duration-ms="233809">
    <groups>
    </groups>
    <test started-at="2021-10-14T18:21:52 IST" name="Default test" finished-at="2021-10-14T18:25:46 IST" duration-ms="233809">
      <class name="com.PRMSTool.Tests.ProjectScreenTest">
        <test-method is-config="true" signature="OpenBrowser()[pri:0, instance:com.PRMSTool.Tests.ProjectScreenTest@2accdbb5]" started-at="2021-10-14T18:21:49 IST" name="OpenBrowser" finished-at="2021-10-14T18:21:52 IST" duration-ms="2955" status="PASS">
          <reporter-output>
          </reporter-output>
        </test-method> <!-- OpenBrowser -->
        <test-method signature="verifyLogin()[pri:0, instance:com.PRMSTool.Tests.ProjectScreenTest@2accdbb5]" started-at="2021-10-14T18:21:52 IST" name="verifyLogin" finished-at="2021-10-14T18:22:01 IST" duration-ms="9383" status="PASS">
          <reporter-output>
          </reporter-output>
        </test-method> <!-- verifyLogin -->
        <test-method signature="verifyclickOnProject()[pri:1, instance:com.PRMSTool.Tests.ProjectScreenTest@2accdbb5]" started-at="2021-10-14T18:22:01 IST" name="verifyclickOnProject" finished-at="2021-10-14T18:22:06 IST" duration-ms="5052" status="PASS">
          <reporter-output>
          </reporter-output>
        </test-method> <!-- verifyclickOnProject -->
        <test-method signature="verifyclickOnAddNew()[pri:2, instance:com.PRMSTool.Tests.ProjectScreenTest@2accdbb5]" started-at="2021-10-14T18:22:06 IST" name="verifyclickOnAddNew" finished-at="2021-10-14T18:22:12 IST" duration-ms="5184" status="PASS">
          <reporter-output>
          </reporter-output>
        </test-method> <!-- verifyclickOnAddNew -->
        <test-method signature="verifyaddProjectDetails()[pri:3, instance:com.PRMSTool.Tests.ProjectScreenTest@2accdbb5]" started-at="2021-10-14T18:22:12 IST" name="verifyaddProjectDetails" finished-at="2021-10-14T18:22:17 IST" duration-ms="5346" status="PASS">
          <reporter-output>
          </reporter-output>
        </test-method> <!-- verifyaddProjectDetails -->
        <test-method signature="verifyselectStartDate()[pri:4, instance:com.PRMSTool.Tests.ProjectScreenTest@2accdbb5]" started-at="2021-10-14T18:22:17 IST" name="verifyselectStartDate" finished-at="2021-10-14T18:22:23 IST" duration-ms="5810" status="PASS">
          <reporter-output>
          </reporter-output>
        </test-method> <!-- verifyselectStartDate -->
        <test-method signature="verifyselectEndDate()[pri:5, instance:com.PRMSTool.Tests.ProjectScreenTest@2accdbb5]" started-at="2021-10-14T18:22:23 IST" name="verifyselectEndDate" finished-at="2021-10-14T18:22:29 IST" duration-ms="5889" status="PASS">
          <reporter-output>
          </reporter-output>
        </test-method> <!-- verifyselectEndDate -->
        <test-method signature="verifyselectActualStartDate()[pri:6, instance:com.PRMSTool.Tests.ProjectScreenTest@2accdbb5]" started-at="2021-10-14T18:22:29 IST" name="verifyselectActualStartDate" finished-at="2021-10-14T18:22:34 IST" duration-ms="5855" status="PASS">
          <reporter-output>
          </reporter-output>
        </test-method> <!-- verifyselectActualStartDate -->
        <test-method signature="verifyselectActualEndDate()[pri:7, instance:com.PRMSTool.Tests.ProjectScreenTest@2accdbb5]" started-at="2021-10-14T18:22:34 IST" name="verifyselectActualEndDate" finished-at="2021-10-14T18:22:40 IST" duration-ms="5966" status="PASS">
          <reporter-output>
          </reporter-output>
        </test-method> <!-- verifyselectActualEndDate -->
        <test-method signature="verifyaddProjectDetails1()[pri:8, instance:com.PRMSTool.Tests.ProjectScreenTest@2accdbb5]" started-at="2021-10-14T18:22:40 IST" name="verifyaddProjectDetails1" finished-at="2021-10-14T18:22:45 IST" duration-ms="4544" status="PASS">
          <reporter-output>
          </reporter-output>
        </test-method> <!-- verifyaddProjectDetails1 -->
        <test-method signature="verifyaddBillingDetails()[pri:9, instance:com.PRMSTool.Tests.ProjectScreenTest@2accdbb5]" started-at="2021-10-14T18:22:45 IST" name="verifyaddBillingDetails" finished-at="2021-10-14T18:22:46 IST" duration-ms="1210" status="PASS">
          <reporter-output>
          </reporter-output>
        </test-method> <!-- verifyaddBillingDetails -->
        <test-method signature="verifyclickOnAdd()[pri:10, instance:com.PRMSTool.Tests.ProjectScreenTest@2accdbb5]" started-at="2021-10-14T18:22:46 IST" name="verifyclickOnAdd" finished-at="2021-10-14T18:22:51 IST" duration-ms="5091" status="PASS">
          <reporter-output>
          </reporter-output>
        </test-method> <!-- verifyclickOnAdd -->
        <test-method signature="verifydisplayAllStatusList()[pri:11, instance:com.PRMSTool.Tests.ProjectScreenTest@2accdbb5]" started-at="2021-10-14T18:22:51 IST" name="verifydisplayAllStatusList" finished-at="2021-10-14T18:23:01 IST" duration-ms="10190" status="PASS">
          <reporter-output>
          </reporter-output>
        </test-method> <!-- verifydisplayAllStatusList -->
        <test-method signature="verifysearch()[pri:12, instance:com.PRMSTool.Tests.ProjectScreenTest@2accdbb5]" started-at="2021-10-14T18:23:01 IST" name="verifysearch" finished-at="2021-10-14T18:23:09 IST" duration-ms="7250" status="PASS">
          <reporter-output>
          </reporter-output>
        </test-method> <!-- verifysearch -->
        <test-method signature="verifyclickOnEditButton()[pri:13, instance:com.PRMSTool.Tests.ProjectScreenTest@2accdbb5]" started-at="2021-10-14T18:23:09 IST" name="verifyclickOnEditButton" finished-at="2021-10-14T18:23:09 IST" duration-ms="95" status="PASS">
          <reporter-output>
          </reporter-output>
        </test-method> <!-- verifyclickOnEditButton -->
        <test-method signature="verifyeditProjectInformation()[pri:14, instance:com.PRMSTool.Tests.ProjectScreenTest@2accdbb5]" started-at="2021-10-14T18:23:09 IST" name="verifyeditProjectInformation" finished-at="2021-10-14T18:23:17 IST" duration-ms="8214" status="PASS">
          <reporter-output>
          </reporter-output>
        </test-method> <!-- verifyeditProjectInformation -->
        <test-method signature="verifyeditStartDate()[pri:15, instance:com.PRMSTool.Tests.ProjectScreenTest@2accdbb5]" started-at="2021-10-14T18:23:17 IST" name="verifyeditStartDate" finished-at="2021-10-14T18:23:46 IST" duration-ms="29381" status="PASS">
          <reporter-output>
          </reporter-output>
        </test-method> <!-- verifyeditStartDate -->
        <test-method signature="verifyeditEndDate()[pri:16, instance:com.PRMSTool.Tests.ProjectScreenTest@2accdbb5]" started-at="2021-10-14T18:23:46 IST" name="verifyeditEndDate" finished-at="2021-10-14T18:24:11 IST" duration-ms="24742" status="PASS">
          <reporter-output>
          </reporter-output>
        </test-method> <!-- verifyeditEndDate -->
        <test-method signature="verifyeditActualStartDate()[pri:17, instance:com.PRMSTool.Tests.ProjectScreenTest@2accdbb5]" started-at="2021-10-14T18:24:11 IST" name="verifyeditActualStartDate" finished-at="2021-10-14T18:24:29 IST" duration-ms="17834" status="PASS">
          <reporter-output>
          </reporter-output>
        </test-method> <!-- verifyeditActualStartDate -->
        <test-method signature="verifyeditActualEndDate()[pri:18, instance:com.PRMSTool.Tests.ProjectScreenTest@2accdbb5]" started-at="2021-10-14T18:24:29 IST" name="verifyeditActualEndDate" finished-at="2021-10-14T18:24:36 IST" duration-ms="6849" status="PASS">
          <reporter-output>
          </reporter-output>
        </test-method> <!-- verifyeditActualEndDate -->
        <test-method signature="verifyclickOnUpdateButton()[pri:19, instance:com.PRMSTool.Tests.ProjectScreenTest@2accdbb5]" started-at="2021-10-14T18:24:36 IST" name="verifyclickOnUpdateButton" finished-at="2021-10-14T18:24:36 IST" duration-ms="96" status="PASS">
          <reporter-output>
          </reporter-output>
        </test-method> <!-- verifyclickOnUpdateButton -->
        <test-method signature="verifydelete()[pri:20, instance:com.PRMSTool.Tests.ProjectScreenTest@2accdbb5]" started-at="2021-10-14T18:24:36 IST" name="verifydelete" finished-at="2021-10-14T18:25:00 IST" duration-ms="23657" status="PASS">
          <reporter-output>
          </reporter-output>
        </test-method> <!-- verifydelete -->
        <test-method signature="verifydownloadFile()[pri:21, instance:com.PRMSTool.Tests.ProjectScreenTest@2accdbb5]" started-at="2021-10-14T18:25:00 IST" name="verifydownloadFile" finished-at="2021-10-14T18:25:05 IST" duration-ms="5112" status="PASS">
          <reporter-output>
          </reporter-output>
        </test-method> <!-- verifydownloadFile -->
        <test-method signature="verifydisplayInactiveStatusList()[pri:22, instance:com.PRMSTool.Tests.ProjectScreenTest@2accdbb5]" started-at="2021-10-14T18:25:05 IST" name="verifydisplayInactiveStatusList" finished-at="2021-10-14T18:25:10 IST" duration-ms="5145" status="PASS">
          <reporter-output>
          </reporter-output>
        </test-method> <!-- verifydisplayInactiveStatusList -->
        <test-method signature="verifydisplayActiveStatusList()[pri:23, instance:com.PRMSTool.Tests.ProjectScreenTest@2accdbb5]" started-at="2021-10-14T18:25:10 IST" name="verifydisplayActiveStatusList" finished-at="2021-10-14T18:25:15 IST" duration-ms="5128" status="PASS">
          <reporter-output>
          </reporter-output>
        </test-method> <!-- verifydisplayActiveStatusList -->
        <test-method signature="verifydisplayvResourcingBusinessUnit()[pri:24, instance:com.PRMSTool.Tests.ProjectScreenTest@2accdbb5]" started-at="2021-10-14T18:25:15 IST" name="verifydisplayvResourcingBusinessUnit" finished-at="2021-10-14T18:25:20 IST" duration-ms="5153" status="PASS">
          <reporter-output>
          </reporter-output>
        </test-method> <!-- verifydisplayvResourcingBusinessUnit -->
        <test-method signature="verifydisplayROWBusinessUnit()[pri:25, instance:com.PRMSTool.Tests.ProjectScreenTest@2accdbb5]" started-at="2021-10-14T18:25:20 IST" name="verifydisplayROWBusinessUnit" finished-at="2021-10-14T18:25:25 IST" duration-ms="5119" status="PASS">
          <reporter-output>
          </reporter-output>
        </test-method> <!-- verifydisplayROWBusinessUnit -->
        <test-method signature="verifydisplayLicenceBusinessUnit()[pri:26, instance:com.PRMSTool.Tests.ProjectScreenTest@2accdbb5]" started-at="2021-10-14T18:25:25 IST" name="verifydisplayLicenceBusinessUnit" finished-at="2021-10-14T18:25:30 IST" duration-ms="5121" status="PASS">
          <reporter-output>
          </reporter-output>
        </test-method> <!-- verifydisplayLicenceBusinessUnit -->
        <test-method signature="verifydisplayPracticesBusinessUnit()[pri:27, instance:com.PRMSTool.Tests.ProjectScreenTest@2accdbb5]" started-at="2021-10-14T18:25:30 IST" name="verifydisplayPracticesBusinessUnit" finished-at="2021-10-14T18:25:35 IST" duration-ms="5116" status="PASS">
          <reporter-output>
          </reporter-output>
        </test-method> <!-- verifydisplayPracticesBusinessUnit -->
        <test-method signature="verifydisplaySafeGuardBusinessUnit()[pri:28, instance:com.PRMSTool.Tests.ProjectScreenTest@2accdbb5]" started-at="2021-10-14T18:25:35 IST" name="verifydisplaySafeGuardBusinessUnit" finished-at="2021-10-14T18:25:41 IST" duration-ms="5097" status="PASS">
          <reporter-output>
          </reporter-output>
        </test-method> <!-- verifydisplaySafeGuardBusinessUnit -->
        <test-method signature="verifydisplayAllBusinessUnit()[pri:29, instance:com.PRMSTool.Tests.ProjectScreenTest@2accdbb5]" started-at="2021-10-14T18:25:41 IST" name="verifydisplayAllBusinessUnit" finished-at="2021-10-14T18:25:46 IST" duration-ms="5124" status="PASS">
          <reporter-output>
          </reporter-output>
        </test-method> <!-- verifydisplayAllBusinessUnit -->
        <test-method is-config="true" signature="finish()[pri:0, instance:com.PRMSTool.Tests.ProjectScreenTest@2accdbb5]" started-at="2021-10-14T18:25:46 IST" name="finish" finished-at="2021-10-14T18:25:46 IST" duration-ms="668" status="PASS">
          <reporter-output>
          </reporter-output>
        </test-method> <!-- finish -->
      </class> <!-- com.PRMSTool.Tests.ProjectScreenTest -->
    </test> <!-- Default test -->
  </suite> <!-- Default suite -->
</testng-results>
