<?xml version="1.0" encoding="UTF-8"?>
<testng-results ignored="10" total="13" passed="3" failed="0" skipped="0">
  <reporter-output>
  </reporter-output>
  <suite started-at="2021-02-23T18:21:01 IST" name="Default suite" finished-at="2021-02-23T18:22:34 IST" duration-ms="92508">
    <groups>
    </groups>
    <test started-at="2021-02-23T18:21:01 IST" name="Default test" finished-at="2021-02-23T18:22:34 IST" duration-ms="92508">
      <class name="com.PRMSTool.Tests.ClientScreenTest">
        <test-method is-config="true" signature="OpenBrowserGrade()[pri:0, instance:com.PRMSTool.Tests.ClientScreenTest@2f8dad04]" started-at="2021-02-23T18:20:57 IST" name="OpenBrowserGrade" finished-at="2021-02-23T18:21:01 IST" duration-ms="4238" status="PASS">
          <reporter-output>
          </reporter-output>
        </test-method> <!-- OpenBrowserGrade -->
        <test-method signature="verifyLogin()[pri:0, instance:com.PRMSTool.Tests.ClientScreenTest@2f8dad04]" started-at="2021-02-23T18:21:02 IST" name="verifyLogin" finished-at="2021-02-23T18:21:12 IST" duration-ms="10465" status="PASS">
          <reporter-output>
          </reporter-output>
        </test-method> <!-- verifyLogin -->
        <test-method signature="verifycheckSorting()[pri:1, instance:com.PRMSTool.Tests.ClientScreenTest@2f8dad04]" started-at="2021-02-23T18:21:12 IST" name="verifycheckSorting" finished-at="2021-02-23T18:22:28 IST" duration-ms="75951" status="PASS">
          <reporter-output>
          </reporter-output>
        </test-method> <!-- verifycheckSorting -->
        <test-method signature="verifyeditClient()[pri:2, instance:com.PRMSTool.Tests.ClientScreenTest@2f8dad04]" started-at="2021-02-23T18:22:28 IST" name="verifyeditClient" finished-at="2021-02-23T18:22:34 IST" duration-ms="5994" status="PASS">
          <reporter-output>
          </reporter-output>
        </test-method> <!-- verifyeditClient -->
        <test-method is-config="true" signature="finish()[pri:0, instance:com.PRMSTool.Tests.ClientScreenTest@2f8dad04]" started-at="2021-02-23T18:22:34 IST" name="finish" finished-at="2021-02-23T18:22:35 IST" duration-ms="836" status="PASS">
          <reporter-output>
          </reporter-output>
        </test-method> <!-- finish -->
      </class> <!-- com.PRMSTool.Tests.ClientScreenTest -->
    </test> <!-- Default test -->
  </suite> <!-- Default suite -->
</testng-results>
