<?xml version="1.0" encoding="UTF-8"?>
<testng-results ignored="0" total="16" passed="16" failed="0" skipped="0">
  <reporter-output>
  </reporter-output>
  <suite started-at="2021-08-11T17:58:03 IST" name="Default suite" finished-at="2021-08-11T18:00:21 IST" duration-ms="137080">
    <groups>
    </groups>
    <test started-at="2021-08-11T17:58:03 IST" name="Default test" finished-at="2021-08-11T18:00:21 IST" duration-ms="137080">
      <class name="com.PRMSTool.Tests.ResourceScreenTest">
        <test-method is-config="true" signature="OpenBrowser()[pri:0, instance:com.PRMSTool.Tests.ResourceScreenTest@be35cd9]" started-at="2021-08-11T17:57:58 IST" name="OpenBrowser" finished-at="2021-08-11T17:58:03 IST" duration-ms="5564" status="PASS">
          <reporter-output>
          </reporter-output>
        </test-method> <!-- OpenBrowser -->
        <test-method signature="verifyLogin()[pri:0, instance:com.PRMSTool.Tests.ResourceScreenTest@be35cd9]" started-at="2021-08-11T17:58:03 IST" name="verifyLogin" finished-at="2021-08-11T17:58:21 IST" duration-ms="17857" status="PASS">
          <reporter-output>
          </reporter-output>
        </test-method> <!-- verifyLogin -->
        <test-method signature="verifyclickOnResource()[pri:1, instance:com.PRMSTool.Tests.ResourceScreenTest@be35cd9]" started-at="2021-08-11T17:58:21 IST" name="verifyclickOnResource" finished-at="2021-08-11T17:58:26 IST" duration-ms="5083" status="PASS">
          <reporter-output>
          </reporter-output>
        </test-method> <!-- verifyclickOnResource -->
        <test-method signature="verifyclickOnAddNew()[pri:2, instance:com.PRMSTool.Tests.ResourceScreenTest@be35cd9]" started-at="2021-08-11T17:58:26 IST" name="verifyclickOnAddNew" finished-at="2021-08-11T17:58:32 IST" duration-ms="5308" status="PASS">
          <reporter-output>
          </reporter-output>
        </test-method> <!-- verifyclickOnAddNew -->
        <test-method signature="verifyaddResourceDetails()[pri:3, instance:com.PRMSTool.Tests.ResourceScreenTest@be35cd9]" started-at="2021-08-11T17:58:32 IST" name="verifyaddResourceDetails" finished-at="2021-08-11T17:58:41 IST" duration-ms="9464" status="PASS">
          <reporter-output>
          </reporter-output>
        </test-method> <!-- verifyaddResourceDetails -->
        <test-method signature="verifyselectBirthDate()[pri:4, instance:com.PRMSTool.Tests.ResourceScreenTest@be35cd9]" started-at="2021-08-11T17:58:41 IST" name="verifyselectBirthDate" finished-at="2021-08-11T17:59:07 IST" duration-ms="25954" status="PASS">
          <reporter-output>
          </reporter-output>
        </test-method> <!-- verifyselectBirthDate -->
        <test-method signature="verifyselectJoiningDate()[pri:5, instance:com.PRMSTool.Tests.ResourceScreenTest@be35cd9]" started-at="2021-08-11T17:59:07 IST" name="verifyselectJoiningDate" finished-at="2021-08-11T17:59:08 IST" duration-ms="942" status="PASS">
          <reporter-output>
          </reporter-output>
        </test-method> <!-- verifyselectJoiningDate -->
        <test-method signature="verifyclickOnAdd()[pri:6, instance:com.PRMSTool.Tests.ResourceScreenTest@be35cd9]" started-at="2021-08-11T17:59:08 IST" name="verifyclickOnAdd" finished-at="2021-08-11T17:59:13 IST" duration-ms="5118" status="PASS">
          <reporter-output>
          </reporter-output>
        </test-method> <!-- verifyclickOnAdd -->
        <test-method signature="verifydisplayAllStatusList()[pri:7, instance:com.PRMSTool.Tests.ResourceScreenTest@be35cd9]" started-at="2021-08-11T17:59:13 IST" name="verifydisplayAllStatusList" finished-at="2021-08-11T17:59:23 IST" duration-ms="10215" status="PASS">
          <reporter-output>
          </reporter-output>
        </test-method> <!-- verifydisplayAllStatusList -->
        <test-method signature="verifysearch()[pri:8, instance:com.PRMSTool.Tests.ResourceScreenTest@be35cd9]" started-at="2021-08-11T17:59:23 IST" name="verifysearch" finished-at="2021-08-11T17:59:34 IST" duration-ms="10199" status="PASS">
          <reporter-output>
          </reporter-output>
        </test-method> <!-- verifysearch -->
        <test-method signature="verifyclickOnEditButton()[pri:9, instance:com.PRMSTool.Tests.ResourceScreenTest@be35cd9]" started-at="2021-08-11T17:59:34 IST" name="verifyclickOnEditButton" finished-at="2021-08-11T17:59:34 IST" duration-ms="137" status="PASS">
          <reporter-output>
          </reporter-output>
        </test-method> <!-- verifyclickOnEditButton -->
        <test-method signature="verifyeditResourceInformation()[pri:10, instance:com.PRMSTool.Tests.ResourceScreenTest@be35cd9]" started-at="2021-08-11T17:59:34 IST" name="verifyeditResourceInformation" finished-at="2021-08-11T17:59:41 IST" duration-ms="6764" status="PASS">
          <reporter-output>
          </reporter-output>
        </test-method> <!-- verifyeditResourceInformation -->
        <test-method signature="verifyclickOnUpdateButton()[pri:11, instance:com.PRMSTool.Tests.ResourceScreenTest@be35cd9]" started-at="2021-08-11T17:59:41 IST" name="verifyclickOnUpdateButton" finished-at="2021-08-11T17:59:41 IST" duration-ms="87" status="PASS">
          <reporter-output>
          </reporter-output>
        </test-method> <!-- verifyclickOnUpdateButton -->
        <test-method signature="verifydelete()[pri:12, instance:com.PRMSTool.Tests.ResourceScreenTest@be35cd9]" started-at="2021-08-11T17:59:41 IST" name="verifydelete" finished-at="2021-08-11T18:00:04 IST" duration-ms="23594" status="PASS">
          <reporter-output>
          </reporter-output>
        </test-method> <!-- verifydelete -->
        <test-method signature="verifydownloadFile()[pri:13, instance:com.PRMSTool.Tests.ResourceScreenTest@be35cd9]" started-at="2021-08-11T18:00:04 IST" name="verifydownloadFile" finished-at="2021-08-11T18:00:09 IST" duration-ms="5149" status="PASS">
          <reporter-output>
          </reporter-output>
        </test-method> <!-- verifydownloadFile -->
        <test-method signature="verifydisplayInactiveStatusList()[pri:14, instance:com.PRMSTool.Tests.ResourceScreenTest@be35cd9]" started-at="2021-08-11T18:00:09 IST" name="verifydisplayInactiveStatusList" finished-at="2021-08-11T18:00:15 IST" duration-ms="5981" status="PASS">
          <reporter-output>
          </reporter-output>
        </test-method> <!-- verifydisplayInactiveStatusList -->
        <test-method signature="verifydisplayActiveStatusList()[pri:15, instance:com.PRMSTool.Tests.ResourceScreenTest@be35cd9]" started-at="2021-08-11T18:00:15 IST" name="verifydisplayActiveStatusList" finished-at="2021-08-11T18:00:21 IST" duration-ms="5177" status="PASS">
          <reporter-output>
          </reporter-output>
        </test-method> <!-- verifydisplayActiveStatusList -->
        <test-method is-config="true" signature="finish()[pri:0, instance:com.PRMSTool.Tests.ResourceScreenTest@be35cd9]" started-at="2021-08-11T18:00:21 IST" name="finish" finished-at="2021-08-11T18:00:21 IST" duration-ms="760" status="PASS">
          <reporter-output>
          </reporter-output>
        </test-method> <!-- finish -->
      </class> <!-- com.PRMSTool.Tests.ResourceScreenTest -->
    </test> <!-- Default test -->
  </suite> <!-- Default suite -->
</testng-results>
