<?xml version="1.0" encoding="UTF-8"?>
<testng-results ignored="1" total="17" passed="16" failed="0" skipped="0">
  <reporter-output>
  </reporter-output>
  <suite started-at="2021-04-30T17:23:11 IST" name="Default suite" finished-at="2021-04-30T17:24:05 IST" duration-ms="54305">
    <groups>
    </groups>
    <test started-at="2021-04-30T17:23:11 IST" name="Default test" finished-at="2021-04-30T17:24:05 IST" duration-ms="54305">
      <class name="com.PRMSTool.Tests.SalesLeadScreenTest">
        <test-method is-config="true" signature="OpenBrowser()[pri:0, instance:com.PRMSTool.Tests.SalesLeadScreenTest@4944252c]" started-at="2021-04-30T17:23:07 IST" name="OpenBrowser" finished-at="2021-04-30T17:23:11 IST" duration-ms="3317" status="PASS">
          <reporter-output>
          </reporter-output>
        </test-method> <!-- OpenBrowser -->
        <test-method signature="verifyLogin()[pri:0, instance:com.PRMSTool.Tests.SalesLeadScreenTest@4944252c]" started-at="2021-04-30T17:23:11 IST" name="verifyLogin" finished-at="2021-04-30T17:23:20 IST" duration-ms="9733" status="PASS">
          <reporter-output>
          </reporter-output>
        </test-method> <!-- verifyLogin -->
        <test-method signature="verifyclickOnSalesLead()[pri:1, instance:com.PRMSTool.Tests.SalesLeadScreenTest@4944252c]" started-at="2021-04-30T17:23:20 IST" name="verifyclickOnSalesLead" finished-at="2021-04-30T17:23:25 IST" duration-ms="5070" status="PASS">
          <reporter-output>
          </reporter-output>
        </test-method> <!-- verifyclickOnSalesLead -->
        <test-method signature="verifyclickOnAddNew()[pri:2, instance:com.PRMSTool.Tests.SalesLeadScreenTest@4944252c]" started-at="2021-04-30T17:23:25 IST" name="verifyclickOnAddNew" finished-at="2021-04-30T17:23:31 IST" duration-ms="5663" status="PASS">
          <reporter-output>
          </reporter-output>
        </test-method> <!-- verifyclickOnAddNew -->
        <test-method signature="verifyaddSalesLeadInformation()[pri:3, instance:com.PRMSTool.Tests.SalesLeadScreenTest@4944252c]" started-at="2021-04-30T17:23:31 IST" name="verifyaddSalesLeadInformation" finished-at="2021-04-30T17:23:34 IST" duration-ms="2854" status="PASS">
          <reporter-output>
          </reporter-output>
        </test-method> <!-- verifyaddSalesLeadInformation -->
        <test-method signature="verifyselectLastUpdatedDate()[pri:4, instance:com.PRMSTool.Tests.SalesLeadScreenTest@4944252c]" started-at="2021-04-30T17:23:34 IST" name="verifyselectLastUpdatedDate" finished-at="2021-04-30T17:23:38 IST" duration-ms="3923" status="PASS">
          <reporter-output>
          </reporter-output>
        </test-method> <!-- verifyselectLastUpdatedDate -->
        <test-method signature="verifyclickOnCompanyDetails()[pri:5, instance:com.PRMSTool.Tests.SalesLeadScreenTest@4944252c]" started-at="2021-04-30T17:23:38 IST" name="verifyclickOnCompanyDetails" finished-at="2021-04-30T17:23:38 IST" duration-ms="157" status="PASS">
          <reporter-output>
          </reporter-output>
        </test-method> <!-- verifyclickOnCompanyDetails -->
        <test-method signature="verifyaddCompanyDetails()[pri:6, instance:com.PRMSTool.Tests.SalesLeadScreenTest@4944252c]" started-at="2021-04-30T17:23:38 IST" name="verifyaddCompanyDetails" finished-at="2021-04-30T17:23:40 IST" duration-ms="2090" status="PASS">
          <reporter-output>
          </reporter-output>
        </test-method> <!-- verifyaddCompanyDetails -->
        <test-method signature="verifyclickOnOtherDetails()[pri:7, instance:com.PRMSTool.Tests.SalesLeadScreenTest@4944252c]" started-at="2021-04-30T17:23:40 IST" name="verifyclickOnOtherDetails" finished-at="2021-04-30T17:23:40 IST" duration-ms="123" status="PASS">
          <reporter-output>
          </reporter-output>
        </test-method> <!-- verifyclickOnOtherDetails -->
        <test-method signature="verifyaddOtherDetails()[pri:8, instance:com.PRMSTool.Tests.SalesLeadScreenTest@4944252c]" started-at="2021-04-30T17:23:40 IST" name="verifyaddOtherDetails" finished-at="2021-04-30T17:23:42 IST" duration-ms="1366" status="PASS">
          <reporter-output>
          </reporter-output>
        </test-method> <!-- verifyaddOtherDetails -->
        <test-method signature="verifyselectFUPDate()[pri:9, instance:com.PRMSTool.Tests.SalesLeadScreenTest@4944252c]" started-at="2021-04-30T17:23:42 IST" name="verifyselectFUPDate" finished-at="2021-04-30T17:23:45 IST" duration-ms="3531" status="PASS">
          <reporter-output>
          </reporter-output>
        </test-method> <!-- verifyselectFUPDate -->
        <test-method signature="verifyclickOnAdd()[pri:10, instance:com.PRMSTool.Tests.SalesLeadScreenTest@4944252c]" started-at="2021-04-30T17:23:45 IST" name="verifyclickOnAdd" finished-at="2021-04-30T17:23:45 IST" duration-ms="86" status="PASS">
          <reporter-output>
          </reporter-output>
        </test-method> <!-- verifyclickOnAdd -->
        <test-method signature="verifyclickOnBackButton()[pri:11, instance:com.PRMSTool.Tests.SalesLeadScreenTest@4944252c]" started-at="2021-04-30T17:23:45 IST" name="verifyclickOnBackButton" finished-at="2021-04-30T17:23:45 IST" duration-ms="161" status="PASS">
          <reporter-output>
          </reporter-output>
        </test-method> <!-- verifyclickOnBackButton -->
        <test-method signature="verifyclickOnCloudUpload()[pri:12, instance:com.PRMSTool.Tests.SalesLeadScreenTest@4944252c]" started-at="2021-04-30T17:23:45 IST" name="verifyclickOnCloudUpload" finished-at="2021-04-30T17:23:46 IST" duration-ms="695" status="PASS">
          <reporter-output>
          </reporter-output>
        </test-method> <!-- verifyclickOnCloudUpload -->
        <test-method signature="verifydownloadFile()[pri:13, instance:com.PRMSTool.Tests.SalesLeadScreenTest@4944252c]" started-at="2021-04-30T17:23:46 IST" name="verifydownloadFile" finished-at="2021-04-30T17:23:54 IST" duration-ms="8250" status="PASS">
          <reporter-output>
          </reporter-output>
        </test-method> <!-- verifydownloadFile -->
        <test-method signature="verifysearch()[pri:14, instance:com.PRMSTool.Tests.SalesLeadScreenTest@4944252c]" started-at="2021-04-30T17:23:54 IST" name="verifysearch" finished-at="2021-04-30T17:24:04 IST" duration-ms="10205" status="PASS">
          <reporter-output>
          </reporter-output>
        </test-method> <!-- verifysearch -->
        <test-method signature="verifyclickOnEditButton()[pri:15, instance:com.PRMSTool.Tests.SalesLeadScreenTest@4944252c]" started-at="2021-04-30T17:24:04 IST" name="verifyclickOnEditButton" finished-at="2021-04-30T17:24:05 IST" duration-ms="344" status="PASS">
          <reporter-output>
          </reporter-output>
        </test-method> <!-- verifyclickOnEditButton -->
        <test-method is-config="true" signature="finish()[pri:0, instance:com.PRMSTool.Tests.SalesLeadScreenTest@4944252c]" started-at="2021-04-30T17:24:05 IST" name="finish" finished-at="2021-04-30T17:24:06 IST" duration-ms="929" status="PASS">
          <reporter-output>
          </reporter-output>
        </test-method> <!-- finish -->
      </class> <!-- com.PRMSTool.Tests.SalesLeadScreenTest -->
    </test> <!-- Default test -->
  </suite> <!-- Default suite -->
</testng-results>
