<?xml version="1.0" encoding="UTF-8"?>
<testng-results ignored="1" total="8" passed="7" failed="0" skipped="0">
  <reporter-output>
  </reporter-output>
  <suite started-at="2021-04-23T17:57:32 IST" name="Default suite" finished-at="2021-04-23T17:58:09 IST" duration-ms="37078">
    <groups>
    </groups>
    <test started-at="2021-04-23T17:57:32 IST" name="Default test" finished-at="2021-04-23T17:58:09 IST" duration-ms="37078">
      <class name="com.PRMSTool.Tests.SalesLeadScreenTest">
        <test-method is-config="true" signature="OpenBrowser()[pri:0, instance:com.PRMSTool.Tests.SalesLeadScreenTest@5fd4f8f5]" started-at="2021-04-23T17:57:27 IST" name="OpenBrowser" finished-at="2021-04-23T17:57:32 IST" duration-ms="4844" status="PASS">
          <reporter-output>
          </reporter-output>
        </test-method> <!-- OpenBrowser -->
        <test-method signature="verifyLogin()[pri:0, instance:com.PRMSTool.Tests.SalesLeadScreenTest@5fd4f8f5]" started-at="2021-04-23T17:57:32 IST" name="verifyLogin" finished-at="2021-04-23T17:57:43 IST" duration-ms="11031" status="PASS">
          <reporter-output>
          </reporter-output>
        </test-method> <!-- verifyLogin -->
        <test-method signature="verifyclickOnSalesLead()[pri:1, instance:com.PRMSTool.Tests.SalesLeadScreenTest@5fd4f8f5]" started-at="2021-04-23T17:57:43 IST" name="verifyclickOnSalesLead" finished-at="2021-04-23T17:57:48 IST" duration-ms="5162" status="PASS">
          <reporter-output>
          </reporter-output>
        </test-method> <!-- verifyclickOnSalesLead -->
        <test-method signature="verifyclickOnCloudUpload()[pri:3, instance:com.PRMSTool.Tests.SalesLeadScreenTest@5fd4f8f5]" started-at="2021-04-23T17:57:48 IST" name="verifyclickOnCloudUpload" finished-at="2021-04-23T17:57:49 IST" duration-ms="926" status="PASS">
          <reporter-output>
          </reporter-output>
        </test-method> <!-- verifyclickOnCloudUpload -->
        <test-method signature="verifydownloadFile()[pri:4, instance:com.PRMSTool.Tests.SalesLeadScreenTest@5fd4f8f5]" started-at="2021-04-23T17:57:49 IST" name="verifydownloadFile" finished-at="2021-04-23T17:57:57 IST" duration-ms="8347" status="PASS">
          <reporter-output>
          </reporter-output>
        </test-method> <!-- verifydownloadFile -->
        <test-method signature="verifyclickOnFileUploadBack()[pri:5, instance:com.PRMSTool.Tests.SalesLeadScreenTest@5fd4f8f5]" started-at="2021-04-23T17:57:57 IST" name="verifyclickOnFileUploadBack" finished-at="2021-04-23T17:57:58 IST" duration-ms="347" status="PASS">
          <reporter-output>
          </reporter-output>
        </test-method> <!-- verifyclickOnFileUploadBack -->
        <test-method signature="verifysearch()[pri:6, instance:com.PRMSTool.Tests.SalesLeadScreenTest@5fd4f8f5]" started-at="2021-04-23T17:57:58 IST" name="verifysearch" finished-at="2021-04-23T17:58:08 IST" duration-ms="10597" status="PASS">
          <reporter-output>
          </reporter-output>
        </test-method> <!-- verifysearch -->
        <test-method signature="verifyclickOnEditButton()[pri:7, instance:com.PRMSTool.Tests.SalesLeadScreenTest@5fd4f8f5]" started-at="2021-04-23T17:58:08 IST" name="verifyclickOnEditButton" finished-at="2021-04-23T17:58:09 IST" duration-ms="553" status="PASS">
          <reporter-output>
          </reporter-output>
        </test-method> <!-- verifyclickOnEditButton -->
        <test-method is-config="true" signature="finish()[pri:0, instance:com.PRMSTool.Tests.SalesLeadScreenTest@5fd4f8f5]" started-at="2021-04-23T17:58:09 IST" name="finish" finished-at="2021-04-23T17:58:10 IST" duration-ms="843" status="PASS">
          <reporter-output>
          </reporter-output>
        </test-method> <!-- finish -->
      </class> <!-- com.PRMSTool.Tests.SalesLeadScreenTest -->
    </test> <!-- Default test -->
  </suite> <!-- Default suite -->
</testng-results>
