<?xml version="1.0" encoding="UTF-8"?>
<testng-results ignored="0" total="34" passed="34" failed="0" skipped="0">
  <reporter-output>
  </reporter-output>
  <suite started-at="2021-07-23T19:05:17 IST" name="Default suite" finished-at="2021-07-23T19:08:09 IST" duration-ms="171605">
    <groups>
    </groups>
    <test started-at="2021-07-23T19:05:17 IST" name="Default test" finished-at="2021-07-23T19:08:09 IST" duration-ms="171605">
      <class name="com.PRMSTool.Tests.ClientReviewTest">
        <test-method is-config="true" signature="OpenBrowser()[pri:0, instance:com.PRMSTool.Tests.ClientReviewTest@1613674b]" started-at="2021-07-23T19:05:13 IST" name="OpenBrowser" finished-at="2021-07-23T19:05:17 IST" duration-ms="4018" status="PASS">
          <reporter-output>
          </reporter-output>
        </test-method> <!-- OpenBrowser -->
        <test-method signature="verifyLogin()[pri:0, instance:com.PRMSTool.Tests.ClientReviewTest@1613674b]" started-at="2021-07-23T19:05:17 IST" name="verifyLogin" finished-at="2021-07-23T19:05:27 IST" duration-ms="9511" status="PASS">
          <reporter-output>
          </reporter-output>
        </test-method> <!-- verifyLogin -->
        <test-method signature="verifyclickOnClientReview()[pri:1, instance:com.PRMSTool.Tests.ClientReviewTest@1613674b]" started-at="2021-07-23T19:05:27 IST" name="verifyclickOnClientReview" finished-at="2021-07-23T19:05:32 IST" duration-ms="5056" status="PASS">
          <reporter-output>
          </reporter-output>
        </test-method> <!-- verifyclickOnClientReview -->
        <test-method signature="verifyclickOnAddNew()[pri:2, instance:com.PRMSTool.Tests.ClientReviewTest@1613674b]" started-at="2021-07-23T19:05:32 IST" name="verifyclickOnAddNew" finished-at="2021-07-23T19:05:37 IST" duration-ms="5467" status="PASS">
          <reporter-output>
          </reporter-output>
        </test-method> <!-- verifyclickOnAddNew -->
        <test-method signature="verifyaddNewClientReview()[pri:3, instance:com.PRMSTool.Tests.ClientReviewTest@1613674b]" started-at="2021-07-23T19:05:37 IST" name="verifyaddNewClientReview" finished-at="2021-07-23T19:06:03 IST" duration-ms="26076" status="PASS">
          <reporter-output>
          </reporter-output>
        </test-method> <!-- verifyaddNewClientReview -->
        <test-method signature="verifysearch()[pri:4, instance:com.PRMSTool.Tests.ClientReviewTest@1613674b]" started-at="2021-07-23T19:06:03 IST" name="verifysearch" finished-at="2021-07-23T19:06:13 IST" duration-ms="10196" status="PASS">
          <reporter-output>
          </reporter-output>
        </test-method> <!-- verifysearch -->
        <test-method signature="verifyclickOnEditButton()[pri:5, instance:com.PRMSTool.Tests.ClientReviewTest@1613674b]" started-at="2021-07-23T19:06:13 IST" name="verifyclickOnEditButton" finished-at="2021-07-23T19:06:13 IST" duration-ms="126" status="PASS">
          <reporter-output>
          </reporter-output>
        </test-method> <!-- verifyclickOnEditButton -->
        <test-method signature="verifyeditClientReview()[pri:6, instance:com.PRMSTool.Tests.ClientReviewTest@1613674b]" started-at="2021-07-23T19:06:13 IST" name="verifyeditClientReview" finished-at="2021-07-23T19:06:33 IST" duration-ms="19834" status="PASS">
          <reporter-output>
          </reporter-output>
        </test-method> <!-- verifyeditClientReview -->
        <test-method signature="verifyclickOnUpdateButton()[pri:7, instance:com.PRMSTool.Tests.ClientReviewTest@1613674b]" started-at="2021-07-23T19:06:33 IST" name="verifyclickOnUpdateButton" finished-at="2021-07-23T19:06:33 IST" duration-ms="69" status="PASS">
          <reporter-output>
          </reporter-output>
        </test-method> <!-- verifyclickOnUpdateButton -->
        <test-method signature="verifydelete()[pri:8, instance:com.PRMSTool.Tests.ClientReviewTest@1613674b]" started-at="2021-07-23T19:06:33 IST" name="verifydelete" finished-at="2021-07-23T19:06:52 IST" duration-ms="18507" status="PASS">
          <reporter-output>
          </reporter-output>
        </test-method> <!-- verifydelete -->
        <test-method signature="verifydisplayDateJanuary()[pri:9, instance:com.PRMSTool.Tests.ClientReviewTest@1613674b]" started-at="2021-07-23T19:06:52 IST" name="verifydisplayDateJanuary" finished-at="2021-07-23T19:06:55 IST" duration-ms="3205" status="PASS">
          <reporter-output>
          </reporter-output>
        </test-method> <!-- verifydisplayDateJanuary -->
        <test-method signature="verifydisplayDateJanuary1()[pri:10, instance:com.PRMSTool.Tests.ClientReviewTest@1613674b]" started-at="2021-07-23T19:06:55 IST" name="verifydisplayDateJanuary1" finished-at="2021-07-23T19:06:58 IST" duration-ms="3162" status="PASS">
          <reporter-output>
          </reporter-output>
        </test-method> <!-- verifydisplayDateJanuary1 -->
        <test-method signature="verifydisplayDateFebruary()[pri:11, instance:com.PRMSTool.Tests.ClientReviewTest@1613674b]" started-at="2021-07-23T19:06:58 IST" name="verifydisplayDateFebruary" finished-at="2021-07-23T19:07:01 IST" duration-ms="3179" status="PASS">
          <reporter-output>
          </reporter-output>
        </test-method> <!-- verifydisplayDateFebruary -->
        <test-method signature="verifydisplayDateFebruary1()[pri:12, instance:com.PRMSTool.Tests.ClientReviewTest@1613674b]" started-at="2021-07-23T19:07:01 IST" name="verifydisplayDateFebruary1" finished-at="2021-07-23T19:07:05 IST" duration-ms="3174" status="PASS">
          <reporter-output>
          </reporter-output>
        </test-method> <!-- verifydisplayDateFebruary1 -->
        <test-method signature="verifydisplayDateMarch()[pri:13, instance:com.PRMSTool.Tests.ClientReviewTest@1613674b]" started-at="2021-07-23T19:07:05 IST" name="verifydisplayDateMarch" finished-at="2021-07-23T19:07:08 IST" duration-ms="3157" status="PASS">
          <reporter-output>
          </reporter-output>
        </test-method> <!-- verifydisplayDateMarch -->
        <test-method signature="verifydisplayDateMarch1()[pri:14, instance:com.PRMSTool.Tests.ClientReviewTest@1613674b]" started-at="2021-07-23T19:07:08 IST" name="verifydisplayDateMarch1" finished-at="2021-07-23T19:07:11 IST" duration-ms="3167" status="PASS">
          <reporter-output>
          </reporter-output>
        </test-method> <!-- verifydisplayDateMarch1 -->
        <test-method signature="verifydisplayDateApril()[pri:15, instance:com.PRMSTool.Tests.ClientReviewTest@1613674b]" started-at="2021-07-23T19:07:11 IST" name="verifydisplayDateApril" finished-at="2021-07-23T19:07:14 IST" duration-ms="3159" status="PASS">
          <reporter-output>
          </reporter-output>
        </test-method> <!-- verifydisplayDateApril -->
        <test-method signature="verifydisplayDateApril1()[pri:16, instance:com.PRMSTool.Tests.ClientReviewTest@1613674b]" started-at="2021-07-23T19:07:14 IST" name="verifydisplayDateApril1" finished-at="2021-07-23T19:07:17 IST" duration-ms="3149" status="PASS">
          <reporter-output>
          </reporter-output>
        </test-method> <!-- verifydisplayDateApril1 -->
        <test-method signature="verifydisplayDateMay()[pri:17, instance:com.PRMSTool.Tests.ClientReviewTest@1613674b]" started-at="2021-07-23T19:07:17 IST" name="verifydisplayDateMay" finished-at="2021-07-23T19:07:20 IST" duration-ms="3161" status="PASS">
          <reporter-output>
          </reporter-output>
        </test-method> <!-- verifydisplayDateMay -->
        <test-method signature="verifydisplayDateMay1()[pri:18, instance:com.PRMSTool.Tests.ClientReviewTest@1613674b]" started-at="2021-07-23T19:07:20 IST" name="verifydisplayDateMay1" finished-at="2021-07-23T19:07:24 IST" duration-ms="3168" status="PASS">
          <reporter-output>
          </reporter-output>
        </test-method> <!-- verifydisplayDateMay1 -->
        <test-method signature="verifydisplayDateJune()[pri:19, instance:com.PRMSTool.Tests.ClientReviewTest@1613674b]" started-at="2021-07-23T19:07:24 IST" name="verifydisplayDateJune" finished-at="2021-07-23T19:07:27 IST" duration-ms="3168" status="PASS">
          <reporter-output>
          </reporter-output>
        </test-method> <!-- verifydisplayDateJune -->
        <test-method signature="verifydisplayDateJune1()[pri:20, instance:com.PRMSTool.Tests.ClientReviewTest@1613674b]" started-at="2021-07-23T19:07:27 IST" name="verifydisplayDateJune1" finished-at="2021-07-23T19:07:30 IST" duration-ms="3160" status="PASS">
          <reporter-output>
          </reporter-output>
        </test-method> <!-- verifydisplayDateJune1 -->
        <test-method signature="verifydisplayDateJuly()[pri:21, instance:com.PRMSTool.Tests.ClientReviewTest@1613674b]" started-at="2021-07-23T19:07:30 IST" name="verifydisplayDateJuly" finished-at="2021-07-23T19:07:33 IST" duration-ms="3164" status="PASS">
          <reporter-output>
          </reporter-output>
        </test-method> <!-- verifydisplayDateJuly -->
        <test-method signature="verifydisplayDateJuly1()[pri:22, instance:com.PRMSTool.Tests.ClientReviewTest@1613674b]" started-at="2021-07-23T19:07:33 IST" name="verifydisplayDateJuly1" finished-at="2021-07-23T19:07:36 IST" duration-ms="3159" status="PASS">
          <reporter-output>
          </reporter-output>
        </test-method> <!-- verifydisplayDateJuly1 -->
        <test-method signature="verifydisplayDateAugust()[pri:23, instance:com.PRMSTool.Tests.ClientReviewTest@1613674b]" started-at="2021-07-23T19:07:36 IST" name="verifydisplayDateAugust" finished-at="2021-07-23T19:07:39 IST" duration-ms="3171" status="PASS">
          <reporter-output>
          </reporter-output>
        </test-method> <!-- verifydisplayDateAugust -->
        <test-method signature="verifydisplayDateAugust1()[pri:24, instance:com.PRMSTool.Tests.ClientReviewTest@1613674b]" started-at="2021-07-23T19:07:39 IST" name="verifydisplayDateAugust1" finished-at="2021-07-23T19:07:43 IST" duration-ms="3157" status="PASS">
          <reporter-output>
          </reporter-output>
        </test-method> <!-- verifydisplayDateAugust1 -->
        <test-method signature="verifydisplayDateSeptember()[pri:25, instance:com.PRMSTool.Tests.ClientReviewTest@1613674b]" started-at="2021-07-23T19:07:43 IST" name="verifydisplayDateSeptember" finished-at="2021-07-23T19:07:46 IST" duration-ms="3156" status="PASS">
          <reporter-output>
          </reporter-output>
        </test-method> <!-- verifydisplayDateSeptember -->
        <test-method signature="verifydisplayDateSeptember1()[pri:26, instance:com.PRMSTool.Tests.ClientReviewTest@1613674b]" started-at="2021-07-23T19:07:46 IST" name="verifydisplayDateSeptember1" finished-at="2021-07-23T19:07:49 IST" duration-ms="3163" status="PASS">
          <reporter-output>
          </reporter-output>
        </test-method> <!-- verifydisplayDateSeptember1 -->
        <test-method signature="verifydisplayDateOctober()[pri:27, instance:com.PRMSTool.Tests.ClientReviewTest@1613674b]" started-at="2021-07-23T19:07:49 IST" name="verifydisplayDateOctober" finished-at="2021-07-23T19:07:52 IST" duration-ms="3167" status="PASS">
          <reporter-output>
          </reporter-output>
        </test-method> <!-- verifydisplayDateOctober -->
        <test-method signature="verifydisplayDateOctober1()[pri:28, instance:com.PRMSTool.Tests.ClientReviewTest@1613674b]" started-at="2021-07-23T19:07:52 IST" name="verifydisplayDateOctober1" finished-at="2021-07-23T19:07:55 IST" duration-ms="3148" status="PASS">
          <reporter-output>
          </reporter-output>
        </test-method> <!-- verifydisplayDateOctober1 -->
        <test-method signature="verifydisplayDateNovember()[pri:29, instance:com.PRMSTool.Tests.ClientReviewTest@1613674b]" started-at="2021-07-23T19:07:55 IST" name="verifydisplayDateNovember" finished-at="2021-07-23T19:07:58 IST" duration-ms="3165" status="PASS">
          <reporter-output>
          </reporter-output>
        </test-method> <!-- verifydisplayDateNovember -->
        <test-method signature="verifydisplayDateNovember1()[pri:30, instance:com.PRMSTool.Tests.ClientReviewTest@1613674b]" started-at="2021-07-23T19:07:58 IST" name="verifydisplayDateNovember1" finished-at="2021-07-23T19:08:02 IST" duration-ms="3178" status="PASS">
          <reporter-output>
          </reporter-output>
        </test-method> <!-- verifydisplayDateNovember1 -->
        <test-method signature="verifydisplayDateDecember()[pri:31, instance:com.PRMSTool.Tests.ClientReviewTest@1613674b]" started-at="2021-07-23T19:08:02 IST" name="verifydisplayDateDecember" finished-at="2021-07-23T19:08:05 IST" duration-ms="3162" status="PASS">
          <reporter-output>
          </reporter-output>
        </test-method> <!-- verifydisplayDateDecember -->
        <test-method signature="verifydisplayDateDecember1()[pri:32, instance:com.PRMSTool.Tests.ClientReviewTest@1613674b]" started-at="2021-07-23T19:08:05 IST" name="verifydisplayDateDecember1" finished-at="2021-07-23T19:08:08 IST" duration-ms="3159" status="PASS">
          <reporter-output>
          </reporter-output>
        </test-method> <!-- verifydisplayDateDecember1 -->
        <test-method signature="verifydisplayYearAll()[pri:33, instance:com.PRMSTool.Tests.ClientReviewTest@1613674b]" started-at="2021-07-23T19:08:08 IST" name="verifydisplayYearAll" finished-at="2021-07-23T19:08:09 IST" duration-ms="729" status="PASS">
          <reporter-output>
          </reporter-output>
        </test-method> <!-- verifydisplayYearAll -->
        <test-method is-config="true" signature="finish()[pri:0, instance:com.PRMSTool.Tests.ClientReviewTest@1613674b]" started-at="2021-07-23T19:08:09 IST" name="finish" finished-at="2021-07-23T19:08:09 IST" duration-ms="692" status="PASS">
          <reporter-output>
          </reporter-output>
        </test-method> <!-- finish -->
      </class> <!-- com.PRMSTool.Tests.ClientReviewTest -->
    </test> <!-- Default test -->
  </suite> <!-- Default suite -->
</testng-results>
