<?xml version="1.0" encoding="UTF-8"?>
<testng-results ignored="1" total="19" passed="18" failed="0" skipped="0">
  <reporter-output>
  </reporter-output>
  <suite started-at="2021-03-08T18:19:18 IST" name="Default suite" finished-at="2021-03-08T18:21:29 IST" duration-ms="131345">
    <groups>
    </groups>
    <test started-at="2021-03-08T18:19:18 IST" name="Default test" finished-at="2021-03-08T18:21:29 IST" duration-ms="131345">
      <class name="com.PRMSTool.Tests.ClientScreenTest">
        <test-method is-config="true" signature="OpenBrowserGrade()[pri:0, instance:com.PRMSTool.Tests.ClientScreenTest@a3d8174]" started-at="2021-03-08T18:19:11 IST" name="OpenBrowserGrade" finished-at="2021-03-08T18:19:18 IST" duration-ms="6910" status="PASS">
          <reporter-output>
          </reporter-output>
        </test-method> <!-- OpenBrowserGrade -->
        <test-method signature="verifyLogin()[pri:0, instance:com.PRMSTool.Tests.ClientScreenTest@a3d8174]" started-at="2021-03-08T18:19:18 IST" name="verifyLogin" finished-at="2021-03-08T18:19:24 IST" duration-ms="5429" status="PASS">
          <reporter-output>
          </reporter-output>
        </test-method> <!-- verifyLogin -->
        <test-method signature="verifyclickOnAddNew()[pri:2, instance:com.PRMSTool.Tests.ClientScreenTest@a3d8174]" started-at="2021-03-08T18:19:24 IST" name="verifyclickOnAddNew" finished-at="2021-03-08T18:19:31 IST" duration-ms="7581" status="PASS">
          <reporter-output>
          </reporter-output>
        </test-method> <!-- verifyclickOnAddNew -->
        <test-method signature="verifyaddNewClientInformation()[pri:3, instance:com.PRMSTool.Tests.ClientScreenTest@a3d8174]" started-at="2021-03-08T18:19:31 IST" name="verifyaddNewClientInformation" finished-at="2021-03-08T18:19:40 IST" duration-ms="8616" status="PASS">
          <reporter-output>
          </reporter-output>
        </test-method> <!-- verifyaddNewClientInformation -->
        <test-method signature="verifyclickOnAgreementDetails()[pri:4, instance:com.PRMSTool.Tests.ClientScreenTest@a3d8174]" started-at="2021-03-08T18:19:40 IST" name="verifyclickOnAgreementDetails" finished-at="2021-03-08T18:19:40 IST" duration-ms="279" status="PASS">
          <reporter-output>
          </reporter-output>
        </test-method> <!-- verifyclickOnAgreementDetails -->
        <test-method signature="verifyselectAgreementSignedDate()[pri:5, instance:com.PRMSTool.Tests.ClientScreenTest@a3d8174]" started-at="2021-03-08T18:19:40 IST" name="verifyselectAgreementSignedDate" finished-at="2021-03-08T18:19:50 IST" duration-ms="9719" status="PASS">
          <reporter-output>
          </reporter-output>
        </test-method> <!-- verifyselectAgreementSignedDate -->
        <test-method signature="verifyselectApproxStartDate()[pri:6, instance:com.PRMSTool.Tests.ClientScreenTest@a3d8174]" started-at="2021-03-08T18:19:50 IST" name="verifyselectApproxStartDate" finished-at="2021-03-08T18:19:59 IST" duration-ms="9457" status="PASS">
          <reporter-output>
          </reporter-output>
        </test-method> <!-- verifyselectApproxStartDate -->
        <test-method signature="verifyaddAgreementDetails()[pri:7, instance:com.PRMSTool.Tests.ClientScreenTest@a3d8174]" started-at="2021-03-08T18:19:59 IST" name="verifyaddAgreementDetails" finished-at="2021-03-08T18:20:02 IST" duration-ms="2317" status="PASS">
          <reporter-output>
          </reporter-output>
        </test-method> <!-- verifyaddAgreementDetails -->
        <test-method signature="verifyclickOnStakeholderDetails()[pri:8, instance:com.PRMSTool.Tests.ClientScreenTest@a3d8174]" started-at="2021-03-08T18:20:02 IST" name="verifyclickOnStakeholderDetails" finished-at="2021-03-08T18:20:02 IST" duration-ms="268" status="PASS">
          <reporter-output>
          </reporter-output>
        </test-method> <!-- verifyclickOnStakeholderDetails -->
        <test-method signature="verifyaddStakeholderDetails()[pri:9, instance:com.PRMSTool.Tests.ClientScreenTest@a3d8174]" started-at="2021-03-08T18:20:02 IST" name="verifyaddStakeholderDetails" finished-at="2021-03-08T18:20:09 IST" duration-ms="6865" status="PASS">
          <reporter-output>
          </reporter-output>
        </test-method> <!-- verifyaddStakeholderDetails -->
        <test-method signature="verifyclickOnAdd()[pri:10, instance:com.PRMSTool.Tests.ClientScreenTest@a3d8174]" started-at="2021-03-08T18:20:09 IST" name="verifyclickOnAdd" finished-at="2021-03-08T18:20:09 IST" duration-ms="206" status="PASS">
          <reporter-output>
          </reporter-output>
        </test-method> <!-- verifyclickOnAdd -->
        <test-method signature="verifysearchClient()[pri:11, instance:com.PRMSTool.Tests.ClientScreenTest@a3d8174]" started-at="2021-03-08T18:20:09 IST" name="verifysearchClient" finished-at="2021-03-08T18:20:28 IST" duration-ms="19106" status="PASS">
          <reporter-output>
          </reporter-output>
        </test-method> <!-- verifysearchClient -->
        <test-method signature="verifyeditClient()[pri:12, instance:com.PRMSTool.Tests.ClientScreenTest@a3d8174]" started-at="2021-03-08T18:20:28 IST" name="verifyeditClient" finished-at="2021-03-08T18:20:29 IST" duration-ms="747" status="PASS">
          <reporter-output>
          </reporter-output>
        </test-method> <!-- verifyeditClient -->
        <test-method signature="verifyeditClientInformation()[pri:13, instance:com.PRMSTool.Tests.ClientScreenTest@a3d8174]" started-at="2021-03-08T18:20:29 IST" name="verifyeditClientInformation" finished-at="2021-03-08T18:20:39 IST" duration-ms="9949" status="PASS">
          <reporter-output>
          </reporter-output>
        </test-method> <!-- verifyeditClientInformation -->
        <test-method signature="verifyeditAgreementDetails()[pri:14, instance:com.PRMSTool.Tests.ClientScreenTest@a3d8174]" started-at="2021-03-08T18:20:39 IST" name="verifyeditAgreementDetails" finished-at="2021-03-08T18:20:47 IST" duration-ms="8549" status="PASS">
          <reporter-output>
          </reporter-output>
        </test-method> <!-- verifyeditAgreementDetails -->
        <test-method signature="verifyeditStakeholder()[pri:15, instance:com.PRMSTool.Tests.ClientScreenTest@a3d8174]" started-at="2021-03-08T18:20:47 IST" name="verifyeditStakeholder" finished-at="2021-03-08T18:20:55 IST" duration-ms="7634" status="PASS">
          <reporter-output>
          </reporter-output>
        </test-method> <!-- verifyeditStakeholder -->
        <test-method signature="verifyclickOnUpdateClient()[pri:16, instance:com.PRMSTool.Tests.ClientScreenTest@a3d8174]" started-at="2021-03-08T18:20:55 IST" name="verifyclickOnUpdateClient" finished-at="2021-03-08T18:20:55 IST" duration-ms="211" status="PASS">
          <reporter-output>
          </reporter-output>
        </test-method> <!-- verifyclickOnUpdateClient -->
        <test-method signature="verifydeleteClient()[pri:17, instance:com.PRMSTool.Tests.ClientScreenTest@a3d8174]" started-at="2021-03-08T18:20:55 IST" name="verifydeleteClient" finished-at="2021-03-08T18:21:21 IST" duration-ms="25671" status="PASS">
          <reporter-output>
          </reporter-output>
        </test-method> <!-- verifydeleteClient -->
        <test-method signature="verifydownloadFile()[pri:18, instance:com.PRMSTool.Tests.ClientScreenTest@a3d8174]" started-at="2021-03-08T18:21:21 IST" name="verifydownloadFile" finished-at="2021-03-08T18:21:29 IST" duration-ms="8571" status="PASS">
          <reporter-output>
          </reporter-output>
        </test-method> <!-- verifydownloadFile -->
        <test-method is-config="true" signature="finish()[pri:0, instance:com.PRMSTool.Tests.ClientScreenTest@a3d8174]" started-at="2021-03-08T18:21:30 IST" name="finish" finished-at="2021-03-08T18:21:31 IST" duration-ms="863" status="PASS">
          <reporter-output>
          </reporter-output>
        </test-method> <!-- finish -->
      </class> <!-- com.PRMSTool.Tests.ClientScreenTest -->
    </test> <!-- Default test -->
  </suite> <!-- Default suite -->
</testng-results>
