<?xml version="1.0" encoding="UTF-8"?>
<testng-results ignored="0" total="22" passed="22" failed="0" skipped="0">
  <reporter-output>
  </reporter-output>
  <suite started-at="2021-05-12T18:17:13 IST" name="Default suite" finished-at="2021-05-12T18:20:06 IST" duration-ms="173203">
    <groups>
    </groups>
    <test started-at="2021-05-12T18:17:13 IST" name="Default test" finished-at="2021-05-12T18:20:06 IST" duration-ms="173203">
      <class name="com.PRMSTool.Tests.ProjectResourceScreenTest">
        <test-method is-config="true" signature="OpenBrowser()[pri:0, instance:com.PRMSTool.Tests.ProjectResourceScreenTest@272ed83b]" started-at="2021-05-12T18:17:08 IST" name="OpenBrowser" finished-at="2021-05-12T18:17:13 IST" duration-ms="4704" status="PASS">
          <reporter-output>
          </reporter-output>
        </test-method> <!-- OpenBrowser -->
        <test-method signature="verifyLogin()[pri:0, instance:com.PRMSTool.Tests.ProjectResourceScreenTest@272ed83b]" started-at="2021-05-12T18:17:13 IST" name="verifyLogin" finished-at="2021-05-12T18:17:23 IST" duration-ms="9917" status="PASS">
          <reporter-output>
          </reporter-output>
        </test-method> <!-- verifyLogin -->
        <test-method signature="verifyclickOnProjectResource()[pri:1, instance:com.PRMSTool.Tests.ProjectResourceScreenTest@272ed83b]" started-at="2021-05-12T18:17:23 IST" name="verifyclickOnProjectResource" finished-at="2021-05-12T18:17:28 IST" duration-ms="5092" status="PASS">
          <reporter-output>
          </reporter-output>
        </test-method> <!-- verifyclickOnProjectResource -->
        <test-method signature="verifyclickOnAddNew()[pri:2, instance:com.PRMSTool.Tests.ProjectResourceScreenTest@272ed83b]" started-at="2021-05-12T18:17:28 IST" name="verifyclickOnAddNew" finished-at="2021-05-12T18:17:34 IST" duration-ms="5472" status="PASS">
          <reporter-output>
          </reporter-output>
        </test-method> <!-- verifyclickOnAddNew -->
        <test-method signature="verifyaddProjectResourceDetails()[pri:3, instance:com.PRMSTool.Tests.ProjectResourceScreenTest@272ed83b]" started-at="2021-05-12T18:17:34 IST" name="verifyaddProjectResourceDetails" finished-at="2021-05-12T18:18:04 IST" duration-ms="30204" status="PASS">
          <reporter-output>
          </reporter-output>
        </test-method> <!-- verifyaddProjectResourceDetails -->
        <test-method signature="verifyselectStartDate()[pri:4, instance:com.PRMSTool.Tests.ProjectResourceScreenTest@272ed83b]" started-at="2021-05-12T18:18:04 IST" name="verifyselectStartDate" finished-at="2021-05-12T18:18:07 IST" duration-ms="2776" status="PASS">
          <reporter-output>
          </reporter-output>
        </test-method> <!-- verifyselectStartDate -->
        <test-method signature="verifyselectEndDate()[pri:5, instance:com.PRMSTool.Tests.ProjectResourceScreenTest@272ed83b]" started-at="2021-05-12T18:18:07 IST" name="verifyselectEndDate" finished-at="2021-05-12T18:18:09 IST" duration-ms="2799" status="PASS">
          <reporter-output>
          </reporter-output>
        </test-method> <!-- verifyselectEndDate -->
        <test-method signature="verifyclickOnAdd()[pri:6, instance:com.PRMSTool.Tests.ProjectResourceScreenTest@272ed83b]" started-at="2021-05-12T18:18:09 IST" name="verifyclickOnAdd" finished-at="2021-05-12T18:18:09 IST" duration-ms="95" status="PASS">
          <reporter-output>
          </reporter-output>
        </test-method> <!-- verifyclickOnAdd -->
        <test-method signature="verifysearch()[pri:7, instance:com.PRMSTool.Tests.ProjectResourceScreenTest@272ed83b]" started-at="2021-05-12T18:18:09 IST" name="verifysearch" finished-at="2021-05-12T18:18:26 IST" duration-ms="16209" status="PASS">
          <reporter-output>
          </reporter-output>
        </test-method> <!-- verifysearch -->
        <test-method signature="verifyclickOnEditButton()[pri:8, instance:com.PRMSTool.Tests.ProjectResourceScreenTest@272ed83b]" started-at="2021-05-12T18:18:26 IST" name="verifyclickOnEditButton" finished-at="2021-05-12T18:18:26 IST" duration-ms="117" status="PASS">
          <reporter-output>
          </reporter-output>
        </test-method> <!-- verifyclickOnEditButton -->
        <test-method signature="verifyeditResourceInformation()[pri:9, instance:com.PRMSTool.Tests.ProjectResourceScreenTest@272ed83b]" started-at="2021-05-12T18:18:26 IST" name="verifyeditResourceInformation" finished-at="2021-05-12T18:19:02 IST" duration-ms="36769" status="PASS">
          <reporter-output>
          </reporter-output>
        </test-method> <!-- verifyeditResourceInformation -->
        <test-method signature="verifyclickOnUpdateButton()[pri:10, instance:com.PRMSTool.Tests.ProjectResourceScreenTest@272ed83b]" started-at="2021-05-12T18:19:02 IST" name="verifyclickOnUpdateButton" finished-at="2021-05-12T18:19:03 IST" duration-ms="84" status="PASS">
          <reporter-output>
          </reporter-output>
        </test-method> <!-- verifyclickOnUpdateButton -->
        <test-method signature="verifydelete()[pri:11, instance:com.PRMSTool.Tests.ProjectResourceScreenTest@272ed83b]" started-at="2021-05-12T18:19:03 IST" name="verifydelete" finished-at="2021-05-12T18:19:09 IST" duration-ms="6713" status="PASS">
          <reporter-output>
          </reporter-output>
        </test-method> <!-- verifydelete -->
        <test-method signature="verifydownloadFile()[pri:12, instance:com.PRMSTool.Tests.ProjectResourceScreenTest@272ed83b]" started-at="2021-05-12T18:19:09 IST" name="verifydownloadFile" finished-at="2021-05-12T18:19:14 IST" duration-ms="5103" status="PASS">
          <reporter-output>
          </reporter-output>
        </test-method> <!-- verifydownloadFile -->
        <test-method signature="verifydisplayAllStatusList()[pri:13, instance:com.PRMSTool.Tests.ProjectResourceScreenTest@272ed83b]" started-at="2021-05-12T18:19:14 IST" name="verifydisplayAllStatusList" finished-at="2021-05-12T18:19:25 IST" duration-ms="10206" status="PASS">
          <reporter-output>
          </reporter-output>
        </test-method> <!-- verifydisplayAllStatusList -->
        <test-method signature="verifydisplayInactiveStatusList()[pri:14, instance:com.PRMSTool.Tests.ProjectResourceScreenTest@272ed83b]" started-at="2021-05-12T18:19:25 IST" name="verifydisplayInactiveStatusList" finished-at="2021-05-12T18:19:30 IST" duration-ms="5176" status="PASS">
          <reporter-output>
          </reporter-output>
        </test-method> <!-- verifydisplayInactiveStatusList -->
        <test-method signature="verifydisplayActiveStatusList()[pri:15, instance:com.PRMSTool.Tests.ProjectResourceScreenTest@272ed83b]" started-at="2021-05-12T18:19:30 IST" name="verifydisplayActiveStatusList" finished-at="2021-05-12T18:19:35 IST" duration-ms="5211" status="PASS">
          <reporter-output>
          </reporter-output>
        </test-method> <!-- verifydisplayActiveStatusList -->
        <test-method signature="verifydisplayvResourcingBusinessUnit()[pri:16, instance:com.PRMSTool.Tests.ProjectResourceScreenTest@272ed83b]" started-at="2021-05-12T18:19:35 IST" name="verifydisplayvResourcingBusinessUnit" finished-at="2021-05-12T18:19:40 IST" duration-ms="5205" status="PASS">
          <reporter-output>
          </reporter-output>
        </test-method> <!-- verifydisplayvResourcingBusinessUnit -->
        <test-method signature="verifydisplayROWBusinessUnit()[pri:17, instance:com.PRMSTool.Tests.ProjectResourceScreenTest@272ed83b]" started-at="2021-05-12T18:19:40 IST" name="verifydisplayROWBusinessUnit" finished-at="2021-05-12T18:19:45 IST" duration-ms="5210" status="PASS">
          <reporter-output>
          </reporter-output>
        </test-method> <!-- verifydisplayROWBusinessUnit -->
        <test-method signature="verifydisplayLicenceBusinessUnit()[pri:18, instance:com.PRMSTool.Tests.ProjectResourceScreenTest@272ed83b]" started-at="2021-05-12T18:19:45 IST" name="verifydisplayLicenceBusinessUnit" finished-at="2021-05-12T18:19:51 IST" duration-ms="5192" status="PASS">
          <reporter-output>
          </reporter-output>
        </test-method> <!-- verifydisplayLicenceBusinessUnit -->
        <test-method signature="verifydisplayPracticesBusinessUnit()[pri:19, instance:com.PRMSTool.Tests.ProjectResourceScreenTest@272ed83b]" started-at="2021-05-12T18:19:51 IST" name="verifydisplayPracticesBusinessUnit" finished-at="2021-05-12T18:19:56 IST" duration-ms="5202" status="PASS">
          <reporter-output>
          </reporter-output>
        </test-method> <!-- verifydisplayPracticesBusinessUnit -->
        <test-method signature="verifydisplaySafeGuardBusinessUnit()[pri:20, instance:com.PRMSTool.Tests.ProjectResourceScreenTest@272ed83b]" started-at="2021-05-12T18:19:56 IST" name="verifydisplaySafeGuardBusinessUnit" finished-at="2021-05-12T18:20:01 IST" duration-ms="5194" status="PASS">
          <reporter-output>
          </reporter-output>
        </test-method> <!-- verifydisplaySafeGuardBusinessUnit -->
        <test-method signature="verifydisplayAllBusinessUnit()[pri:21, instance:com.PRMSTool.Tests.ProjectResourceScreenTest@272ed83b]" started-at="2021-05-12T18:20:01 IST" name="verifydisplayAllBusinessUnit" finished-at="2021-05-12T18:20:06 IST" duration-ms="5185" status="PASS">
          <reporter-output>
          </reporter-output>
        </test-method> <!-- verifydisplayAllBusinessUnit -->
        <test-method is-config="true" signature="finish()[pri:0, instance:com.PRMSTool.Tests.ProjectResourceScreenTest@272ed83b]" started-at="2021-05-12T18:20:06 IST" name="finish" finished-at="2021-05-12T18:20:07 IST" duration-ms="816" status="PASS">
          <reporter-output>
          </reporter-output>
        </test-method> <!-- finish -->
      </class> <!-- com.PRMSTool.Tests.ProjectResourceScreenTest -->
    </test> <!-- Default test -->
  </suite> <!-- Default suite -->
</testng-results>
