<?xml version="1.0" encoding="UTF-8"?>
<testng-results ignored="0" total="20" passed="20" failed="0" skipped="0">
  <reporter-output>
  </reporter-output>
  <suite started-at="2021-03-15T11:00:19 IST" name="Default suite" finished-at="2021-03-15T11:02:32 IST" duration-ms="132621">
    <groups>
    </groups>
    <test started-at="2021-03-15T11:00:19 IST" name="Default test" finished-at="2021-03-15T11:02:32 IST" duration-ms="132621">
      <class name="com.PRMSTool.Tests.ProjectScreenTest">
        <test-method is-config="true" signature="OpenBrowserGrade()[pri:0, instance:com.PRMSTool.Tests.ProjectScreenTest@1ba9117e]" started-at="2021-03-15T11:00:16 IST" name="OpenBrowserGrade" finished-at="2021-03-15T11:00:19 IST" duration-ms="3227" status="PASS">
          <reporter-output>
          </reporter-output>
        </test-method> <!-- OpenBrowserGrade -->
        <test-method signature="verifyLogin()[pri:0, instance:com.PRMSTool.Tests.ProjectScreenTest@1ba9117e]" started-at="2021-03-15T11:00:19 IST" name="verifyLogin" finished-at="2021-03-15T11:00:22 IST" duration-ms="3159" status="PASS">
          <reporter-output>
          </reporter-output>
        </test-method> <!-- verifyLogin -->
        <test-method signature="verifyclickOnProject()[pri:1, instance:com.PRMSTool.Tests.ProjectScreenTest@1ba9117e]" started-at="2021-03-15T11:00:22 IST" name="verifyclickOnProject" finished-at="2021-03-15T11:00:23 IST" duration-ms="973" status="PASS">
          <reporter-output>
          </reporter-output>
        </test-method> <!-- verifyclickOnProject -->
        <test-method signature="verifyclickOnAddNew()[pri:2, instance:com.PRMSTool.Tests.ProjectScreenTest@1ba9117e]" started-at="2021-03-15T11:00:23 IST" name="verifyclickOnAddNew" finished-at="2021-03-15T11:00:29 IST" duration-ms="5423" status="PASS">
          <reporter-output>
          </reporter-output>
        </test-method> <!-- verifyclickOnAddNew -->
        <test-method signature="verifyaddProjectDetails()[pri:3, instance:com.PRMSTool.Tests.ProjectScreenTest@1ba9117e]" started-at="2021-03-15T11:00:29 IST" name="verifyaddProjectDetails" finished-at="2021-03-15T11:00:40 IST" duration-ms="11306" status="PASS">
          <reporter-output>
          </reporter-output>
        </test-method> <!-- verifyaddProjectDetails -->
        <test-method signature="verifyselectStartDate()[pri:4, instance:com.PRMSTool.Tests.ProjectScreenTest@1ba9117e]" started-at="2021-03-15T11:00:40 IST" name="verifyselectStartDate" finished-at="2021-03-15T11:00:43 IST" duration-ms="2701" status="PASS">
          <reporter-output>
          </reporter-output>
        </test-method> <!-- verifyselectStartDate -->
        <test-method signature="verifyselectEndDate()[pri:5, instance:com.PRMSTool.Tests.ProjectScreenTest@1ba9117e]" started-at="2021-03-15T11:00:43 IST" name="verifyselectEndDate" finished-at="2021-03-15T11:00:46 IST" duration-ms="2818" status="PASS">
          <reporter-output>
          </reporter-output>
        </test-method> <!-- verifyselectEndDate -->
        <test-method signature="verifyselectActualStartDate()[pri:6, instance:com.PRMSTool.Tests.ProjectScreenTest@1ba9117e]" started-at="2021-03-15T11:00:46 IST" name="verifyselectActualStartDate" finished-at="2021-03-15T11:00:48 IST" duration-ms="2722" status="PASS">
          <reporter-output>
          </reporter-output>
        </test-method> <!-- verifyselectActualStartDate -->
        <test-method signature="verifyselectActualEndDate()[pri:7, instance:com.PRMSTool.Tests.ProjectScreenTest@1ba9117e]" started-at="2021-03-15T11:00:48 IST" name="verifyselectActualEndDate" finished-at="2021-03-15T11:00:52 IST" duration-ms="3758" status="PASS">
          <reporter-output>
          </reporter-output>
        </test-method> <!-- verifyselectActualEndDate -->
        <test-method signature="verifyaddProjectDetails1()[pri:8, instance:com.PRMSTool.Tests.ProjectScreenTest@1ba9117e]" started-at="2021-03-15T11:00:52 IST" name="verifyaddProjectDetails1" finished-at="2021-03-15T11:01:17 IST" duration-ms="25286" status="PASS">
          <reporter-output>
          </reporter-output>
        </test-method> <!-- verifyaddProjectDetails1 -->
        <test-method signature="verifyaddBillingDetails()[pri:9, instance:com.PRMSTool.Tests.ProjectScreenTest@1ba9117e]" started-at="2021-03-15T11:01:17 IST" name="verifyaddBillingDetails" finished-at="2021-03-15T11:01:27 IST" duration-ms="10042" status="PASS">
          <reporter-output>
          </reporter-output>
        </test-method> <!-- verifyaddBillingDetails -->
        <test-method signature="verifyclickOnAdd()[pri:10, instance:com.PRMSTool.Tests.ProjectScreenTest@1ba9117e]" started-at="2021-03-15T11:01:27 IST" name="verifyclickOnAdd" finished-at="2021-03-15T11:01:28 IST" duration-ms="306" status="PASS">
          <reporter-output>
          </reporter-output>
        </test-method> <!-- verifyclickOnAdd -->
        <test-method signature="verifysearch()[pri:11, instance:com.PRMSTool.Tests.ProjectScreenTest@1ba9117e]" started-at="2021-03-15T11:01:28 IST" name="verifysearch" finished-at="2021-03-15T11:01:40 IST" duration-ms="11917" status="PASS">
          <reporter-output>
          </reporter-output>
        </test-method> <!-- verifysearch -->
        <test-method signature="verifyclickOnEditButton()[pri:12, instance:com.PRMSTool.Tests.ProjectScreenTest@1ba9117e]" started-at="2021-03-15T11:01:40 IST" name="verifyclickOnEditButton" finished-at="2021-03-15T11:01:40 IST" duration-ms="519" status="PASS">
          <reporter-output>
          </reporter-output>
        </test-method> <!-- verifyclickOnEditButton -->
        <test-method signature="verifyeditProjectInformation()[pri:13, instance:com.PRMSTool.Tests.ProjectScreenTest@1ba9117e]" started-at="2021-03-15T11:01:40 IST" name="verifyeditProjectInformation" finished-at="2021-03-15T11:01:52 IST" duration-ms="11712" status="PASS">
          <reporter-output>
          </reporter-output>
        </test-method> <!-- verifyeditProjectInformation -->
        <test-method signature="verifyclickOnUpdateButton()[pri:14, instance:com.PRMSTool.Tests.ProjectScreenTest@1ba9117e]" started-at="2021-03-15T11:01:52 IST" name="verifyclickOnUpdateButton" finished-at="2021-03-15T11:01:52 IST" duration-ms="225" status="PASS">
          <reporter-output>
          </reporter-output>
        </test-method> <!-- verifyclickOnUpdateButton -->
        <test-method signature="verifydelete()[pri:15, instance:com.PRMSTool.Tests.ProjectScreenTest@1ba9117e]" started-at="2021-03-15T11:01:52 IST" name="verifydelete" finished-at="2021-03-15T11:02:02 IST" duration-ms="9709" status="PASS">
          <reporter-output>
          </reporter-output>
        </test-method> <!-- verifydelete -->
        <test-method signature="verifydownloadFile()[pri:16, instance:com.PRMSTool.Tests.ProjectScreenTest@1ba9117e]" started-at="2021-03-15T11:02:02 IST" name="verifydownloadFile" finished-at="2021-03-15T11:02:10 IST" duration-ms="8382" status="PASS">
          <reporter-output>
          </reporter-output>
        </test-method> <!-- verifydownloadFile -->
        <test-method signature="verifydisplayAllStatusList()[pri:17, instance:com.PRMSTool.Tests.ProjectScreenTest@1ba9117e]" started-at="2021-03-15T11:02:10 IST" name="verifydisplayAllStatusList" finished-at="2021-03-15T11:02:21 IST" duration-ms="10613" status="PASS">
          <reporter-output>
          </reporter-output>
        </test-method> <!-- verifydisplayAllStatusList -->
        <test-method signature="verifydisplayInactiveStatusList()[pri:18, instance:com.PRMSTool.Tests.ProjectScreenTest@1ba9117e]" started-at="2021-03-15T11:02:21 IST" name="verifydisplayInactiveStatusList" finished-at="2021-03-15T11:02:26 IST" duration-ms="5490" status="PASS">
          <reporter-output>
          </reporter-output>
        </test-method> <!-- verifydisplayInactiveStatusList -->
        <test-method signature="verifydisplayActiveStatusList()[pri:19, instance:com.PRMSTool.Tests.ProjectScreenTest@1ba9117e]" started-at="2021-03-15T11:02:26 IST" name="verifydisplayActiveStatusList" finished-at="2021-03-15T11:02:32 IST" duration-ms="5490" status="PASS">
          <reporter-output>
          </reporter-output>
        </test-method> <!-- verifydisplayActiveStatusList -->
        <test-method is-config="true" signature="finish()[pri:0, instance:com.PRMSTool.Tests.ProjectScreenTest@1ba9117e]" started-at="2021-03-15T11:02:32 IST" name="finish" finished-at="2021-03-15T11:02:33 IST" duration-ms="915" status="PASS">
          <reporter-output>
          </reporter-output>
        </test-method> <!-- finish -->
      </class> <!-- com.PRMSTool.Tests.ProjectScreenTest -->
    </test> <!-- Default test -->
  </suite> <!-- Default suite -->
</testng-results>
