<?xml version="1.0" encoding="UTF-8"?>
<testng-results ignored="0" total="13" passed="13" failed="0" skipped="0">
  <reporter-output>
  </reporter-output>
  <suite started-at="2021-03-09T11:17:01 IST" name="Default suite" finished-at="2021-03-09T11:19:10 IST" duration-ms="129592">
    <groups>
    </groups>
    <test started-at="2021-03-09T11:17:01 IST" name="Default test" finished-at="2021-03-09T11:19:10 IST" duration-ms="129592">
      <class name="com.PRMSTool.Tests.ProjectResourceScreenTest">
        <test-method is-config="true" signature="OpenBrowserGrade()[pri:0, instance:com.PRMSTool.Tests.ProjectResourceScreenTest@2f8dad04]" started-at="2021-03-09T11:16:56 IST" name="OpenBrowserGrade" finished-at="2021-03-09T11:17:01 IST" duration-ms="4389" status="PASS">
          <reporter-output>
          </reporter-output>
        </test-method> <!-- OpenBrowserGrade -->
        <test-method signature="verifyLogin()[pri:0, instance:com.PRMSTool.Tests.ProjectResourceScreenTest@2f8dad04]" started-at="2021-03-09T11:17:01 IST" name="verifyLogin" finished-at="2021-03-09T11:17:05 IST" duration-ms="3986" status="PASS">
          <reporter-output>
          </reporter-output>
        </test-method> <!-- verifyLogin -->
        <test-method signature="verifyclickOnProjectResource()[pri:1, instance:com.PRMSTool.Tests.ProjectResourceScreenTest@2f8dad04]" started-at="2021-03-09T11:17:05 IST" name="verifyclickOnProjectResource" finished-at="2021-03-09T11:17:06 IST" duration-ms="1111" status="PASS">
          <reporter-output>
          </reporter-output>
        </test-method> <!-- verifyclickOnProjectResource -->
        <test-method signature="verifyclickOnAddNew()[pri:2, instance:com.PRMSTool.Tests.ProjectResourceScreenTest@2f8dad04]" started-at="2021-03-09T11:17:06 IST" name="verifyclickOnAddNew" finished-at="2021-03-09T11:17:11 IST" duration-ms="5568" status="PASS">
          <reporter-output>
          </reporter-output>
        </test-method> <!-- verifyclickOnAddNew -->
        <test-method signature="verifyaddProjectResourceDetails()[pri:3, instance:com.PRMSTool.Tests.ProjectResourceScreenTest@2f8dad04]" started-at="2021-03-09T11:17:11 IST" name="verifyaddProjectResourceDetails" finished-at="2021-03-09T11:17:48 IST" duration-ms="36990" status="PASS">
          <reporter-output>
          </reporter-output>
        </test-method> <!-- verifyaddProjectResourceDetails -->
        <test-method signature="verifyselectStartDate()[pri:4, instance:com.PRMSTool.Tests.ProjectResourceScreenTest@2f8dad04]" started-at="2021-03-09T11:17:48 IST" name="verifyselectStartDate" finished-at="2021-03-09T11:17:51 IST" duration-ms="2809" status="PASS">
          <reporter-output>
          </reporter-output>
        </test-method> <!-- verifyselectStartDate -->
        <test-method signature="verifyselectEndDate()[pri:5, instance:com.PRMSTool.Tests.ProjectResourceScreenTest@2f8dad04]" started-at="2021-03-09T11:17:51 IST" name="verifyselectEndDate" finished-at="2021-03-09T11:17:54 IST" duration-ms="2800" status="PASS">
          <reporter-output>
          </reporter-output>
        </test-method> <!-- verifyselectEndDate -->
        <test-method signature="verifyclickOnAdd()[pri:6, instance:com.PRMSTool.Tests.ProjectResourceScreenTest@2f8dad04]" started-at="2021-03-09T11:17:54 IST" name="verifyclickOnAdd" finished-at="2021-03-09T11:17:54 IST" duration-ms="95" status="PASS">
          <reporter-output>
          </reporter-output>
        </test-method> <!-- verifyclickOnAdd -->
        <test-method signature="verifysearch()[pri:7, instance:com.PRMSTool.Tests.ProjectResourceScreenTest@2f8dad04]" started-at="2021-03-09T11:17:54 IST" name="verifysearch" finished-at="2021-03-09T11:18:19 IST" duration-ms="24934" status="PASS">
          <reporter-output>
          </reporter-output>
        </test-method> <!-- verifysearch -->
        <test-method signature="verifyclickOnEditButton()[pri:8, instance:com.PRMSTool.Tests.ProjectResourceScreenTest@2f8dad04]" started-at="2021-03-09T11:18:19 IST" name="verifyclickOnEditButton" finished-at="2021-03-09T11:18:19 IST" duration-ms="180" status="PASS">
          <reporter-output>
          </reporter-output>
        </test-method> <!-- verifyclickOnEditButton -->
        <test-method signature="verifyeditResourceInformation()[pri:9, instance:com.PRMSTool.Tests.ProjectResourceScreenTest@2f8dad04]" started-at="2021-03-09T11:18:19 IST" name="verifyeditResourceInformation" finished-at="2021-03-09T11:18:56 IST" duration-ms="36690" status="PASS">
          <reporter-output>
          </reporter-output>
        </test-method> <!-- verifyeditResourceInformation -->
        <test-method signature="verifyclickOnUpdateButton()[pri:10, instance:com.PRMSTool.Tests.ProjectResourceScreenTest@2f8dad04]" started-at="2021-03-09T11:18:56 IST" name="verifyclickOnUpdateButton" finished-at="2021-03-09T11:18:56 IST" duration-ms="82" status="PASS">
          <reporter-output>
          </reporter-output>
        </test-method> <!-- verifyclickOnUpdateButton -->
        <test-method signature="verifydelete()[pri:11, instance:com.PRMSTool.Tests.ProjectResourceScreenTest@2f8dad04]" started-at="2021-03-09T11:18:56 IST" name="verifydelete" finished-at="2021-03-09T11:19:02 IST" duration-ms="6174" status="PASS">
          <reporter-output>
          </reporter-output>
        </test-method> <!-- verifydelete -->
        <test-method signature="verifydownloadFile()[pri:12, instance:com.PRMSTool.Tests.ProjectResourceScreenTest@2f8dad04]" started-at="2021-03-09T11:19:02 IST" name="verifydownloadFile" finished-at="2021-03-09T11:19:10 IST" duration-ms="8129" status="PASS">
          <reporter-output>
          </reporter-output>
        </test-method> <!-- verifydownloadFile -->
        <test-method is-config="true" signature="finish()[pri:0, instance:com.PRMSTool.Tests.ProjectResourceScreenTest@2f8dad04]" started-at="2021-03-09T11:19:10 IST" name="finish" finished-at="2021-03-09T11:19:11 IST" duration-ms="692" status="PASS">
          <reporter-output>
          </reporter-output>
        </test-method> <!-- finish -->
      </class> <!-- com.PRMSTool.Tests.ProjectResourceScreenTest -->
    </test> <!-- Default test -->
  </suite> <!-- Default suite -->
</testng-results>
