<?xml version="1.0" encoding="UTF-8"?>
<testng-results ignored="0" total="20" passed="20" failed="0" skipped="0">
  <reporter-output>
  </reporter-output>
  <suite started-at="2021-03-17T12:03:05 IST" name="Default suite" finished-at="2021-03-17T12:03:55 IST" duration-ms="50102">
    <groups>
    </groups>
    <test started-at="2021-03-17T12:03:05 IST" name="Default test" finished-at="2021-03-17T12:03:55 IST" duration-ms="50102">
      <class name="com.PRMSTool.Tests.ProjectScreenTest">
        <test-method is-config="true" signature="OpenBrowserGrade()[pri:0, instance:com.PRMSTool.Tests.ProjectScreenTest@1ba9117e]" started-at="2021-03-17T12:03:01 IST" name="OpenBrowserGrade" finished-at="2021-03-17T12:03:05 IST" duration-ms="4468" status="PASS">
          <reporter-output>
          </reporter-output>
        </test-method> <!-- OpenBrowserGrade -->
        <test-method signature="verifyLogin()[pri:0, instance:com.PRMSTool.Tests.ProjectScreenTest@1ba9117e]" started-at="2021-03-17T12:03:05 IST" name="verifyLogin" finished-at="2021-03-17T12:03:10 IST" duration-ms="5032" status="PASS">
          <reporter-output>
          </reporter-output>
        </test-method> <!-- verifyLogin -->
        <test-method signature="verifyclickOnProject()[pri:1, instance:com.PRMSTool.Tests.ProjectScreenTest@1ba9117e]" started-at="2021-03-17T12:03:10 IST" name="verifyclickOnProject" finished-at="2021-03-17T12:03:12 IST" duration-ms="1663" status="PASS">
          <reporter-output>
          </reporter-output>
        </test-method> <!-- verifyclickOnProject -->
        <test-method signature="verifyclickOnAddNew()[pri:2, instance:com.PRMSTool.Tests.ProjectScreenTest@1ba9117e]" started-at="2021-03-17T12:03:12 IST" name="verifyclickOnAddNew" finished-at="2021-03-17T12:03:13 IST" duration-ms="1387" status="PASS">
          <reporter-output>
          </reporter-output>
        </test-method> <!-- verifyclickOnAddNew -->
        <test-method signature="verifyaddProjectDetails()[pri:3, instance:com.PRMSTool.Tests.ProjectScreenTest@1ba9117e]" started-at="2021-03-17T12:03:13 IST" name="verifyaddProjectDetails" finished-at="2021-03-17T12:03:17 IST" duration-ms="3533" status="PASS">
          <reporter-output>
          </reporter-output>
        </test-method> <!-- verifyaddProjectDetails -->
        <test-method signature="verifyselectStartDate()[pri:4, instance:com.PRMSTool.Tests.ProjectScreenTest@1ba9117e]" started-at="2021-03-17T12:03:17 IST" name="verifyselectStartDate" finished-at="2021-03-17T12:03:18 IST" duration-ms="1630" status="PASS">
          <reporter-output>
          </reporter-output>
        </test-method> <!-- verifyselectStartDate -->
        <test-method signature="verifyselectEndDate()[pri:5, instance:com.PRMSTool.Tests.ProjectScreenTest@1ba9117e]" started-at="2021-03-17T12:03:18 IST" name="verifyselectEndDate" finished-at="2021-03-17T12:03:20 IST" duration-ms="1889" status="PASS">
          <reporter-output>
          </reporter-output>
        </test-method> <!-- verifyselectEndDate -->
        <test-method signature="verifyselectActualStartDate()[pri:6, instance:com.PRMSTool.Tests.ProjectScreenTest@1ba9117e]" started-at="2021-03-17T12:03:20 IST" name="verifyselectActualStartDate" finished-at="2021-03-17T12:03:22 IST" duration-ms="1601" status="PASS">
          <reporter-output>
          </reporter-output>
        </test-method> <!-- verifyselectActualStartDate -->
        <test-method signature="verifyselectActualEndDate()[pri:7, instance:com.PRMSTool.Tests.ProjectScreenTest@1ba9117e]" started-at="2021-03-17T12:03:22 IST" name="verifyselectActualEndDate" finished-at="2021-03-17T12:03:24 IST" duration-ms="1947" status="PASS">
          <reporter-output>
          </reporter-output>
        </test-method> <!-- verifyselectActualEndDate -->
        <test-method signature="verifyaddProjectDetails1()[pri:8, instance:com.PRMSTool.Tests.ProjectScreenTest@1ba9117e]" started-at="2021-03-17T12:03:24 IST" name="verifyaddProjectDetails1" finished-at="2021-03-17T12:03:31 IST" duration-ms="6738" status="PASS">
          <reporter-output>
          </reporter-output>
        </test-method> <!-- verifyaddProjectDetails1 -->
        <test-method signature="verifyaddBillingDetails()[pri:9, instance:com.PRMSTool.Tests.ProjectScreenTest@1ba9117e]" started-at="2021-03-17T12:03:31 IST" name="verifyaddBillingDetails" finished-at="2021-03-17T12:03:33 IST" duration-ms="2024" status="PASS">
          <reporter-output>
          </reporter-output>
        </test-method> <!-- verifyaddBillingDetails -->
        <test-method signature="verifyclickOnAdd()[pri:10, instance:com.PRMSTool.Tests.ProjectScreenTest@1ba9117e]" started-at="2021-03-17T12:03:33 IST" name="verifyclickOnAdd" finished-at="2021-03-17T12:03:33 IST" duration-ms="257" status="PASS">
          <reporter-output>
          </reporter-output>
        </test-method> <!-- verifyclickOnAdd -->
        <test-method signature="verifysearch()[pri:11, instance:com.PRMSTool.Tests.ProjectScreenTest@1ba9117e]" started-at="2021-03-17T12:03:33 IST" name="verifysearch" finished-at="2021-03-17T12:03:36 IST" duration-ms="2845" status="PASS">
          <reporter-output>
          </reporter-output>
        </test-method> <!-- verifysearch -->
        <test-method signature="verifyclickOnEditButton()[pri:12, instance:com.PRMSTool.Tests.ProjectScreenTest@1ba9117e]" started-at="2021-03-17T12:03:36 IST" name="verifyclickOnEditButton" finished-at="2021-03-17T12:03:37 IST" duration-ms="1344" status="PASS">
          <reporter-output>
          </reporter-output>
        </test-method> <!-- verifyclickOnEditButton -->
        <test-method signature="verifyeditProjectInformation()[pri:13, instance:com.PRMSTool.Tests.ProjectScreenTest@1ba9117e]" started-at="2021-03-17T12:03:37 IST" name="verifyeditProjectInformation" finished-at="2021-03-17T12:03:49 IST" duration-ms="12265" status="PASS">
          <reporter-output>
          </reporter-output>
        </test-method> <!-- verifyeditProjectInformation -->
        <test-method signature="verifyclickOnUpdateButton()[pri:14, instance:com.PRMSTool.Tests.ProjectScreenTest@1ba9117e]" started-at="2021-03-17T12:03:49 IST" name="verifyclickOnUpdateButton" finished-at="2021-03-17T12:03:50 IST" duration-ms="286" status="PASS">
          <reporter-output>
          </reporter-output>
        </test-method> <!-- verifyclickOnUpdateButton -->
        <test-method signature="verifydelete()[pri:15, instance:com.PRMSTool.Tests.ProjectScreenTest@1ba9117e]" started-at="2021-03-17T12:03:50 IST" name="verifydelete" finished-at="2021-03-17T12:03:53 IST" duration-ms="3569" status="PASS">
          <reporter-output>
          </reporter-output>
        </test-method> <!-- verifydelete -->
        <test-method signature="verifydownloadFile()[pri:16, instance:com.PRMSTool.Tests.ProjectScreenTest@1ba9117e]" started-at="2021-03-17T12:03:53 IST" name="verifydownloadFile" finished-at="2021-03-17T12:03:54 IST" duration-ms="431" status="PASS">
          <reporter-output>
          </reporter-output>
        </test-method> <!-- verifydownloadFile -->
        <test-method signature="verifydisplayAllStatusList()[pri:17, instance:com.PRMSTool.Tests.ProjectScreenTest@1ba9117e]" started-at="2021-03-17T12:03:54 IST" name="verifydisplayAllStatusList" finished-at="2021-03-17T12:03:54 IST" duration-ms="629" status="PASS">
          <reporter-output>
          </reporter-output>
        </test-method> <!-- verifydisplayAllStatusList -->
        <test-method signature="verifydisplayInactiveStatusList()[pri:18, instance:com.PRMSTool.Tests.ProjectScreenTest@1ba9117e]" started-at="2021-03-17T12:03:54 IST" name="verifydisplayInactiveStatusList" finished-at="2021-03-17T12:03:55 IST" duration-ms="442" status="PASS">
          <reporter-output>
          </reporter-output>
        </test-method> <!-- verifydisplayInactiveStatusList -->
        <test-method signature="verifydisplayActiveStatusList()[pri:19, instance:com.PRMSTool.Tests.ProjectScreenTest@1ba9117e]" started-at="2021-03-17T12:03:55 IST" name="verifydisplayActiveStatusList" finished-at="2021-03-17T12:03:55 IST" duration-ms="455" status="PASS">
          <reporter-output>
          </reporter-output>
        </test-method> <!-- verifydisplayActiveStatusList -->
        <test-method is-config="true" signature="finish()[pri:0, instance:com.PRMSTool.Tests.ProjectScreenTest@1ba9117e]" started-at="2021-03-17T12:03:55 IST" name="finish" finished-at="2021-03-17T12:03:56 IST" duration-ms="866" status="PASS">
          <reporter-output>
          </reporter-output>
        </test-method> <!-- finish -->
      </class> <!-- com.PRMSTool.Tests.ProjectScreenTest -->
    </test> <!-- Default test -->
  </suite> <!-- Default suite -->
</testng-results>
