<?xml version="1.0" encoding="UTF-8"?>
<testng-results ignored="0" total="30" passed="30" failed="0" skipped="0">
  <reporter-output>
  </reporter-output>
  <suite started-at="2021-07-28T20:07:29 IST" name="Default suite" finished-at="2021-07-28T20:10:15 IST" duration-ms="165792">
    <groups>
    </groups>
    <test started-at="2021-07-28T20:07:29 IST" name="Default test" finished-at="2021-07-28T20:10:15 IST" duration-ms="165792">
      <class name="com.PRMSTool.Tests.ProjectScreenTest">
        <test-method is-config="true" signature="OpenBrowser()[pri:0, instance:com.PRMSTool.Tests.ProjectScreenTest@2accdbb5]" started-at="2021-07-28T20:07:25 IST" name="OpenBrowser" finished-at="2021-07-28T20:07:29 IST" duration-ms="3331" status="PASS">
          <reporter-output>
          </reporter-output>
        </test-method> <!-- OpenBrowser -->
        <test-method signature="verifyLogin()[pri:0, instance:com.PRMSTool.Tests.ProjectScreenTest@2accdbb5]" started-at="2021-07-28T20:07:29 IST" name="verifyLogin" finished-at="2021-07-28T20:07:39 IST" duration-ms="9948" status="PASS">
          <reporter-output>
          </reporter-output>
        </test-method> <!-- verifyLogin -->
        <test-method signature="verifyclickOnProject()[pri:1, instance:com.PRMSTool.Tests.ProjectScreenTest@2accdbb5]" started-at="2021-07-28T20:07:39 IST" name="verifyclickOnProject" finished-at="2021-07-28T20:07:44 IST" duration-ms="5066" status="PASS">
          <reporter-output>
          </reporter-output>
        </test-method> <!-- verifyclickOnProject -->
        <test-method signature="verifyclickOnAddNew()[pri:2, instance:com.PRMSTool.Tests.ProjectScreenTest@2accdbb5]" started-at="2021-07-28T20:07:44 IST" name="verifyclickOnAddNew" finished-at="2021-07-28T20:07:49 IST" duration-ms="5214" status="PASS">
          <reporter-output>
          </reporter-output>
        </test-method> <!-- verifyclickOnAddNew -->
        <test-method signature="verifyaddProjectDetails()[pri:3, instance:com.PRMSTool.Tests.ProjectScreenTest@2accdbb5]" started-at="2021-07-28T20:07:49 IST" name="verifyaddProjectDetails" finished-at="2021-07-28T20:07:54 IST" duration-ms="5347" status="PASS">
          <reporter-output>
          </reporter-output>
        </test-method> <!-- verifyaddProjectDetails -->
        <test-method signature="verifyselectStartDate()[pri:4, instance:com.PRMSTool.Tests.ProjectScreenTest@2accdbb5]" started-at="2021-07-28T20:07:54 IST" name="verifyselectStartDate" finished-at="2021-07-28T20:07:55 IST" duration-ms="808" status="PASS">
          <reporter-output>
          </reporter-output>
        </test-method> <!-- verifyselectStartDate -->
        <test-method signature="verifyselectEndDate()[pri:5, instance:com.PRMSTool.Tests.ProjectScreenTest@2accdbb5]" started-at="2021-07-28T20:07:55 IST" name="verifyselectEndDate" finished-at="2021-07-28T20:07:56 IST" duration-ms="745" status="PASS">
          <reporter-output>
          </reporter-output>
        </test-method> <!-- verifyselectEndDate -->
        <test-method signature="verifyselectActualStartDate()[pri:6, instance:com.PRMSTool.Tests.ProjectScreenTest@2accdbb5]" started-at="2021-07-28T20:07:56 IST" name="verifyselectActualStartDate" finished-at="2021-07-28T20:07:57 IST" duration-ms="767" status="PASS">
          <reporter-output>
          </reporter-output>
        </test-method> <!-- verifyselectActualStartDate -->
        <test-method signature="verifyselectActualEndDate()[pri:7, instance:com.PRMSTool.Tests.ProjectScreenTest@2accdbb5]" started-at="2021-07-28T20:07:57 IST" name="verifyselectActualEndDate" finished-at="2021-07-28T20:07:58 IST" duration-ms="810" status="PASS">
          <reporter-output>
          </reporter-output>
        </test-method> <!-- verifyselectActualEndDate -->
        <test-method signature="verifyaddProjectDetails1()[pri:8, instance:com.PRMSTool.Tests.ProjectScreenTest@2accdbb5]" started-at="2021-07-28T20:07:58 IST" name="verifyaddProjectDetails1" finished-at="2021-07-28T20:08:02 IST" duration-ms="4584" status="PASS">
          <reporter-output>
          </reporter-output>
        </test-method> <!-- verifyaddProjectDetails1 -->
        <test-method signature="verifyaddBillingDetails()[pri:9, instance:com.PRMSTool.Tests.ProjectScreenTest@2accdbb5]" started-at="2021-07-28T20:08:02 IST" name="verifyaddBillingDetails" finished-at="2021-07-28T20:08:03 IST" duration-ms="1248" status="PASS">
          <reporter-output>
          </reporter-output>
        </test-method> <!-- verifyaddBillingDetails -->
        <test-method signature="verifyclickOnAdd()[pri:10, instance:com.PRMSTool.Tests.ProjectScreenTest@2accdbb5]" started-at="2021-07-28T20:08:03 IST" name="verifyclickOnAdd" finished-at="2021-07-28T20:08:03 IST" duration-ms="83" status="PASS">
          <reporter-output>
          </reporter-output>
        </test-method> <!-- verifyclickOnAdd -->
        <test-method signature="verifysearch()[pri:11, instance:com.PRMSTool.Tests.ProjectScreenTest@2accdbb5]" started-at="2021-07-28T20:08:03 IST" name="verifysearch" finished-at="2021-07-28T20:08:21 IST" duration-ms="17545" status="PASS">
          <reporter-output>
          </reporter-output>
        </test-method> <!-- verifysearch -->
        <test-method signature="verifyclickOnEditButton()[pri:12, instance:com.PRMSTool.Tests.ProjectScreenTest@2accdbb5]" started-at="2021-07-28T20:08:21 IST" name="verifyclickOnEditButton" finished-at="2021-07-28T20:08:21 IST" duration-ms="105" status="PASS">
          <reporter-output>
          </reporter-output>
        </test-method> <!-- verifyclickOnEditButton -->
        <test-method signature="verifyeditProjectInformation()[pri:13, instance:com.PRMSTool.Tests.ProjectScreenTest@2accdbb5]" started-at="2021-07-28T20:08:21 IST" name="verifyeditProjectInformation" finished-at="2021-07-28T20:08:29 IST" duration-ms="8287" status="PASS">
          <reporter-output>
          </reporter-output>
        </test-method> <!-- verifyeditProjectInformation -->
        <test-method signature="verifyeditStartDate()[pri:14, instance:com.PRMSTool.Tests.ProjectScreenTest@2accdbb5]" started-at="2021-07-28T20:08:29 IST" name="verifyeditStartDate" finished-at="2021-07-28T20:08:36 IST" duration-ms="6396" status="PASS">
          <reporter-output>
          </reporter-output>
        </test-method> <!-- verifyeditStartDate -->
        <test-method signature="verifyeditEndDate()[pri:15, instance:com.PRMSTool.Tests.ProjectScreenTest@2accdbb5]" started-at="2021-07-28T20:08:36 IST" name="verifyeditEndDate" finished-at="2021-07-28T20:08:42 IST" duration-ms="6136" status="PASS">
          <reporter-output>
          </reporter-output>
        </test-method> <!-- verifyeditEndDate -->
        <test-method signature="verifyeditActualStartDate()[pri:16, instance:com.PRMSTool.Tests.ProjectScreenTest@2accdbb5]" started-at="2021-07-28T20:08:42 IST" name="verifyeditActualStartDate" finished-at="2021-07-28T20:08:48 IST" duration-ms="5910" status="PASS">
          <reporter-output>
          </reporter-output>
        </test-method> <!-- verifyeditActualStartDate -->
        <test-method signature="verifyeditActualEndDate()[pri:17, instance:com.PRMSTool.Tests.ProjectScreenTest@2accdbb5]" started-at="2021-07-28T20:08:48 IST" name="verifyeditActualEndDate" finished-at="2021-07-28T20:08:54 IST" duration-ms="6196" status="PASS">
          <reporter-output>
          </reporter-output>
        </test-method> <!-- verifyeditActualEndDate -->
        <test-method signature="verifyclickOnUpdateButton()[pri:18, instance:com.PRMSTool.Tests.ProjectScreenTest@2accdbb5]" started-at="2021-07-28T20:08:54 IST" name="verifyclickOnUpdateButton" finished-at="2021-07-28T20:08:54 IST" duration-ms="90" status="PASS">
          <reporter-output>
          </reporter-output>
        </test-method> <!-- verifyclickOnUpdateButton -->
        <test-method signature="verifydelete()[pri:19, instance:com.PRMSTool.Tests.ProjectScreenTest@2accdbb5]" started-at="2021-07-28T20:08:54 IST" name="verifydelete" finished-at="2021-07-28T20:09:18 IST" duration-ms="23653" status="PASS">
          <reporter-output>
          </reporter-output>
        </test-method> <!-- verifydelete -->
        <test-method signature="verifydownloadFile()[pri:20, instance:com.PRMSTool.Tests.ProjectScreenTest@2accdbb5]" started-at="2021-07-28T20:09:18 IST" name="verifydownloadFile" finished-at="2021-07-28T20:09:23 IST" duration-ms="5112" status="PASS">
          <reporter-output>
          </reporter-output>
        </test-method> <!-- verifydownloadFile -->
        <test-method signature="verifydisplayAllStatusList()[pri:21, instance:com.PRMSTool.Tests.ProjectScreenTest@2accdbb5]" started-at="2021-07-28T20:09:23 IST" name="verifydisplayAllStatusList" finished-at="2021-07-28T20:09:33 IST" duration-ms="10216" status="PASS">
          <reporter-output>
          </reporter-output>
        </test-method> <!-- verifydisplayAllStatusList -->
        <test-method signature="verifydisplayInactiveStatusList()[pri:22, instance:com.PRMSTool.Tests.ProjectScreenTest@2accdbb5]" started-at="2021-07-28T20:09:33 IST" name="verifydisplayInactiveStatusList" finished-at="2021-07-28T20:09:38 IST" duration-ms="5179" status="PASS">
          <reporter-output>
          </reporter-output>
        </test-method> <!-- verifydisplayInactiveStatusList -->
        <test-method signature="verifydisplayActiveStatusList()[pri:23, instance:com.PRMSTool.Tests.ProjectScreenTest@2accdbb5]" started-at="2021-07-28T20:09:38 IST" name="verifydisplayActiveStatusList" finished-at="2021-07-28T20:09:43 IST" duration-ms="5176" status="PASS">
          <reporter-output>
          </reporter-output>
        </test-method> <!-- verifydisplayActiveStatusList -->
        <test-method signature="verifydisplayvResourcingBusinessUnit()[pri:24, instance:com.PRMSTool.Tests.ProjectScreenTest@2accdbb5]" started-at="2021-07-28T20:09:43 IST" name="verifydisplayvResourcingBusinessUnit" finished-at="2021-07-28T20:09:49 IST" duration-ms="5203" status="PASS">
          <reporter-output>
          </reporter-output>
        </test-method> <!-- verifydisplayvResourcingBusinessUnit -->
        <test-method signature="verifydisplayROWBusinessUnit()[pri:25, instance:com.PRMSTool.Tests.ProjectScreenTest@2accdbb5]" started-at="2021-07-28T20:09:49 IST" name="verifydisplayROWBusinessUnit" finished-at="2021-07-28T20:09:54 IST" duration-ms="5196" status="PASS">
          <reporter-output>
          </reporter-output>
        </test-method> <!-- verifydisplayROWBusinessUnit -->
        <test-method signature="verifydisplayLicenceBusinessUnit()[pri:26, instance:com.PRMSTool.Tests.ProjectScreenTest@2accdbb5]" started-at="2021-07-28T20:09:54 IST" name="verifydisplayLicenceBusinessUnit" finished-at="2021-07-28T20:09:59 IST" duration-ms="5177" status="PASS">
          <reporter-output>
          </reporter-output>
        </test-method> <!-- verifydisplayLicenceBusinessUnit -->
        <test-method signature="verifydisplayPracticesBusinessUnit()[pri:27, instance:com.PRMSTool.Tests.ProjectScreenTest@2accdbb5]" started-at="2021-07-28T20:09:59 IST" name="verifydisplayPracticesBusinessUnit" finished-at="2021-07-28T20:10:04 IST" duration-ms="5183" status="PASS">
          <reporter-output>
          </reporter-output>
        </test-method> <!-- verifydisplayPracticesBusinessUnit -->
        <test-method signature="verifydisplaySafeGuardBusinessUnit()[pri:28, instance:com.PRMSTool.Tests.ProjectScreenTest@2accdbb5]" started-at="2021-07-28T20:10:04 IST" name="verifydisplaySafeGuardBusinessUnit" finished-at="2021-07-28T20:10:09 IST" duration-ms="5188" status="PASS">
          <reporter-output>
          </reporter-output>
        </test-method> <!-- verifydisplaySafeGuardBusinessUnit -->
        <test-method signature="verifydisplayAllBusinessUnit()[pri:29, instance:com.PRMSTool.Tests.ProjectScreenTest@2accdbb5]" started-at="2021-07-28T20:10:09 IST" name="verifydisplayAllBusinessUnit" finished-at="2021-07-28T20:10:15 IST" duration-ms="5166" status="PASS">
          <reporter-output>
          </reporter-output>
        </test-method> <!-- verifydisplayAllBusinessUnit -->
        <test-method is-config="true" signature="finish()[pri:0, instance:com.PRMSTool.Tests.ProjectScreenTest@2accdbb5]" started-at="2021-07-28T20:10:15 IST" name="finish" finished-at="2021-07-28T20:10:15 IST" duration-ms="685" status="PASS">
          <reporter-output>
          </reporter-output>
        </test-method> <!-- finish -->
      </class> <!-- com.PRMSTool.Tests.ProjectScreenTest -->
    </test> <!-- Default test -->
  </suite> <!-- Default suite -->
</testng-results>
