<?xml version="1.0" encoding="UTF-8"?>
<testng-results ignored="0" total="22" passed="22" failed="0" skipped="0">
  <reporter-output>
  </reporter-output>
  <suite started-at="2021-12-30T17:42:32 IST" name="Default suite" finished-at="2021-12-30T17:45:48 IST" duration-ms="195022">
    <groups>
    </groups>
    <test started-at="2021-12-30T17:42:32 IST" name="Default test" finished-at="2021-12-30T17:45:48 IST" duration-ms="195022">
      <class name="com.PRMSTool.Tests.ProjectResourceScreenTest">
        <test-method is-config="true" signature="OpenBrowser()[pri:0, instance:com.PRMSTool.Tests.ProjectResourceScreenTest@272ed83b]" started-at="2021-12-30T17:42:28 IST" name="OpenBrowser" finished-at="2021-12-30T17:42:32 IST" duration-ms="4303" status="PASS">
          <reporter-output>
          </reporter-output>
        </test-method> <!-- OpenBrowser -->
        <test-method signature="verifyLogin()[pri:0, instance:com.PRMSTool.Tests.ProjectResourceScreenTest@272ed83b]" started-at="2021-12-30T17:42:33 IST" name="verifyLogin" finished-at="2021-12-30T17:42:52 IST" duration-ms="19427" status="PASS">
          <reporter-output>
          </reporter-output>
        </test-method> <!-- verifyLogin -->
        <test-method signature="verifyclickOnProjectResource()[pri:1, instance:com.PRMSTool.Tests.ProjectResourceScreenTest@272ed83b]" started-at="2021-12-30T17:42:52 IST" name="verifyclickOnProjectResource" finished-at="2021-12-30T17:42:57 IST" duration-ms="5062" status="PASS">
          <reporter-output>
          </reporter-output>
        </test-method> <!-- verifyclickOnProjectResource -->
        <test-method signature="verifyclickOnAddNew()[pri:2, instance:com.PRMSTool.Tests.ProjectResourceScreenTest@272ed83b]" started-at="2021-12-30T17:42:57 IST" name="verifyclickOnAddNew" finished-at="2021-12-30T17:43:03 IST" duration-ms="5623" status="PASS">
          <reporter-output>
          </reporter-output>
        </test-method> <!-- verifyclickOnAddNew -->
        <test-method signature="verifyaddProjectResourceDetails()[pri:3, instance:com.PRMSTool.Tests.ProjectResourceScreenTest@272ed83b]" started-at="2021-12-30T17:43:03 IST" name="verifyaddProjectResourceDetails" finished-at="2021-12-30T17:43:33 IST" duration-ms="30034" status="PASS">
          <reporter-output>
          </reporter-output>
        </test-method> <!-- verifyaddProjectResourceDetails -->
        <test-method signature="verifyselectStartDate()[pri:4, instance:com.PRMSTool.Tests.ProjectResourceScreenTest@272ed83b]" started-at="2021-12-30T17:43:33 IST" name="verifyselectStartDate" finished-at="2021-12-30T17:43:35 IST" duration-ms="2758" status="PASS">
          <reporter-output>
          </reporter-output>
        </test-method> <!-- verifyselectStartDate -->
        <test-method signature="verifyselectEndDate()[pri:5, instance:com.PRMSTool.Tests.ProjectResourceScreenTest@272ed83b]" started-at="2021-12-30T17:43:35 IST" name="verifyselectEndDate" finished-at="2021-12-30T17:43:38 IST" duration-ms="2603" status="PASS">
          <reporter-output>
          </reporter-output>
        </test-method> <!-- verifyselectEndDate -->
        <test-method signature="verifyclickOnAdd()[pri:6, instance:com.PRMSTool.Tests.ProjectResourceScreenTest@272ed83b]" started-at="2021-12-30T17:43:38 IST" name="verifyclickOnAdd" finished-at="2021-12-30T17:43:43 IST" duration-ms="5083" status="PASS">
          <reporter-output>
          </reporter-output>
        </test-method> <!-- verifyclickOnAdd -->
        <test-method signature="verifydisplayAllStatusList()[pri:7, instance:com.PRMSTool.Tests.ProjectResourceScreenTest@272ed83b]" started-at="2021-12-30T17:43:43 IST" name="verifydisplayAllStatusList" finished-at="2021-12-30T17:43:51 IST" duration-ms="8159" status="PASS">
          <reporter-output>
          </reporter-output>
        </test-method> <!-- verifydisplayAllStatusList -->
        <test-method signature="verifysearch()[pri:8, instance:com.PRMSTool.Tests.ProjectResourceScreenTest@272ed83b]" started-at="2021-12-30T17:43:51 IST" name="verifysearch" finished-at="2021-12-30T17:44:02 IST" duration-ms="10246" status="PASS">
          <reporter-output>
          </reporter-output>
        </test-method> <!-- verifysearch -->
        <test-method signature="verifyclickOnEditButton()[pri:9, instance:com.PRMSTool.Tests.ProjectResourceScreenTest@272ed83b]" started-at="2021-12-30T17:44:02 IST" name="verifyclickOnEditButton" finished-at="2021-12-30T17:44:02 IST" duration-ms="102" status="PASS">
          <reporter-output>
          </reporter-output>
        </test-method> <!-- verifyclickOnEditButton -->
        <test-method signature="verifyeditResourceInformation()[pri:10, instance:com.PRMSTool.Tests.ProjectResourceScreenTest@272ed83b]" started-at="2021-12-30T17:44:02 IST" name="verifyeditResourceInformation" finished-at="2021-12-30T17:44:33 IST" duration-ms="31351" status="PASS">
          <reporter-output>
          </reporter-output>
        </test-method> <!-- verifyeditResourceInformation -->
        <test-method signature="verifyclickOnUpdateButton()[pri:11, instance:com.PRMSTool.Tests.ProjectResourceScreenTest@272ed83b]" started-at="2021-12-30T17:44:33 IST" name="verifyclickOnUpdateButton" finished-at="2021-12-30T17:44:33 IST" duration-ms="78" status="PASS">
          <reporter-output>
          </reporter-output>
        </test-method> <!-- verifyclickOnUpdateButton -->
        <test-method signature="verifydelete()[pri:12, instance:com.PRMSTool.Tests.ProjectResourceScreenTest@272ed83b]" started-at="2021-12-30T17:44:33 IST" name="verifydelete" finished-at="2021-12-30T17:44:58 IST" duration-ms="24712" status="PASS">
          <reporter-output>
          </reporter-output>
        </test-method> <!-- verifydelete -->
        <test-method signature="verifydownloadFile()[pri:13, instance:com.PRMSTool.Tests.ProjectResourceScreenTest@272ed83b]" started-at="2021-12-30T17:44:58 IST" name="verifydownloadFile" finished-at="2021-12-30T17:45:06 IST" duration-ms="8157" status="PASS">
          <reporter-output>
          </reporter-output>
        </test-method> <!-- verifydownloadFile -->
        <test-method signature="verifydisplayInactiveStatusList()[pri:14, instance:com.PRMSTool.Tests.ProjectResourceScreenTest@272ed83b]" started-at="2021-12-30T17:45:06 IST" name="verifydisplayInactiveStatusList" finished-at="2021-12-30T17:45:11 IST" duration-ms="5279" status="PASS">
          <reporter-output>
          </reporter-output>
        </test-method> <!-- verifydisplayInactiveStatusList -->
        <test-method signature="verifydisplayActiveStatusList()[pri:15, instance:com.PRMSTool.Tests.ProjectResourceScreenTest@272ed83b]" started-at="2021-12-30T17:45:11 IST" name="verifydisplayActiveStatusList" finished-at="2021-12-30T17:45:16 IST" duration-ms="5168" status="PASS">
          <reporter-output>
          </reporter-output>
        </test-method> <!-- verifydisplayActiveStatusList -->
        <test-method signature="verifydisplayvResourcingBusinessUnit()[pri:16, instance:com.PRMSTool.Tests.ProjectResourceScreenTest@272ed83b]" started-at="2021-12-30T17:45:16 IST" name="verifydisplayvResourcingBusinessUnit" finished-at="2021-12-30T17:45:22 IST" duration-ms="5201" status="PASS">
          <reporter-output>
          </reporter-output>
        </test-method> <!-- verifydisplayvResourcingBusinessUnit -->
        <test-method signature="verifydisplayROWBusinessUnit()[pri:17, instance:com.PRMSTool.Tests.ProjectResourceScreenTest@272ed83b]" started-at="2021-12-30T17:45:22 IST" name="verifydisplayROWBusinessUnit" finished-at="2021-12-30T17:45:27 IST" duration-ms="5189" status="PASS">
          <reporter-output>
          </reporter-output>
        </test-method> <!-- verifydisplayROWBusinessUnit -->
        <test-method signature="verifydisplayLicenceBusinessUnit()[pri:18, instance:com.PRMSTool.Tests.ProjectResourceScreenTest@272ed83b]" started-at="2021-12-30T17:45:27 IST" name="verifydisplayLicenceBusinessUnit" finished-at="2021-12-30T17:45:32 IST" duration-ms="5199" status="PASS">
          <reporter-output>
          </reporter-output>
        </test-method> <!-- verifydisplayLicenceBusinessUnit -->
        <test-method signature="verifydisplayPracticesBusinessUnit()[pri:19, instance:com.PRMSTool.Tests.ProjectResourceScreenTest@272ed83b]" started-at="2021-12-30T17:45:32 IST" name="verifydisplayPracticesBusinessUnit" finished-at="2021-12-30T17:45:37 IST" duration-ms="5163" status="PASS">
          <reporter-output>
          </reporter-output>
        </test-method> <!-- verifydisplayPracticesBusinessUnit -->
        <test-method signature="verifydisplaySafeGuardBusinessUnit()[pri:20, instance:com.PRMSTool.Tests.ProjectResourceScreenTest@272ed83b]" started-at="2021-12-30T17:45:37 IST" name="verifydisplaySafeGuardBusinessUnit" finished-at="2021-12-30T17:45:42 IST" duration-ms="5193" status="PASS">
          <reporter-output>
          </reporter-output>
        </test-method> <!-- verifydisplaySafeGuardBusinessUnit -->
        <test-method signature="verifydisplayAllBusinessUnit()[pri:21, instance:com.PRMSTool.Tests.ProjectResourceScreenTest@272ed83b]" started-at="2021-12-30T17:45:42 IST" name="verifydisplayAllBusinessUnit" finished-at="2021-12-30T17:45:48 IST" duration-ms="5187" status="PASS">
          <reporter-output>
          </reporter-output>
        </test-method> <!-- verifydisplayAllBusinessUnit -->
        <test-method is-config="true" signature="finish()[pri:0, instance:com.PRMSTool.Tests.ProjectResourceScreenTest@272ed83b]" started-at="2021-12-30T17:45:48 IST" name="finish" finished-at="2021-12-30T17:45:48 IST" duration-ms="758" status="PASS">
          <reporter-output>
          </reporter-output>
        </test-method> <!-- finish -->
      </class> <!-- com.PRMSTool.Tests.ProjectResourceScreenTest -->
    </test> <!-- Default test -->
  </suite> <!-- Default suite -->
</testng-results>
