<?xml version="1.0" encoding="UTF-8"?>
<testng-results ignored="15" total="20" passed="5" failed="0" skipped="0">
  <reporter-output>
  </reporter-output>
  <suite started-at="2021-03-16T11:26:19 IST" name="Default suite" finished-at="2021-03-16T11:27:15 IST" duration-ms="56723">
    <groups>
    </groups>
    <test started-at="2021-03-16T11:26:19 IST" name="Default test" finished-at="2021-03-16T11:27:15 IST" duration-ms="56723">
      <class name="com.PRMSTool.Tests.ProjectScreenTest">
        <test-method is-config="true" signature="OpenBrowserGrade()[pri:0, instance:com.PRMSTool.Tests.ProjectScreenTest@1ba9117e]" started-at="2021-03-16T11:26:14 IST" name="OpenBrowserGrade" finished-at="2021-03-16T11:26:18 IST" duration-ms="4057" status="PASS">
          <reporter-output>
          </reporter-output>
        </test-method> <!-- OpenBrowserGrade -->
        <test-method signature="verifyLogin()[pri:0, instance:com.PRMSTool.Tests.ProjectScreenTest@1ba9117e]" started-at="2021-03-16T11:26:19 IST" name="verifyLogin" finished-at="2021-03-16T11:26:22 IST" duration-ms="3945" status="PASS">
          <reporter-output>
          </reporter-output>
        </test-method> <!-- verifyLogin -->
        <test-method signature="verifyclickOnProject()[pri:1, instance:com.PRMSTool.Tests.ProjectScreenTest@1ba9117e]" started-at="2021-03-16T11:26:22 IST" name="verifyclickOnProject" finished-at="2021-03-16T11:26:23 IST" duration-ms="1017" status="PASS">
          <reporter-output>
          </reporter-output>
        </test-method> <!-- verifyclickOnProject -->
        <test-method signature="verifyclickOnAddNew()[pri:2, instance:com.PRMSTool.Tests.ProjectScreenTest@1ba9117e]" started-at="2021-03-16T11:26:23 IST" name="verifyclickOnAddNew" finished-at="2021-03-16T11:26:29 IST" duration-ms="5897" status="PASS">
          <reporter-output>
          </reporter-output>
        </test-method> <!-- verifyclickOnAddNew -->
        <test-method signature="verifyaddProjectDetails()[pri:3, instance:com.PRMSTool.Tests.ProjectScreenTest@1ba9117e]" started-at="2021-03-16T11:26:29 IST" name="verifyaddProjectDetails" finished-at="2021-03-16T11:27:13 IST" duration-ms="43157" status="PASS">
          <reporter-output>
          </reporter-output>
        </test-method> <!-- verifyaddProjectDetails -->
        <test-method signature="verifyselectStartDate()[pri:4, instance:com.PRMSTool.Tests.ProjectScreenTest@1ba9117e]" started-at="2021-03-16T11:27:13 IST" name="verifyselectStartDate" finished-at="2021-03-16T11:27:15 IST" duration-ms="2677" status="PASS">
          <reporter-output>
          </reporter-output>
        </test-method> <!-- verifyselectStartDate -->
        <test-method is-config="true" signature="finish()[pri:0, instance:com.PRMSTool.Tests.ProjectScreenTest@1ba9117e]" started-at="2021-03-16T11:27:15 IST" name="finish" finished-at="2021-03-16T11:27:16 IST" duration-ms="658" status="PASS">
          <reporter-output>
          </reporter-output>
        </test-method> <!-- finish -->
      </class> <!-- com.PRMSTool.Tests.ProjectScreenTest -->
    </test> <!-- Default test -->
  </suite> <!-- Default suite -->
</testng-results>
