<?xml version="1.0" encoding="UTF-8"?>
<testng-results ignored="0" total="156" passed="156" failed="0" skipped="0">
  <reporter-output>
  </reporter-output>
  <suite started-at="2021-08-02T14:10:14 IST" name="Suite" finished-at="2021-08-02T14:10:14 IST" duration-ms="0">
    <groups>
    </groups>
  </suite> <!-- Suite -->
  <suite started-at="2021-08-02T13:57:13 IST" name="ProjectScreen Suite" finished-at="2021-08-02T14:00:03 IST" duration-ms="169835">
    <groups>
    </groups>
    <test started-at="2021-08-02T13:57:13 IST" name="ProjectScreen Test" finished-at="2021-08-02T14:00:03 IST" duration-ms="169835">
      <class name="com.PRMSTool.Tests.ProjectScreenTest">
        <test-method is-config="true" signature="OpenBrowser()[pri:0, instance:com.PRMSTool.Tests.ProjectScreenTest@78123e82]" started-at="2021-08-02T13:57:10 IST" name="OpenBrowser" finished-at="2021-08-02T13:57:13 IST" duration-ms="3213" status="PASS">
          <reporter-output>
          </reporter-output>
        </test-method> <!-- OpenBrowser -->
        <test-method signature="verifyLogin()[pri:0, instance:com.PRMSTool.Tests.ProjectScreenTest@78123e82]" started-at="2021-08-02T13:57:13 IST" name="verifyLogin" finished-at="2021-08-02T13:57:23 IST" duration-ms="9416" status="PASS">
          <reporter-output>
          </reporter-output>
        </test-method> <!-- verifyLogin -->
        <test-method signature="verifyclickOnProject()[pri:1, instance:com.PRMSTool.Tests.ProjectScreenTest@78123e82]" started-at="2021-08-02T13:57:23 IST" name="verifyclickOnProject" finished-at="2021-08-02T13:57:28 IST" duration-ms="5049" status="PASS">
          <reporter-output>
          </reporter-output>
        </test-method> <!-- verifyclickOnProject -->
        <test-method signature="verifyclickOnAddNew()[pri:2, instance:com.PRMSTool.Tests.ProjectScreenTest@78123e82]" started-at="2021-08-02T13:57:28 IST" name="verifyclickOnAddNew" finished-at="2021-08-02T13:57:33 IST" duration-ms="5198" status="PASS">
          <reporter-output>
          </reporter-output>
        </test-method> <!-- verifyclickOnAddNew -->
        <test-method signature="verifyaddProjectDetails()[pri:3, instance:com.PRMSTool.Tests.ProjectScreenTest@78123e82]" started-at="2021-08-02T13:57:33 IST" name="verifyaddProjectDetails" finished-at="2021-08-02T13:57:38 IST" duration-ms="5354" status="PASS">
          <reporter-output>
          </reporter-output>
        </test-method> <!-- verifyaddProjectDetails -->
        <test-method signature="verifyselectStartDate()[pri:4, instance:com.PRMSTool.Tests.ProjectScreenTest@78123e82]" started-at="2021-08-02T13:57:38 IST" name="verifyselectStartDate" finished-at="2021-08-02T13:57:39 IST" duration-ms="452" status="PASS">
          <reporter-output>
          </reporter-output>
        </test-method> <!-- verifyselectStartDate -->
        <test-method signature="verifyselectEndDate()[pri:5, instance:com.PRMSTool.Tests.ProjectScreenTest@78123e82]" started-at="2021-08-02T13:57:39 IST" name="verifyselectEndDate" finished-at="2021-08-02T13:57:40 IST" duration-ms="752" status="PASS">
          <reporter-output>
          </reporter-output>
        </test-method> <!-- verifyselectEndDate -->
        <test-method signature="verifyselectActualStartDate()[pri:6, instance:com.PRMSTool.Tests.ProjectScreenTest@78123e82]" started-at="2021-08-02T13:57:40 IST" name="verifyselectActualStartDate" finished-at="2021-08-02T13:57:40 IST" duration-ms="481" status="PASS">
          <reporter-output>
          </reporter-output>
        </test-method> <!-- verifyselectActualStartDate -->
        <test-method signature="verifyselectActualEndDate()[pri:7, instance:com.PRMSTool.Tests.ProjectScreenTest@78123e82]" started-at="2021-08-02T13:57:40 IST" name="verifyselectActualEndDate" finished-at="2021-08-02T13:57:41 IST" duration-ms="793" status="PASS">
          <reporter-output>
          </reporter-output>
        </test-method> <!-- verifyselectActualEndDate -->
        <test-method signature="verifyaddProjectDetails1()[pri:8, instance:com.PRMSTool.Tests.ProjectScreenTest@78123e82]" started-at="2021-08-02T13:57:41 IST" name="verifyaddProjectDetails1" finished-at="2021-08-02T13:57:46 IST" duration-ms="5168" status="PASS">
          <reporter-output>
          </reporter-output>
        </test-method> <!-- verifyaddProjectDetails1 -->
        <test-method signature="verifyaddBillingDetails()[pri:9, instance:com.PRMSTool.Tests.ProjectScreenTest@78123e82]" started-at="2021-08-02T13:57:46 IST" name="verifyaddBillingDetails" finished-at="2021-08-02T13:57:47 IST" duration-ms="1248" status="PASS">
          <reporter-output>
          </reporter-output>
        </test-method> <!-- verifyaddBillingDetails -->
        <test-method signature="verifyclickOnAdd()[pri:10, instance:com.PRMSTool.Tests.ProjectScreenTest@78123e82]" started-at="2021-08-02T13:57:47 IST" name="verifyclickOnAdd" finished-at="2021-08-02T13:57:52 IST" duration-ms="5088" status="PASS">
          <reporter-output>
          </reporter-output>
        </test-method> <!-- verifyclickOnAdd -->
        <test-method signature="verifysearch()[pri:11, instance:com.PRMSTool.Tests.ProjectScreenTest@78123e82]" started-at="2021-08-02T13:57:52 IST" name="verifysearch" finished-at="2021-08-02T13:58:10 IST" duration-ms="17423" status="PASS">
          <reporter-output>
          </reporter-output>
        </test-method> <!-- verifysearch -->
        <test-method signature="verifyclickOnEditButton()[pri:12, instance:com.PRMSTool.Tests.ProjectScreenTest@78123e82]" started-at="2021-08-02T13:58:10 IST" name="verifyclickOnEditButton" finished-at="2021-08-02T13:58:10 IST" duration-ms="104" status="PASS">
          <reporter-output>
          </reporter-output>
        </test-method> <!-- verifyclickOnEditButton -->
        <test-method signature="verifyeditProjectInformation()[pri:13, instance:com.PRMSTool.Tests.ProjectScreenTest@78123e82]" started-at="2021-08-02T13:58:10 IST" name="verifyeditProjectInformation" finished-at="2021-08-02T13:58:18 IST" duration-ms="8213" status="PASS">
          <reporter-output>
          </reporter-output>
        </test-method> <!-- verifyeditProjectInformation -->
        <test-method signature="verifyeditStartDate()[pri:14, instance:com.PRMSTool.Tests.ProjectScreenTest@78123e82]" started-at="2021-08-02T13:58:18 IST" name="verifyeditStartDate" finished-at="2021-08-02T13:58:24 IST" duration-ms="6418" status="PASS">
          <reporter-output>
          </reporter-output>
        </test-method> <!-- verifyeditStartDate -->
        <test-method signature="verifyeditEndDate()[pri:15, instance:com.PRMSTool.Tests.ProjectScreenTest@78123e82]" started-at="2021-08-02T13:58:24 IST" name="verifyeditEndDate" finished-at="2021-08-02T13:58:31 IST" duration-ms="6117" status="PASS">
          <reporter-output>
          </reporter-output>
        </test-method> <!-- verifyeditEndDate -->
        <test-method signature="verifyeditActualStartDate()[pri:16, instance:com.PRMSTool.Tests.ProjectScreenTest@78123e82]" started-at="2021-08-02T13:58:31 IST" name="verifyeditActualStartDate" finished-at="2021-08-02T13:58:37 IST" duration-ms="5893" status="PASS">
          <reporter-output>
          </reporter-output>
        </test-method> <!-- verifyeditActualStartDate -->
        <test-method signature="verifyeditActualEndDate()[pri:17, instance:com.PRMSTool.Tests.ProjectScreenTest@78123e82]" started-at="2021-08-02T13:58:37 IST" name="verifyeditActualEndDate" finished-at="2021-08-02T13:58:43 IST" duration-ms="6165" status="PASS">
          <reporter-output>
          </reporter-output>
        </test-method> <!-- verifyeditActualEndDate -->
        <test-method signature="verifyclickOnUpdateButton()[pri:18, instance:com.PRMSTool.Tests.ProjectScreenTest@78123e82]" started-at="2021-08-02T13:58:43 IST" name="verifyclickOnUpdateButton" finished-at="2021-08-02T13:58:43 IST" duration-ms="88" status="PASS">
          <reporter-output>
          </reporter-output>
        </test-method> <!-- verifyclickOnUpdateButton -->
        <test-method signature="verifydelete()[pri:19, instance:com.PRMSTool.Tests.ProjectScreenTest@78123e82]" started-at="2021-08-02T13:58:43 IST" name="verifydelete" finished-at="2021-08-02T13:59:06 IST" duration-ms="23654" status="PASS">
          <reporter-output>
          </reporter-output>
        </test-method> <!-- verifydelete -->
        <test-method signature="verifydownloadFile()[pri:20, instance:com.PRMSTool.Tests.ProjectScreenTest@78123e82]" started-at="2021-08-02T13:59:06 IST" name="verifydownloadFile" finished-at="2021-08-02T13:59:12 IST" duration-ms="5112" status="PASS">
          <reporter-output>
          </reporter-output>
        </test-method> <!-- verifydownloadFile -->
        <test-method signature="verifydisplayAllStatusList()[pri:21, instance:com.PRMSTool.Tests.ProjectScreenTest@78123e82]" started-at="2021-08-02T13:59:12 IST" name="verifydisplayAllStatusList" finished-at="2021-08-02T13:59:22 IST" duration-ms="10201" status="PASS">
          <reporter-output>
          </reporter-output>
        </test-method> <!-- verifydisplayAllStatusList -->
        <test-method signature="verifydisplayInactiveStatusList()[pri:22, instance:com.PRMSTool.Tests.ProjectScreenTest@78123e82]" started-at="2021-08-02T13:59:22 IST" name="verifydisplayInactiveStatusList" finished-at="2021-08-02T13:59:27 IST" duration-ms="5170" status="PASS">
          <reporter-output>
          </reporter-output>
        </test-method> <!-- verifydisplayInactiveStatusList -->
        <test-method signature="verifydisplayActiveStatusList()[pri:23, instance:com.PRMSTool.Tests.ProjectScreenTest@78123e82]" started-at="2021-08-02T13:59:27 IST" name="verifydisplayActiveStatusList" finished-at="2021-08-02T13:59:32 IST" duration-ms="5176" status="PASS">
          <reporter-output>
          </reporter-output>
        </test-method> <!-- verifydisplayActiveStatusList -->
        <test-method signature="verifydisplayvResourcingBusinessUnit()[pri:24, instance:com.PRMSTool.Tests.ProjectScreenTest@78123e82]" started-at="2021-08-02T13:59:32 IST" name="verifydisplayvResourcingBusinessUnit" finished-at="2021-08-02T13:59:37 IST" duration-ms="5211" status="PASS">
          <reporter-output>
          </reporter-output>
        </test-method> <!-- verifydisplayvResourcingBusinessUnit -->
        <test-method signature="verifydisplayROWBusinessUnit()[pri:25, instance:com.PRMSTool.Tests.ProjectScreenTest@78123e82]" started-at="2021-08-02T13:59:37 IST" name="verifydisplayROWBusinessUnit" finished-at="2021-08-02T13:59:42 IST" duration-ms="5176" status="PASS">
          <reporter-output>
          </reporter-output>
        </test-method> <!-- verifydisplayROWBusinessUnit -->
        <test-method signature="verifydisplayLicenceBusinessUnit()[pri:26, instance:com.PRMSTool.Tests.ProjectScreenTest@78123e82]" started-at="2021-08-02T13:59:42 IST" name="verifydisplayLicenceBusinessUnit" finished-at="2021-08-02T13:59:48 IST" duration-ms="5177" status="PASS">
          <reporter-output>
          </reporter-output>
        </test-method> <!-- verifydisplayLicenceBusinessUnit -->
        <test-method signature="verifydisplayPracticesBusinessUnit()[pri:27, instance:com.PRMSTool.Tests.ProjectScreenTest@78123e82]" started-at="2021-08-02T13:59:48 IST" name="verifydisplayPracticesBusinessUnit" finished-at="2021-08-02T13:59:53 IST" duration-ms="5172" status="PASS">
          <reporter-output>
          </reporter-output>
        </test-method> <!-- verifydisplayPracticesBusinessUnit -->
        <test-method signature="verifydisplaySafeGuardBusinessUnit()[pri:28, instance:com.PRMSTool.Tests.ProjectScreenTest@78123e82]" started-at="2021-08-02T13:59:53 IST" name="verifydisplaySafeGuardBusinessUnit" finished-at="2021-08-02T13:59:58 IST" duration-ms="5174" status="PASS">
          <reporter-output>
          </reporter-output>
        </test-method> <!-- verifydisplaySafeGuardBusinessUnit -->
        <test-method signature="verifydisplayAllBusinessUnit()[pri:29, instance:com.PRMSTool.Tests.ProjectScreenTest@78123e82]" started-at="2021-08-02T13:59:58 IST" name="verifydisplayAllBusinessUnit" finished-at="2021-08-02T14:00:03 IST" duration-ms="5165" status="PASS">
          <reporter-output>
          </reporter-output>
        </test-method> <!-- verifydisplayAllBusinessUnit -->
        <test-method is-config="true" signature="finish()[pri:0, instance:com.PRMSTool.Tests.ProjectScreenTest@78123e82]" started-at="2021-08-02T14:00:03 IST" name="finish" finished-at="2021-08-02T14:00:04 IST" duration-ms="734" status="PASS">
          <reporter-output>
          </reporter-output>
        </test-method> <!-- finish -->
      </class> <!-- com.PRMSTool.Tests.ProjectScreenTest -->
    </test> <!-- ProjectScreen Test -->
  </suite> <!-- ProjectScreen Suite -->
  <suite started-at="2021-08-02T13:54:10 IST" name="ClientScreen Suite" finished-at="2021-08-02T13:57:09 IST" duration-ms="179608">
    <groups>
    </groups>
    <test started-at="2021-08-02T13:54:10 IST" name="ClientScreen Test" finished-at="2021-08-02T13:57:09 IST" duration-ms="179608">
      <class name="com.PRMSTool.Tests.ClientScreenTest">
        <test-method is-config="true" signature="OpenBrowser()[pri:0, instance:com.PRMSTool.Tests.ClientScreenTest@702b8b12]" started-at="2021-08-02T13:54:05 IST" name="OpenBrowser" finished-at="2021-08-02T13:54:10 IST" duration-ms="4681" status="PASS">
          <reporter-output>
          </reporter-output>
        </test-method> <!-- OpenBrowser -->
        <test-method signature="verifyLogin()[pri:0, instance:com.PRMSTool.Tests.ClientScreenTest@702b8b12]" started-at="2021-08-02T13:54:10 IST" name="verifyLogin" finished-at="2021-08-02T13:54:21 IST" duration-ms="11274" status="PASS">
          <reporter-output>
          </reporter-output>
        </test-method> <!-- verifyLogin -->
        <test-method signature="verifyclickOnAddNew()[pri:1, instance:com.PRMSTool.Tests.ClientScreenTest@702b8b12]" started-at="2021-08-02T13:54:21 IST" name="verifyclickOnAddNew" finished-at="2021-08-02T13:54:30 IST" duration-ms="9345" status="PASS">
          <reporter-output>
          </reporter-output>
        </test-method> <!-- verifyclickOnAddNew -->
        <test-method signature="verifyaddNewClientInformation()[pri:2, instance:com.PRMSTool.Tests.ClientScreenTest@702b8b12]" started-at="2021-08-02T13:54:30 IST" name="verifyaddNewClientInformation" finished-at="2021-08-02T13:54:36 IST" duration-ms="5541" status="PASS">
          <reporter-output>
          </reporter-output>
        </test-method> <!-- verifyaddNewClientInformation -->
        <test-method signature="verifyclickOnAgreementDetails()[pri:3, instance:com.PRMSTool.Tests.ClientScreenTest@702b8b12]" started-at="2021-08-02T13:54:36 IST" name="verifyclickOnAgreementDetails" finished-at="2021-08-02T13:54:36 IST" duration-ms="142" status="PASS">
          <reporter-output>
          </reporter-output>
        </test-method> <!-- verifyclickOnAgreementDetails -->
        <test-method signature="verifyselectAgreementSignedDate()[pri:4, instance:com.PRMSTool.Tests.ClientScreenTest@702b8b12]" started-at="2021-08-02T13:54:36 IST" name="verifyselectAgreementSignedDate" finished-at="2021-08-02T13:54:44 IST" duration-ms="8297" status="PASS">
          <reporter-output>
          </reporter-output>
        </test-method> <!-- verifyselectAgreementSignedDate -->
        <test-method signature="verifyselectApproxStartDate()[pri:5, instance:com.PRMSTool.Tests.ClientScreenTest@702b8b12]" started-at="2021-08-02T13:54:44 IST" name="verifyselectApproxStartDate" finished-at="2021-08-02T13:54:52 IST" duration-ms="7743" status="PASS">
          <reporter-output>
          </reporter-output>
        </test-method> <!-- verifyselectApproxStartDate -->
        <test-method signature="verifyaddAgreementDetails()[pri:6, instance:com.PRMSTool.Tests.ClientScreenTest@702b8b12]" started-at="2021-08-02T13:54:52 IST" name="verifyaddAgreementDetails" finished-at="2021-08-02T13:54:53 IST" duration-ms="1038" status="PASS">
          <reporter-output>
          </reporter-output>
        </test-method> <!-- verifyaddAgreementDetails -->
        <test-method signature="verifyclickOnStakeholderDetails()[pri:7, instance:com.PRMSTool.Tests.ClientScreenTest@702b8b12]" started-at="2021-08-02T13:54:53 IST" name="verifyclickOnStakeholderDetails" finished-at="2021-08-02T13:54:53 IST" duration-ms="135" status="PASS">
          <reporter-output>
          </reporter-output>
        </test-method> <!-- verifyclickOnStakeholderDetails -->
        <test-method signature="verifyaddStakeholderDetails()[pri:8, instance:com.PRMSTool.Tests.ClientScreenTest@702b8b12]" started-at="2021-08-02T13:54:53 IST" name="verifyaddStakeholderDetails" finished-at="2021-08-02T13:54:59 IST" duration-ms="5746" status="PASS">
          <reporter-output>
          </reporter-output>
        </test-method> <!-- verifyaddStakeholderDetails -->
        <test-method signature="verifyclickOnAdd()[pri:9, instance:com.PRMSTool.Tests.ClientScreenTest@702b8b12]" started-at="2021-08-02T13:54:59 IST" name="verifyclickOnAdd" finished-at="2021-08-02T13:55:04 IST" duration-ms="5105" status="PASS">
          <reporter-output>
          </reporter-output>
        </test-method> <!-- verifyclickOnAdd -->
        <test-method signature="verifysearchClient()[pri:10, instance:com.PRMSTool.Tests.ClientScreenTest@702b8b12]" started-at="2021-08-02T13:55:04 IST" name="verifysearchClient" finished-at="2021-08-02T13:55:14 IST" duration-ms="10327" status="PASS">
          <reporter-output>
          </reporter-output>
        </test-method> <!-- verifysearchClient -->
        <test-method signature="verifyeditClient()[pri:11, instance:com.PRMSTool.Tests.ClientScreenTest@702b8b12]" started-at="2021-08-02T13:55:14 IST" name="verifyeditClient" finished-at="2021-08-02T13:55:15 IST" duration-ms="211" status="PASS">
          <reporter-output>
          </reporter-output>
        </test-method> <!-- verifyeditClient -->
        <test-method signature="verifyeditClientInformation()[pri:12, instance:com.PRMSTool.Tests.ClientScreenTest@702b8b12]" started-at="2021-08-02T13:55:15 IST" name="verifyeditClientInformation" finished-at="2021-08-02T13:55:28 IST" duration-ms="12956" status="PASS">
          <reporter-output>
          </reporter-output>
        </test-method> <!-- verifyeditClientInformation -->
        <test-method signature="verifyeditAgreementDetails()[pri:13, instance:com.PRMSTool.Tests.ClientScreenTest@702b8b12]" started-at="2021-08-02T13:55:28 IST" name="verifyeditAgreementDetails" finished-at="2021-08-02T13:55:34 IST" duration-ms="6171" status="PASS">
          <reporter-output>
          </reporter-output>
        </test-method> <!-- verifyeditAgreementDetails -->
        <test-method signature="verifyeditAgreementSignedDate()[pri:14, instance:com.PRMSTool.Tests.ClientScreenTest@702b8b12]" started-at="2021-08-02T13:55:34 IST" name="verifyeditAgreementSignedDate" finished-at="2021-08-02T13:55:42 IST" duration-ms="7800" status="PASS">
          <reporter-output>
          </reporter-output>
        </test-method> <!-- verifyeditAgreementSignedDate -->
        <test-method signature="verifyeditApproxStartDate()[pri:15, instance:com.PRMSTool.Tests.ClientScreenTest@702b8b12]" started-at="2021-08-02T13:55:42 IST" name="verifyeditApproxStartDate" finished-at="2021-08-02T13:55:49 IST" duration-ms="7837" status="PASS">
          <reporter-output>
          </reporter-output>
        </test-method> <!-- verifyeditApproxStartDate -->
        <test-method signature="verifyeditStakeholder()[pri:16, instance:com.PRMSTool.Tests.ClientScreenTest@702b8b12]" started-at="2021-08-02T13:55:49 IST" name="verifyeditStakeholder" finished-at="2021-08-02T13:55:55 IST" duration-ms="5852" status="PASS">
          <reporter-output>
          </reporter-output>
        </test-method> <!-- verifyeditStakeholder -->
        <test-method signature="verifyclickOnUpdateClient()[pri:17, instance:com.PRMSTool.Tests.ClientScreenTest@702b8b12]" started-at="2021-08-02T13:55:55 IST" name="verifyclickOnUpdateClient" finished-at="2021-08-02T13:55:55 IST" duration-ms="83" status="PASS">
          <reporter-output>
          </reporter-output>
        </test-method> <!-- verifyclickOnUpdateClient -->
        <test-method signature="verifydeleteClient()[pri:18, instance:com.PRMSTool.Tests.ClientScreenTest@702b8b12]" started-at="2021-08-02T13:55:55 IST" name="verifydeleteClient" finished-at="2021-08-02T13:56:13 IST" duration-ms="17126" status="PASS">
          <reporter-output>
          </reporter-output>
        </test-method> <!-- verifydeleteClient -->
        <test-method signature="verifydownloadFile()[pri:19, instance:com.PRMSTool.Tests.ClientScreenTest@702b8b12]" started-at="2021-08-02T13:56:13 IST" name="verifydownloadFile" finished-at="2021-08-02T13:56:18 IST" duration-ms="5100" status="PASS">
          <reporter-output>
          </reporter-output>
        </test-method> <!-- verifydownloadFile -->
        <test-method signature="verifydisplayAllStatusList()[pri:20, instance:com.PRMSTool.Tests.ClientScreenTest@702b8b12]" started-at="2021-08-02T13:56:18 IST" name="verifydisplayAllStatusList" finished-at="2021-08-02T13:56:28 IST" duration-ms="10209" status="PASS">
          <reporter-output>
          </reporter-output>
        </test-method> <!-- verifydisplayAllStatusList -->
        <test-method signature="verifydisplayInactiveStatusList()[pri:21, instance:com.PRMSTool.Tests.ClientScreenTest@702b8b12]" started-at="2021-08-02T13:56:28 IST" name="verifydisplayInactiveStatusList" finished-at="2021-08-02T13:56:33 IST" duration-ms="5195" status="PASS">
          <reporter-output>
          </reporter-output>
        </test-method> <!-- verifydisplayInactiveStatusList -->
        <test-method signature="verifydisplayActiveStatusList()[pri:22, instance:com.PRMSTool.Tests.ClientScreenTest@702b8b12]" started-at="2021-08-02T13:56:33 IST" name="verifydisplayActiveStatusList" finished-at="2021-08-02T13:56:38 IST" duration-ms="5174" status="PASS">
          <reporter-output>
          </reporter-output>
        </test-method> <!-- verifydisplayActiveStatusList -->
        <test-method signature="verifydisplayvResourcingBusinessUnit()[pri:23, instance:com.PRMSTool.Tests.ClientScreenTest@702b8b12]" started-at="2021-08-02T13:56:38 IST" name="verifydisplayvResourcingBusinessUnit" finished-at="2021-08-02T13:56:43 IST" duration-ms="5204" status="PASS">
          <reporter-output>
          </reporter-output>
        </test-method> <!-- verifydisplayvResourcingBusinessUnit -->
        <test-method signature="verifydisplayROWBusinessUnit()[pri:24, instance:com.PRMSTool.Tests.ClientScreenTest@702b8b12]" started-at="2021-08-02T13:56:43 IST" name="verifydisplayROWBusinessUnit" finished-at="2021-08-02T13:56:49 IST" duration-ms="5209" status="PASS">
          <reporter-output>
          </reporter-output>
        </test-method> <!-- verifydisplayROWBusinessUnit -->
        <test-method signature="verifydisplayLicenceBusinessUnit()[pri:25, instance:com.PRMSTool.Tests.ClientScreenTest@702b8b12]" started-at="2021-08-02T13:56:49 IST" name="verifydisplayLicenceBusinessUnit" finished-at="2021-08-02T13:56:54 IST" duration-ms="5198" status="PASS">
          <reporter-output>
          </reporter-output>
        </test-method> <!-- verifydisplayLicenceBusinessUnit -->
        <test-method signature="verifydisplayPracticesBusinessUnit()[pri:26, instance:com.PRMSTool.Tests.ClientScreenTest@702b8b12]" started-at="2021-08-02T13:56:54 IST" name="verifydisplayPracticesBusinessUnit" finished-at="2021-08-02T13:56:59 IST" duration-ms="5172" status="PASS">
          <reporter-output>
          </reporter-output>
        </test-method> <!-- verifydisplayPracticesBusinessUnit -->
        <test-method signature="verifydisplaySafeGuardBusinessUnit()[pri:27, instance:com.PRMSTool.Tests.ClientScreenTest@702b8b12]" started-at="2021-08-02T13:56:59 IST" name="verifydisplaySafeGuardBusinessUnit" finished-at="2021-08-02T13:57:04 IST" duration-ms="5201" status="PASS">
          <reporter-output>
          </reporter-output>
        </test-method> <!-- verifydisplaySafeGuardBusinessUnit -->
        <test-method signature="verifydisplayAllBusinessUnit()[pri:28, instance:com.PRMSTool.Tests.ClientScreenTest@702b8b12]" started-at="2021-08-02T13:57:04 IST" name="verifydisplayAllBusinessUnit" finished-at="2021-08-02T13:57:09 IST" duration-ms="5158" status="PASS">
          <reporter-output>
          </reporter-output>
        </test-method> <!-- verifydisplayAllBusinessUnit -->
        <test-method is-config="true" signature="finish()[pri:0, instance:com.PRMSTool.Tests.ClientScreenTest@702b8b12]" started-at="2021-08-02T13:57:09 IST" name="finish" finished-at="2021-08-02T13:57:10 IST" duration-ms="698" status="PASS">
          <reporter-output>
          </reporter-output>
        </test-method> <!-- finish -->
      </class> <!-- com.PRMSTool.Tests.ClientScreenTest -->
    </test> <!-- ClientScreen Test -->
  </suite> <!-- ClientScreen Suite -->
  <suite started-at="2021-08-02T14:05:21 IST" name="ClientScreen Suite (0)" finished-at="2021-08-02T14:08:12 IST" duration-ms="170834">
    <groups>
    </groups>
    <test started-at="2021-08-02T14:05:21 IST" name="ClientScreen Test" finished-at="2021-08-02T14:08:12 IST" duration-ms="170834">
      <class name="com.PRMSTool.Tests.ClientReviewTest">
        <test-method is-config="true" signature="OpenBrowser()[pri:0, instance:com.PRMSTool.Tests.ClientReviewTest@543588e6]" started-at="2021-08-02T14:05:19 IST" name="OpenBrowser" finished-at="2021-08-02T14:05:21 IST" duration-ms="2463" status="PASS">
          <reporter-output>
          </reporter-output>
        </test-method> <!-- OpenBrowser -->
        <test-method signature="verifyLogin()[pri:0, instance:com.PRMSTool.Tests.ClientReviewTest@543588e6]" started-at="2021-08-02T14:05:21 IST" name="verifyLogin" finished-at="2021-08-02T14:05:31 IST" duration-ms="9455" status="PASS">
          <reporter-output>
          </reporter-output>
        </test-method> <!-- verifyLogin -->
        <test-method signature="verifyclickOnClientReview()[pri:1, instance:com.PRMSTool.Tests.ClientReviewTest@543588e6]" started-at="2021-08-02T14:05:31 IST" name="verifyclickOnClientReview" finished-at="2021-08-02T14:05:36 IST" duration-ms="5033" status="PASS">
          <reporter-output>
          </reporter-output>
        </test-method> <!-- verifyclickOnClientReview -->
        <test-method signature="verifyclickOnAddNew()[pri:2, instance:com.PRMSTool.Tests.ClientReviewTest@543588e6]" started-at="2021-08-02T14:05:36 IST" name="verifyclickOnAddNew" finished-at="2021-08-02T14:05:41 IST" duration-ms="5672" status="PASS">
          <reporter-output>
          </reporter-output>
        </test-method> <!-- verifyclickOnAddNew -->
        <test-method signature="verifyaddNewClientReview()[pri:3, instance:com.PRMSTool.Tests.ClientReviewTest@543588e6]" started-at="2021-08-02T14:05:41 IST" name="verifyaddNewClientReview" finished-at="2021-08-02T14:06:07 IST" duration-ms="25993" status="PASS">
          <reporter-output>
          </reporter-output>
        </test-method> <!-- verifyaddNewClientReview -->
        <test-method signature="verifysearch()[pri:4, instance:com.PRMSTool.Tests.ClientReviewTest@543588e6]" started-at="2021-08-02T14:06:07 IST" name="verifysearch" finished-at="2021-08-02T14:06:17 IST" duration-ms="10184" status="PASS">
          <reporter-output>
          </reporter-output>
        </test-method> <!-- verifysearch -->
        <test-method signature="verifyclickOnEditButton()[pri:5, instance:com.PRMSTool.Tests.ClientReviewTest@543588e6]" started-at="2021-08-02T14:06:17 IST" name="verifyclickOnEditButton" finished-at="2021-08-02T14:06:18 IST" duration-ms="121" status="PASS">
          <reporter-output>
          </reporter-output>
        </test-method> <!-- verifyclickOnEditButton -->
        <test-method signature="verifyeditClientReview()[pri:6, instance:com.PRMSTool.Tests.ClientReviewTest@543588e6]" started-at="2021-08-02T14:06:18 IST" name="verifyeditClientReview" finished-at="2021-08-02T14:06:37 IST" duration-ms="19729" status="PASS">
          <reporter-output>
          </reporter-output>
        </test-method> <!-- verifyeditClientReview -->
        <test-method signature="verifyclickOnUpdateButton()[pri:7, instance:com.PRMSTool.Tests.ClientReviewTest@543588e6]" started-at="2021-08-02T14:06:37 IST" name="verifyclickOnUpdateButton" finished-at="2021-08-02T14:06:37 IST" duration-ms="80" status="PASS">
          <reporter-output>
          </reporter-output>
        </test-method> <!-- verifyclickOnUpdateButton -->
        <test-method signature="verifydelete()[pri:8, instance:com.PRMSTool.Tests.ClientReviewTest@543588e6]" started-at="2021-08-02T14:06:37 IST" name="verifydelete" finished-at="2021-08-02T14:06:56 IST" duration-ms="18550" status="PASS">
          <reporter-output>
          </reporter-output>
        </test-method> <!-- verifydelete -->
        <test-method signature="verifydisplayDateJanuary()[pri:9, instance:com.PRMSTool.Tests.ClientReviewTest@543588e6]" started-at="2021-08-02T14:06:56 IST" name="verifydisplayDateJanuary" finished-at="2021-08-02T14:06:59 IST" duration-ms="3184" status="PASS">
          <reporter-output>
          </reporter-output>
        </test-method> <!-- verifydisplayDateJanuary -->
        <test-method signature="verifydisplayDateJanuary1()[pri:10, instance:com.PRMSTool.Tests.ClientReviewTest@543588e6]" started-at="2021-08-02T14:06:59 IST" name="verifydisplayDateJanuary1" finished-at="2021-08-02T14:07:02 IST" duration-ms="3152" status="PASS">
          <reporter-output>
          </reporter-output>
        </test-method> <!-- verifydisplayDateJanuary1 -->
        <test-method signature="verifydisplayDateFebruary()[pri:11, instance:com.PRMSTool.Tests.ClientReviewTest@543588e6]" started-at="2021-08-02T14:07:02 IST" name="verifydisplayDateFebruary" finished-at="2021-08-02T14:07:05 IST" duration-ms="3173" status="PASS">
          <reporter-output>
          </reporter-output>
        </test-method> <!-- verifydisplayDateFebruary -->
        <test-method signature="verifydisplayDateFebruary1()[pri:12, instance:com.PRMSTool.Tests.ClientReviewTest@543588e6]" started-at="2021-08-02T14:07:05 IST" name="verifydisplayDateFebruary1" finished-at="2021-08-02T14:07:09 IST" duration-ms="3179" status="PASS">
          <reporter-output>
          </reporter-output>
        </test-method> <!-- verifydisplayDateFebruary1 -->
        <test-method signature="verifydisplayDateMarch()[pri:13, instance:com.PRMSTool.Tests.ClientReviewTest@543588e6]" started-at="2021-08-02T14:07:09 IST" name="verifydisplayDateMarch" finished-at="2021-08-02T14:07:12 IST" duration-ms="3154" status="PASS">
          <reporter-output>
          </reporter-output>
        </test-method> <!-- verifydisplayDateMarch -->
        <test-method signature="verifydisplayDateMarch1()[pri:14, instance:com.PRMSTool.Tests.ClientReviewTest@543588e6]" started-at="2021-08-02T14:07:12 IST" name="verifydisplayDateMarch1" finished-at="2021-08-02T14:07:15 IST" duration-ms="3150" status="PASS">
          <reporter-output>
          </reporter-output>
        </test-method> <!-- verifydisplayDateMarch1 -->
        <test-method signature="verifydisplayDateApril()[pri:15, instance:com.PRMSTool.Tests.ClientReviewTest@543588e6]" started-at="2021-08-02T14:07:15 IST" name="verifydisplayDateApril" finished-at="2021-08-02T14:07:18 IST" duration-ms="3159" status="PASS">
          <reporter-output>
          </reporter-output>
        </test-method> <!-- verifydisplayDateApril -->
        <test-method signature="verifydisplayDateApril1()[pri:16, instance:com.PRMSTool.Tests.ClientReviewTest@543588e6]" started-at="2021-08-02T14:07:18 IST" name="verifydisplayDateApril1" finished-at="2021-08-02T14:07:21 IST" duration-ms="3153" status="PASS">
          <reporter-output>
          </reporter-output>
        </test-method> <!-- verifydisplayDateApril1 -->
        <test-method signature="verifydisplayDateMay()[pri:17, instance:com.PRMSTool.Tests.ClientReviewTest@543588e6]" started-at="2021-08-02T14:07:21 IST" name="verifydisplayDateMay" finished-at="2021-08-02T14:07:24 IST" duration-ms="3160" status="PASS">
          <reporter-output>
          </reporter-output>
        </test-method> <!-- verifydisplayDateMay -->
        <test-method signature="verifydisplayDateMay1()[pri:18, instance:com.PRMSTool.Tests.ClientReviewTest@543588e6]" started-at="2021-08-02T14:07:24 IST" name="verifydisplayDateMay1" finished-at="2021-08-02T14:07:28 IST" duration-ms="3169" status="PASS">
          <reporter-output>
          </reporter-output>
        </test-method> <!-- verifydisplayDateMay1 -->
        <test-method signature="verifydisplayDateJune()[pri:19, instance:com.PRMSTool.Tests.ClientReviewTest@543588e6]" started-at="2021-08-02T14:07:28 IST" name="verifydisplayDateJune" finished-at="2021-08-02T14:07:31 IST" duration-ms="3151" status="PASS">
          <reporter-output>
          </reporter-output>
        </test-method> <!-- verifydisplayDateJune -->
        <test-method signature="verifydisplayDateJune1()[pri:20, instance:com.PRMSTool.Tests.ClientReviewTest@543588e6]" started-at="2021-08-02T14:07:31 IST" name="verifydisplayDateJune1" finished-at="2021-08-02T14:07:34 IST" duration-ms="3144" status="PASS">
          <reporter-output>
          </reporter-output>
        </test-method> <!-- verifydisplayDateJune1 -->
        <test-method signature="verifydisplayDateJuly()[pri:21, instance:com.PRMSTool.Tests.ClientReviewTest@543588e6]" started-at="2021-08-02T14:07:34 IST" name="verifydisplayDateJuly" finished-at="2021-08-02T14:07:37 IST" duration-ms="3148" status="PASS">
          <reporter-output>
          </reporter-output>
        </test-method> <!-- verifydisplayDateJuly -->
        <test-method signature="verifydisplayDateJuly1()[pri:22, instance:com.PRMSTool.Tests.ClientReviewTest@543588e6]" started-at="2021-08-02T14:07:37 IST" name="verifydisplayDateJuly1" finished-at="2021-08-02T14:07:40 IST" duration-ms="3152" status="PASS">
          <reporter-output>
          </reporter-output>
        </test-method> <!-- verifydisplayDateJuly1 -->
        <test-method signature="verifydisplayDateAugust()[pri:23, instance:com.PRMSTool.Tests.ClientReviewTest@543588e6]" started-at="2021-08-02T14:07:40 IST" name="verifydisplayDateAugust" finished-at="2021-08-02T14:07:43 IST" duration-ms="3145" status="PASS">
          <reporter-output>
          </reporter-output>
        </test-method> <!-- verifydisplayDateAugust -->
        <test-method signature="verifydisplayDateAugust1()[pri:24, instance:com.PRMSTool.Tests.ClientReviewTest@543588e6]" started-at="2021-08-02T14:07:43 IST" name="verifydisplayDateAugust1" finished-at="2021-08-02T14:07:47 IST" duration-ms="3184" status="PASS">
          <reporter-output>
          </reporter-output>
        </test-method> <!-- verifydisplayDateAugust1 -->
        <test-method signature="verifydisplayDateSeptember()[pri:25, instance:com.PRMSTool.Tests.ClientReviewTest@543588e6]" started-at="2021-08-02T14:07:47 IST" name="verifydisplayDateSeptember" finished-at="2021-08-02T14:07:50 IST" duration-ms="3152" status="PASS">
          <reporter-output>
          </reporter-output>
        </test-method> <!-- verifydisplayDateSeptember -->
        <test-method signature="verifydisplayDateSeptember1()[pri:26, instance:com.PRMSTool.Tests.ClientReviewTest@543588e6]" started-at="2021-08-02T14:07:50 IST" name="verifydisplayDateSeptember1" finished-at="2021-08-02T14:07:53 IST" duration-ms="3156" status="PASS">
          <reporter-output>
          </reporter-output>
        </test-method> <!-- verifydisplayDateSeptember1 -->
        <test-method signature="verifydisplayDateOctober()[pri:27, instance:com.PRMSTool.Tests.ClientReviewTest@543588e6]" started-at="2021-08-02T14:07:53 IST" name="verifydisplayDateOctober" finished-at="2021-08-02T14:07:56 IST" duration-ms="3144" status="PASS">
          <reporter-output>
          </reporter-output>
        </test-method> <!-- verifydisplayDateOctober -->
        <test-method signature="verifydisplayDateOctober1()[pri:28, instance:com.PRMSTool.Tests.ClientReviewTest@543588e6]" started-at="2021-08-02T14:07:56 IST" name="verifydisplayDateOctober1" finished-at="2021-08-02T14:07:59 IST" duration-ms="3149" status="PASS">
          <reporter-output>
          </reporter-output>
        </test-method> <!-- verifydisplayDateOctober1 -->
        <test-method signature="verifydisplayDateNovember()[pri:29, instance:com.PRMSTool.Tests.ClientReviewTest@543588e6]" started-at="2021-08-02T14:07:59 IST" name="verifydisplayDateNovember" finished-at="2021-08-02T14:08:02 IST" duration-ms="3159" status="PASS">
          <reporter-output>
          </reporter-output>
        </test-method> <!-- verifydisplayDateNovember -->
        <test-method signature="verifydisplayDateNovember1()[pri:30, instance:com.PRMSTool.Tests.ClientReviewTest@543588e6]" started-at="2021-08-02T14:08:02 IST" name="verifydisplayDateNovember1" finished-at="2021-08-02T14:08:05 IST" duration-ms="3147" status="PASS">
          <reporter-output>
          </reporter-output>
        </test-method> <!-- verifydisplayDateNovember1 -->
        <test-method signature="verifydisplayDateDecember()[pri:31, instance:com.PRMSTool.Tests.ClientReviewTest@543588e6]" started-at="2021-08-02T14:08:05 IST" name="verifydisplayDateDecember" finished-at="2021-08-02T14:08:09 IST" duration-ms="3164" status="PASS">
          <reporter-output>
          </reporter-output>
        </test-method> <!-- verifydisplayDateDecember -->
        <test-method signature="verifydisplayDateDecember1()[pri:32, instance:com.PRMSTool.Tests.ClientReviewTest@543588e6]" started-at="2021-08-02T14:08:09 IST" name="verifydisplayDateDecember1" finished-at="2021-08-02T14:08:12 IST" duration-ms="3165" status="PASS">
          <reporter-output>
          </reporter-output>
        </test-method> <!-- verifydisplayDateDecember1 -->
        <test-method signature="verifydisplayYearAll()[pri:33, instance:com.PRMSTool.Tests.ClientReviewTest@543588e6]" started-at="2021-08-02T14:08:12 IST" name="verifydisplayYearAll" finished-at="2021-08-02T14:08:12 IST" duration-ms="189" status="PASS">
          <reporter-output>
          </reporter-output>
        </test-method> <!-- verifydisplayYearAll -->
        <test-method is-config="true" signature="finish()[pri:0, instance:com.PRMSTool.Tests.ClientReviewTest@543588e6]" started-at="2021-08-02T14:08:12 IST" name="finish" finished-at="2021-08-02T14:08:13 IST" duration-ms="717" status="PASS">
          <reporter-output>
          </reporter-output>
        </test-method> <!-- finish -->
      </class> <!-- com.PRMSTool.Tests.ClientReviewTest -->
    </test> <!-- ClientScreen Test -->
  </suite> <!-- ClientScreen Suite (0) -->
  <suite started-at="2021-08-02T14:00:07 IST" name="ResourceScreen Suite" finished-at="2021-08-02T14:02:03 IST" duration-ms="115710">
    <groups>
    </groups>
    <test started-at="2021-08-02T14:00:07 IST" name="ResourceScreen Test" finished-at="2021-08-02T14:02:03 IST" duration-ms="115710">
      <class name="com.PRMSTool.Tests.ResourceScreenTest">
        <test-method is-config="true" signature="OpenBrowser()[pri:0, instance:com.PRMSTool.Tests.ResourceScreenTest@156b88f5]" started-at="2021-08-02T14:00:04 IST" name="OpenBrowser" finished-at="2021-08-02T14:00:07 IST" duration-ms="3548" status="PASS">
          <reporter-output>
          </reporter-output>
        </test-method> <!-- OpenBrowser -->
        <test-method signature="verifyLogin()[pri:0, instance:com.PRMSTool.Tests.ResourceScreenTest@156b88f5]" started-at="2021-08-02T14:00:07 IST" name="verifyLogin" finished-at="2021-08-02T14:00:17 IST" duration-ms="9532" status="PASS">
          <reporter-output>
          </reporter-output>
        </test-method> <!-- verifyLogin -->
        <test-method signature="verifyclickOnResource()[pri:1, instance:com.PRMSTool.Tests.ResourceScreenTest@156b88f5]" started-at="2021-08-02T14:00:17 IST" name="verifyclickOnResource" finished-at="2021-08-02T14:00:22 IST" duration-ms="5041" status="PASS">
          <reporter-output>
          </reporter-output>
        </test-method> <!-- verifyclickOnResource -->
        <test-method signature="verifyclickOnAddNew()[pri:2, instance:com.PRMSTool.Tests.ResourceScreenTest@156b88f5]" started-at="2021-08-02T14:00:22 IST" name="verifyclickOnAddNew" finished-at="2021-08-02T14:00:27 IST" duration-ms="5260" status="PASS">
          <reporter-output>
          </reporter-output>
        </test-method> <!-- verifyclickOnAddNew -->
        <test-method signature="verifyaddResourceDetails()[pri:3, instance:com.PRMSTool.Tests.ResourceScreenTest@156b88f5]" started-at="2021-08-02T14:00:27 IST" name="verifyaddResourceDetails" finished-at="2021-08-02T14:00:35 IST" duration-ms="7816" status="PASS">
          <reporter-output>
          </reporter-output>
        </test-method> <!-- verifyaddResourceDetails -->
        <test-method signature="verifyselectBirthDate()[pri:4, instance:com.PRMSTool.Tests.ResourceScreenTest@156b88f5]" started-at="2021-08-02T14:00:35 IST" name="verifyselectBirthDate" finished-at="2021-08-02T14:00:59 IST" duration-ms="24326" status="PASS">
          <reporter-output>
          </reporter-output>
        </test-method> <!-- verifyselectBirthDate -->
        <test-method signature="verifyselectJoiningDate()[pri:5, instance:com.PRMSTool.Tests.ResourceScreenTest@156b88f5]" started-at="2021-08-02T14:00:59 IST" name="verifyselectJoiningDate" finished-at="2021-08-02T14:01:00 IST" duration-ms="692" status="PASS">
          <reporter-output>
          </reporter-output>
        </test-method> <!-- verifyselectJoiningDate -->
        <test-method signature="verifyclickOnAdd()[pri:6, instance:com.PRMSTool.Tests.ResourceScreenTest@156b88f5]" started-at="2021-08-02T14:01:00 IST" name="verifyclickOnAdd" finished-at="2021-08-02T14:01:05 IST" duration-ms="5122" status="PASS">
          <reporter-output>
          </reporter-output>
        </test-method> <!-- verifyclickOnAdd -->
        <test-method signature="verifydisplayAllStatusList()[pri:7, instance:com.PRMSTool.Tests.ResourceScreenTest@156b88f5]" started-at="2021-08-02T14:01:05 IST" name="verifydisplayAllStatusList" finished-at="2021-08-02T14:01:15 IST" duration-ms="10212" status="PASS">
          <reporter-output>
          </reporter-output>
        </test-method> <!-- verifydisplayAllStatusList -->
        <test-method signature="verifysearch()[pri:8, instance:com.PRMSTool.Tests.ResourceScreenTest@156b88f5]" started-at="2021-08-02T14:01:15 IST" name="verifysearch" finished-at="2021-08-02T14:01:26 IST" duration-ms="10313" status="PASS">
          <reporter-output>
          </reporter-output>
        </test-method> <!-- verifysearch -->
        <test-method signature="verifyclickOnEditButton()[pri:9, instance:com.PRMSTool.Tests.ResourceScreenTest@156b88f5]" started-at="2021-08-02T14:01:26 IST" name="verifyclickOnEditButton" finished-at="2021-08-02T14:01:26 IST" duration-ms="135" status="PASS">
          <reporter-output>
          </reporter-output>
        </test-method> <!-- verifyclickOnEditButton -->
        <test-method signature="verifyeditResourceInformation()[pri:10, instance:com.PRMSTool.Tests.ResourceScreenTest@156b88f5]" started-at="2021-08-02T14:01:26 IST" name="verifyeditResourceInformation" finished-at="2021-08-02T14:01:33 IST" duration-ms="6657" status="PASS">
          <reporter-output>
          </reporter-output>
        </test-method> <!-- verifyeditResourceInformation -->
        <test-method signature="verifyclickOnUpdateButton()[pri:11, instance:com.PRMSTool.Tests.ResourceScreenTest@156b88f5]" started-at="2021-08-02T14:01:33 IST" name="verifyclickOnUpdateButton" finished-at="2021-08-02T14:01:33 IST" duration-ms="68" status="PASS">
          <reporter-output>
          </reporter-output>
        </test-method> <!-- verifyclickOnUpdateButton -->
        <test-method signature="verifydelete()[pri:12, instance:com.PRMSTool.Tests.ResourceScreenTest@156b88f5]" started-at="2021-08-02T14:01:33 IST" name="verifydelete" finished-at="2021-08-02T14:01:47 IST" duration-ms="14340" status="PASS">
          <reporter-output>
          </reporter-output>
        </test-method> <!-- verifydelete -->
        <test-method signature="verifydownloadFile()[pri:13, instance:com.PRMSTool.Tests.ResourceScreenTest@156b88f5]" started-at="2021-08-02T14:01:47 IST" name="verifydownloadFile" finished-at="2021-08-02T14:01:52 IST" duration-ms="5127" status="PASS">
          <reporter-output>
          </reporter-output>
        </test-method> <!-- verifydownloadFile -->
        <test-method signature="verifydisplayInactiveStatusList()[pri:14, instance:com.PRMSTool.Tests.ResourceScreenTest@156b88f5]" started-at="2021-08-02T14:01:52 IST" name="verifydisplayInactiveStatusList" finished-at="2021-08-02T14:01:58 IST" duration-ms="5889" status="PASS">
          <reporter-output>
          </reporter-output>
        </test-method> <!-- verifydisplayInactiveStatusList -->
        <test-method signature="verifydisplayActiveStatusList()[pri:15, instance:com.PRMSTool.Tests.ResourceScreenTest@156b88f5]" started-at="2021-08-02T14:01:58 IST" name="verifydisplayActiveStatusList" finished-at="2021-08-02T14:02:03 IST" duration-ms="5169" status="PASS">
          <reporter-output>
          </reporter-output>
        </test-method> <!-- verifydisplayActiveStatusList -->
        <test-method is-config="true" signature="finish()[pri:0, instance:com.PRMSTool.Tests.ResourceScreenTest@156b88f5]" started-at="2021-08-02T14:02:03 IST" name="finish" finished-at="2021-08-02T14:02:04 IST" duration-ms="788" status="PASS">
          <reporter-output>
          </reporter-output>
        </test-method> <!-- finish -->
      </class> <!-- com.PRMSTool.Tests.ResourceScreenTest -->
    </test> <!-- ResourceScreen Test -->
  </suite> <!-- ResourceScreen Suite -->
  <suite started-at="2021-08-02T14:08:15 IST" name="SalesLead Suite" finished-at="2021-08-02T14:10:13 IST" duration-ms="117451">
    <groups>
    </groups>
    <test started-at="2021-08-02T14:08:15 IST" name="SalesLeadScreen Test" finished-at="2021-08-02T14:10:13 IST" duration-ms="117451">
      <class name="com.PRMSTool.Tests.SalesLeadScreenTest">
        <test-method is-config="true" signature="OpenBrowser()[pri:0, instance:com.PRMSTool.Tests.SalesLeadScreenTest@5d0a1059]" started-at="2021-08-02T14:08:13 IST" name="OpenBrowser" finished-at="2021-08-02T14:08:15 IST" duration-ms="2557" status="PASS">
          <reporter-output>
          </reporter-output>
        </test-method> <!-- OpenBrowser -->
        <test-method signature="verifyLogin()[pri:0, instance:com.PRMSTool.Tests.SalesLeadScreenTest@5d0a1059]" started-at="2021-08-02T14:08:15 IST" name="verifyLogin" finished-at="2021-08-02T14:08:25 IST" duration-ms="9465" status="PASS">
          <reporter-output>
          </reporter-output>
        </test-method> <!-- verifyLogin -->
        <test-method signature="verifyclickOnSalesLead()[pri:1, instance:com.PRMSTool.Tests.SalesLeadScreenTest@5d0a1059]" started-at="2021-08-02T14:08:25 IST" name="verifyclickOnSalesLead" finished-at="2021-08-02T14:08:30 IST" duration-ms="5037" status="PASS">
          <reporter-output>
          </reporter-output>
        </test-method> <!-- verifyclickOnSalesLead -->
        <test-method signature="verifyclickOnAddNew()[pri:2, instance:com.PRMSTool.Tests.SalesLeadScreenTest@5d0a1059]" started-at="2021-08-02T14:08:30 IST" name="verifyclickOnAddNew" finished-at="2021-08-02T14:08:36 IST" duration-ms="5840" status="PASS">
          <reporter-output>
          </reporter-output>
        </test-method> <!-- verifyclickOnAddNew -->
        <test-method signature="verifyaddSalesLeadInformation()[pri:3, instance:com.PRMSTool.Tests.SalesLeadScreenTest@5d0a1059]" started-at="2021-08-02T14:08:36 IST" name="verifyaddSalesLeadInformation" finished-at="2021-08-02T14:08:39 IST" duration-ms="2899" status="PASS">
          <reporter-output>
          </reporter-output>
        </test-method> <!-- verifyaddSalesLeadInformation -->
        <test-method signature="verifyselectLastUpdatedDate()[pri:4, instance:com.PRMSTool.Tests.SalesLeadScreenTest@5d0a1059]" started-at="2021-08-02T14:08:39 IST" name="verifyselectLastUpdatedDate" finished-at="2021-08-02T14:08:44 IST" duration-ms="5717" status="PASS">
          <reporter-output>
          </reporter-output>
        </test-method> <!-- verifyselectLastUpdatedDate -->
        <test-method signature="verifyclickOnCompanyDetails()[pri:5, instance:com.PRMSTool.Tests.SalesLeadScreenTest@5d0a1059]" started-at="2021-08-02T14:08:44 IST" name="verifyclickOnCompanyDetails" finished-at="2021-08-02T14:08:44 IST" duration-ms="141" status="PASS">
          <reporter-output>
          </reporter-output>
        </test-method> <!-- verifyclickOnCompanyDetails -->
        <test-method signature="verifyaddCompanyDetails()[pri:6, instance:com.PRMSTool.Tests.SalesLeadScreenTest@5d0a1059]" started-at="2021-08-02T14:08:44 IST" name="verifyaddCompanyDetails" finished-at="2021-08-02T14:08:46 IST" duration-ms="2017" status="PASS">
          <reporter-output>
          </reporter-output>
        </test-method> <!-- verifyaddCompanyDetails -->
        <test-method signature="verifyclickOnOtherDetails()[pri:7, instance:com.PRMSTool.Tests.SalesLeadScreenTest@5d0a1059]" started-at="2021-08-02T14:08:46 IST" name="verifyclickOnOtherDetails" finished-at="2021-08-02T14:08:46 IST" duration-ms="107" status="PASS">
          <reporter-output>
          </reporter-output>
        </test-method> <!-- verifyclickOnOtherDetails -->
        <test-method signature="verifyaddOtherDetails()[pri:8, instance:com.PRMSTool.Tests.SalesLeadScreenTest@5d0a1059]" started-at="2021-08-02T14:08:46 IST" name="verifyaddOtherDetails" finished-at="2021-08-02T14:08:48 IST" duration-ms="1442" status="PASS">
          <reporter-output>
          </reporter-output>
        </test-method> <!-- verifyaddOtherDetails -->
        <test-method signature="verifyselectFUPDate()[pri:9, instance:com.PRMSTool.Tests.SalesLeadScreenTest@5d0a1059]" started-at="2021-08-02T14:08:48 IST" name="verifyselectFUPDate" finished-at="2021-08-02T14:08:54 IST" duration-ms="5733" status="PASS">
          <reporter-output>
          </reporter-output>
        </test-method> <!-- verifyselectFUPDate -->
        <test-method signature="verifyselectCalledDate()[pri:10, instance:com.PRMSTool.Tests.SalesLeadScreenTest@5d0a1059]" started-at="2021-08-02T14:08:54 IST" name="verifyselectCalledDate" finished-at="2021-08-02T14:08:59 IST" duration-ms="5794" status="PASS">
          <reporter-output>
          </reporter-output>
        </test-method> <!-- verifyselectCalledDate -->
        <test-method signature="verifyclickOnAdd()[pri:11, instance:com.PRMSTool.Tests.SalesLeadScreenTest@5d0a1059]" started-at="2021-08-02T14:08:59 IST" name="verifyclickOnAdd" finished-at="2021-08-02T14:09:05 IST" duration-ms="5106" status="PASS">
          <reporter-output>
          </reporter-output>
        </test-method> <!-- verifyclickOnAdd -->
        <test-method signature="verifysearch()[pri:12, instance:com.PRMSTool.Tests.SalesLeadScreenTest@5d0a1059]" started-at="2021-08-02T14:09:05 IST" name="verifysearch" finished-at="2021-08-02T14:09:15 IST" duration-ms="10191" status="PASS">
          <reporter-output>
          </reporter-output>
        </test-method> <!-- verifysearch -->
        <test-method signature="verifyclickOnEditButton()[pri:13, instance:com.PRMSTool.Tests.SalesLeadScreenTest@5d0a1059]" started-at="2021-08-02T14:09:15 IST" name="verifyclickOnEditButton" finished-at="2021-08-02T14:09:15 IST" duration-ms="164" status="PASS">
          <reporter-output>
          </reporter-output>
        </test-method> <!-- verifyclickOnEditButton -->
        <test-method signature="verifyeditSalesLeadInformation()[pri:14, instance:com.PRMSTool.Tests.SalesLeadScreenTest@5d0a1059]" started-at="2021-08-02T14:09:15 IST" name="verifyeditSalesLeadInformation" finished-at="2021-08-02T14:09:18 IST" duration-ms="2731" status="PASS">
          <reporter-output>
          </reporter-output>
        </test-method> <!-- verifyeditSalesLeadInformation -->
        <test-method signature="verifyeditLastUpdatedDate()[pri:15, instance:com.PRMSTool.Tests.SalesLeadScreenTest@5d0a1059]" started-at="2021-08-02T14:09:18 IST" name="verifyeditLastUpdatedDate" finished-at="2021-08-02T14:09:23 IST" duration-ms="5768" status="PASS">
          <reporter-output>
          </reporter-output>
        </test-method> <!-- verifyeditLastUpdatedDate -->
        <test-method signature="verifyeditCompanyDetails()[pri:16, instance:com.PRMSTool.Tests.SalesLeadScreenTest@5d0a1059]" started-at="2021-08-02T14:09:23 IST" name="verifyeditCompanyDetails" finished-at="2021-08-02T14:09:25 IST" duration-ms="1741" status="PASS">
          <reporter-output>
          </reporter-output>
        </test-method> <!-- verifyeditCompanyDetails -->
        <test-method signature="verifyeditOtherDetails()[pri:17, instance:com.PRMSTool.Tests.SalesLeadScreenTest@5d0a1059]" started-at="2021-08-02T14:09:25 IST" name="verifyeditOtherDetails" finished-at="2021-08-02T14:09:27 IST" duration-ms="1461" status="PASS">
          <reporter-output>
          </reporter-output>
        </test-method> <!-- verifyeditOtherDetails -->
        <test-method signature="verifyeditFUPDate()[pri:18, instance:com.PRMSTool.Tests.SalesLeadScreenTest@5d0a1059]" started-at="2021-08-02T14:09:27 IST" name="verifyeditFUPDate" finished-at="2021-08-02T14:09:31 IST" duration-ms="4638" status="PASS">
          <reporter-output>
          </reporter-output>
        </test-method> <!-- verifyeditFUPDate -->
        <test-method signature="verifyclickOnUpdateButton()[pri:19, instance:com.PRMSTool.Tests.SalesLeadScreenTest@5d0a1059]" started-at="2021-08-02T14:09:31 IST" name="verifyclickOnUpdateButton" finished-at="2021-08-02T14:09:31 IST" duration-ms="72" status="PASS">
          <reporter-output>
          </reporter-output>
        </test-method> <!-- verifyclickOnUpdateButton -->
        <test-method signature="verifydeleteSalesLead()[pri:20, instance:com.PRMSTool.Tests.SalesLeadScreenTest@5d0a1059]" started-at="2021-08-02T14:09:31 IST" name="verifydeleteSalesLead" finished-at="2021-08-02T14:09:46 IST" duration-ms="14378" status="PASS">
          <reporter-output>
          </reporter-output>
        </test-method> <!-- verifydeleteSalesLead -->
        <test-method signature="verifyclickOnCloudUpload()[pri:21, instance:com.PRMSTool.Tests.SalesLeadScreenTest@5d0a1059]" started-at="2021-08-02T14:09:46 IST" name="verifyclickOnCloudUpload" finished-at="2021-08-02T14:09:46 IST" duration-ms="126" status="PASS">
          <reporter-output>
          </reporter-output>
        </test-method> <!-- verifyclickOnCloudUpload -->
        <test-method signature="verifydownloadFile()[pri:22, instance:com.PRMSTool.Tests.SalesLeadScreenTest@5d0a1059]" started-at="2021-08-02T14:09:46 IST" name="verifydownloadFile" finished-at="2021-08-02T14:09:54 IST" duration-ms="8087" status="PASS">
          <reporter-output>
          </reporter-output>
        </test-method> <!-- verifydownloadFile -->
        <test-method signature="verifyclickOnBackButton()[pri:23, instance:com.PRMSTool.Tests.SalesLeadScreenTest@5d0a1059]" started-at="2021-08-02T14:09:54 IST" name="verifyclickOnBackButton" finished-at="2021-08-02T14:09:54 IST" duration-ms="117" status="PASS">
          <reporter-output>
          </reporter-output>
        </test-method> <!-- verifyclickOnBackButton -->
        <test-method signature="verifyuploadFile()[pri:24, instance:com.PRMSTool.Tests.SalesLeadScreenTest@5d0a1059]" started-at="2021-08-02T14:09:54 IST" name="verifyuploadFile" finished-at="2021-08-02T14:10:13 IST" duration-ms="18659" status="PASS">
          <reporter-output>
          </reporter-output>
        </test-method> <!-- verifyuploadFile -->
        <test-method is-config="true" signature="finish()[pri:0, instance:com.PRMSTool.Tests.SalesLeadScreenTest@5d0a1059]" started-at="2021-08-02T14:10:13 IST" name="finish" finished-at="2021-08-02T14:10:14 IST" duration-ms="838" status="PASS">
          <reporter-output>
          </reporter-output>
        </test-method> <!-- finish -->
      </class> <!-- com.PRMSTool.Tests.SalesLeadScreenTest -->
    </test> <!-- SalesLeadScreen Test -->
  </suite> <!-- SalesLead Suite -->
  <suite started-at="2021-08-02T14:02:07 IST" name="ProjectResourceScreen Suite" finished-at="2021-08-02T14:05:18 IST" duration-ms="190684">
    <groups>
    </groups>
    <test started-at="2021-08-02T14:02:07 IST" name="ProjectResourceScreen Test" finished-at="2021-08-02T14:05:18 IST" duration-ms="190684">
      <class name="com.PRMSTool.Tests.ProjectResourceScreenTest">
        <test-method is-config="true" signature="OpenBrowser()[pri:0, instance:com.PRMSTool.Tests.ProjectResourceScreenTest@3232a28a]" started-at="2021-08-02T14:02:04 IST" name="OpenBrowser" finished-at="2021-08-02T14:02:07 IST" duration-ms="3251" status="PASS">
          <reporter-output>
          </reporter-output>
        </test-method> <!-- OpenBrowser -->
        <test-method signature="verifyLogin()[pri:0, instance:com.PRMSTool.Tests.ProjectResourceScreenTest@3232a28a]" started-at="2021-08-02T14:02:07 IST" name="verifyLogin" finished-at="2021-08-02T14:02:19 IST" duration-ms="11715" status="PASS">
          <reporter-output>
          </reporter-output>
        </test-method> <!-- verifyLogin -->
        <test-method signature="verifyclickOnProjectResource()[pri:1, instance:com.PRMSTool.Tests.ProjectResourceScreenTest@3232a28a]" started-at="2021-08-02T14:02:19 IST" name="verifyclickOnProjectResource" finished-at="2021-08-02T14:02:24 IST" duration-ms="5042" status="PASS">
          <reporter-output>
          </reporter-output>
        </test-method> <!-- verifyclickOnProjectResource -->
        <test-method signature="verifyclickOnAddNew()[pri:2, instance:com.PRMSTool.Tests.ProjectResourceScreenTest@3232a28a]" started-at="2021-08-02T14:02:24 IST" name="verifyclickOnAddNew" finished-at="2021-08-02T14:02:30 IST" duration-ms="5674" status="PASS">
          <reporter-output>
          </reporter-output>
        </test-method> <!-- verifyclickOnAddNew -->
        <test-method signature="verifyaddProjectResourceDetails()[pri:3, instance:com.PRMSTool.Tests.ProjectResourceScreenTest@3232a28a]" started-at="2021-08-02T14:02:30 IST" name="verifyaddProjectResourceDetails" finished-at="2021-08-02T14:03:00 IST" duration-ms="29961" status="PASS">
          <reporter-output>
          </reporter-output>
        </test-method> <!-- verifyaddProjectResourceDetails -->
        <test-method signature="verifyselectStartDate()[pri:4, instance:com.PRMSTool.Tests.ProjectResourceScreenTest@3232a28a]" started-at="2021-08-02T14:03:00 IST" name="verifyselectStartDate" finished-at="2021-08-02T14:03:02 IST" duration-ms="2729" status="PASS">
          <reporter-output>
          </reporter-output>
        </test-method> <!-- verifyselectStartDate -->
        <test-method signature="verifyselectEndDate()[pri:5, instance:com.PRMSTool.Tests.ProjectResourceScreenTest@3232a28a]" started-at="2021-08-02T14:03:02 IST" name="verifyselectEndDate" finished-at="2021-08-02T14:03:05 IST" duration-ms="2726" status="PASS">
          <reporter-output>
          </reporter-output>
        </test-method> <!-- verifyselectEndDate -->
        <test-method signature="verifyclickOnAdd()[pri:6, instance:com.PRMSTool.Tests.ProjectResourceScreenTest@3232a28a]" started-at="2021-08-02T14:03:05 IST" name="verifyclickOnAdd" finished-at="2021-08-02T14:03:10 IST" duration-ms="5089" status="PASS">
          <reporter-output>
          </reporter-output>
        </test-method> <!-- verifyclickOnAdd -->
        <test-method signature="verifysearch()[pri:7, instance:com.PRMSTool.Tests.ProjectResourceScreenTest@3232a28a]" started-at="2021-08-02T14:03:10 IST" name="verifysearch" finished-at="2021-08-02T14:03:32 IST" duration-ms="21398" status="PASS">
          <reporter-output>
          </reporter-output>
        </test-method> <!-- verifysearch -->
        <test-method signature="verifyclickOnEditButton()[pri:8, instance:com.PRMSTool.Tests.ProjectResourceScreenTest@3232a28a]" started-at="2021-08-02T14:03:32 IST" name="verifyclickOnEditButton" finished-at="2021-08-02T14:03:32 IST" duration-ms="119" status="PASS">
          <reporter-output>
          </reporter-output>
        </test-method> <!-- verifyclickOnEditButton -->
        <test-method signature="verifyeditResourceInformation()[pri:9, instance:com.PRMSTool.Tests.ProjectResourceScreenTest@3232a28a]" started-at="2021-08-02T14:03:32 IST" name="verifyeditResourceInformation" finished-at="2021-08-02T14:04:03 IST" duration-ms="31322" status="PASS">
          <reporter-output>
          </reporter-output>
        </test-method> <!-- verifyeditResourceInformation -->
        <test-method signature="verifyclickOnUpdateButton()[pri:10, instance:com.PRMSTool.Tests.ProjectResourceScreenTest@3232a28a]" started-at="2021-08-02T14:04:03 IST" name="verifyclickOnUpdateButton" finished-at="2021-08-02T14:04:03 IST" duration-ms="81" status="PASS">
          <reporter-output>
          </reporter-output>
        </test-method> <!-- verifyclickOnUpdateButton -->
        <test-method signature="verifydelete()[pri:11, instance:com.PRMSTool.Tests.ProjectResourceScreenTest@3232a28a]" started-at="2021-08-02T14:04:03 IST" name="verifydelete" finished-at="2021-08-02T14:04:21 IST" duration-ms="17949" status="PASS">
          <reporter-output>
          </reporter-output>
        </test-method> <!-- verifydelete -->
        <test-method signature="verifydownloadFile()[pri:12, instance:com.PRMSTool.Tests.ProjectResourceScreenTest@3232a28a]" started-at="2021-08-02T14:04:21 IST" name="verifydownloadFile" finished-at="2021-08-02T14:04:26 IST" duration-ms="5113" status="PASS">
          <reporter-output>
          </reporter-output>
        </test-method> <!-- verifydownloadFile -->
        <test-method signature="verifydisplayAllStatusList()[pri:13, instance:com.PRMSTool.Tests.ProjectResourceScreenTest@3232a28a]" started-at="2021-08-02T14:04:26 IST" name="verifydisplayAllStatusList" finished-at="2021-08-02T14:04:36 IST" duration-ms="10199" status="PASS">
          <reporter-output>
          </reporter-output>
        </test-method> <!-- verifydisplayAllStatusList -->
        <test-method signature="verifydisplayInactiveStatusList()[pri:14, instance:com.PRMSTool.Tests.ProjectResourceScreenTest@3232a28a]" started-at="2021-08-02T14:04:36 IST" name="verifydisplayInactiveStatusList" finished-at="2021-08-02T14:04:42 IST" duration-ms="5172" status="PASS">
          <reporter-output>
          </reporter-output>
        </test-method> <!-- verifydisplayInactiveStatusList -->
        <test-method signature="verifydisplayActiveStatusList()[pri:15, instance:com.PRMSTool.Tests.ProjectResourceScreenTest@3232a28a]" started-at="2021-08-02T14:04:42 IST" name="verifydisplayActiveStatusList" finished-at="2021-08-02T14:04:47 IST" duration-ms="5176" status="PASS">
          <reporter-output>
          </reporter-output>
        </test-method> <!-- verifydisplayActiveStatusList -->
        <test-method signature="verifydisplayvResourcingBusinessUnit()[pri:16, instance:com.PRMSTool.Tests.ProjectResourceScreenTest@3232a28a]" started-at="2021-08-02T14:04:47 IST" name="verifydisplayvResourcingBusinessUnit" finished-at="2021-08-02T14:04:52 IST" duration-ms="5233" status="PASS">
          <reporter-output>
          </reporter-output>
        </test-method> <!-- verifydisplayvResourcingBusinessUnit -->
        <test-method signature="verifydisplayROWBusinessUnit()[pri:17, instance:com.PRMSTool.Tests.ProjectResourceScreenTest@3232a28a]" started-at="2021-08-02T14:04:52 IST" name="verifydisplayROWBusinessUnit" finished-at="2021-08-02T14:04:57 IST" duration-ms="5176" status="PASS">
          <reporter-output>
          </reporter-output>
        </test-method> <!-- verifydisplayROWBusinessUnit -->
        <test-method signature="verifydisplayLicenceBusinessUnit()[pri:18, instance:com.PRMSTool.Tests.ProjectResourceScreenTest@3232a28a]" started-at="2021-08-02T14:04:57 IST" name="verifydisplayLicenceBusinessUnit" finished-at="2021-08-02T14:05:02 IST" duration-ms="5179" status="PASS">
          <reporter-output>
          </reporter-output>
        </test-method> <!-- verifydisplayLicenceBusinessUnit -->
        <test-method signature="verifydisplayPracticesBusinessUnit()[pri:19, instance:com.PRMSTool.Tests.ProjectResourceScreenTest@3232a28a]" started-at="2021-08-02T14:05:02 IST" name="verifydisplayPracticesBusinessUnit" finished-at="2021-08-02T14:05:07 IST" duration-ms="5179" status="PASS">
          <reporter-output>
          </reporter-output>
        </test-method> <!-- verifydisplayPracticesBusinessUnit -->
        <test-method signature="verifydisplaySafeGuardBusinessUnit()[pri:20, instance:com.PRMSTool.Tests.ProjectResourceScreenTest@3232a28a]" started-at="2021-08-02T14:05:07 IST" name="verifydisplaySafeGuardBusinessUnit" finished-at="2021-08-02T14:05:13 IST" duration-ms="5238" status="PASS">
          <reporter-output>
          </reporter-output>
        </test-method> <!-- verifydisplaySafeGuardBusinessUnit -->
        <test-method signature="verifydisplayAllBusinessUnit()[pri:21, instance:com.PRMSTool.Tests.ProjectResourceScreenTest@3232a28a]" started-at="2021-08-02T14:05:13 IST" name="verifydisplayAllBusinessUnit" finished-at="2021-08-02T14:05:18 IST" duration-ms="5196" status="PASS">
          <reporter-output>
          </reporter-output>
        </test-method> <!-- verifydisplayAllBusinessUnit -->
        <test-method is-config="true" signature="finish()[pri:0, instance:com.PRMSTool.Tests.ProjectResourceScreenTest@3232a28a]" started-at="2021-08-02T14:05:18 IST" name="finish" finished-at="2021-08-02T14:05:19 IST" duration-ms="794" status="PASS">
          <reporter-output>
          </reporter-output>
        </test-method> <!-- finish -->
      </class> <!-- com.PRMSTool.Tests.ProjectResourceScreenTest -->
    </test> <!-- ProjectResourceScreen Test -->
  </suite> <!-- ProjectResourceScreen Suite -->
</testng-results>
