<?xml version="1.0" encoding="UTF-8"?>
<testng-results ignored="0" total="16" passed="16" failed="0" skipped="0">
  <reporter-output>
  </reporter-output>
  <suite started-at="2021-03-17T12:17:46 IST" name="Default suite" finished-at="2021-03-17T12:18:31 IST" duration-ms="45140">
    <groups>
    </groups>
    <test started-at="2021-03-17T12:17:46 IST" name="Default test" finished-at="2021-03-17T12:18:31 IST" duration-ms="45140">
      <class name="com.PRMSTool.Tests.ResourceScreenTest">
        <test-method is-config="true" signature="OpenBrowserGrade()[pri:0, instance:com.PRMSTool.Tests.ResourceScreenTest@be35cd9]" started-at="2021-03-17T12:17:41 IST" name="OpenBrowserGrade" finished-at="2021-03-17T12:17:46 IST" duration-ms="4769" status="PASS">
          <reporter-output>
          </reporter-output>
        </test-method> <!-- OpenBrowserGrade -->
        <test-method signature="verifyLogin()[pri:0, instance:com.PRMSTool.Tests.ResourceScreenTest@be35cd9]" started-at="2021-03-17T12:17:46 IST" name="verifyLogin" finished-at="2021-03-17T12:17:52 IST" duration-ms="6392" status="PASS">
          <reporter-output>
          </reporter-output>
        </test-method> <!-- verifyLogin -->
        <test-method signature="verifyclickOnResource()[pri:1, instance:com.PRMSTool.Tests.ResourceScreenTest@be35cd9]" started-at="2021-03-17T12:17:52 IST" name="verifyclickOnResource" finished-at="2021-03-17T12:17:54 IST" duration-ms="1784" status="PASS">
          <reporter-output>
          </reporter-output>
        </test-method> <!-- verifyclickOnResource -->
        <test-method signature="verifyclickOnAddNew()[pri:2, instance:com.PRMSTool.Tests.ResourceScreenTest@be35cd9]" started-at="2021-03-17T12:17:54 IST" name="verifyclickOnAddNew" finished-at="2021-03-17T12:17:56 IST" duration-ms="1483" status="PASS">
          <reporter-output>
          </reporter-output>
        </test-method> <!-- verifyclickOnAddNew -->
        <test-method signature="verifyaddResourceDetails()[pri:3, instance:com.PRMSTool.Tests.ResourceScreenTest@be35cd9]" started-at="2021-03-17T12:17:56 IST" name="verifyaddResourceDetails" finished-at="2021-03-17T12:18:10 IST" duration-ms="13886" status="PASS">
          <reporter-output>
          </reporter-output>
        </test-method> <!-- verifyaddResourceDetails -->
        <test-method signature="verifyselectBirthDate()[pri:4, instance:com.PRMSTool.Tests.ResourceScreenTest@be35cd9]" started-at="2021-03-17T12:18:10 IST" name="verifyselectBirthDate" finished-at="2021-03-17T12:18:11 IST" duration-ms="1602" status="PASS">
          <reporter-output>
          </reporter-output>
        </test-method> <!-- verifyselectBirthDate -->
        <test-method signature="verifyselectJoiningDate()[pri:5, instance:com.PRMSTool.Tests.ResourceScreenTest@be35cd9]" started-at="2021-03-17T12:18:11 IST" name="verifyselectJoiningDate" finished-at="2021-03-17T12:18:13 IST" duration-ms="1705" status="PASS">
          <reporter-output>
          </reporter-output>
        </test-method> <!-- verifyselectJoiningDate -->
        <test-method signature="verifyclickOnAdd()[pri:6, instance:com.PRMSTool.Tests.ResourceScreenTest@be35cd9]" started-at="2021-03-17T12:18:13 IST" name="verifyclickOnAdd" finished-at="2021-03-17T12:18:13 IST" duration-ms="230" status="PASS">
          <reporter-output>
          </reporter-output>
        </test-method> <!-- verifyclickOnAdd -->
        <test-method signature="verifysearch()[pri:7, instance:com.PRMSTool.Tests.ResourceScreenTest@be35cd9]" started-at="2021-03-17T12:18:13 IST" name="verifysearch" finished-at="2021-03-17T12:18:15 IST" duration-ms="1403" status="PASS">
          <reporter-output>
          </reporter-output>
        </test-method> <!-- verifysearch -->
        <test-method signature="verifyclickOnEditButton()[pri:8, instance:com.PRMSTool.Tests.ResourceScreenTest@be35cd9]" started-at="2021-03-17T12:18:15 IST" name="verifyclickOnEditButton" finished-at="2021-03-17T12:18:16 IST" duration-ms="1225" status="PASS">
          <reporter-output>
          </reporter-output>
        </test-method> <!-- verifyclickOnEditButton -->
        <test-method signature="verifyeditResourceInformation()[pri:9, instance:com.PRMSTool.Tests.ResourceScreenTest@be35cd9]" started-at="2021-03-17T12:18:16 IST" name="verifyeditResourceInformation" finished-at="2021-03-17T12:18:25 IST" duration-ms="9337" status="PASS">
          <reporter-output>
          </reporter-output>
        </test-method> <!-- verifyeditResourceInformation -->
        <test-method signature="verifyclickOnUpdateButton()[pri:10, instance:com.PRMSTool.Tests.ResourceScreenTest@be35cd9]" started-at="2021-03-17T12:18:25 IST" name="verifyclickOnUpdateButton" finished-at="2021-03-17T12:18:25 IST" duration-ms="228" status="PASS">
          <reporter-output>
          </reporter-output>
        </test-method> <!-- verifyclickOnUpdateButton -->
        <test-method signature="verifydelete()[pri:11, instance:com.PRMSTool.Tests.ResourceScreenTest@be35cd9]" started-at="2021-03-17T12:18:25 IST" name="verifydelete" finished-at="2021-03-17T12:18:28 IST" duration-ms="2510" status="PASS">
          <reporter-output>
          </reporter-output>
        </test-method> <!-- verifydelete -->
        <test-method signature="verifydownloadFile()[pri:12, instance:com.PRMSTool.Tests.ResourceScreenTest@be35cd9]" started-at="2021-03-17T12:18:28 IST" name="verifydownloadFile" finished-at="2021-03-17T12:18:28 IST" duration-ms="290" status="PASS">
          <reporter-output>
          </reporter-output>
        </test-method> <!-- verifydownloadFile -->
        <test-method signature="verifydisplayAllStatusList()[pri:13, instance:com.PRMSTool.Tests.ResourceScreenTest@be35cd9]" started-at="2021-03-17T12:18:28 IST" name="verifydisplayAllStatusList" finished-at="2021-03-17T12:18:30 IST" duration-ms="1590" status="PASS">
          <reporter-output>
          </reporter-output>
        </test-method> <!-- verifydisplayAllStatusList -->
        <test-method signature="verifydisplayInactiveStatusList()[pri:14, instance:com.PRMSTool.Tests.ResourceScreenTest@be35cd9]" started-at="2021-03-17T12:18:30 IST" name="verifydisplayInactiveStatusList" finished-at="2021-03-17T12:18:30 IST" duration-ms="506" status="PASS">
          <reporter-output>
          </reporter-output>
        </test-method> <!-- verifydisplayInactiveStatusList -->
        <test-method signature="verifydisplayActiveStatusList()[pri:15, instance:com.PRMSTool.Tests.ResourceScreenTest@be35cd9]" started-at="2021-03-17T12:18:30 IST" name="verifydisplayActiveStatusList" finished-at="2021-03-17T12:18:31 IST" duration-ms="826" status="PASS">
          <reporter-output>
          </reporter-output>
        </test-method> <!-- verifydisplayActiveStatusList -->
        <test-method is-config="true" signature="finish()[pri:0, instance:com.PRMSTool.Tests.ResourceScreenTest@be35cd9]" started-at="2021-03-17T12:18:31 IST" name="finish" finished-at="2021-03-17T12:18:32 IST" duration-ms="884" status="PASS">
          <reporter-output>
          </reporter-output>
        </test-method> <!-- finish -->
      </class> <!-- com.PRMSTool.Tests.ResourceScreenTest -->
    </test> <!-- Default test -->
  </suite> <!-- Default suite -->
</testng-results>
