<?xml version="1.0" encoding="UTF-8"?>
<testng-results ignored="0" total="152" passed="152" failed="0" skipped="0">
  <reporter-output>
  </reporter-output>
  <suite started-at="2021-07-26T14:49:56 IST" name="Suite" finished-at="2021-07-26T14:49:56 IST" duration-ms="0">
    <groups>
    </groups>
  </suite> <!-- Suite -->
  <suite started-at="2021-07-26T14:38:06 IST" name="ProjectScreen Suite" finished-at="2021-07-26T14:40:10 IST" duration-ms="123820">
    <groups>
    </groups>
    <test started-at="2021-07-26T14:38:06 IST" name="ProjectScreen Test" finished-at="2021-07-26T14:40:10 IST" duration-ms="123820">
      <class name="com.PRMSTool.Tests.ProjectScreenTest">
        <test-method is-config="true" signature="OpenBrowser()[pri:0, instance:com.PRMSTool.Tests.ProjectScreenTest@581ac8a8]" started-at="2021-07-26T14:38:03 IST" name="OpenBrowser" finished-at="2021-07-26T14:38:06 IST" duration-ms="2697" status="PASS">
          <reporter-output>
          </reporter-output>
        </test-method> <!-- OpenBrowser -->
        <test-method signature="verifyLogin()[pri:0, instance:com.PRMSTool.Tests.ProjectScreenTest@581ac8a8]" started-at="2021-07-26T14:38:06 IST" name="verifyLogin" finished-at="2021-07-26T14:38:16 IST" duration-ms="9593" status="PASS">
          <reporter-output>
          </reporter-output>
        </test-method> <!-- verifyLogin -->
        <test-method signature="verifyclickOnProject()[pri:1, instance:com.PRMSTool.Tests.ProjectScreenTest@581ac8a8]" started-at="2021-07-26T14:38:16 IST" name="verifyclickOnProject" finished-at="2021-07-26T14:38:21 IST" duration-ms="5041" status="PASS">
          <reporter-output>
          </reporter-output>
        </test-method> <!-- verifyclickOnProject -->
        <test-method signature="verifyclickOnAddNew()[pri:2, instance:com.PRMSTool.Tests.ProjectScreenTest@581ac8a8]" started-at="2021-07-26T14:38:21 IST" name="verifyclickOnAddNew" finished-at="2021-07-26T14:38:26 IST" duration-ms="5211" status="PASS">
          <reporter-output>
          </reporter-output>
        </test-method> <!-- verifyclickOnAddNew -->
        <test-method signature="verifyaddProjectDetails()[pri:3, instance:com.PRMSTool.Tests.ProjectScreenTest@581ac8a8]" started-at="2021-07-26T14:38:26 IST" name="verifyaddProjectDetails" finished-at="2021-07-26T14:38:31 IST" duration-ms="5325" status="PASS">
          <reporter-output>
          </reporter-output>
        </test-method> <!-- verifyaddProjectDetails -->
        <test-method signature="verifyselectStartDate()[pri:4, instance:com.PRMSTool.Tests.ProjectScreenTest@581ac8a8]" started-at="2021-07-26T14:38:31 IST" name="verifyselectStartDate" finished-at="2021-07-26T14:38:32 IST" duration-ms="735" status="PASS">
          <reporter-output>
          </reporter-output>
        </test-method> <!-- verifyselectStartDate -->
        <test-method signature="verifyselectEndDate()[pri:5, instance:com.PRMSTool.Tests.ProjectScreenTest@581ac8a8]" started-at="2021-07-26T14:38:32 IST" name="verifyselectEndDate" finished-at="2021-07-26T14:38:33 IST" duration-ms="724" status="PASS">
          <reporter-output>
          </reporter-output>
        </test-method> <!-- verifyselectEndDate -->
        <test-method signature="verifyselectActualStartDate()[pri:6, instance:com.PRMSTool.Tests.ProjectScreenTest@581ac8a8]" started-at="2021-07-26T14:38:33 IST" name="verifyselectActualStartDate" finished-at="2021-07-26T14:38:33 IST" duration-ms="744" status="PASS">
          <reporter-output>
          </reporter-output>
        </test-method> <!-- verifyselectActualStartDate -->
        <test-method signature="verifyselectActualEndDate()[pri:7, instance:com.PRMSTool.Tests.ProjectScreenTest@581ac8a8]" started-at="2021-07-26T14:38:33 IST" name="verifyselectActualEndDate" finished-at="2021-07-26T14:38:34 IST" duration-ms="771" status="PASS">
          <reporter-output>
          </reporter-output>
        </test-method> <!-- verifyselectActualEndDate -->
        <test-method signature="verifyaddProjectDetails1()[pri:8, instance:com.PRMSTool.Tests.ProjectScreenTest@581ac8a8]" started-at="2021-07-26T14:38:34 IST" name="verifyaddProjectDetails1" finished-at="2021-07-26T14:38:39 IST" duration-ms="5046" status="PASS">
          <reporter-output>
          </reporter-output>
        </test-method> <!-- verifyaddProjectDetails1 -->
        <test-method signature="verifyaddBillingDetails()[pri:9, instance:com.PRMSTool.Tests.ProjectScreenTest@581ac8a8]" started-at="2021-07-26T14:38:39 IST" name="verifyaddBillingDetails" finished-at="2021-07-26T14:38:40 IST" duration-ms="1228" status="PASS">
          <reporter-output>
          </reporter-output>
        </test-method> <!-- verifyaddBillingDetails -->
        <test-method signature="verifyclickOnAdd()[pri:10, instance:com.PRMSTool.Tests.ProjectScreenTest@581ac8a8]" started-at="2021-07-26T14:38:40 IST" name="verifyclickOnAdd" finished-at="2021-07-26T14:38:40 IST" duration-ms="78" status="PASS">
          <reporter-output>
          </reporter-output>
        </test-method> <!-- verifyclickOnAdd -->
        <test-method signature="verifysearch()[pri:11, instance:com.PRMSTool.Tests.ProjectScreenTest@581ac8a8]" started-at="2021-07-26T14:38:40 IST" name="verifysearch" finished-at="2021-07-26T14:38:48 IST" duration-ms="7101" status="PASS">
          <reporter-output>
          </reporter-output>
        </test-method> <!-- verifysearch -->
        <test-method signature="verifyclickOnEditButton()[pri:12, instance:com.PRMSTool.Tests.ProjectScreenTest@581ac8a8]" started-at="2021-07-26T14:38:48 IST" name="verifyclickOnEditButton" finished-at="2021-07-26T14:38:48 IST" duration-ms="103" status="PASS">
          <reporter-output>
          </reporter-output>
        </test-method> <!-- verifyclickOnEditButton -->
        <test-method signature="verifyeditProjectInformation()[pri:13, instance:com.PRMSTool.Tests.ProjectScreenTest@581ac8a8]" started-at="2021-07-26T14:38:48 IST" name="verifyeditProjectInformation" finished-at="2021-07-26T14:38:56 IST" duration-ms="8308" status="PASS">
          <reporter-output>
          </reporter-output>
        </test-method> <!-- verifyeditProjectInformation -->
        <test-method signature="verifyclickOnUpdateButton()[pri:14, instance:com.PRMSTool.Tests.ProjectScreenTest@581ac8a8]" started-at="2021-07-26T14:38:56 IST" name="verifyclickOnUpdateButton" finished-at="2021-07-26T14:38:56 IST" duration-ms="64" status="PASS">
          <reporter-output>
          </reporter-output>
        </test-method> <!-- verifyclickOnUpdateButton -->
        <test-method signature="verifydelete()[pri:15, instance:com.PRMSTool.Tests.ProjectScreenTest@581ac8a8]" started-at="2021-07-26T14:38:56 IST" name="verifydelete" finished-at="2021-07-26T14:39:13 IST" duration-ms="16942" status="PASS">
          <reporter-output>
          </reporter-output>
        </test-method> <!-- verifydelete -->
        <test-method signature="verifydownloadFile()[pri:16, instance:com.PRMSTool.Tests.ProjectScreenTest@581ac8a8]" started-at="2021-07-26T14:39:13 IST" name="verifydownloadFile" finished-at="2021-07-26T14:39:18 IST" duration-ms="5112" status="PASS">
          <reporter-output>
          </reporter-output>
        </test-method> <!-- verifydownloadFile -->
        <test-method signature="verifydisplayAllStatusList()[pri:17, instance:com.PRMSTool.Tests.ProjectScreenTest@581ac8a8]" started-at="2021-07-26T14:39:18 IST" name="verifydisplayAllStatusList" finished-at="2021-07-26T14:39:28 IST" duration-ms="10220" status="PASS">
          <reporter-output>
          </reporter-output>
        </test-method> <!-- verifydisplayAllStatusList -->
        <test-method signature="verifydisplayInactiveStatusList()[pri:18, instance:com.PRMSTool.Tests.ProjectScreenTest@581ac8a8]" started-at="2021-07-26T14:39:28 IST" name="verifydisplayInactiveStatusList" finished-at="2021-07-26T14:39:34 IST" duration-ms="5171" status="PASS">
          <reporter-output>
          </reporter-output>
        </test-method> <!-- verifydisplayInactiveStatusList -->
        <test-method signature="verifydisplayActiveStatusList()[pri:19, instance:com.PRMSTool.Tests.ProjectScreenTest@581ac8a8]" started-at="2021-07-26T14:39:34 IST" name="verifydisplayActiveStatusList" finished-at="2021-07-26T14:39:39 IST" duration-ms="5182" status="PASS">
          <reporter-output>
          </reporter-output>
        </test-method> <!-- verifydisplayActiveStatusList -->
        <test-method signature="verifydisplayvResourcingBusinessUnit()[pri:20, instance:com.PRMSTool.Tests.ProjectScreenTest@581ac8a8]" started-at="2021-07-26T14:39:39 IST" name="verifydisplayvResourcingBusinessUnit" finished-at="2021-07-26T14:39:44 IST" duration-ms="5208" status="PASS">
          <reporter-output>
          </reporter-output>
        </test-method> <!-- verifydisplayvResourcingBusinessUnit -->
        <test-method signature="verifydisplayROWBusinessUnit()[pri:21, instance:com.PRMSTool.Tests.ProjectScreenTest@581ac8a8]" started-at="2021-07-26T14:39:44 IST" name="verifydisplayROWBusinessUnit" finished-at="2021-07-26T14:39:49 IST" duration-ms="5176" status="PASS">
          <reporter-output>
          </reporter-output>
        </test-method> <!-- verifydisplayROWBusinessUnit -->
        <test-method signature="verifydisplayLicenceBusinessUnit()[pri:22, instance:com.PRMSTool.Tests.ProjectScreenTest@581ac8a8]" started-at="2021-07-26T14:39:49 IST" name="verifydisplayLicenceBusinessUnit" finished-at="2021-07-26T14:39:54 IST" duration-ms="5204" status="PASS">
          <reporter-output>
          </reporter-output>
        </test-method> <!-- verifydisplayLicenceBusinessUnit -->
        <test-method signature="verifydisplayPracticesBusinessUnit()[pri:23, instance:com.PRMSTool.Tests.ProjectScreenTest@581ac8a8]" started-at="2021-07-26T14:39:54 IST" name="verifydisplayPracticesBusinessUnit" finished-at="2021-07-26T14:39:59 IST" duration-ms="5177" status="PASS">
          <reporter-output>
          </reporter-output>
        </test-method> <!-- verifydisplayPracticesBusinessUnit -->
        <test-method signature="verifydisplaySafeGuardBusinessUnit()[pri:24, instance:com.PRMSTool.Tests.ProjectScreenTest@581ac8a8]" started-at="2021-07-26T14:39:59 IST" name="verifydisplaySafeGuardBusinessUnit" finished-at="2021-07-26T14:40:05 IST" duration-ms="5172" status="PASS">
          <reporter-output>
          </reporter-output>
        </test-method> <!-- verifydisplaySafeGuardBusinessUnit -->
        <test-method signature="verifydisplayAllBusinessUnit()[pri:25, instance:com.PRMSTool.Tests.ProjectScreenTest@581ac8a8]" started-at="2021-07-26T14:40:05 IST" name="verifydisplayAllBusinessUnit" finished-at="2021-07-26T14:40:10 IST" duration-ms="5163" status="PASS">
          <reporter-output>
          </reporter-output>
        </test-method> <!-- verifydisplayAllBusinessUnit -->
        <test-method is-config="true" signature="finish()[pri:0, instance:com.PRMSTool.Tests.ProjectScreenTest@581ac8a8]" started-at="2021-07-26T14:40:10 IST" name="finish" finished-at="2021-07-26T14:40:11 IST" duration-ms="1344" status="PASS">
          <reporter-output>
          </reporter-output>
        </test-method> <!-- finish -->
      </class> <!-- com.PRMSTool.Tests.ProjectScreenTest -->
    </test> <!-- ProjectScreen Test -->
  </suite> <!-- ProjectScreen Suite -->
  <suite started-at="2021-07-26T14:35:11 IST" name="ClientScreen Suite" finished-at="2021-07-26T14:38:03 IST" duration-ms="171639">
    <groups>
    </groups>
    <test started-at="2021-07-26T14:35:11 IST" name="ClientScreen Test" finished-at="2021-07-26T14:38:03 IST" duration-ms="171639">
      <class name="com.PRMSTool.Tests.ClientScreenTest">
        <test-method is-config="true" signature="OpenBrowser()[pri:0, instance:com.PRMSTool.Tests.ClientScreenTest@702b8b12]" started-at="2021-07-26T14:35:07 IST" name="OpenBrowser" finished-at="2021-07-26T14:35:11 IST" duration-ms="3580" status="PASS">
          <reporter-output>
          </reporter-output>
        </test-method> <!-- OpenBrowser -->
        <test-method signature="verifyLogin()[pri:0, instance:com.PRMSTool.Tests.ClientScreenTest@702b8b12]" started-at="2021-07-26T14:35:11 IST" name="verifyLogin" finished-at="2021-07-26T14:35:20 IST" duration-ms="9517" status="PASS">
          <reporter-output>
          </reporter-output>
        </test-method> <!-- verifyLogin -->
        <test-method signature="verifyclickOnAddNew()[pri:1, instance:com.PRMSTool.Tests.ClientScreenTest@702b8b12]" started-at="2021-07-26T14:35:20 IST" name="verifyclickOnAddNew" finished-at="2021-07-26T14:35:30 IST" duration-ms="9227" status="PASS">
          <reporter-output>
          </reporter-output>
        </test-method> <!-- verifyclickOnAddNew -->
        <test-method signature="verifyaddNewClientInformation()[pri:2, instance:com.PRMSTool.Tests.ClientScreenTest@702b8b12]" started-at="2021-07-26T14:35:30 IST" name="verifyaddNewClientInformation" finished-at="2021-07-26T14:35:35 IST" duration-ms="5429" status="PASS">
          <reporter-output>
          </reporter-output>
        </test-method> <!-- verifyaddNewClientInformation -->
        <test-method signature="verifyclickOnAgreementDetails()[pri:3, instance:com.PRMSTool.Tests.ClientScreenTest@702b8b12]" started-at="2021-07-26T14:35:35 IST" name="verifyclickOnAgreementDetails" finished-at="2021-07-26T14:35:35 IST" duration-ms="132" status="PASS">
          <reporter-output>
          </reporter-output>
        </test-method> <!-- verifyclickOnAgreementDetails -->
        <test-method signature="verifyselectAgreementSignedDate()[pri:4, instance:com.PRMSTool.Tests.ClientScreenTest@702b8b12]" started-at="2021-07-26T14:35:35 IST" name="verifyselectAgreementSignedDate" finished-at="2021-07-26T14:35:44 IST" duration-ms="8283" status="PASS">
          <reporter-output>
          </reporter-output>
        </test-method> <!-- verifyselectAgreementSignedDate -->
        <test-method signature="verifyselectApproxStartDate()[pri:5, instance:com.PRMSTool.Tests.ClientScreenTest@702b8b12]" started-at="2021-07-26T14:35:44 IST" name="verifyselectApproxStartDate" finished-at="2021-07-26T14:35:51 IST" duration-ms="7758" status="PASS">
          <reporter-output>
          </reporter-output>
        </test-method> <!-- verifyselectApproxStartDate -->
        <test-method signature="verifyaddAgreementDetails()[pri:6, instance:com.PRMSTool.Tests.ClientScreenTest@702b8b12]" started-at="2021-07-26T14:35:51 IST" name="verifyaddAgreementDetails" finished-at="2021-07-26T14:35:52 IST" duration-ms="1029" status="PASS">
          <reporter-output>
          </reporter-output>
        </test-method> <!-- verifyaddAgreementDetails -->
        <test-method signature="verifyclickOnStakeholderDetails()[pri:7, instance:com.PRMSTool.Tests.ClientScreenTest@702b8b12]" started-at="2021-07-26T14:35:52 IST" name="verifyclickOnStakeholderDetails" finished-at="2021-07-26T14:35:52 IST" duration-ms="117" status="PASS">
          <reporter-output>
          </reporter-output>
        </test-method> <!-- verifyclickOnStakeholderDetails -->
        <test-method signature="verifyaddStakeholderDetails()[pri:8, instance:com.PRMSTool.Tests.ClientScreenTest@702b8b12]" started-at="2021-07-26T14:35:52 IST" name="verifyaddStakeholderDetails" finished-at="2021-07-26T14:35:59 IST" duration-ms="6234" status="PASS">
          <reporter-output>
          </reporter-output>
        </test-method> <!-- verifyaddStakeholderDetails -->
        <test-method signature="verifyclickOnAdd()[pri:9, instance:com.PRMSTool.Tests.ClientScreenTest@702b8b12]" started-at="2021-07-26T14:35:59 IST" name="verifyclickOnAdd" finished-at="2021-07-26T14:35:59 IST" duration-ms="94" status="PASS">
          <reporter-output>
          </reporter-output>
        </test-method> <!-- verifyclickOnAdd -->
        <test-method signature="verifysearchClient()[pri:10, instance:com.PRMSTool.Tests.ClientScreenTest@702b8b12]" started-at="2021-07-26T14:35:59 IST" name="verifysearchClient" finished-at="2021-07-26T14:36:13 IST" duration-ms="14011" status="PASS">
          <reporter-output>
          </reporter-output>
        </test-method> <!-- verifysearchClient -->
        <test-method signature="verifyeditClient()[pri:11, instance:com.PRMSTool.Tests.ClientScreenTest@702b8b12]" started-at="2021-07-26T14:36:13 IST" name="verifyeditClient" finished-at="2021-07-26T14:36:13 IST" duration-ms="165" status="PASS">
          <reporter-output>
          </reporter-output>
        </test-method> <!-- verifyeditClient -->
        <test-method signature="verifyeditClientInformation()[pri:12, instance:com.PRMSTool.Tests.ClientScreenTest@702b8b12]" started-at="2021-07-26T14:36:13 IST" name="verifyeditClientInformation" finished-at="2021-07-26T14:36:21 IST" duration-ms="7975" status="PASS">
          <reporter-output>
          </reporter-output>
        </test-method> <!-- verifyeditClientInformation -->
        <test-method signature="verifyeditAgreementDetails()[pri:13, instance:com.PRMSTool.Tests.ClientScreenTest@702b8b12]" started-at="2021-07-26T14:36:21 IST" name="verifyeditAgreementDetails" finished-at="2021-07-26T14:36:27 IST" duration-ms="6175" status="PASS">
          <reporter-output>
          </reporter-output>
        </test-method> <!-- verifyeditAgreementDetails -->
        <test-method signature="verifyeditAgreementSignedDate()[pri:14, instance:com.PRMSTool.Tests.ClientScreenTest@702b8b12]" started-at="2021-07-26T14:36:27 IST" name="verifyeditAgreementSignedDate" finished-at="2021-07-26T14:36:35 IST" duration-ms="7805" status="PASS">
          <reporter-output>
          </reporter-output>
        </test-method> <!-- verifyeditAgreementSignedDate -->
        <test-method signature="verifyeditApproxStartDate()[pri:15, instance:com.PRMSTool.Tests.ClientScreenTest@702b8b12]" started-at="2021-07-26T14:36:35 IST" name="verifyeditApproxStartDate" finished-at="2021-07-26T14:36:43 IST" duration-ms="7832" status="PASS">
          <reporter-output>
          </reporter-output>
        </test-method> <!-- verifyeditApproxStartDate -->
        <test-method signature="verifyeditStakeholder()[pri:16, instance:com.PRMSTool.Tests.ClientScreenTest@702b8b12]" started-at="2021-07-26T14:36:43 IST" name="verifyeditStakeholder" finished-at="2021-07-26T14:36:49 IST" duration-ms="5836" status="PASS">
          <reporter-output>
          </reporter-output>
        </test-method> <!-- verifyeditStakeholder -->
        <test-method signature="verifyclickOnUpdateClient()[pri:17, instance:com.PRMSTool.Tests.ClientScreenTest@702b8b12]" started-at="2021-07-26T14:36:49 IST" name="verifyclickOnUpdateClient" finished-at="2021-07-26T14:36:49 IST" duration-ms="90" status="PASS">
          <reporter-output>
          </reporter-output>
        </test-method> <!-- verifyclickOnUpdateClient -->
        <test-method signature="verifydeleteClient()[pri:18, instance:com.PRMSTool.Tests.ClientScreenTest@702b8b12]" started-at="2021-07-26T14:36:49 IST" name="verifydeleteClient" finished-at="2021-07-26T14:37:06 IST" duration-ms="17142" status="PASS">
          <reporter-output>
          </reporter-output>
        </test-method> <!-- verifydeleteClient -->
        <test-method signature="verifydownloadFile()[pri:19, instance:com.PRMSTool.Tests.ClientScreenTest@702b8b12]" started-at="2021-07-26T14:37:06 IST" name="verifydownloadFile" finished-at="2021-07-26T14:37:11 IST" duration-ms="5099" status="PASS">
          <reporter-output>
          </reporter-output>
        </test-method> <!-- verifydownloadFile -->
        <test-method signature="verifydisplayAllStatusList()[pri:20, instance:com.PRMSTool.Tests.ClientScreenTest@702b8b12]" started-at="2021-07-26T14:37:11 IST" name="verifydisplayAllStatusList" finished-at="2021-07-26T14:37:21 IST" duration-ms="10224" status="PASS">
          <reporter-output>
          </reporter-output>
        </test-method> <!-- verifydisplayAllStatusList -->
        <test-method signature="verifydisplayInactiveStatusList()[pri:21, instance:com.PRMSTool.Tests.ClientScreenTest@702b8b12]" started-at="2021-07-26T14:37:21 IST" name="verifydisplayInactiveStatusList" finished-at="2021-07-26T14:37:26 IST" duration-ms="5187" status="PASS">
          <reporter-output>
          </reporter-output>
        </test-method> <!-- verifydisplayInactiveStatusList -->
        <test-method signature="verifydisplayActiveStatusList()[pri:22, instance:com.PRMSTool.Tests.ClientScreenTest@702b8b12]" started-at="2021-07-26T14:37:26 IST" name="verifydisplayActiveStatusList" finished-at="2021-07-26T14:37:32 IST" duration-ms="5165" status="PASS">
          <reporter-output>
          </reporter-output>
        </test-method> <!-- verifydisplayActiveStatusList -->
        <test-method signature="verifydisplayvResourcingBusinessUnit()[pri:23, instance:com.PRMSTool.Tests.ClientScreenTest@702b8b12]" started-at="2021-07-26T14:37:32 IST" name="verifydisplayvResourcingBusinessUnit" finished-at="2021-07-26T14:37:37 IST" duration-ms="5208" status="PASS">
          <reporter-output>
          </reporter-output>
        </test-method> <!-- verifydisplayvResourcingBusinessUnit -->
        <test-method signature="verifydisplayROWBusinessUnit()[pri:24, instance:com.PRMSTool.Tests.ClientScreenTest@702b8b12]" started-at="2021-07-26T14:37:37 IST" name="verifydisplayROWBusinessUnit" finished-at="2021-07-26T14:37:42 IST" duration-ms="5170" status="PASS">
          <reporter-output>
          </reporter-output>
        </test-method> <!-- verifydisplayROWBusinessUnit -->
        <test-method signature="verifydisplayLicenceBusinessUnit()[pri:25, instance:com.PRMSTool.Tests.ClientScreenTest@702b8b12]" started-at="2021-07-26T14:37:42 IST" name="verifydisplayLicenceBusinessUnit" finished-at="2021-07-26T14:37:47 IST" duration-ms="5169" status="PASS">
          <reporter-output>
          </reporter-output>
        </test-method> <!-- verifydisplayLicenceBusinessUnit -->
        <test-method signature="verifydisplayPracticesBusinessUnit()[pri:26, instance:com.PRMSTool.Tests.ClientScreenTest@702b8b12]" started-at="2021-07-26T14:37:47 IST" name="verifydisplayPracticesBusinessUnit" finished-at="2021-07-26T14:37:52 IST" duration-ms="5179" status="PASS">
          <reporter-output>
          </reporter-output>
        </test-method> <!-- verifydisplayPracticesBusinessUnit -->
        <test-method signature="verifydisplaySafeGuardBusinessUnit()[pri:27, instance:com.PRMSTool.Tests.ClientScreenTest@702b8b12]" started-at="2021-07-26T14:37:52 IST" name="verifydisplaySafeGuardBusinessUnit" finished-at="2021-07-26T14:37:57 IST" duration-ms="5176" status="PASS">
          <reporter-output>
          </reporter-output>
        </test-method> <!-- verifydisplaySafeGuardBusinessUnit -->
        <test-method signature="verifydisplayAllBusinessUnit()[pri:28, instance:com.PRMSTool.Tests.ClientScreenTest@702b8b12]" started-at="2021-07-26T14:37:57 IST" name="verifydisplayAllBusinessUnit" finished-at="2021-07-26T14:38:03 IST" duration-ms="5157" status="PASS">
          <reporter-output>
          </reporter-output>
        </test-method> <!-- verifydisplayAllBusinessUnit -->
        <test-method is-config="true" signature="finish()[pri:0, instance:com.PRMSTool.Tests.ClientScreenTest@702b8b12]" started-at="2021-07-26T14:38:03 IST" name="finish" finished-at="2021-07-26T14:38:03 IST" duration-ms="671" status="PASS">
          <reporter-output>
          </reporter-output>
        </test-method> <!-- finish -->
      </class> <!-- com.PRMSTool.Tests.ClientScreenTest -->
    </test> <!-- ClientScreen Test -->
  </suite> <!-- ClientScreen Suite -->
  <suite started-at="2021-07-26T14:45:08 IST" name="ClientScreen Suite (0)" finished-at="2021-07-26T14:47:58 IST" duration-ms="170635">
    <groups>
    </groups>
    <test started-at="2021-07-26T14:45:08 IST" name="ClientScreen Test" finished-at="2021-07-26T14:47:58 IST" duration-ms="170635">
      <class name="com.PRMSTool.Tests.ClientReviewTest">
        <test-method is-config="true" signature="OpenBrowser()[pri:0, instance:com.PRMSTool.Tests.ClientReviewTest@1af2d44a]" started-at="2021-07-26T14:45:04 IST" name="OpenBrowser" finished-at="2021-07-26T14:45:08 IST" duration-ms="3767" status="PASS">
          <reporter-output>
          </reporter-output>
        </test-method> <!-- OpenBrowser -->
        <test-method signature="verifyLogin()[pri:0, instance:com.PRMSTool.Tests.ClientReviewTest@1af2d44a]" started-at="2021-07-26T14:45:08 IST" name="verifyLogin" finished-at="2021-07-26T14:45:17 IST" duration-ms="9402" status="PASS">
          <reporter-output>
          </reporter-output>
        </test-method> <!-- verifyLogin -->
        <test-method signature="verifyclickOnClientReview()[pri:1, instance:com.PRMSTool.Tests.ClientReviewTest@1af2d44a]" started-at="2021-07-26T14:45:17 IST" name="verifyclickOnClientReview" finished-at="2021-07-26T14:45:22 IST" duration-ms="5034" status="PASS">
          <reporter-output>
          </reporter-output>
        </test-method> <!-- verifyclickOnClientReview -->
        <test-method signature="verifyclickOnAddNew()[pri:2, instance:com.PRMSTool.Tests.ClientReviewTest@1af2d44a]" started-at="2021-07-26T14:45:22 IST" name="verifyclickOnAddNew" finished-at="2021-07-26T14:45:28 IST" duration-ms="5632" status="PASS">
          <reporter-output>
          </reporter-output>
        </test-method> <!-- verifyclickOnAddNew -->
        <test-method signature="verifyaddNewClientReview()[pri:3, instance:com.PRMSTool.Tests.ClientReviewTest@1af2d44a]" started-at="2021-07-26T14:45:28 IST" name="verifyaddNewClientReview" finished-at="2021-07-26T14:45:54 IST" duration-ms="25954" status="PASS">
          <reporter-output>
          </reporter-output>
        </test-method> <!-- verifyaddNewClientReview -->
        <test-method signature="verifysearch()[pri:4, instance:com.PRMSTool.Tests.ClientReviewTest@1af2d44a]" started-at="2021-07-26T14:45:54 IST" name="verifysearch" finished-at="2021-07-26T14:46:04 IST" duration-ms="10170" status="PASS">
          <reporter-output>
          </reporter-output>
        </test-method> <!-- verifysearch -->
        <test-method signature="verifyclickOnEditButton()[pri:5, instance:com.PRMSTool.Tests.ClientReviewTest@1af2d44a]" started-at="2021-07-26T14:46:04 IST" name="verifyclickOnEditButton" finished-at="2021-07-26T14:46:04 IST" duration-ms="110" status="PASS">
          <reporter-output>
          </reporter-output>
        </test-method> <!-- verifyclickOnEditButton -->
        <test-method signature="verifyeditClientReview()[pri:6, instance:com.PRMSTool.Tests.ClientReviewTest@1af2d44a]" started-at="2021-07-26T14:46:04 IST" name="verifyeditClientReview" finished-at="2021-07-26T14:46:24 IST" duration-ms="19737" status="PASS">
          <reporter-output>
          </reporter-output>
        </test-method> <!-- verifyeditClientReview -->
        <test-method signature="verifyclickOnUpdateButton()[pri:7, instance:com.PRMSTool.Tests.ClientReviewTest@1af2d44a]" started-at="2021-07-26T14:46:24 IST" name="verifyclickOnUpdateButton" finished-at="2021-07-26T14:46:24 IST" duration-ms="97" status="PASS">
          <reporter-output>
          </reporter-output>
        </test-method> <!-- verifyclickOnUpdateButton -->
        <test-method signature="verifydelete()[pri:8, instance:com.PRMSTool.Tests.ClientReviewTest@1af2d44a]" started-at="2021-07-26T14:46:24 IST" name="verifydelete" finished-at="2021-07-26T14:46:42 IST" duration-ms="18494" status="PASS">
          <reporter-output>
          </reporter-output>
        </test-method> <!-- verifydelete -->
        <test-method signature="verifydisplayDateJanuary()[pri:9, instance:com.PRMSTool.Tests.ClientReviewTest@1af2d44a]" started-at="2021-07-26T14:46:42 IST" name="verifydisplayDateJanuary" finished-at="2021-07-26T14:46:45 IST" duration-ms="3201" status="PASS">
          <reporter-output>
          </reporter-output>
        </test-method> <!-- verifydisplayDateJanuary -->
        <test-method signature="verifydisplayDateJanuary1()[pri:10, instance:com.PRMSTool.Tests.ClientReviewTest@1af2d44a]" started-at="2021-07-26T14:46:45 IST" name="verifydisplayDateJanuary1" finished-at="2021-07-26T14:46:49 IST" duration-ms="3160" status="PASS">
          <reporter-output>
          </reporter-output>
        </test-method> <!-- verifydisplayDateJanuary1 -->
        <test-method signature="verifydisplayDateFebruary()[pri:11, instance:com.PRMSTool.Tests.ClientReviewTest@1af2d44a]" started-at="2021-07-26T14:46:49 IST" name="verifydisplayDateFebruary" finished-at="2021-07-26T14:46:52 IST" duration-ms="3166" status="PASS">
          <reporter-output>
          </reporter-output>
        </test-method> <!-- verifydisplayDateFebruary -->
        <test-method signature="verifydisplayDateFebruary1()[pri:12, instance:com.PRMSTool.Tests.ClientReviewTest@1af2d44a]" started-at="2021-07-26T14:46:52 IST" name="verifydisplayDateFebruary1" finished-at="2021-07-26T14:46:55 IST" duration-ms="3156" status="PASS">
          <reporter-output>
          </reporter-output>
        </test-method> <!-- verifydisplayDateFebruary1 -->
        <test-method signature="verifydisplayDateMarch()[pri:13, instance:com.PRMSTool.Tests.ClientReviewTest@1af2d44a]" started-at="2021-07-26T14:46:55 IST" name="verifydisplayDateMarch" finished-at="2021-07-26T14:46:58 IST" duration-ms="3155" status="PASS">
          <reporter-output>
          </reporter-output>
        </test-method> <!-- verifydisplayDateMarch -->
        <test-method signature="verifydisplayDateMarch1()[pri:14, instance:com.PRMSTool.Tests.ClientReviewTest@1af2d44a]" started-at="2021-07-26T14:46:58 IST" name="verifydisplayDateMarch1" finished-at="2021-07-26T14:47:01 IST" duration-ms="3152" status="PASS">
          <reporter-output>
          </reporter-output>
        </test-method> <!-- verifydisplayDateMarch1 -->
        <test-method signature="verifydisplayDateApril()[pri:15, instance:com.PRMSTool.Tests.ClientReviewTest@1af2d44a]" started-at="2021-07-26T14:47:01 IST" name="verifydisplayDateApril" finished-at="2021-07-26T14:47:04 IST" duration-ms="3152" status="PASS">
          <reporter-output>
          </reporter-output>
        </test-method> <!-- verifydisplayDateApril -->
        <test-method signature="verifydisplayDateApril1()[pri:16, instance:com.PRMSTool.Tests.ClientReviewTest@1af2d44a]" started-at="2021-07-26T14:47:04 IST" name="verifydisplayDateApril1" finished-at="2021-07-26T14:47:08 IST" duration-ms="3153" status="PASS">
          <reporter-output>
          </reporter-output>
        </test-method> <!-- verifydisplayDateApril1 -->
        <test-method signature="verifydisplayDateMay()[pri:17, instance:com.PRMSTool.Tests.ClientReviewTest@1af2d44a]" started-at="2021-07-26T14:47:08 IST" name="verifydisplayDateMay" finished-at="2021-07-26T14:47:11 IST" duration-ms="3158" status="PASS">
          <reporter-output>
          </reporter-output>
        </test-method> <!-- verifydisplayDateMay -->
        <test-method signature="verifydisplayDateMay1()[pri:18, instance:com.PRMSTool.Tests.ClientReviewTest@1af2d44a]" started-at="2021-07-26T14:47:11 IST" name="verifydisplayDateMay1" finished-at="2021-07-26T14:47:14 IST" duration-ms="3148" status="PASS">
          <reporter-output>
          </reporter-output>
        </test-method> <!-- verifydisplayDateMay1 -->
        <test-method signature="verifydisplayDateJune()[pri:19, instance:com.PRMSTool.Tests.ClientReviewTest@1af2d44a]" started-at="2021-07-26T14:47:14 IST" name="verifydisplayDateJune" finished-at="2021-07-26T14:47:17 IST" duration-ms="3146" status="PASS">
          <reporter-output>
          </reporter-output>
        </test-method> <!-- verifydisplayDateJune -->
        <test-method signature="verifydisplayDateJune1()[pri:20, instance:com.PRMSTool.Tests.ClientReviewTest@1af2d44a]" started-at="2021-07-26T14:47:17 IST" name="verifydisplayDateJune1" finished-at="2021-07-26T14:47:20 IST" duration-ms="3148" status="PASS">
          <reporter-output>
          </reporter-output>
        </test-method> <!-- verifydisplayDateJune1 -->
        <test-method signature="verifydisplayDateJuly()[pri:21, instance:com.PRMSTool.Tests.ClientReviewTest@1af2d44a]" started-at="2021-07-26T14:47:20 IST" name="verifydisplayDateJuly" finished-at="2021-07-26T14:47:23 IST" duration-ms="3151" status="PASS">
          <reporter-output>
          </reporter-output>
        </test-method> <!-- verifydisplayDateJuly -->
        <test-method signature="verifydisplayDateJuly1()[pri:22, instance:com.PRMSTool.Tests.ClientReviewTest@1af2d44a]" started-at="2021-07-26T14:47:23 IST" name="verifydisplayDateJuly1" finished-at="2021-07-26T14:47:26 IST" duration-ms="3155" status="PASS">
          <reporter-output>
          </reporter-output>
        </test-method> <!-- verifydisplayDateJuly1 -->
        <test-method signature="verifydisplayDateAugust()[pri:23, instance:com.PRMSTool.Tests.ClientReviewTest@1af2d44a]" started-at="2021-07-26T14:47:26 IST" name="verifydisplayDateAugust" finished-at="2021-07-26T14:47:30 IST" duration-ms="3157" status="PASS">
          <reporter-output>
          </reporter-output>
        </test-method> <!-- verifydisplayDateAugust -->
        <test-method signature="verifydisplayDateAugust1()[pri:24, instance:com.PRMSTool.Tests.ClientReviewTest@1af2d44a]" started-at="2021-07-26T14:47:30 IST" name="verifydisplayDateAugust1" finished-at="2021-07-26T14:47:33 IST" duration-ms="3172" status="PASS">
          <reporter-output>
          </reporter-output>
        </test-method> <!-- verifydisplayDateAugust1 -->
        <test-method signature="verifydisplayDateSeptember()[pri:25, instance:com.PRMSTool.Tests.ClientReviewTest@1af2d44a]" started-at="2021-07-26T14:47:33 IST" name="verifydisplayDateSeptember" finished-at="2021-07-26T14:47:36 IST" duration-ms="3164" status="PASS">
          <reporter-output>
          </reporter-output>
        </test-method> <!-- verifydisplayDateSeptember -->
        <test-method signature="verifydisplayDateSeptember1()[pri:26, instance:com.PRMSTool.Tests.ClientReviewTest@1af2d44a]" started-at="2021-07-26T14:47:36 IST" name="verifydisplayDateSeptember1" finished-at="2021-07-26T14:47:39 IST" duration-ms="3152" status="PASS">
          <reporter-output>
          </reporter-output>
        </test-method> <!-- verifydisplayDateSeptember1 -->
        <test-method signature="verifydisplayDateOctober()[pri:27, instance:com.PRMSTool.Tests.ClientReviewTest@1af2d44a]" started-at="2021-07-26T14:47:39 IST" name="verifydisplayDateOctober" finished-at="2021-07-26T14:47:42 IST" duration-ms="3149" status="PASS">
          <reporter-output>
          </reporter-output>
        </test-method> <!-- verifydisplayDateOctober -->
        <test-method signature="verifydisplayDateOctober1()[pri:28, instance:com.PRMSTool.Tests.ClientReviewTest@1af2d44a]" started-at="2021-07-26T14:47:42 IST" name="verifydisplayDateOctober1" finished-at="2021-07-26T14:47:45 IST" duration-ms="3150" status="PASS">
          <reporter-output>
          </reporter-output>
        </test-method> <!-- verifydisplayDateOctober1 -->
        <test-method signature="verifydisplayDateNovember()[pri:29, instance:com.PRMSTool.Tests.ClientReviewTest@1af2d44a]" started-at="2021-07-26T14:47:45 IST" name="verifydisplayDateNovember" finished-at="2021-07-26T14:47:49 IST" duration-ms="3164" status="PASS">
          <reporter-output>
          </reporter-output>
        </test-method> <!-- verifydisplayDateNovember -->
        <test-method signature="verifydisplayDateNovember1()[pri:30, instance:com.PRMSTool.Tests.ClientReviewTest@1af2d44a]" started-at="2021-07-26T14:47:49 IST" name="verifydisplayDateNovember1" finished-at="2021-07-26T14:47:52 IST" duration-ms="3150" status="PASS">
          <reporter-output>
          </reporter-output>
        </test-method> <!-- verifydisplayDateNovember1 -->
        <test-method signature="verifydisplayDateDecember()[pri:31, instance:com.PRMSTool.Tests.ClientReviewTest@1af2d44a]" started-at="2021-07-26T14:47:52 IST" name="verifydisplayDateDecember" finished-at="2021-07-26T14:47:55 IST" duration-ms="3165" status="PASS">
          <reporter-output>
          </reporter-output>
        </test-method> <!-- verifydisplayDateDecember -->
        <test-method signature="verifydisplayDateDecember1()[pri:32, instance:com.PRMSTool.Tests.ClientReviewTest@1af2d44a]" started-at="2021-07-26T14:47:55 IST" name="verifydisplayDateDecember1" finished-at="2021-07-26T14:47:58 IST" duration-ms="3160" status="PASS">
          <reporter-output>
          </reporter-output>
        </test-method> <!-- verifydisplayDateDecember1 -->
        <test-method signature="verifydisplayYearAll()[pri:33, instance:com.PRMSTool.Tests.ClientReviewTest@1af2d44a]" started-at="2021-07-26T14:47:58 IST" name="verifydisplayYearAll" finished-at="2021-07-26T14:47:58 IST" duration-ms="192" status="PASS">
          <reporter-output>
          </reporter-output>
        </test-method> <!-- verifydisplayYearAll -->
        <test-method is-config="true" signature="finish()[pri:0, instance:com.PRMSTool.Tests.ClientReviewTest@1af2d44a]" started-at="2021-07-26T14:47:58 IST" name="finish" finished-at="2021-07-26T14:47:59 IST" duration-ms="763" status="PASS">
          <reporter-output>
          </reporter-output>
        </test-method> <!-- finish -->
      </class> <!-- com.PRMSTool.Tests.ClientReviewTest -->
    </test> <!-- ClientScreen Test -->
  </suite> <!-- ClientScreen Suite (0) -->
  <suite started-at="2021-07-26T14:40:14 IST" name="ResourceScreen Suite" finished-at="2021-07-26T14:42:04 IST" duration-ms="109660">
    <groups>
    </groups>
    <test started-at="2021-07-26T14:40:14 IST" name="ResourceScreen Test" finished-at="2021-07-26T14:42:04 IST" duration-ms="109660">
      <class name="com.PRMSTool.Tests.ResourceScreenTest">
        <test-method is-config="true" signature="OpenBrowser()[pri:0, instance:com.PRMSTool.Tests.ResourceScreenTest@5fbdfdcf]" started-at="2021-07-26T14:40:11 IST" name="OpenBrowser" finished-at="2021-07-26T14:40:14 IST" duration-ms="3058" status="PASS">
          <reporter-output>
          </reporter-output>
        </test-method> <!-- OpenBrowser -->
        <test-method signature="verifyLogin()[pri:0, instance:com.PRMSTool.Tests.ResourceScreenTest@5fbdfdcf]" started-at="2021-07-26T14:40:14 IST" name="verifyLogin" finished-at="2021-07-26T14:40:24 IST" duration-ms="9356" status="PASS">
          <reporter-output>
          </reporter-output>
        </test-method> <!-- verifyLogin -->
        <test-method signature="verifyclickOnResource()[pri:1, instance:com.PRMSTool.Tests.ResourceScreenTest@5fbdfdcf]" started-at="2021-07-26T14:40:24 IST" name="verifyclickOnResource" finished-at="2021-07-26T14:40:29 IST" duration-ms="5041" status="PASS">
          <reporter-output>
          </reporter-output>
        </test-method> <!-- verifyclickOnResource -->
        <test-method signature="verifyclickOnAddNew()[pri:2, instance:com.PRMSTool.Tests.ResourceScreenTest@5fbdfdcf]" started-at="2021-07-26T14:40:29 IST" name="verifyclickOnAddNew" finished-at="2021-07-26T14:40:34 IST" duration-ms="5215" status="PASS">
          <reporter-output>
          </reporter-output>
        </test-method> <!-- verifyclickOnAddNew -->
        <test-method signature="verifyaddResourceDetails()[pri:3, instance:com.PRMSTool.Tests.ResourceScreenTest@5fbdfdcf]" started-at="2021-07-26T14:40:34 IST" name="verifyaddResourceDetails" finished-at="2021-07-26T14:40:42 IST" duration-ms="7793" status="PASS">
          <reporter-output>
          </reporter-output>
        </test-method> <!-- verifyaddResourceDetails -->
        <test-method signature="verifyselectBirthDate()[pri:4, instance:com.PRMSTool.Tests.ResourceScreenTest@5fbdfdcf]" started-at="2021-07-26T14:40:42 IST" name="verifyselectBirthDate" finished-at="2021-07-26T14:41:05 IST" duration-ms="23710" status="PASS">
          <reporter-output>
          </reporter-output>
        </test-method> <!-- verifyselectBirthDate -->
        <test-method signature="verifyselectJoiningDate()[pri:5, instance:com.PRMSTool.Tests.ResourceScreenTest@5fbdfdcf]" started-at="2021-07-26T14:41:05 IST" name="verifyselectJoiningDate" finished-at="2021-07-26T14:41:06 IST" duration-ms="781" status="PASS">
          <reporter-output>
          </reporter-output>
        </test-method> <!-- verifyselectJoiningDate -->
        <test-method signature="verifyclickOnAdd()[pri:6, instance:com.PRMSTool.Tests.ResourceScreenTest@5fbdfdcf]" started-at="2021-07-26T14:41:06 IST" name="verifyclickOnAdd" finished-at="2021-07-26T14:41:06 IST" duration-ms="90" status="PASS">
          <reporter-output>
          </reporter-output>
        </test-method> <!-- verifyclickOnAdd -->
        <test-method signature="verifysearch()[pri:7, instance:com.PRMSTool.Tests.ResourceScreenTest@5fbdfdcf]" started-at="2021-07-26T14:41:06 IST" name="verifysearch" finished-at="2021-07-26T14:41:17 IST" duration-ms="11125" status="PASS">
          <reporter-output>
          </reporter-output>
        </test-method> <!-- verifysearch -->
        <test-method signature="verifyclickOnEditButton()[pri:8, instance:com.PRMSTool.Tests.ResourceScreenTest@5fbdfdcf]" started-at="2021-07-26T14:41:17 IST" name="verifyclickOnEditButton" finished-at="2021-07-26T14:41:17 IST" duration-ms="117" status="PASS">
          <reporter-output>
          </reporter-output>
        </test-method> <!-- verifyclickOnEditButton -->
        <test-method signature="verifyeditResourceInformation()[pri:9, instance:com.PRMSTool.Tests.ResourceScreenTest@5fbdfdcf]" started-at="2021-07-26T14:41:17 IST" name="verifyeditResourceInformation" finished-at="2021-07-26T14:41:24 IST" duration-ms="6251" status="PASS">
          <reporter-output>
          </reporter-output>
        </test-method> <!-- verifyeditResourceInformation -->
        <test-method signature="verifyclickOnUpdateButton()[pri:10, instance:com.PRMSTool.Tests.ResourceScreenTest@5fbdfdcf]" started-at="2021-07-26T14:41:24 IST" name="verifyclickOnUpdateButton" finished-at="2021-07-26T14:41:24 IST" duration-ms="70" status="PASS">
          <reporter-output>
          </reporter-output>
        </test-method> <!-- verifyclickOnUpdateButton -->
        <test-method signature="verifydelete()[pri:11, instance:com.PRMSTool.Tests.ResourceScreenTest@5fbdfdcf]" started-at="2021-07-26T14:41:24 IST" name="verifydelete" finished-at="2021-07-26T14:41:38 IST" duration-ms="14389" status="PASS">
          <reporter-output>
          </reporter-output>
        </test-method> <!-- verifydelete -->
        <test-method signature="verifydownloadFile()[pri:12, instance:com.PRMSTool.Tests.ResourceScreenTest@5fbdfdcf]" started-at="2021-07-26T14:41:38 IST" name="verifydownloadFile" finished-at="2021-07-26T14:41:43 IST" duration-ms="5118" status="PASS">
          <reporter-output>
          </reporter-output>
        </test-method> <!-- verifydownloadFile -->
        <test-method signature="verifydisplayAllStatusList()[pri:13, instance:com.PRMSTool.Tests.ResourceScreenTest@5fbdfdcf]" started-at="2021-07-26T14:41:43 IST" name="verifydisplayAllStatusList" finished-at="2021-07-26T14:41:54 IST" duration-ms="10223" status="PASS">
          <reporter-output>
          </reporter-output>
        </test-method> <!-- verifydisplayAllStatusList -->
        <test-method signature="verifydisplayInactiveStatusList()[pri:14, instance:com.PRMSTool.Tests.ResourceScreenTest@5fbdfdcf]" started-at="2021-07-26T14:41:54 IST" name="verifydisplayInactiveStatusList" finished-at="2021-07-26T14:41:59 IST" duration-ms="5181" status="PASS">
          <reporter-output>
          </reporter-output>
        </test-method> <!-- verifydisplayInactiveStatusList -->
        <test-method signature="verifydisplayActiveStatusList()[pri:15, instance:com.PRMSTool.Tests.ResourceScreenTest@5fbdfdcf]" started-at="2021-07-26T14:41:59 IST" name="verifydisplayActiveStatusList" finished-at="2021-07-26T14:42:04 IST" duration-ms="5186" status="PASS">
          <reporter-output>
          </reporter-output>
        </test-method> <!-- verifydisplayActiveStatusList -->
        <test-method is-config="true" signature="finish()[pri:0, instance:com.PRMSTool.Tests.ResourceScreenTest@5fbdfdcf]" started-at="2021-07-26T14:42:04 IST" name="finish" finished-at="2021-07-26T14:42:05 IST" duration-ms="654" status="PASS">
          <reporter-output>
          </reporter-output>
        </test-method> <!-- finish -->
      </class> <!-- com.PRMSTool.Tests.ResourceScreenTest -->
    </test> <!-- ResourceScreen Test -->
  </suite> <!-- ResourceScreen Suite -->
  <suite started-at="2021-07-26T14:48:02 IST" name="SalesLead Suite" finished-at="2021-07-26T14:49:55 IST" duration-ms="113264">
    <groups>
    </groups>
    <test started-at="2021-07-26T14:48:02 IST" name="SalesLeadScreen Test" finished-at="2021-07-26T14:49:55 IST" duration-ms="113264">
      <class name="com.PRMSTool.Tests.SalesLeadScreenTest">
        <test-method is-config="true" signature="OpenBrowser()[pri:0, instance:com.PRMSTool.Tests.SalesLeadScreenTest@d5b810e]" started-at="2021-07-26T14:47:59 IST" name="OpenBrowser" finished-at="2021-07-26T14:48:02 IST" duration-ms="3200" status="PASS">
          <reporter-output>
          </reporter-output>
        </test-method> <!-- OpenBrowser -->
        <test-method signature="verifyLogin()[pri:0, instance:com.PRMSTool.Tests.SalesLeadScreenTest@d5b810e]" started-at="2021-07-26T14:48:02 IST" name="verifyLogin" finished-at="2021-07-26T14:48:12 IST" duration-ms="9392" status="PASS">
          <reporter-output>
          </reporter-output>
        </test-method> <!-- verifyLogin -->
        <test-method signature="verifyclickOnSalesLead()[pri:1, instance:com.PRMSTool.Tests.SalesLeadScreenTest@d5b810e]" started-at="2021-07-26T14:48:12 IST" name="verifyclickOnSalesLead" finished-at="2021-07-26T14:48:17 IST" duration-ms="5048" status="PASS">
          <reporter-output>
          </reporter-output>
        </test-method> <!-- verifyclickOnSalesLead -->
        <test-method signature="verifyclickOnAddNew()[pri:2, instance:com.PRMSTool.Tests.SalesLeadScreenTest@d5b810e]" started-at="2021-07-26T14:48:17 IST" name="verifyclickOnAddNew" finished-at="2021-07-26T14:48:22 IST" duration-ms="5778" status="PASS">
          <reporter-output>
          </reporter-output>
        </test-method> <!-- verifyclickOnAddNew -->
        <test-method signature="verifyaddSalesLeadInformation()[pri:3, instance:com.PRMSTool.Tests.SalesLeadScreenTest@d5b810e]" started-at="2021-07-26T14:48:22 IST" name="verifyaddSalesLeadInformation" finished-at="2021-07-26T14:48:25 IST" duration-ms="2862" status="PASS">
          <reporter-output>
          </reporter-output>
        </test-method> <!-- verifyaddSalesLeadInformation -->
        <test-method signature="verifyselectLastUpdatedDate()[pri:4, instance:com.PRMSTool.Tests.SalesLeadScreenTest@d5b810e]" started-at="2021-07-26T14:48:25 IST" name="verifyselectLastUpdatedDate" finished-at="2021-07-26T14:48:31 IST" duration-ms="5845" status="PASS">
          <reporter-output>
          </reporter-output>
        </test-method> <!-- verifyselectLastUpdatedDate -->
        <test-method signature="verifyclickOnCompanyDetails()[pri:5, instance:com.PRMSTool.Tests.SalesLeadScreenTest@d5b810e]" started-at="2021-07-26T14:48:31 IST" name="verifyclickOnCompanyDetails" finished-at="2021-07-26T14:48:31 IST" duration-ms="142" status="PASS">
          <reporter-output>
          </reporter-output>
        </test-method> <!-- verifyclickOnCompanyDetails -->
        <test-method signature="verifyaddCompanyDetails()[pri:6, instance:com.PRMSTool.Tests.SalesLeadScreenTest@d5b810e]" started-at="2021-07-26T14:48:31 IST" name="verifyaddCompanyDetails" finished-at="2021-07-26T14:48:33 IST" duration-ms="2038" status="PASS">
          <reporter-output>
          </reporter-output>
        </test-method> <!-- verifyaddCompanyDetails -->
        <test-method signature="verifyclickOnOtherDetails()[pri:7, instance:com.PRMSTool.Tests.SalesLeadScreenTest@d5b810e]" started-at="2021-07-26T14:48:33 IST" name="verifyclickOnOtherDetails" finished-at="2021-07-26T14:48:33 IST" duration-ms="109" status="PASS">
          <reporter-output>
          </reporter-output>
        </test-method> <!-- verifyclickOnOtherDetails -->
        <test-method signature="verifyaddOtherDetails()[pri:8, instance:com.PRMSTool.Tests.SalesLeadScreenTest@d5b810e]" started-at="2021-07-26T14:48:33 IST" name="verifyaddOtherDetails" finished-at="2021-07-26T14:48:35 IST" duration-ms="1452" status="PASS">
          <reporter-output>
          </reporter-output>
        </test-method> <!-- verifyaddOtherDetails -->
        <test-method signature="verifyselectFUPDate()[pri:9, instance:com.PRMSTool.Tests.SalesLeadScreenTest@d5b810e]" started-at="2021-07-26T14:48:35 IST" name="verifyselectFUPDate" finished-at="2021-07-26T14:48:41 IST" duration-ms="5861" status="PASS">
          <reporter-output>
          </reporter-output>
        </test-method> <!-- verifyselectFUPDate -->
        <test-method signature="verifyselectCalledDate()[pri:10, instance:com.PRMSTool.Tests.SalesLeadScreenTest@d5b810e]" started-at="2021-07-26T14:48:41 IST" name="verifyselectCalledDate" finished-at="2021-07-26T14:48:47 IST" duration-ms="5882" status="PASS">
          <reporter-output>
          </reporter-output>
        </test-method> <!-- verifyselectCalledDate -->
        <test-method signature="verifyclickOnAdd()[pri:11, instance:com.PRMSTool.Tests.SalesLeadScreenTest@d5b810e]" started-at="2021-07-26T14:48:47 IST" name="verifyclickOnAdd" finished-at="2021-07-26T14:48:47 IST" duration-ms="86" status="PASS">
          <reporter-output>
          </reporter-output>
        </test-method> <!-- verifyclickOnAdd -->
        <test-method signature="verifysearch()[pri:12, instance:com.PRMSTool.Tests.SalesLeadScreenTest@d5b810e]" started-at="2021-07-26T14:48:47 IST" name="verifysearch" finished-at="2021-07-26T14:48:57 IST" duration-ms="10201" status="PASS">
          <reporter-output>
          </reporter-output>
        </test-method> <!-- verifysearch -->
        <test-method signature="verifyclickOnEditButton()[pri:13, instance:com.PRMSTool.Tests.SalesLeadScreenTest@d5b810e]" started-at="2021-07-26T14:48:57 IST" name="verifyclickOnEditButton" finished-at="2021-07-26T14:48:57 IST" duration-ms="163" status="PASS">
          <reporter-output>
          </reporter-output>
        </test-method> <!-- verifyclickOnEditButton -->
        <test-method signature="verifyeditSalesLeadInformation()[pri:14, instance:com.PRMSTool.Tests.SalesLeadScreenTest@d5b810e]" started-at="2021-07-26T14:48:57 IST" name="verifyeditSalesLeadInformation" finished-at="2021-07-26T14:49:00 IST" duration-ms="2850" status="PASS">
          <reporter-output>
          </reporter-output>
        </test-method> <!-- verifyeditSalesLeadInformation -->
        <test-method signature="verifyeditLastUpdatedDate()[pri:15, instance:com.PRMSTool.Tests.SalesLeadScreenTest@d5b810e]" started-at="2021-07-26T14:49:00 IST" name="verifyeditLastUpdatedDate" finished-at="2021-07-26T14:49:06 IST" duration-ms="5806" status="PASS">
          <reporter-output>
          </reporter-output>
        </test-method> <!-- verifyeditLastUpdatedDate -->
        <test-method signature="verifyeditCompanyDetails()[pri:16, instance:com.PRMSTool.Tests.SalesLeadScreenTest@d5b810e]" started-at="2021-07-26T14:49:06 IST" name="verifyeditCompanyDetails" finished-at="2021-07-26T14:49:08 IST" duration-ms="2152" status="PASS">
          <reporter-output>
          </reporter-output>
        </test-method> <!-- verifyeditCompanyDetails -->
        <test-method signature="verifyeditOtherDetails()[pri:17, instance:com.PRMSTool.Tests.SalesLeadScreenTest@d5b810e]" started-at="2021-07-26T14:49:08 IST" name="verifyeditOtherDetails" finished-at="2021-07-26T14:49:09 IST" duration-ms="1471" status="PASS">
          <reporter-output>
          </reporter-output>
        </test-method> <!-- verifyeditOtherDetails -->
        <test-method signature="verifyeditFUPDate()[pri:18, instance:com.PRMSTool.Tests.SalesLeadScreenTest@d5b810e]" started-at="2021-07-26T14:49:09 IST" name="verifyeditFUPDate" finished-at="2021-07-26T14:49:14 IST" duration-ms="4662" status="PASS">
          <reporter-output>
          </reporter-output>
        </test-method> <!-- verifyeditFUPDate -->
        <test-method signature="verifyclickOnUpdateButton()[pri:19, instance:com.PRMSTool.Tests.SalesLeadScreenTest@d5b810e]" started-at="2021-07-26T14:49:14 IST" name="verifyclickOnUpdateButton" finished-at="2021-07-26T14:49:14 IST" duration-ms="75" status="PASS">
          <reporter-output>
          </reporter-output>
        </test-method> <!-- verifyclickOnUpdateButton -->
        <test-method signature="verifydeleteSalesLead()[pri:20, instance:com.PRMSTool.Tests.SalesLeadScreenTest@d5b810e]" started-at="2021-07-26T14:49:14 IST" name="verifydeleteSalesLead" finished-at="2021-07-26T14:49:28 IST" duration-ms="14366" status="PASS">
          <reporter-output>
          </reporter-output>
        </test-method> <!-- verifydeleteSalesLead -->
        <test-method signature="verifyclickOnCloudUpload()[pri:21, instance:com.PRMSTool.Tests.SalesLeadScreenTest@d5b810e]" started-at="2021-07-26T14:49:28 IST" name="verifyclickOnCloudUpload" finished-at="2021-07-26T14:49:29 IST" duration-ms="127" status="PASS">
          <reporter-output>
          </reporter-output>
        </test-method> <!-- verifyclickOnCloudUpload -->
        <test-method signature="verifydownloadFile()[pri:22, instance:com.PRMSTool.Tests.SalesLeadScreenTest@d5b810e]" started-at="2021-07-26T14:49:29 IST" name="verifydownloadFile" finished-at="2021-07-26T14:49:37 IST" duration-ms="8088" status="PASS">
          <reporter-output>
          </reporter-output>
        </test-method> <!-- verifydownloadFile -->
        <test-method signature="verifyclickOnBackButton()[pri:23, instance:com.PRMSTool.Tests.SalesLeadScreenTest@d5b810e]" started-at="2021-07-26T14:49:37 IST" name="verifyclickOnBackButton" finished-at="2021-07-26T14:49:37 IST" duration-ms="115" status="PASS">
          <reporter-output>
          </reporter-output>
        </test-method> <!-- verifyclickOnBackButton -->
        <test-method signature="verifyuploadFile()[pri:24, instance:com.PRMSTool.Tests.SalesLeadScreenTest@d5b810e]" started-at="2021-07-26T14:49:37 IST" name="verifyuploadFile" finished-at="2021-07-26T14:49:55 IST" duration-ms="18670" status="PASS">
          <reporter-output>
          </reporter-output>
        </test-method> <!-- verifyuploadFile -->
        <test-method is-config="true" signature="finish()[pri:0, instance:com.PRMSTool.Tests.SalesLeadScreenTest@d5b810e]" started-at="2021-07-26T14:49:56 IST" name="finish" finished-at="2021-07-26T14:49:56 IST" duration-ms="676" status="PASS">
          <reporter-output>
          </reporter-output>
        </test-method> <!-- finish -->
      </class> <!-- com.PRMSTool.Tests.SalesLeadScreenTest -->
    </test> <!-- SalesLeadScreen Test -->
  </suite> <!-- SalesLead Suite -->
  <suite started-at="2021-07-26T14:42:09 IST" name="ProjectResourceScreen Suite" finished-at="2021-07-26T14:45:03 IST" duration-ms="174643">
    <groups>
    </groups>
    <test started-at="2021-07-26T14:42:09 IST" name="ProjectResourceScreen Test" finished-at="2021-07-26T14:45:03 IST" duration-ms="174643">
      <class name="com.PRMSTool.Tests.ProjectResourceScreenTest">
        <test-method is-config="true" signature="OpenBrowser()[pri:0, instance:com.PRMSTool.Tests.ProjectResourceScreenTest@5562c41e]" started-at="2021-07-26T14:42:05 IST" name="OpenBrowser" finished-at="2021-07-26T14:42:09 IST" duration-ms="4002" status="PASS">
          <reporter-output>
          </reporter-output>
        </test-method> <!-- OpenBrowser -->
        <test-method signature="verifyLogin()[pri:0, instance:com.PRMSTool.Tests.ProjectResourceScreenTest@5562c41e]" started-at="2021-07-26T14:42:09 IST" name="verifyLogin" finished-at="2021-07-26T14:42:18 IST" duration-ms="9415" status="PASS">
          <reporter-output>
          </reporter-output>
        </test-method> <!-- verifyLogin -->
        <test-method signature="verifyclickOnProjectResource()[pri:1, instance:com.PRMSTool.Tests.ProjectResourceScreenTest@5562c41e]" started-at="2021-07-26T14:42:18 IST" name="verifyclickOnProjectResource" finished-at="2021-07-26T14:42:23 IST" duration-ms="5041" status="PASS">
          <reporter-output>
          </reporter-output>
        </test-method> <!-- verifyclickOnProjectResource -->
        <test-method signature="verifyclickOnAddNew()[pri:2, instance:com.PRMSTool.Tests.ProjectResourceScreenTest@5562c41e]" started-at="2021-07-26T14:42:23 IST" name="verifyclickOnAddNew" finished-at="2021-07-26T14:42:29 IST" duration-ms="5614" status="PASS">
          <reporter-output>
          </reporter-output>
        </test-method> <!-- verifyclickOnAddNew -->
        <test-method signature="verifyaddProjectResourceDetails()[pri:3, instance:com.PRMSTool.Tests.ProjectResourceScreenTest@5562c41e]" started-at="2021-07-26T14:42:29 IST" name="verifyaddProjectResourceDetails" finished-at="2021-07-26T14:42:59 IST" duration-ms="30584" status="PASS">
          <reporter-output>
          </reporter-output>
        </test-method> <!-- verifyaddProjectResourceDetails -->
        <test-method signature="verifyselectStartDate()[pri:4, instance:com.PRMSTool.Tests.ProjectResourceScreenTest@5562c41e]" started-at="2021-07-26T14:42:59 IST" name="verifyselectStartDate" finished-at="2021-07-26T14:43:02 IST" duration-ms="2730" status="PASS">
          <reporter-output>
          </reporter-output>
        </test-method> <!-- verifyselectStartDate -->
        <test-method signature="verifyselectEndDate()[pri:5, instance:com.PRMSTool.Tests.ProjectResourceScreenTest@5562c41e]" started-at="2021-07-26T14:43:02 IST" name="verifyselectEndDate" finished-at="2021-07-26T14:43:05 IST" duration-ms="2716" status="PASS">
          <reporter-output>
          </reporter-output>
        </test-method> <!-- verifyselectEndDate -->
        <test-method signature="verifyclickOnAdd()[pri:6, instance:com.PRMSTool.Tests.ProjectResourceScreenTest@5562c41e]" started-at="2021-07-26T14:43:05 IST" name="verifyclickOnAdd" finished-at="2021-07-26T14:43:05 IST" duration-ms="72" status="PASS">
          <reporter-output>
          </reporter-output>
        </test-method> <!-- verifyclickOnAdd -->
        <test-method signature="verifysearch()[pri:7, instance:com.PRMSTool.Tests.ProjectResourceScreenTest@5562c41e]" started-at="2021-07-26T14:43:05 IST" name="verifysearch" finished-at="2021-07-26T14:43:20 IST" duration-ms="15227" status="PASS">
          <reporter-output>
          </reporter-output>
        </test-method> <!-- verifysearch -->
        <test-method signature="verifyclickOnEditButton()[pri:8, instance:com.PRMSTool.Tests.ProjectResourceScreenTest@5562c41e]" started-at="2021-07-26T14:43:20 IST" name="verifyclickOnEditButton" finished-at="2021-07-26T14:43:20 IST" duration-ms="119" status="PASS">
          <reporter-output>
          </reporter-output>
        </test-method> <!-- verifyclickOnEditButton -->
        <test-method signature="verifyeditResourceInformation()[pri:9, instance:com.PRMSTool.Tests.ProjectResourceScreenTest@5562c41e]" started-at="2021-07-26T14:43:20 IST" name="verifyeditResourceInformation" finished-at="2021-07-26T14:43:51 IST" duration-ms="31313" status="PASS">
          <reporter-output>
          </reporter-output>
        </test-method> <!-- verifyeditResourceInformation -->
        <test-method signature="verifyclickOnUpdateButton()[pri:10, instance:com.PRMSTool.Tests.ProjectResourceScreenTest@5562c41e]" started-at="2021-07-26T14:43:51 IST" name="verifyclickOnUpdateButton" finished-at="2021-07-26T14:43:51 IST" duration-ms="81" status="PASS">
          <reporter-output>
          </reporter-output>
        </test-method> <!-- verifyclickOnUpdateButton -->
        <test-method signature="verifydelete()[pri:11, instance:com.PRMSTool.Tests.ProjectResourceScreenTest@5562c41e]" started-at="2021-07-26T14:43:51 IST" name="verifydelete" finished-at="2021-07-26T14:44:06 IST" duration-ms="14891" status="PASS">
          <reporter-output>
          </reporter-output>
        </test-method> <!-- verifydelete -->
        <test-method signature="verifydownloadFile()[pri:12, instance:com.PRMSTool.Tests.ProjectResourceScreenTest@5562c41e]" started-at="2021-07-26T14:44:06 IST" name="verifydownloadFile" finished-at="2021-07-26T14:44:11 IST" duration-ms="5107" status="PASS">
          <reporter-output>
          </reporter-output>
        </test-method> <!-- verifydownloadFile -->
        <test-method signature="verifydisplayAllStatusList()[pri:13, instance:com.PRMSTool.Tests.ProjectResourceScreenTest@5562c41e]" started-at="2021-07-26T14:44:11 IST" name="verifydisplayAllStatusList" finished-at="2021-07-26T14:44:22 IST" duration-ms="10219" status="PASS">
          <reporter-output>
          </reporter-output>
        </test-method> <!-- verifydisplayAllStatusList -->
        <test-method signature="verifydisplayInactiveStatusList()[pri:14, instance:com.PRMSTool.Tests.ProjectResourceScreenTest@5562c41e]" started-at="2021-07-26T14:44:22 IST" name="verifydisplayInactiveStatusList" finished-at="2021-07-26T14:44:27 IST" duration-ms="5179" status="PASS">
          <reporter-output>
          </reporter-output>
        </test-method> <!-- verifydisplayInactiveStatusList -->
        <test-method signature="verifydisplayActiveStatusList()[pri:15, instance:com.PRMSTool.Tests.ProjectResourceScreenTest@5562c41e]" started-at="2021-07-26T14:44:27 IST" name="verifydisplayActiveStatusList" finished-at="2021-07-26T14:44:32 IST" duration-ms="5203" status="PASS">
          <reporter-output>
          </reporter-output>
        </test-method> <!-- verifydisplayActiveStatusList -->
        <test-method signature="verifydisplayvResourcingBusinessUnit()[pri:16, instance:com.PRMSTool.Tests.ProjectResourceScreenTest@5562c41e]" started-at="2021-07-26T14:44:32 IST" name="verifydisplayvResourcingBusinessUnit" finished-at="2021-07-26T14:44:37 IST" duration-ms="5189" status="PASS">
          <reporter-output>
          </reporter-output>
        </test-method> <!-- verifydisplayvResourcingBusinessUnit -->
        <test-method signature="verifydisplayROWBusinessUnit()[pri:17, instance:com.PRMSTool.Tests.ProjectResourceScreenTest@5562c41e]" started-at="2021-07-26T14:44:37 IST" name="verifydisplayROWBusinessUnit" finished-at="2021-07-26T14:44:42 IST" duration-ms="5194" status="PASS">
          <reporter-output>
          </reporter-output>
        </test-method> <!-- verifydisplayROWBusinessUnit -->
        <test-method signature="verifydisplayLicenceBusinessUnit()[pri:18, instance:com.PRMSTool.Tests.ProjectResourceScreenTest@5562c41e]" started-at="2021-07-26T14:44:42 IST" name="verifydisplayLicenceBusinessUnit" finished-at="2021-07-26T14:44:48 IST" duration-ms="5173" status="PASS">
          <reporter-output>
          </reporter-output>
        </test-method> <!-- verifydisplayLicenceBusinessUnit -->
        <test-method signature="verifydisplayPracticesBusinessUnit()[pri:19, instance:com.PRMSTool.Tests.ProjectResourceScreenTest@5562c41e]" started-at="2021-07-26T14:44:48 IST" name="verifydisplayPracticesBusinessUnit" finished-at="2021-07-26T14:44:53 IST" duration-ms="5174" status="PASS">
          <reporter-output>
          </reporter-output>
        </test-method> <!-- verifydisplayPracticesBusinessUnit -->
        <test-method signature="verifydisplaySafeGuardBusinessUnit()[pri:20, instance:com.PRMSTool.Tests.ProjectResourceScreenTest@5562c41e]" started-at="2021-07-26T14:44:53 IST" name="verifydisplaySafeGuardBusinessUnit" finished-at="2021-07-26T14:44:58 IST" duration-ms="5178" status="PASS">
          <reporter-output>
          </reporter-output>
        </test-method> <!-- verifydisplaySafeGuardBusinessUnit -->
        <test-method signature="verifydisplayAllBusinessUnit()[pri:21, instance:com.PRMSTool.Tests.ProjectResourceScreenTest@5562c41e]" started-at="2021-07-26T14:44:58 IST" name="verifydisplayAllBusinessUnit" finished-at="2021-07-26T14:45:03 IST" duration-ms="5205" status="PASS">
          <reporter-output>
          </reporter-output>
        </test-method> <!-- verifydisplayAllBusinessUnit -->
        <test-method is-config="true" signature="finish()[pri:0, instance:com.PRMSTool.Tests.ProjectResourceScreenTest@5562c41e]" started-at="2021-07-26T14:45:03 IST" name="finish" finished-at="2021-07-26T14:45:04 IST" duration-ms="654" status="PASS">
          <reporter-output>
          </reporter-output>
        </test-method> <!-- finish -->
      </class> <!-- com.PRMSTool.Tests.ProjectResourceScreenTest -->
    </test> <!-- ProjectResourceScreen Test -->
  </suite> <!-- ProjectResourceScreen Suite -->
</testng-results>
