<?xml version="1.0" encoding="UTF-8"?>
<testng-results ignored="12" total="16" passed="4" failed="0" skipped="0">
  <reporter-output>
  </reporter-output>
  <suite started-at="2021-03-18T16:27:50 IST" name="Default suite" finished-at="2021-03-18T16:28:18 IST" duration-ms="28048">
    <groups>
    </groups>
    <test started-at="2021-03-18T16:27:50 IST" name="Default test" finished-at="2021-03-18T16:28:18 IST" duration-ms="28048">
      <class name="com.PRMSTool.Tests.ResourceScreenTest">
        <test-method is-config="true" signature="OpenBrowser()[pri:0, instance:com.PRMSTool.Tests.ResourceScreenTest@be35cd9]" started-at="2021-03-18T16:27:43 IST" name="OpenBrowser" finished-at="2021-03-18T16:27:50 IST" duration-ms="6855" status="PASS">
          <reporter-output>
          </reporter-output>
        </test-method> <!-- OpenBrowser -->
        <test-method signature="verifyLogin()[pri:0, instance:com.PRMSTool.Tests.ResourceScreenTest@be35cd9]" started-at="2021-03-18T16:27:50 IST" name="verifyLogin" finished-at="2021-03-18T16:27:58 IST" duration-ms="7746" status="PASS">
          <reporter-output>
          </reporter-output>
        </test-method> <!-- verifyLogin -->
        <test-method signature="verifyclickOnResource()[pri:1, instance:com.PRMSTool.Tests.ResourceScreenTest@be35cd9]" started-at="2021-03-18T16:27:58 IST" name="verifyclickOnResource" finished-at="2021-03-18T16:28:03 IST" duration-ms="5141" status="PASS">
          <reporter-output>
          </reporter-output>
        </test-method> <!-- verifyclickOnResource -->
        <test-method signature="verifyclickOnAddNew()[pri:2, instance:com.PRMSTool.Tests.ResourceScreenTest@be35cd9]" started-at="2021-03-18T16:28:03 IST" name="verifyclickOnAddNew" finished-at="2021-03-18T16:28:09 IST" duration-ms="5673" status="PASS">
          <reporter-output>
          </reporter-output>
        </test-method> <!-- verifyclickOnAddNew -->
        <test-method signature="verifyaddResourceDetails()[pri:3, instance:com.PRMSTool.Tests.ResourceScreenTest@be35cd9]" started-at="2021-03-18T16:28:09 IST" name="verifyaddResourceDetails" finished-at="2021-03-18T16:28:18 IST" duration-ms="9374" status="PASS">
          <reporter-output>
          </reporter-output>
        </test-method> <!-- verifyaddResourceDetails -->
        <test-method is-config="true" signature="finish()[pri:0, instance:com.PRMSTool.Tests.ResourceScreenTest@be35cd9]" started-at="2021-03-18T16:28:18 IST" name="finish" finished-at="2021-03-18T16:28:21 IST" duration-ms="2551" status="PASS">
          <reporter-output>
          </reporter-output>
        </test-method> <!-- finish -->
      </class> <!-- com.PRMSTool.Tests.ResourceScreenTest -->
    </test> <!-- Default test -->
  </suite> <!-- Default suite -->
</testng-results>
