<?xml version="1.0" encoding="UTF-8"?>
<testng-results ignored="1" total="7" passed="6" failed="0" skipped="0">
  <reporter-output>
  </reporter-output>
  <suite started-at="2021-02-12T18:00:38 IST" name="Default suite" finished-at="2021-02-12T18:01:33 IST" duration-ms="55275">
    <groups>
    </groups>
    <test started-at="2021-02-12T18:00:38 IST" name="Default test" finished-at="2021-02-12T18:01:33 IST" duration-ms="55275">
      <class name="com.PRMSTool.Tests.ClientScreenTest">
        <test-method is-config="true" signature="OpenBrowserGrade()[pri:0, instance:com.PRMSTool.Tests.ClientScreenTest@11bd0f3b]" started-at="2021-02-12T18:00:32 IST" name="OpenBrowserGrade" finished-at="2021-02-12T18:00:38 IST" duration-ms="5897" status="PASS">
          <reporter-output>
          </reporter-output>
        </test-method> <!-- OpenBrowserGrade -->
        <test-method signature="verifyLogin()[pri:0, instance:com.PRMSTool.Tests.ClientScreenTest@11bd0f3b]" started-at="2021-02-12T18:00:38 IST" name="verifyLogin" finished-at="2021-02-12T18:00:49 IST" duration-ms="11021" status="PASS">
          <reporter-output>
          </reporter-output>
        </test-method> <!-- verifyLogin -->
        <test-method signature="verifysearchClient()[pri:1, instance:com.PRMSTool.Tests.ClientScreenTest@11bd0f3b]" started-at="2021-02-12T18:00:49 IST" name="verifysearchClient" finished-at="2021-02-12T18:00:59 IST" duration-ms="10501" status="PASS">
          <reporter-output>
          </reporter-output>
        </test-method> <!-- verifysearchClient -->
        <test-method signature="verifyclickOnAddNew()[pri:2, instance:com.PRMSTool.Tests.ClientScreenTest@11bd0f3b]" started-at="2021-02-12T18:00:59 IST" name="verifyclickOnAddNew" finished-at="2021-02-12T18:01:05 IST" duration-ms="5974" status="PASS">
          <reporter-output>
          </reporter-output>
        </test-method> <!-- verifyclickOnAddNew -->
        <test-method signature="verifyaddNewClientInformation()[pri:3, instance:com.PRMSTool.Tests.ClientScreenTest@11bd0f3b]" started-at="2021-02-12T18:01:05 IST" name="verifyaddNewClientInformation" finished-at="2021-02-12T18:01:13 IST" duration-ms="8128" status="PASS">
          <reporter-output>
          </reporter-output>
        </test-method> <!-- verifyaddNewClientInformation -->
        <test-method signature="verifyclickOnAgreementDetails()[pri:4, instance:com.PRMSTool.Tests.ClientScreenTest@11bd0f3b]" started-at="2021-02-12T18:01:13 IST" name="verifyclickOnAgreementDetails" finished-at="2021-02-12T18:01:25 IST" duration-ms="11473" status="PASS">
          <reporter-output>
          </reporter-output>
        </test-method> <!-- verifyclickOnAgreementDetails -->
        <test-method signature="verifyselectApproxStartDate()[pri:5, instance:com.PRMSTool.Tests.ClientScreenTest@11bd0f3b]" started-at="2021-02-12T18:01:25 IST" name="verifyselectApproxStartDate" finished-at="2021-02-12T18:01:33 IST" duration-ms="8078" status="PASS">
          <reporter-output>
          </reporter-output>
        </test-method> <!-- verifyselectApproxStartDate -->
        <test-method is-config="true" signature="finish()[pri:0, instance:com.PRMSTool.Tests.ClientScreenTest@11bd0f3b]" started-at="2021-02-12T18:01:33 IST" name="finish" finished-at="2021-02-12T18:01:34 IST" duration-ms="778" status="PASS">
          <reporter-output>
          </reporter-output>
        </test-method> <!-- finish -->
      </class> <!-- com.PRMSTool.Tests.ClientScreenTest -->
    </test> <!-- Default test -->
  </suite> <!-- Default suite -->
</testng-results>
