<?xml version="1.0" encoding="UTF-8"?>
<testng-results ignored="1" total="22" passed="21" failed="0" skipped="0">
  <reporter-output>
  </reporter-output>
  <suite started-at="2021-03-15T11:31:30 IST" name="Default suite" finished-at="2021-03-15T11:34:02 IST" duration-ms="151554">
    <groups>
    </groups>
    <test started-at="2021-03-15T11:31:30 IST" name="Default test" finished-at="2021-03-15T11:34:02 IST" duration-ms="151554">
      <class name="com.PRMSTool.Tests.ClientScreenTest">
        <test-method is-config="true" signature="OpenBrowserGrade()[pri:0, instance:com.PRMSTool.Tests.ClientScreenTest@272ed83b]" started-at="2021-03-15T11:31:21 IST" name="OpenBrowserGrade" finished-at="2021-03-15T11:31:30 IST" duration-ms="8997" status="PASS">
          <reporter-output>
          </reporter-output>
        </test-method> <!-- OpenBrowserGrade -->
        <test-method signature="verifyLogin()[pri:0, instance:com.PRMSTool.Tests.ClientScreenTest@272ed83b]" started-at="2021-03-15T11:31:30 IST" name="verifyLogin" finished-at="2021-03-15T11:31:37 IST" duration-ms="6895" status="PASS">
          <reporter-output>
          </reporter-output>
        </test-method> <!-- verifyLogin -->
        <test-method signature="verifyclickOnAddNew()[pri:2, instance:com.PRMSTool.Tests.ClientScreenTest@272ed83b]" started-at="2021-03-15T11:31:37 IST" name="verifyclickOnAddNew" finished-at="2021-03-15T11:31:45 IST" duration-ms="7889" status="PASS">
          <reporter-output>
          </reporter-output>
        </test-method> <!-- verifyclickOnAddNew -->
        <test-method signature="verifyaddNewClientInformation()[pri:3, instance:com.PRMSTool.Tests.ClientScreenTest@272ed83b]" started-at="2021-03-15T11:31:45 IST" name="verifyaddNewClientInformation" finished-at="2021-03-15T11:31:54 IST" duration-ms="8969" status="PASS">
          <reporter-output>
          </reporter-output>
        </test-method> <!-- verifyaddNewClientInformation -->
        <test-method signature="verifyclickOnAgreementDetails()[pri:4, instance:com.PRMSTool.Tests.ClientScreenTest@272ed83b]" started-at="2021-03-15T11:31:54 IST" name="verifyclickOnAgreementDetails" finished-at="2021-03-15T11:31:54 IST" duration-ms="365" status="PASS">
          <reporter-output>
          </reporter-output>
        </test-method> <!-- verifyclickOnAgreementDetails -->
        <test-method signature="verifyselectAgreementSignedDate()[pri:5, instance:com.PRMSTool.Tests.ClientScreenTest@272ed83b]" started-at="2021-03-15T11:31:54 IST" name="verifyselectAgreementSignedDate" finished-at="2021-03-15T11:32:04 IST" duration-ms="10002" status="PASS">
          <reporter-output>
          </reporter-output>
        </test-method> <!-- verifyselectAgreementSignedDate -->
        <test-method signature="verifyselectApproxStartDate()[pri:6, instance:com.PRMSTool.Tests.ClientScreenTest@272ed83b]" started-at="2021-03-15T11:32:04 IST" name="verifyselectApproxStartDate" finished-at="2021-03-15T11:32:14 IST" duration-ms="9862" status="PASS">
          <reporter-output>
          </reporter-output>
        </test-method> <!-- verifyselectApproxStartDate -->
        <test-method signature="verifyaddAgreementDetails()[pri:7, instance:com.PRMSTool.Tests.ClientScreenTest@272ed83b]" started-at="2021-03-15T11:32:14 IST" name="verifyaddAgreementDetails" finished-at="2021-03-15T11:32:18 IST" duration-ms="3573" status="PASS">
          <reporter-output>
          </reporter-output>
        </test-method> <!-- verifyaddAgreementDetails -->
        <test-method signature="verifyclickOnStakeholderDetails()[pri:8, instance:com.PRMSTool.Tests.ClientScreenTest@272ed83b]" started-at="2021-03-15T11:32:18 IST" name="verifyclickOnStakeholderDetails" finished-at="2021-03-15T11:32:18 IST" duration-ms="302" status="PASS">
          <reporter-output>
          </reporter-output>
        </test-method> <!-- verifyclickOnStakeholderDetails -->
        <test-method signature="verifyaddStakeholderDetails()[pri:9, instance:com.PRMSTool.Tests.ClientScreenTest@272ed83b]" started-at="2021-03-15T11:32:18 IST" name="verifyaddStakeholderDetails" finished-at="2021-03-15T11:32:25 IST" duration-ms="7201" status="PASS">
          <reporter-output>
          </reporter-output>
        </test-method> <!-- verifyaddStakeholderDetails -->
        <test-method signature="verifyclickOnAdd()[pri:10, instance:com.PRMSTool.Tests.ClientScreenTest@272ed83b]" started-at="2021-03-15T11:32:25 IST" name="verifyclickOnAdd" finished-at="2021-03-15T11:32:26 IST" duration-ms="410" status="PASS">
          <reporter-output>
          </reporter-output>
        </test-method> <!-- verifyclickOnAdd -->
        <test-method signature="verifysearchClient()[pri:11, instance:com.PRMSTool.Tests.ClientScreenTest@272ed83b]" started-at="2021-03-15T11:32:26 IST" name="verifysearchClient" finished-at="2021-03-15T11:32:45 IST" duration-ms="19330" status="PASS">
          <reporter-output>
          </reporter-output>
        </test-method> <!-- verifysearchClient -->
        <test-method signature="verifyeditClient()[pri:12, instance:com.PRMSTool.Tests.ClientScreenTest@272ed83b]" started-at="2021-03-15T11:32:45 IST" name="verifyeditClient" finished-at="2021-03-15T11:32:46 IST" duration-ms="1457" status="PASS">
          <reporter-output>
          </reporter-output>
        </test-method> <!-- verifyeditClient -->
        <test-method signature="verifyeditClientInformation()[pri:13, instance:com.PRMSTool.Tests.ClientScreenTest@272ed83b]" started-at="2021-03-15T11:32:46 IST" name="verifyeditClientInformation" finished-at="2021-03-15T11:32:58 IST" duration-ms="11844" status="PASS">
          <reporter-output>
          </reporter-output>
        </test-method> <!-- verifyeditClientInformation -->
        <test-method signature="verifyeditAgreementDetails()[pri:14, instance:com.PRMSTool.Tests.ClientScreenTest@272ed83b]" started-at="2021-03-15T11:32:58 IST" name="verifyeditAgreementDetails" finished-at="2021-03-15T11:33:07 IST" duration-ms="9124" status="PASS">
          <reporter-output>
          </reporter-output>
        </test-method> <!-- verifyeditAgreementDetails -->
        <test-method signature="verifyeditStakeholder()[pri:15, instance:com.PRMSTool.Tests.ClientScreenTest@272ed83b]" started-at="2021-03-15T11:33:07 IST" name="verifyeditStakeholder" finished-at="2021-03-15T11:33:15 IST" duration-ms="7410" status="PASS">
          <reporter-output>
          </reporter-output>
        </test-method> <!-- verifyeditStakeholder -->
        <test-method signature="verifyclickOnUpdateClient()[pri:16, instance:com.PRMSTool.Tests.ClientScreenTest@272ed83b]" started-at="2021-03-15T11:33:15 IST" name="verifyclickOnUpdateClient" finished-at="2021-03-15T11:33:15 IST" duration-ms="226" status="PASS">
          <reporter-output>
          </reporter-output>
        </test-method> <!-- verifyclickOnUpdateClient -->
        <test-method signature="verifydeleteClient()[pri:17, instance:com.PRMSTool.Tests.ClientScreenTest@272ed83b]" started-at="2021-03-15T11:33:15 IST" name="verifydeleteClient" finished-at="2021-03-15T11:33:31 IST" duration-ms="16288" status="PASS">
          <reporter-output>
          </reporter-output>
        </test-method> <!-- verifydeleteClient -->
        <test-method signature="verifydownloadFile()[pri:18, instance:com.PRMSTool.Tests.ClientScreenTest@272ed83b]" started-at="2021-03-15T11:33:31 IST" name="verifydownloadFile" finished-at="2021-03-15T11:33:40 IST" duration-ms="8395" status="PASS">
          <reporter-output>
          </reporter-output>
        </test-method> <!-- verifydownloadFile -->
        <test-method signature="verifydisplayAllStatusList()[pri:19, instance:com.PRMSTool.Tests.ClientScreenTest@272ed83b]" started-at="2021-03-15T11:33:40 IST" name="verifydisplayAllStatusList" finished-at="2021-03-15T11:33:50 IST" duration-ms="10667" status="PASS">
          <reporter-output>
          </reporter-output>
        </test-method> <!-- verifydisplayAllStatusList -->
        <test-method signature="verifydisplayInactiveStatusList()[pri:20, instance:com.PRMSTool.Tests.ClientScreenTest@272ed83b]" started-at="2021-03-15T11:33:50 IST" name="verifydisplayInactiveStatusList" finished-at="2021-03-15T11:33:56 IST" duration-ms="5629" status="PASS">
          <reporter-output>
          </reporter-output>
        </test-method> <!-- verifydisplayInactiveStatusList -->
        <test-method signature="verifydisplayActiveStatusList()[pri:21, instance:com.PRMSTool.Tests.ClientScreenTest@272ed83b]" started-at="2021-03-15T11:33:56 IST" name="verifydisplayActiveStatusList" finished-at="2021-03-15T11:34:02 IST" duration-ms="5572" status="PASS">
          <reporter-output>
          </reporter-output>
        </test-method> <!-- verifydisplayActiveStatusList -->
        <test-method is-config="true" signature="finish()[pri:0, instance:com.PRMSTool.Tests.ClientScreenTest@272ed83b]" started-at="2021-03-15T11:34:02 IST" name="finish" finished-at="2021-03-15T11:34:03 IST" duration-ms="997" status="PASS">
          <reporter-output>
          </reporter-output>
        </test-method> <!-- finish -->
      </class> <!-- com.PRMSTool.Tests.ClientScreenTest -->
    </test> <!-- Default test -->
  </suite> <!-- Default suite -->
</testng-results>
