<?xml version="1.0" encoding="UTF-8"?>
<testng-results ignored="0" total="22" passed="22" failed="0" skipped="0">
  <reporter-output>
  </reporter-output>
  <suite started-at="2021-10-28T18:20:08 IST" name="Default suite" finished-at="2021-10-28T18:23:14 IST" duration-ms="185759">
    <groups>
    </groups>
    <test started-at="2021-10-28T18:20:08 IST" name="Default test" finished-at="2021-10-28T18:23:14 IST" duration-ms="185759">
      <class name="com.PRMSTool.Tests.ProjectResourceScreenTest">
        <test-method is-config="true" signature="OpenBrowser()[pri:0, instance:com.PRMSTool.Tests.ProjectResourceScreenTest@272ed83b]" started-at="2021-10-28T18:20:05 IST" name="OpenBrowser" finished-at="2021-10-28T18:20:08 IST" duration-ms="3254" status="PASS">
          <reporter-output>
          </reporter-output>
        </test-method> <!-- OpenBrowser -->
        <test-method signature="verifyLogin()[pri:0, instance:com.PRMSTool.Tests.ProjectResourceScreenTest@272ed83b]" started-at="2021-10-28T18:20:08 IST" name="verifyLogin" finished-at="2021-10-28T18:20:18 IST" duration-ms="9552" status="PASS">
          <reporter-output>
          </reporter-output>
        </test-method> <!-- verifyLogin -->
        <test-method signature="verifyclickOnProjectResource()[pri:1, instance:com.PRMSTool.Tests.ProjectResourceScreenTest@272ed83b]" started-at="2021-10-28T18:20:18 IST" name="verifyclickOnProjectResource" finished-at="2021-10-28T18:20:23 IST" duration-ms="5074" status="PASS">
          <reporter-output>
          </reporter-output>
        </test-method> <!-- verifyclickOnProjectResource -->
        <test-method signature="verifyclickOnAddNew()[pri:2, instance:com.PRMSTool.Tests.ProjectResourceScreenTest@272ed83b]" started-at="2021-10-28T18:20:23 IST" name="verifyclickOnAddNew" finished-at="2021-10-28T18:20:28 IST" duration-ms="5457" status="PASS">
          <reporter-output>
          </reporter-output>
        </test-method> <!-- verifyclickOnAddNew -->
        <test-method signature="verifyaddProjectResourceDetails()[pri:3, instance:com.PRMSTool.Tests.ProjectResourceScreenTest@272ed83b]" started-at="2021-10-28T18:20:28 IST" name="verifyaddProjectResourceDetails" finished-at="2021-10-28T18:20:59 IST" duration-ms="30543" status="PASS">
          <reporter-output>
          </reporter-output>
        </test-method> <!-- verifyaddProjectResourceDetails -->
        <test-method signature="verifyselectStartDate()[pri:4, instance:com.PRMSTool.Tests.ProjectResourceScreenTest@272ed83b]" started-at="2021-10-28T18:20:59 IST" name="verifyselectStartDate" finished-at="2021-10-28T18:21:02 IST" duration-ms="2803" status="PASS">
          <reporter-output>
          </reporter-output>
        </test-method> <!-- verifyselectStartDate -->
        <test-method signature="verifyselectEndDate()[pri:5, instance:com.PRMSTool.Tests.ProjectResourceScreenTest@272ed83b]" started-at="2021-10-28T18:21:02 IST" name="verifyselectEndDate" finished-at="2021-10-28T18:21:05 IST" duration-ms="2790" status="PASS">
          <reporter-output>
          </reporter-output>
        </test-method> <!-- verifyselectEndDate -->
        <test-method signature="verifyclickOnAdd()[pri:6, instance:com.PRMSTool.Tests.ProjectResourceScreenTest@272ed83b]" started-at="2021-10-28T18:21:05 IST" name="verifyclickOnAdd" finished-at="2021-10-28T18:21:10 IST" duration-ms="5080" status="PASS">
          <reporter-output>
          </reporter-output>
        </test-method> <!-- verifyclickOnAdd -->
        <test-method signature="verifydisplayAllStatusList()[pri:7, instance:com.PRMSTool.Tests.ProjectResourceScreenTest@272ed83b]" started-at="2021-10-28T18:21:10 IST" name="verifydisplayAllStatusList" finished-at="2021-10-28T18:21:18 IST" duration-ms="8178" status="PASS">
          <reporter-output>
          </reporter-output>
        </test-method> <!-- verifydisplayAllStatusList -->
        <test-method signature="verifysearch()[pri:8, instance:com.PRMSTool.Tests.ProjectResourceScreenTest@272ed83b]" started-at="2021-10-28T18:21:18 IST" name="verifysearch" finished-at="2021-10-28T18:21:28 IST" duration-ms="10245" status="PASS">
          <reporter-output>
          </reporter-output>
        </test-method> <!-- verifysearch -->
        <test-method signature="verifyclickOnEditButton()[pri:9, instance:com.PRMSTool.Tests.ProjectResourceScreenTest@272ed83b]" started-at="2021-10-28T18:21:28 IST" name="verifyclickOnEditButton" finished-at="2021-10-28T18:21:28 IST" duration-ms="112" status="PASS">
          <reporter-output>
          </reporter-output>
        </test-method> <!-- verifyclickOnEditButton -->
        <test-method signature="verifyeditResourceInformation()[pri:10, instance:com.PRMSTool.Tests.ProjectResourceScreenTest@272ed83b]" started-at="2021-10-28T18:21:28 IST" name="verifyeditResourceInformation" finished-at="2021-10-28T18:22:00 IST" duration-ms="31335" status="PASS">
          <reporter-output>
          </reporter-output>
        </test-method> <!-- verifyeditResourceInformation -->
        <test-method signature="verifyclickOnUpdateButton()[pri:11, instance:com.PRMSTool.Tests.ProjectResourceScreenTest@272ed83b]" started-at="2021-10-28T18:22:00 IST" name="verifyclickOnUpdateButton" finished-at="2021-10-28T18:22:00 IST" duration-ms="82" status="PASS">
          <reporter-output>
          </reporter-output>
        </test-method> <!-- verifyclickOnUpdateButton -->
        <test-method signature="verifydelete()[pri:12, instance:com.PRMSTool.Tests.ProjectResourceScreenTest@272ed83b]" started-at="2021-10-28T18:22:00 IST" name="verifydelete" finished-at="2021-10-28T18:22:24 IST" duration-ms="24698" status="PASS">
          <reporter-output>
          </reporter-output>
        </test-method> <!-- verifydelete -->
        <test-method signature="verifydownloadFile()[pri:13, instance:com.PRMSTool.Tests.ProjectResourceScreenTest@272ed83b]" started-at="2021-10-28T18:22:24 IST" name="verifydownloadFile" finished-at="2021-10-28T18:22:32 IST" duration-ms="8175" status="PASS">
          <reporter-output>
          </reporter-output>
        </test-method> <!-- verifydownloadFile -->
        <test-method signature="verifydisplayInactiveStatusList()[pri:14, instance:com.PRMSTool.Tests.ProjectResourceScreenTest@272ed83b]" started-at="2021-10-28T18:22:32 IST" name="verifydisplayInactiveStatusList" finished-at="2021-10-28T18:22:38 IST" duration-ms="5285" status="PASS">
          <reporter-output>
          </reporter-output>
        </test-method> <!-- verifydisplayInactiveStatusList -->
        <test-method signature="verifydisplayActiveStatusList()[pri:15, instance:com.PRMSTool.Tests.ProjectResourceScreenTest@272ed83b]" started-at="2021-10-28T18:22:38 IST" name="verifydisplayActiveStatusList" finished-at="2021-10-28T18:22:43 IST" duration-ms="5189" status="PASS">
          <reporter-output>
          </reporter-output>
        </test-method> <!-- verifydisplayActiveStatusList -->
        <test-method signature="verifydisplayvResourcingBusinessUnit()[pri:16, instance:com.PRMSTool.Tests.ProjectResourceScreenTest@272ed83b]" started-at="2021-10-28T18:22:43 IST" name="verifydisplayvResourcingBusinessUnit" finished-at="2021-10-28T18:22:48 IST" duration-ms="5203" status="PASS">
          <reporter-output>
          </reporter-output>
        </test-method> <!-- verifydisplayvResourcingBusinessUnit -->
        <test-method signature="verifydisplayROWBusinessUnit()[pri:17, instance:com.PRMSTool.Tests.ProjectResourceScreenTest@272ed83b]" started-at="2021-10-28T18:22:48 IST" name="verifydisplayROWBusinessUnit" finished-at="2021-10-28T18:22:53 IST" duration-ms="5181" status="PASS">
          <reporter-output>
          </reporter-output>
        </test-method> <!-- verifydisplayROWBusinessUnit -->
        <test-method signature="verifydisplayLicenceBusinessUnit()[pri:18, instance:com.PRMSTool.Tests.ProjectResourceScreenTest@272ed83b]" started-at="2021-10-28T18:22:53 IST" name="verifydisplayLicenceBusinessUnit" finished-at="2021-10-28T18:22:59 IST" duration-ms="5176" status="PASS">
          <reporter-output>
          </reporter-output>
        </test-method> <!-- verifydisplayLicenceBusinessUnit -->
        <test-method signature="verifydisplayPracticesBusinessUnit()[pri:19, instance:com.PRMSTool.Tests.ProjectResourceScreenTest@272ed83b]" started-at="2021-10-28T18:22:59 IST" name="verifydisplayPracticesBusinessUnit" finished-at="2021-10-28T18:23:04 IST" duration-ms="5187" status="PASS">
          <reporter-output>
          </reporter-output>
        </test-method> <!-- verifydisplayPracticesBusinessUnit -->
        <test-method signature="verifydisplaySafeGuardBusinessUnit()[pri:20, instance:com.PRMSTool.Tests.ProjectResourceScreenTest@272ed83b]" started-at="2021-10-28T18:23:04 IST" name="verifydisplaySafeGuardBusinessUnit" finished-at="2021-10-28T18:23:09 IST" duration-ms="5184" status="PASS">
          <reporter-output>
          </reporter-output>
        </test-method> <!-- verifydisplaySafeGuardBusinessUnit -->
        <test-method signature="verifydisplayAllBusinessUnit()[pri:21, instance:com.PRMSTool.Tests.ProjectResourceScreenTest@272ed83b]" started-at="2021-10-28T18:23:09 IST" name="verifydisplayAllBusinessUnit" finished-at="2021-10-28T18:23:14 IST" duration-ms="5180" status="PASS">
          <reporter-output>
          </reporter-output>
        </test-method> <!-- verifydisplayAllBusinessUnit -->
        <test-method is-config="true" signature="finish()[pri:0, instance:com.PRMSTool.Tests.ProjectResourceScreenTest@272ed83b]" started-at="2021-10-28T18:23:14 IST" name="finish" finished-at="2021-10-28T18:23:15 IST" duration-ms="675" status="PASS">
          <reporter-output>
          </reporter-output>
        </test-method> <!-- finish -->
      </class> <!-- com.PRMSTool.Tests.ProjectResourceScreenTest -->
    </test> <!-- Default test -->
  </suite> <!-- Default suite -->
</testng-results>
