<?xml version="1.0" encoding="UTF-8"?>
<testng-results ignored="2" total="12" passed="10" failed="0" skipped="0">
  <reporter-output>
  </reporter-output>
  <suite started-at="2021-02-18T16:03:07 IST" name="Default suite" finished-at="2021-02-18T16:04:57 IST" duration-ms="109710">
    <groups>
    </groups>
    <test started-at="2021-02-18T16:03:07 IST" name="Default test" finished-at="2021-02-18T16:04:57 IST" duration-ms="109710">
      <class name="com.PRMSTool.Tests.ProjectScreenTest">
        <test-method is-config="true" signature="OpenBrowserGrade()[pri:0, instance:com.PRMSTool.Tests.ProjectScreenTest@2bfc268b]" started-at="2021-02-18T16:03:04 IST" name="OpenBrowserGrade" finished-at="2021-02-18T16:03:07 IST" duration-ms="3506" status="PASS">
          <reporter-output>
          </reporter-output>
        </test-method> <!-- OpenBrowserGrade -->
        <test-method signature="verifyLogin()[pri:0, instance:com.PRMSTool.Tests.ProjectScreenTest@2bfc268b]" started-at="2021-02-18T16:03:07 IST" name="verifyLogin" finished-at="2021-02-18T16:03:55 IST" duration-ms="48258" status="PASS">
          <reporter-output>
          </reporter-output>
        </test-method> <!-- verifyLogin -->
        <test-method signature="verifyclickOnProject()[pri:1, instance:com.PRMSTool.Tests.ProjectScreenTest@2bfc268b]" started-at="2021-02-18T16:03:55 IST" name="verifyclickOnProject" finished-at="2021-02-18T16:03:58 IST" duration-ms="3023" status="PASS">
          <reporter-output>
          </reporter-output>
        </test-method> <!-- verifyclickOnProject -->
        <test-method signature="verifyclickOnAddNew()[pri:3, instance:com.PRMSTool.Tests.ProjectScreenTest@2bfc268b]" started-at="2021-02-18T16:03:58 IST" name="verifyclickOnAddNew" finished-at="2021-02-18T16:04:04 IST" duration-ms="6098" status="PASS">
          <reporter-output>
          </reporter-output>
        </test-method> <!-- verifyclickOnAddNew -->
        <test-method signature="verifyaddProjectDetails()[pri:4, instance:com.PRMSTool.Tests.ProjectScreenTest@2bfc268b]" started-at="2021-02-18T16:04:04 IST" name="verifyaddProjectDetails" finished-at="2021-02-18T16:04:18 IST" duration-ms="13286" status="PASS">
          <reporter-output>
          </reporter-output>
        </test-method> <!-- verifyaddProjectDetails -->
        <test-method signature="verifyselectStartDate()[pri:5, instance:com.PRMSTool.Tests.ProjectScreenTest@2bfc268b]" started-at="2021-02-18T16:04:18 IST" name="verifyselectStartDate" finished-at="2021-02-18T16:04:20 IST" duration-ms="2699" status="PASS">
          <reporter-output>
          </reporter-output>
        </test-method> <!-- verifyselectStartDate -->
        <test-method signature="verifyselectEndDate()[pri:6, instance:com.PRMSTool.Tests.ProjectScreenTest@2bfc268b]" started-at="2021-02-18T16:04:20 IST" name="verifyselectEndDate" finished-at="2021-02-18T16:04:23 IST" duration-ms="2771" status="PASS">
          <reporter-output>
          </reporter-output>
        </test-method> <!-- verifyselectEndDate -->
        <test-method signature="verifyselectActualStartDate()[pri:7, instance:com.PRMSTool.Tests.ProjectScreenTest@2bfc268b]" started-at="2021-02-18T16:04:23 IST" name="verifyselectActualStartDate" finished-at="2021-02-18T16:04:26 IST" duration-ms="2685" status="PASS">
          <reporter-output>
          </reporter-output>
        </test-method> <!-- verifyselectActualStartDate -->
        <test-method signature="verifyselectActualEndDate()[pri:8, instance:com.PRMSTool.Tests.ProjectScreenTest@2bfc268b]" started-at="2021-02-18T16:04:26 IST" name="verifyselectActualEndDate" finished-at="2021-02-18T16:04:29 IST" duration-ms="2736" status="PASS">
          <reporter-output>
          </reporter-output>
        </test-method> <!-- verifyselectActualEndDate -->
        <test-method signature="verifyaddProjectDetails1()[pri:9, instance:com.PRMSTool.Tests.ProjectScreenTest@2bfc268b]" started-at="2021-02-18T16:04:29 IST" name="verifyaddProjectDetails1" finished-at="2021-02-18T16:04:48 IST" duration-ms="19456" status="PASS">
          <reporter-output>
          </reporter-output>
        </test-method> <!-- verifyaddProjectDetails1 -->
        <test-method signature="verifyaddBillingDetails()[pri:10, instance:com.PRMSTool.Tests.ProjectScreenTest@2bfc268b]" started-at="2021-02-18T16:04:48 IST" name="verifyaddBillingDetails" finished-at="2021-02-18T16:04:57 IST" duration-ms="8657" status="PASS">
          <reporter-output>
          </reporter-output>
        </test-method> <!-- verifyaddBillingDetails -->
        <test-method is-config="true" signature="finish()[pri:0, instance:com.PRMSTool.Tests.ProjectScreenTest@2bfc268b]" started-at="2021-02-18T16:04:57 IST" name="finish" finished-at="2021-02-18T16:04:58 IST" duration-ms="695" status="PASS">
          <reporter-output>
          </reporter-output>
        </test-method> <!-- finish -->
      </class> <!-- com.PRMSTool.Tests.ProjectScreenTest -->
    </test> <!-- Default test -->
  </suite> <!-- Default suite -->
</testng-results>
