<?xml version="1.0" encoding="UTF-8"?>
<testng-results ignored="0" total="22" passed="22" failed="0" skipped="0">
  <reporter-output>
  </reporter-output>
  <suite started-at="2021-10-22T11:09:32 IST" name="Default suite" finished-at="2021-10-22T11:12:39 IST" duration-ms="187304">
    <groups>
    </groups>
    <test started-at="2021-10-22T11:09:32 IST" name="Default test" finished-at="2021-10-22T11:12:39 IST" duration-ms="187304">
      <class name="com.PRMSTool.Tests.ProjectResourceScreenTest">
        <test-method is-config="true" signature="OpenBrowser()[pri:0, instance:com.PRMSTool.Tests.ProjectResourceScreenTest@272ed83b]" started-at="2021-10-22T11:09:28 IST" name="OpenBrowser" finished-at="2021-10-22T11:09:32 IST" duration-ms="4200" status="PASS">
          <reporter-output>
          </reporter-output>
        </test-method> <!-- OpenBrowser -->
        <test-method signature="verifyLogin()[pri:0, instance:com.PRMSTool.Tests.ProjectResourceScreenTest@272ed83b]" started-at="2021-10-22T11:09:32 IST" name="verifyLogin" finished-at="2021-10-22T11:09:41 IST" duration-ms="9570" status="PASS">
          <reporter-output>
          </reporter-output>
        </test-method> <!-- verifyLogin -->
        <test-method signature="verifyclickOnProjectResource()[pri:1, instance:com.PRMSTool.Tests.ProjectResourceScreenTest@272ed83b]" started-at="2021-10-22T11:09:41 IST" name="verifyclickOnProjectResource" finished-at="2021-10-22T11:09:46 IST" duration-ms="5062" status="PASS">
          <reporter-output>
          </reporter-output>
        </test-method> <!-- verifyclickOnProjectResource -->
        <test-method signature="verifyclickOnAddNew()[pri:2, instance:com.PRMSTool.Tests.ProjectResourceScreenTest@272ed83b]" started-at="2021-10-22T11:09:46 IST" name="verifyclickOnAddNew" finished-at="2021-10-22T11:09:52 IST" duration-ms="5467" status="PASS">
          <reporter-output>
          </reporter-output>
        </test-method> <!-- verifyclickOnAddNew -->
        <test-method signature="verifyaddProjectResourceDetails()[pri:3, instance:com.PRMSTool.Tests.ProjectResourceScreenTest@272ed83b]" started-at="2021-10-22T11:09:52 IST" name="verifyaddProjectResourceDetails" finished-at="2021-10-22T11:10:22 IST" duration-ms="30007" status="PASS">
          <reporter-output>
          </reporter-output>
        </test-method> <!-- verifyaddProjectResourceDetails -->
        <test-method signature="verifyselectStartDate()[pri:4, instance:com.PRMSTool.Tests.ProjectResourceScreenTest@272ed83b]" started-at="2021-10-22T11:10:22 IST" name="verifyselectStartDate" finished-at="2021-10-22T11:10:25 IST" duration-ms="2787" status="PASS">
          <reporter-output>
          </reporter-output>
        </test-method> <!-- verifyselectStartDate -->
        <test-method signature="verifyselectEndDate()[pri:5, instance:com.PRMSTool.Tests.ProjectResourceScreenTest@272ed83b]" started-at="2021-10-22T11:10:25 IST" name="verifyselectEndDate" finished-at="2021-10-22T11:10:27 IST" duration-ms="2770" status="PASS">
          <reporter-output>
          </reporter-output>
        </test-method> <!-- verifyselectEndDate -->
        <test-method signature="verifyclickOnAdd()[pri:6, instance:com.PRMSTool.Tests.ProjectResourceScreenTest@272ed83b]" started-at="2021-10-22T11:10:27 IST" name="verifyclickOnAdd" finished-at="2021-10-22T11:10:33 IST" duration-ms="5103" status="PASS">
          <reporter-output>
          </reporter-output>
        </test-method> <!-- verifyclickOnAdd -->
        <test-method signature="verifydisplayAllStatusList()[pri:7, instance:com.PRMSTool.Tests.ProjectResourceScreenTest@272ed83b]" started-at="2021-10-22T11:10:33 IST" name="verifydisplayAllStatusList" finished-at="2021-10-22T11:10:41 IST" duration-ms="8209" status="PASS">
          <reporter-output>
          </reporter-output>
        </test-method> <!-- verifydisplayAllStatusList -->
        <test-method signature="verifysearch()[pri:8, instance:com.PRMSTool.Tests.ProjectResourceScreenTest@272ed83b]" started-at="2021-10-22T11:10:41 IST" name="verifysearch" finished-at="2021-10-22T11:10:51 IST" duration-ms="10253" status="PASS">
          <reporter-output>
          </reporter-output>
        </test-method> <!-- verifysearch -->
        <test-method signature="verifyclickOnEditButton()[pri:9, instance:com.PRMSTool.Tests.ProjectResourceScreenTest@272ed83b]" started-at="2021-10-22T11:10:51 IST" name="verifyclickOnEditButton" finished-at="2021-10-22T11:10:51 IST" duration-ms="108" status="PASS">
          <reporter-output>
          </reporter-output>
        </test-method> <!-- verifyclickOnEditButton -->
        <test-method signature="verifyeditResourceInformation()[pri:10, instance:com.PRMSTool.Tests.ProjectResourceScreenTest@272ed83b]" started-at="2021-10-22T11:10:51 IST" name="verifyeditResourceInformation" finished-at="2021-10-22T11:11:22 IST" duration-ms="31372" status="PASS">
          <reporter-output>
          </reporter-output>
        </test-method> <!-- verifyeditResourceInformation -->
        <test-method signature="verifyclickOnUpdateButton()[pri:11, instance:com.PRMSTool.Tests.ProjectResourceScreenTest@272ed83b]" started-at="2021-10-22T11:11:22 IST" name="verifyclickOnUpdateButton" finished-at="2021-10-22T11:11:23 IST" duration-ms="80" status="PASS">
          <reporter-output>
          </reporter-output>
        </test-method> <!-- verifyclickOnUpdateButton -->
        <test-method signature="verifydelete()[pri:12, instance:com.PRMSTool.Tests.ProjectResourceScreenTest@272ed83b]" started-at="2021-10-22T11:11:23 IST" name="verifydelete" finished-at="2021-10-22T11:11:47 IST" duration-ms="24797" status="PASS">
          <reporter-output>
          </reporter-output>
        </test-method> <!-- verifydelete -->
        <test-method signature="verifydownloadFile()[pri:13, instance:com.PRMSTool.Tests.ProjectResourceScreenTest@272ed83b]" started-at="2021-10-22T11:11:47 IST" name="verifydownloadFile" finished-at="2021-10-22T11:11:57 IST" duration-ms="10149" status="PASS">
          <reporter-output>
          </reporter-output>
        </test-method> <!-- verifydownloadFile -->
        <test-method signature="verifydisplayInactiveStatusList()[pri:14, instance:com.PRMSTool.Tests.ProjectResourceScreenTest@272ed83b]" started-at="2021-10-22T11:11:57 IST" name="verifydisplayInactiveStatusList" finished-at="2021-10-22T11:12:03 IST" duration-ms="5209" status="PASS">
          <reporter-output>
          </reporter-output>
        </test-method> <!-- verifydisplayInactiveStatusList -->
        <test-method signature="verifydisplayActiveStatusList()[pri:15, instance:com.PRMSTool.Tests.ProjectResourceScreenTest@272ed83b]" started-at="2021-10-22T11:12:03 IST" name="verifydisplayActiveStatusList" finished-at="2021-10-22T11:12:08 IST" duration-ms="5188" status="PASS">
          <reporter-output>
          </reporter-output>
        </test-method> <!-- verifydisplayActiveStatusList -->
        <test-method signature="verifydisplayvResourcingBusinessUnit()[pri:16, instance:com.PRMSTool.Tests.ProjectResourceScreenTest@272ed83b]" started-at="2021-10-22T11:12:08 IST" name="verifydisplayvResourcingBusinessUnit" finished-at="2021-10-22T11:12:13 IST" duration-ms="5206" status="PASS">
          <reporter-output>
          </reporter-output>
        </test-method> <!-- verifydisplayvResourcingBusinessUnit -->
        <test-method signature="verifydisplayROWBusinessUnit()[pri:17, instance:com.PRMSTool.Tests.ProjectResourceScreenTest@272ed83b]" started-at="2021-10-22T11:12:13 IST" name="verifydisplayROWBusinessUnit" finished-at="2021-10-22T11:12:18 IST" duration-ms="5178" status="PASS">
          <reporter-output>
          </reporter-output>
        </test-method> <!-- verifydisplayROWBusinessUnit -->
        <test-method signature="verifydisplayLicenceBusinessUnit()[pri:18, instance:com.PRMSTool.Tests.ProjectResourceScreenTest@272ed83b]" started-at="2021-10-22T11:12:18 IST" name="verifydisplayLicenceBusinessUnit" finished-at="2021-10-22T11:12:23 IST" duration-ms="5177" status="PASS">
          <reporter-output>
          </reporter-output>
        </test-method> <!-- verifydisplayLicenceBusinessUnit -->
        <test-method signature="verifydisplayPracticesBusinessUnit()[pri:19, instance:com.PRMSTool.Tests.ProjectResourceScreenTest@272ed83b]" started-at="2021-10-22T11:12:23 IST" name="verifydisplayPracticesBusinessUnit" finished-at="2021-10-22T11:12:29 IST" duration-ms="5181" status="PASS">
          <reporter-output>
          </reporter-output>
        </test-method> <!-- verifydisplayPracticesBusinessUnit -->
        <test-method signature="verifydisplaySafeGuardBusinessUnit()[pri:20, instance:com.PRMSTool.Tests.ProjectResourceScreenTest@272ed83b]" started-at="2021-10-22T11:12:29 IST" name="verifydisplaySafeGuardBusinessUnit" finished-at="2021-10-22T11:12:34 IST" duration-ms="5180" status="PASS">
          <reporter-output>
          </reporter-output>
        </test-method> <!-- verifydisplaySafeGuardBusinessUnit -->
        <test-method signature="verifydisplayAllBusinessUnit()[pri:21, instance:com.PRMSTool.Tests.ProjectResourceScreenTest@272ed83b]" started-at="2021-10-22T11:12:34 IST" name="verifydisplayAllBusinessUnit" finished-at="2021-10-22T11:12:39 IST" duration-ms="5204" status="PASS">
          <reporter-output>
          </reporter-output>
        </test-method> <!-- verifydisplayAllBusinessUnit -->
        <test-method is-config="true" signature="finish()[pri:0, instance:com.PRMSTool.Tests.ProjectResourceScreenTest@272ed83b]" started-at="2021-10-22T11:12:39 IST" name="finish" finished-at="2021-10-22T11:12:40 IST" duration-ms="682" status="PASS">
          <reporter-output>
          </reporter-output>
        </test-method> <!-- finish -->
      </class> <!-- com.PRMSTool.Tests.ProjectResourceScreenTest -->
    </test> <!-- Default test -->
  </suite> <!-- Default suite -->
</testng-results>
