<?xml version="1.0" encoding="UTF-8"?>
<testng-results ignored="0" total="156" passed="153" failed="3" skipped="0">
  <reporter-output>
  </reporter-output>
  <suite started-at="2021-12-13T18:19:21 IST" name="Suite" finished-at="2021-12-13T18:19:21 IST" duration-ms="0">
    <groups>
    </groups>
  </suite> <!-- Suite -->
  <suite started-at="2021-12-13T18:02:50 IST" name="ProjectScreen Suite" finished-at="2021-12-13T18:08:49 IST" duration-ms="358292">
    <groups>
    </groups>
    <test started-at="2021-12-13T18:02:50 IST" name="ProjectScreen Test" finished-at="2021-12-13T18:08:49 IST" duration-ms="358292">
      <class name="com.PRMSTool.Tests.ProjectScreenTest">
        <test-method is-config="true" signature="OpenBrowser()[pri:0, instance:com.PRMSTool.Tests.ProjectScreenTest@67c33749]" started-at="2021-12-13T18:02:47 IST" name="OpenBrowser" finished-at="2021-12-13T18:02:50 IST" duration-ms="3676" status="PASS">
          <reporter-output>
          </reporter-output>
        </test-method> <!-- OpenBrowser -->
        <test-method signature="verifyLogin()[pri:0, instance:com.PRMSTool.Tests.ProjectScreenTest@67c33749]" started-at="2021-12-13T18:02:50 IST" name="verifyLogin" finished-at="2021-12-13T18:03:01 IST" duration-ms="11104" status="PASS">
          <reporter-output>
          </reporter-output>
        </test-method> <!-- verifyLogin -->
        <test-method signature="verifyclickOnProject()[pri:1, instance:com.PRMSTool.Tests.ProjectScreenTest@67c33749]" started-at="2021-12-13T18:03:01 IST" name="verifyclickOnProject" finished-at="2021-12-13T18:03:06 IST" duration-ms="5040" status="PASS">
          <reporter-output>
          </reporter-output>
        </test-method> <!-- verifyclickOnProject -->
        <test-method signature="verifyclickOnAddNew()[pri:2, instance:com.PRMSTool.Tests.ProjectScreenTest@67c33749]" started-at="2021-12-13T18:03:06 IST" name="verifyclickOnAddNew" finished-at="2021-12-13T18:03:12 IST" duration-ms="5185" status="PASS">
          <reporter-output>
          </reporter-output>
        </test-method> <!-- verifyclickOnAddNew -->
        <test-method signature="verifyaddProjectDetails()[pri:3, instance:com.PRMSTool.Tests.ProjectScreenTest@67c33749]" started-at="2021-12-13T18:03:12 IST" name="verifyaddProjectDetails" finished-at="2021-12-13T18:03:19 IST" duration-ms="7365" status="PASS">
          <reporter-output>
          </reporter-output>
        </test-method> <!-- verifyaddProjectDetails -->
        <test-method signature="verifyselectStartDate()[pri:4, instance:com.PRMSTool.Tests.ProjectScreenTest@67c33749]" started-at="2021-12-13T18:03:19 IST" name="verifyselectStartDate" finished-at="2021-12-13T18:03:25 IST" duration-ms="5957" status="PASS">
          <reporter-output>
          </reporter-output>
        </test-method> <!-- verifyselectStartDate -->
        <test-method signature="verifyselectEndDate()[pri:5, instance:com.PRMSTool.Tests.ProjectScreenTest@67c33749]" started-at="2021-12-13T18:03:25 IST" name="verifyselectEndDate" finished-at="2021-12-13T18:03:31 IST" duration-ms="5938" status="PASS">
          <reporter-output>
          </reporter-output>
        </test-method> <!-- verifyselectEndDate -->
        <test-method signature="verifyselectActualStartDate()[pri:6, instance:com.PRMSTool.Tests.ProjectScreenTest@67c33749]" started-at="2021-12-13T18:03:31 IST" name="verifyselectActualStartDate" finished-at="2021-12-13T18:03:37 IST" duration-ms="5878" status="PASS">
          <reporter-output>
          </reporter-output>
        </test-method> <!-- verifyselectActualStartDate -->
        <test-method signature="verifyselectActualEndDate()[pri:7, instance:com.PRMSTool.Tests.ProjectScreenTest@67c33749]" started-at="2021-12-13T18:03:37 IST" name="verifyselectActualEndDate" finished-at="2021-12-13T18:03:43 IST" duration-ms="6026" status="PASS">
          <reporter-output>
          </reporter-output>
        </test-method> <!-- verifyselectActualEndDate -->
        <test-method signature="verifyaddProjectDetails1()[pri:8, instance:com.PRMSTool.Tests.ProjectScreenTest@67c33749]" started-at="2021-12-13T18:03:43 IST" name="verifyaddProjectDetails1" finished-at="2021-12-13T18:03:47 IST" duration-ms="4622" status="PASS">
          <reporter-output>
          </reporter-output>
        </test-method> <!-- verifyaddProjectDetails1 -->
        <test-method signature="verifyaddBillingDetails()[pri:9, instance:com.PRMSTool.Tests.ProjectScreenTest@67c33749]" started-at="2021-12-13T18:03:47 IST" name="verifyaddBillingDetails" finished-at="2021-12-13T18:03:49 IST" duration-ms="1275" status="PASS">
          <reporter-output>
          </reporter-output>
        </test-method> <!-- verifyaddBillingDetails -->
        <test-method signature="verifyclickOnAdd()[pri:10, instance:com.PRMSTool.Tests.ProjectScreenTest@67c33749]" started-at="2021-12-13T18:03:49 IST" name="verifyclickOnAdd" finished-at="2021-12-13T18:03:54 IST" duration-ms="5092" status="PASS">
          <reporter-output>
          </reporter-output>
        </test-method> <!-- verifyclickOnAdd -->
        <test-method signature="verifydisplayAllStatusList()[pri:11, instance:com.PRMSTool.Tests.ProjectScreenTest@67c33749]" started-at="2021-12-13T18:03:54 IST" name="verifydisplayAllStatusList" finished-at="2021-12-13T18:04:02 IST" duration-ms="8172" status="PASS">
          <reporter-output>
          </reporter-output>
        </test-method> <!-- verifydisplayAllStatusList -->
        <test-method signature="verifysearch()[pri:12, instance:com.PRMSTool.Tests.ProjectScreenTest@67c33749]" started-at="2021-12-13T18:04:02 IST" name="verifysearch" finished-at="2021-12-13T18:04:09 IST" duration-ms="7287" status="PASS">
          <reporter-output>
          </reporter-output>
        </test-method> <!-- verifysearch -->
        <test-method signature="verifyclickOnEditButton()[pri:13, instance:com.PRMSTool.Tests.ProjectScreenTest@67c33749]" started-at="2021-12-13T18:04:09 IST" name="verifyclickOnEditButton" finished-at="2021-12-13T18:04:09 IST" duration-ms="105" status="PASS">
          <reporter-output>
          </reporter-output>
        </test-method> <!-- verifyclickOnEditButton -->
        <test-method signature="verifyeditProjectInformation()[pri:14, instance:com.PRMSTool.Tests.ProjectScreenTest@67c33749]" started-at="2021-12-13T18:04:09 IST" name="verifyeditProjectInformation" finished-at="2021-12-13T18:04:18 IST" duration-ms="8845" status="PASS">
          <reporter-output>
          </reporter-output>
        </test-method> <!-- verifyeditProjectInformation -->
        <test-method signature="verifyeditStartDate()[pri:15, instance:com.PRMSTool.Tests.ProjectScreenTest@67c33749]" started-at="2021-12-13T18:04:18 IST" name="verifyeditStartDate" finished-at="2021-12-13T18:05:21 IST" duration-ms="62847" status="PASS">
          <reporter-output>
          </reporter-output>
        </test-method> <!-- verifyeditStartDate -->
        <test-method signature="verifyeditEndDate()[pri:16, instance:com.PRMSTool.Tests.ProjectScreenTest@67c33749]" started-at="2021-12-13T18:05:21 IST" name="verifyeditEndDate" finished-at="2021-12-13T18:05:24 IST" duration-ms="2795" status="PASS">
          <reporter-output>
          </reporter-output>
        </test-method> <!-- verifyeditEndDate -->
        <test-method signature="verifyeditActualStartDate()[pri:17, instance:com.PRMSTool.Tests.ProjectScreenTest@67c33749]" started-at="2021-12-13T18:05:24 IST" name="verifyeditActualStartDate" finished-at="2021-12-13T18:05:35 IST" duration-ms="10881" status="FAIL">
          <exception class="org.openqa.selenium.StaleElementReferenceException">
            <message>
              <![CDATA[stale element reference: element is not attached to the page document
  (Session info: chrome=96.0.4664.93)
For documentation on this error, please visit: https://www.seleniumhq.org/exceptions/stale_element_reference.html
Build info: version: '3.141.59', revision: 'e82be7d358', time: '2018-11-14T08:17:03'
System info: host: 'DIPALIV-LPT', ip: '10.81.234.6', os.name: 'Windows 10', os.arch: 'amd64', os.version: '10.0', java.version: '15.0.1'
Driver info: org.openqa.selenium.chrome.ChromeDriver
Capabilities {acceptInsecureCerts: false, browserName: chrome, browserVersion: 96.0.4664.93, chrome: {chromedriverVersion: 96.0.4664.45 (76e4c1bb2ab46..., userDataDir: C:\Users\DIPALI~1.VAI\AppDa...}, goog:chromeOptions: {debuggerAddress: localhost:58261}, javascriptEnabled: true, networkConnectionEnabled: false, pageLoadStrategy: normal, platform: WINDOWS, platformName: WINDOWS, proxy: Proxy(), setWindowRect: true, strictFileInteractability: false, timeouts: {implicit: 0, pageLoad: 300000, script: 30000}, unhandledPromptBehavior: dismiss and notify, webauthn:extension:credBlob: true, webauthn:extension:largeBlob: true, webauthn:virtualAuthenticators: true}
Session ID: 60da80ddd032464d6e63e05246da1c60]]>
            </message>
            <full-stacktrace>
              <![CDATA[org.openqa.selenium.StaleElementReferenceException: stale element reference: element is not attached to the page document
  (Session info: chrome=96.0.4664.93)
For documentation on this error, please visit: https://www.seleniumhq.org/exceptions/stale_element_reference.html
Build info: version: '3.141.59', revision: 'e82be7d358', time: '2018-11-14T08:17:03'
System info: host: 'DIPALIV-LPT', ip: '10.81.234.6', os.name: 'Windows 10', os.arch: 'amd64', os.version: '10.0', java.version: '15.0.1'
Driver info: org.openqa.selenium.chrome.ChromeDriver
Capabilities {acceptInsecureCerts: false, browserName: chrome, browserVersion: 96.0.4664.93, chrome: {chromedriverVersion: 96.0.4664.45 (76e4c1bb2ab46..., userDataDir: C:\Users\DIPALI~1.VAI\AppDa...}, goog:chromeOptions: {debuggerAddress: localhost:58261}, javascriptEnabled: true, networkConnectionEnabled: false, pageLoadStrategy: normal, platform: WINDOWS, platformName: WINDOWS, proxy: Proxy(), setWindowRect: true, strictFileInteractability: false, timeouts: {implicit: 0, pageLoad: 300000, script: 30000}, unhandledPromptBehavior: dismiss and notify, webauthn:extension:credBlob: true, webauthn:extension:largeBlob: true, webauthn:virtualAuthenticators: true}
Session ID: 60da80ddd032464d6e63e05246da1c60
at java.base/jdk.internal.reflect.NativeConstructorAccessorImpl.newInstance0(Native Method)
at java.base/jdk.internal.reflect.NativeConstructorAccessorImpl.newInstance(NativeConstructorAccessorImpl.java:64)
at java.base/jdk.internal.reflect.DelegatingConstructorAccessorImpl.newInstance(DelegatingConstructorAccessorImpl.java:45)
at java.base/java.lang.reflect.Constructor.newInstanceWithCaller(Constructor.java:500)
at java.base/java.lang.reflect.Constructor.newInstance(Constructor.java:481)
at org.openqa.selenium.remote.http.W3CHttpResponseCodec.createException(W3CHttpResponseCodec.java:187)
at org.openqa.selenium.remote.http.W3CHttpResponseCodec.decode(W3CHttpResponseCodec.java:122)
at org.openqa.selenium.remote.http.W3CHttpResponseCodec.decode(W3CHttpResponseCodec.java:49)
at org.openqa.selenium.remote.HttpCommandExecutor.execute(HttpCommandExecutor.java:158)
at org.openqa.selenium.remote.service.DriverCommandExecutor.execute(DriverCommandExecutor.java:83)
at org.openqa.selenium.remote.RemoteWebDriver.execute(RemoteWebDriver.java:552)
at org.openqa.selenium.remote.RemoteWebElement.execute(RemoteWebElement.java:285)
at org.openqa.selenium.remote.RemoteWebElement.getText(RemoteWebElement.java:166)
at jdk.internal.reflect.GeneratedMethodAccessor7.invoke(Unknown Source)
at java.base/jdk.internal.reflect.DelegatingMethodAccessorImpl.invoke(DelegatingMethodAccessorImpl.java:43)
at java.base/java.lang.reflect.Method.invoke(Method.java:564)
at org.openqa.selenium.support.pagefactory.internal.LocatingElementHandler.invoke(LocatingElementHandler.java:51)
at com.sun.proxy.$Proxy12.getText(Unknown Source)
at com.PRMSTool.Pages.ProjectScreenPage.editActualStartDate(ProjectScreenPage.java:655)
at com.PRMSTool.Tests.ProjectScreenTest.verifyeditActualStartDate(ProjectScreenTest.java:118)
at java.base/jdk.internal.reflect.NativeMethodAccessorImpl.invoke0(Native Method)
at java.base/jdk.internal.reflect.NativeMethodAccessorImpl.invoke(NativeMethodAccessorImpl.java:64)
at java.base/jdk.internal.reflect.DelegatingMethodAccessorImpl.invoke(DelegatingMethodAccessorImpl.java:43)
at java.base/java.lang.reflect.Method.invoke(Method.java:564)
at org.testng.internal.MethodInvocationHelper.invokeMethod(MethodInvocationHelper.java:132)
at org.testng.internal.TestInvoker.invokeMethod(TestInvoker.java:599)
at org.testng.internal.TestInvoker.invokeTestMethod(TestInvoker.java:174)
at org.testng.internal.MethodRunner.runInSequence(MethodRunner.java:46)
at org.testng.internal.TestInvoker$MethodInvocationAgent.invoke(TestInvoker.java:822)
at org.testng.internal.TestInvoker.invokeTestMethods(TestInvoker.java:147)
at org.testng.internal.TestMethodWorker.invokeTestMethods(TestMethodWorker.java:146)
at org.testng.internal.TestMethodWorker.run(TestMethodWorker.java:128)
at java.base/java.util.ArrayList.forEach(ArrayList.java:1511)
at org.testng.TestRunner.privateRun(TestRunner.java:764)
at org.testng.TestRunner.run(TestRunner.java:585)
at org.testng.SuiteRunner.runTest(SuiteRunner.java:384)
at org.testng.SuiteRunner.runSequentially(SuiteRunner.java:378)
at org.testng.SuiteRunner.privateRun(SuiteRunner.java:337)
at org.testng.SuiteRunner.run(SuiteRunner.java:286)
at org.testng.SuiteRunnerWorker.runSuite(SuiteRunnerWorker.java:53)
at org.testng.SuiteRunnerWorker.run(SuiteRunnerWorker.java:96)
at org.testng.TestNG.runSuitesSequentially(TestNG.java:1218)
at org.testng.TestNG.runSuitesSequentially(TestNG.java:1213)
at org.testng.TestNG.runSuitesLocally(TestNG.java:1140)
at org.testng.TestNG.runSuites(TestNG.java:1069)
at org.testng.TestNG.run(TestNG.java:1037)
at org.testng.remote.AbstractRemoteTestNG.run(AbstractRemoteTestNG.java:115)
at org.testng.remote.RemoteTestNG.initAndRun(RemoteTestNG.java:251)
at org.testng.remote.RemoteTestNG.main(RemoteTestNG.java:77)
]]>
            </full-stacktrace>
          </exception> <!-- org.openqa.selenium.StaleElementReferenceException -->
          <reporter-output>
          </reporter-output>
        </test-method> <!-- verifyeditActualStartDate -->
        <test-method signature="verifyeditActualEndDate()[pri:18, instance:com.PRMSTool.Tests.ProjectScreenTest@67c33749]" started-at="2021-12-13T18:05:35 IST" name="verifyeditActualEndDate" finished-at="2021-12-13T18:06:40 IST" duration-ms="65311" status="FAIL">
          <exception class="java.lang.IndexOutOfBoundsException">
            <message>
              <![CDATA[Index 4 out of bounds for length 0]]>
            </message>
            <full-stacktrace>
              <![CDATA[java.lang.IndexOutOfBoundsException: Index 4 out of bounds for length 0
at java.base/jdk.internal.util.Preconditions.outOfBounds(Preconditions.java:64)
at java.base/jdk.internal.util.Preconditions.outOfBoundsCheckIndex(Preconditions.java:70)
at java.base/jdk.internal.util.Preconditions.checkIndex(Preconditions.java:248)
at java.base/java.util.Objects.checkIndex(Objects.java:359)
at java.base/java.util.ArrayList.get(ArrayList.java:427)
at java.base/jdk.internal.reflect.GeneratedMethodAccessor1.invoke(Unknown Source)
at java.base/jdk.internal.reflect.DelegatingMethodAccessorImpl.invoke(DelegatingMethodAccessorImpl.java:43)
at java.base/java.lang.reflect.Method.invoke(Method.java:564)
at org.openqa.selenium.support.pagefactory.internal.LocatingElementListHandler.invoke(LocatingElementListHandler.java:39)
at com.sun.proxy.$Proxy13.get(Unknown Source)
at com.PRMSTool.Pages.ProjectScreenPage.editActualEndDate(ProjectScreenPage.java:697)
at com.PRMSTool.Tests.ProjectScreenTest.verifyeditActualEndDate(ProjectScreenTest.java:124)
at java.base/jdk.internal.reflect.NativeMethodAccessorImpl.invoke0(Native Method)
at java.base/jdk.internal.reflect.NativeMethodAccessorImpl.invoke(NativeMethodAccessorImpl.java:64)
at java.base/jdk.internal.reflect.DelegatingMethodAccessorImpl.invoke(DelegatingMethodAccessorImpl.java:43)
at java.base/java.lang.reflect.Method.invoke(Method.java:564)
at org.testng.internal.MethodInvocationHelper.invokeMethod(MethodInvocationHelper.java:132)
at org.testng.internal.TestInvoker.invokeMethod(TestInvoker.java:599)
at org.testng.internal.TestInvoker.invokeTestMethod(TestInvoker.java:174)
at org.testng.internal.MethodRunner.runInSequence(MethodRunner.java:46)
at org.testng.internal.TestInvoker$MethodInvocationAgent.invoke(TestInvoker.java:822)
at org.testng.internal.TestInvoker.invokeTestMethods(TestInvoker.java:147)
at org.testng.internal.TestMethodWorker.invokeTestMethods(TestMethodWorker.java:146)
at org.testng.internal.TestMethodWorker.run(TestMethodWorker.java:128)
at java.base/java.util.ArrayList.forEach(ArrayList.java:1511)
at org.testng.TestRunner.privateRun(TestRunner.java:764)
at org.testng.TestRunner.run(TestRunner.java:585)
at org.testng.SuiteRunner.runTest(SuiteRunner.java:384)
at org.testng.SuiteRunner.runSequentially(SuiteRunner.java:378)
at org.testng.SuiteRunner.privateRun(SuiteRunner.java:337)
at org.testng.SuiteRunner.run(SuiteRunner.java:286)
at org.testng.SuiteRunnerWorker.runSuite(SuiteRunnerWorker.java:53)
at org.testng.SuiteRunnerWorker.run(SuiteRunnerWorker.java:96)
at org.testng.TestNG.runSuitesSequentially(TestNG.java:1218)
at org.testng.TestNG.runSuitesSequentially(TestNG.java:1213)
at org.testng.TestNG.runSuitesLocally(TestNG.java:1140)
at org.testng.TestNG.runSuites(TestNG.java:1069)
at org.testng.TestNG.run(TestNG.java:1037)
at org.testng.remote.AbstractRemoteTestNG.run(AbstractRemoteTestNG.java:115)
at org.testng.remote.RemoteTestNG.initAndRun(RemoteTestNG.java:251)
at org.testng.remote.RemoteTestNG.main(RemoteTestNG.java:77)
]]>
            </full-stacktrace>
          </exception> <!-- java.lang.IndexOutOfBoundsException -->
          <reporter-output>
          </reporter-output>
        </test-method> <!-- verifyeditActualEndDate -->
        <test-method signature="verifyclickOnUpdateButton()[pri:19, instance:com.PRMSTool.Tests.ProjectScreenTest@67c33749]" started-at="2021-12-13T18:06:40 IST" name="verifyclickOnUpdateButton" finished-at="2021-12-13T18:07:40 IST" duration-ms="60042" status="FAIL">
          <exception class="org.openqa.selenium.NoSuchElementException">
            <message>
              <![CDATA[no such element: Unable to locate element: {"method":"xpath","selector":"//span[contains(text(),'Update')]"}
  (Session info: chrome=96.0.4664.93)
For documentation on this error, please visit: https://www.seleniumhq.org/exceptions/no_such_element.html
Build info: version: '3.141.59', revision: 'e82be7d358', time: '2018-11-14T08:17:03'
System info: host: 'DIPALIV-LPT', ip: '10.81.234.6', os.name: 'Windows 10', os.arch: 'amd64', os.version: '10.0', java.version: '15.0.1'
Driver info: org.openqa.selenium.chrome.ChromeDriver
Capabilities {acceptInsecureCerts: false, browserName: chrome, browserVersion: 96.0.4664.93, chrome: {chromedriverVersion: 96.0.4664.45 (76e4c1bb2ab46..., userDataDir: C:\Users\DIPALI~1.VAI\AppDa...}, goog:chromeOptions: {debuggerAddress: localhost:58261}, javascriptEnabled: true, networkConnectionEnabled: false, pageLoadStrategy: normal, platform: WINDOWS, platformName: WINDOWS, proxy: Proxy(), setWindowRect: true, strictFileInteractability: false, timeouts: {implicit: 0, pageLoad: 300000, script: 30000}, unhandledPromptBehavior: dismiss and notify, webauthn:extension:credBlob: true, webauthn:extension:largeBlob: true, webauthn:virtualAuthenticators: true}
Session ID: 60da80ddd032464d6e63e05246da1c60
*** Element info: {Using=xpath, value=//span[contains(text(),'Update')]}]]>
            </message>
            <full-stacktrace>
              <![CDATA[org.openqa.selenium.NoSuchElementException: no such element: Unable to locate element: {"method":"xpath","selector":"//span[contains(text(),'Update')]"}
  (Session info: chrome=96.0.4664.93)
For documentation on this error, please visit: https://www.seleniumhq.org/exceptions/no_such_element.html
Build info: version: '3.141.59', revision: 'e82be7d358', time: '2018-11-14T08:17:03'
System info: host: 'DIPALIV-LPT', ip: '10.81.234.6', os.name: 'Windows 10', os.arch: 'amd64', os.version: '10.0', java.version: '15.0.1'
Driver info: org.openqa.selenium.chrome.ChromeDriver
Capabilities {acceptInsecureCerts: false, browserName: chrome, browserVersion: 96.0.4664.93, chrome: {chromedriverVersion: 96.0.4664.45 (76e4c1bb2ab46..., userDataDir: C:\Users\DIPALI~1.VAI\AppDa...}, goog:chromeOptions: {debuggerAddress: localhost:58261}, javascriptEnabled: true, networkConnectionEnabled: false, pageLoadStrategy: normal, platform: WINDOWS, platformName: WINDOWS, proxy: Proxy(), setWindowRect: true, strictFileInteractability: false, timeouts: {implicit: 0, pageLoad: 300000, script: 30000}, unhandledPromptBehavior: dismiss and notify, webauthn:extension:credBlob: true, webauthn:extension:largeBlob: true, webauthn:virtualAuthenticators: true}
Session ID: 60da80ddd032464d6e63e05246da1c60
*** Element info: {Using=xpath, value=//span[contains(text(),'Update')]}
at java.base/jdk.internal.reflect.NativeConstructorAccessorImpl.newInstance0(Native Method)
at java.base/jdk.internal.reflect.NativeConstructorAccessorImpl.newInstance(NativeConstructorAccessorImpl.java:64)
at java.base/jdk.internal.reflect.DelegatingConstructorAccessorImpl.newInstance(DelegatingConstructorAccessorImpl.java:45)
at java.base/java.lang.reflect.Constructor.newInstanceWithCaller(Constructor.java:500)
at java.base/java.lang.reflect.Constructor.newInstance(Constructor.java:481)
at org.openqa.selenium.remote.http.W3CHttpResponseCodec.createException(W3CHttpResponseCodec.java:187)
at org.openqa.selenium.remote.http.W3CHttpResponseCodec.decode(W3CHttpResponseCodec.java:122)
at org.openqa.selenium.remote.http.W3CHttpResponseCodec.decode(W3CHttpResponseCodec.java:49)
at org.openqa.selenium.remote.HttpCommandExecutor.execute(HttpCommandExecutor.java:158)
at org.openqa.selenium.remote.service.DriverCommandExecutor.execute(DriverCommandExecutor.java:83)
at org.openqa.selenium.remote.RemoteWebDriver.execute(RemoteWebDriver.java:552)
at org.openqa.selenium.remote.RemoteWebDriver.findElement(RemoteWebDriver.java:323)
at org.openqa.selenium.remote.RemoteWebDriver.findElementByXPath(RemoteWebDriver.java:428)
at org.openqa.selenium.By$ByXPath.findElement(By.java:353)
at org.openqa.selenium.remote.RemoteWebDriver.findElement(RemoteWebDriver.java:315)
at org.openqa.selenium.support.pagefactory.DefaultElementLocator.findElement(DefaultElementLocator.java:69)
at org.openqa.selenium.support.pagefactory.internal.LocatingElementHandler.invoke(LocatingElementHandler.java:38)
at com.sun.proxy.$Proxy12.getWrappedElement(Unknown Source)
at org.openqa.selenium.remote.internal.WebElementToJsonConverter.apply(WebElementToJsonConverter.java:50)
at java.base/java.util.stream.ReferencePipeline$3$1.accept(ReferencePipeline.java:195)
at java.base/java.util.Spliterators$ArraySpliterator.forEachRemaining(Spliterators.java:948)
at java.base/java.util.stream.AbstractPipeline.copyInto(AbstractPipeline.java:484)
at java.base/java.util.stream.AbstractPipeline.wrapAndCopyInto(AbstractPipeline.java:474)
at java.base/java.util.stream.ReduceOps$ReduceOp.evaluateSequential(ReduceOps.java:913)
at java.base/java.util.stream.AbstractPipeline.evaluate(AbstractPipeline.java:234)
at java.base/java.util.stream.ReferencePipeline.collect(ReferencePipeline.java:578)
at org.openqa.selenium.remote.RemoteWebDriver.executeScript(RemoteWebDriver.java:484)
at com.PRMSTool.base.TestBase.scrollToElement(TestBase.java:81)
at com.PRMSTool.util.UtilityClass.clickOnUpdateButton(UtilityClass.java:98)
at com.PRMSTool.Tests.ProjectScreenTest.verifyclickOnUpdateButton(ProjectScreenTest.java:130)
at java.base/jdk.internal.reflect.NativeMethodAccessorImpl.invoke0(Native Method)
at java.base/jdk.internal.reflect.NativeMethodAccessorImpl.invoke(NativeMethodAccessorImpl.java:64)
at java.base/jdk.internal.reflect.DelegatingMethodAccessorImpl.invoke(DelegatingMethodAccessorImpl.java:43)
at java.base/java.lang.reflect.Method.invoke(Method.java:564)
at org.testng.internal.MethodInvocationHelper.invokeMethod(MethodInvocationHelper.java:132)
at org.testng.internal.TestInvoker.invokeMethod(TestInvoker.java:599)
at org.testng.internal.TestInvoker.invokeTestMethod(TestInvoker.java:174)
at org.testng.internal.MethodRunner.runInSequence(MethodRunner.java:46)
at org.testng.internal.TestInvoker$MethodInvocationAgent.invoke(TestInvoker.java:822)
at org.testng.internal.TestInvoker.invokeTestMethods(TestInvoker.java:147)
at org.testng.internal.TestMethodWorker.invokeTestMethods(TestMethodWorker.java:146)
at org.testng.internal.TestMethodWorker.run(TestMethodWorker.java:128)
at java.base/java.util.ArrayList.forEach(ArrayList.java:1511)
at org.testng.TestRunner.privateRun(TestRunner.java:764)
at org.testng.TestRunner.run(TestRunner.java:585)
at org.testng.SuiteRunner.runTest(SuiteRunner.java:384)
at org.testng.SuiteRunner.runSequentially(SuiteRunner.java:378)
at org.testng.SuiteRunner.privateRun(SuiteRunner.java:337)
at org.testng.SuiteRunner.run(SuiteRunner.java:286)
at org.testng.SuiteRunnerWorker.runSuite(SuiteRunnerWorker.java:53)
at org.testng.SuiteRunnerWorker.run(SuiteRunnerWorker.java:96)
at org.testng.TestNG.runSuitesSequentially(TestNG.java:1218)
at org.testng.TestNG.runSuitesSequentially(TestNG.java:1213)
at org.testng.TestNG.runSuitesLocally(TestNG.java:1140)
at org.testng.TestNG.runSuites(TestNG.java:1069)
at org.testng.TestNG.run(TestNG.java:1037)
at org.testng.remote.AbstractRemoteTestNG.run(AbstractRemoteTestNG.java:115)
at org.testng.remote.RemoteTestNG.initAndRun(RemoteTestNG.java:251)
at org.testng.remote.RemoteTestNG.main(RemoteTestNG.java:77)
]]>
            </full-stacktrace>
          </exception> <!-- org.openqa.selenium.NoSuchElementException -->
          <reporter-output>
          </reporter-output>
        </test-method> <!-- verifyclickOnUpdateButton -->
        <test-method signature="verifydelete()[pri:20, instance:com.PRMSTool.Tests.ProjectScreenTest@67c33749]" started-at="2021-12-13T18:07:40 IST" name="verifydelete" finished-at="2021-12-13T18:08:02 IST" duration-ms="21710" status="PASS">
          <reporter-output>
          </reporter-output>
        </test-method> <!-- verifydelete -->
        <test-method signature="verifydownloadFile()[pri:21, instance:com.PRMSTool.Tests.ProjectScreenTest@67c33749]" started-at="2021-12-13T18:08:02 IST" name="verifydownloadFile" finished-at="2021-12-13T18:08:07 IST" duration-ms="5107" status="PASS">
          <reporter-output>
          </reporter-output>
        </test-method> <!-- verifydownloadFile -->
        <test-method signature="verifydisplayInactiveStatusList()[pri:22, instance:com.PRMSTool.Tests.ProjectScreenTest@67c33749]" started-at="2021-12-13T18:08:07 IST" name="verifydisplayInactiveStatusList" finished-at="2021-12-13T18:08:12 IST" duration-ms="5245" status="PASS">
          <reporter-output>
          </reporter-output>
        </test-method> <!-- verifydisplayInactiveStatusList -->
        <test-method signature="verifydisplayActiveStatusList()[pri:23, instance:com.PRMSTool.Tests.ProjectScreenTest@67c33749]" started-at="2021-12-13T18:08:12 IST" name="verifydisplayActiveStatusList" finished-at="2021-12-13T18:08:17 IST" duration-ms="5216" status="PASS">
          <reporter-output>
          </reporter-output>
        </test-method> <!-- verifydisplayActiveStatusList -->
        <test-method signature="verifydisplayvResourcingBusinessUnit()[pri:24, instance:com.PRMSTool.Tests.ProjectScreenTest@67c33749]" started-at="2021-12-13T18:08:17 IST" name="verifydisplayvResourcingBusinessUnit" finished-at="2021-12-13T18:08:23 IST" duration-ms="5215" status="PASS">
          <reporter-output>
          </reporter-output>
        </test-method> <!-- verifydisplayvResourcingBusinessUnit -->
        <test-method signature="verifydisplayROWBusinessUnit()[pri:25, instance:com.PRMSTool.Tests.ProjectScreenTest@67c33749]" started-at="2021-12-13T18:08:23 IST" name="verifydisplayROWBusinessUnit" finished-at="2021-12-13T18:08:28 IST" duration-ms="5215" status="PASS">
          <reporter-output>
          </reporter-output>
        </test-method> <!-- verifydisplayROWBusinessUnit -->
        <test-method signature="verifydisplayLicenceBusinessUnit()[pri:26, instance:com.PRMSTool.Tests.ProjectScreenTest@67c33749]" started-at="2021-12-13T18:08:28 IST" name="verifydisplayLicenceBusinessUnit" finished-at="2021-12-13T18:08:33 IST" duration-ms="5200" status="PASS">
          <reporter-output>
          </reporter-output>
        </test-method> <!-- verifydisplayLicenceBusinessUnit -->
        <test-method signature="verifydisplayPracticesBusinessUnit()[pri:27, instance:com.PRMSTool.Tests.ProjectScreenTest@67c33749]" started-at="2021-12-13T18:08:33 IST" name="verifydisplayPracticesBusinessUnit" finished-at="2021-12-13T18:08:38 IST" duration-ms="5192" status="PASS">
          <reporter-output>
          </reporter-output>
        </test-method> <!-- verifydisplayPracticesBusinessUnit -->
        <test-method signature="verifydisplaySafeGuardBusinessUnit()[pri:28, instance:com.PRMSTool.Tests.ProjectScreenTest@67c33749]" started-at="2021-12-13T18:08:38 IST" name="verifydisplaySafeGuardBusinessUnit" finished-at="2021-12-13T18:08:43 IST" duration-ms="5191" status="PASS">
          <reporter-output>
          </reporter-output>
        </test-method> <!-- verifydisplaySafeGuardBusinessUnit -->
        <test-method signature="verifydisplayAllBusinessUnit()[pri:29, instance:com.PRMSTool.Tests.ProjectScreenTest@67c33749]" started-at="2021-12-13T18:08:43 IST" name="verifydisplayAllBusinessUnit" finished-at="2021-12-13T18:08:49 IST" duration-ms="5198" status="PASS">
          <reporter-output>
          </reporter-output>
        </test-method> <!-- verifydisplayAllBusinessUnit -->
        <test-method is-config="true" signature="finish()[pri:0, instance:com.PRMSTool.Tests.ProjectScreenTest@67c33749]" started-at="2021-12-13T18:08:49 IST" name="finish" finished-at="2021-12-13T18:08:49 IST" duration-ms="745" status="PASS">
          <reporter-output>
          </reporter-output>
        </test-method> <!-- finish -->
      </class> <!-- com.PRMSTool.Tests.ProjectScreenTest -->
    </test> <!-- ProjectScreen Test -->
  </suite> <!-- ProjectScreen Suite -->
  <suite started-at="2021-12-13T17:59:45 IST" name="ClientScreen Suite" finished-at="2021-12-13T18:02:46 IST" duration-ms="180475">
    <groups>
    </groups>
    <test started-at="2021-12-13T17:59:45 IST" name="ClientScreen Test" finished-at="2021-12-13T18:02:46 IST" duration-ms="180475">
      <class name="com.PRMSTool.Tests.ClientScreenTest">
        <test-method is-config="true" signature="OpenBrowser()[pri:0, instance:com.PRMSTool.Tests.ClientScreenTest@702b8b12]" started-at="2021-12-13T17:59:42 IST" name="OpenBrowser" finished-at="2021-12-13T17:59:45 IST" duration-ms="3606" status="PASS">
          <reporter-output>
          </reporter-output>
        </test-method> <!-- OpenBrowser -->
        <test-method signature="verifyLogin()[pri:0, instance:com.PRMSTool.Tests.ClientScreenTest@702b8b12]" started-at="2021-12-13T17:59:45 IST" name="verifyLogin" finished-at="2021-12-13T17:59:55 IST" duration-ms="9510" status="PASS">
          <reporter-output>
          </reporter-output>
        </test-method> <!-- verifyLogin -->
        <test-method signature="verifyclickOnAddNew()[pri:1, instance:com.PRMSTool.Tests.ClientScreenTest@702b8b12]" started-at="2021-12-13T17:59:55 IST" name="verifyclickOnAddNew" finished-at="2021-12-13T18:00:05 IST" duration-ms="10181" status="PASS">
          <reporter-output>
          </reporter-output>
        </test-method> <!-- verifyclickOnAddNew -->
        <test-method signature="verifyaddNewClientInformation()[pri:2, instance:com.PRMSTool.Tests.ClientScreenTest@702b8b12]" started-at="2021-12-13T18:00:05 IST" name="verifyaddNewClientInformation" finished-at="2021-12-13T18:00:11 IST" duration-ms="5496" status="PASS">
          <reporter-output>
          </reporter-output>
        </test-method> <!-- verifyaddNewClientInformation -->
        <test-method signature="verifyclickOnAgreementDetails()[pri:3, instance:com.PRMSTool.Tests.ClientScreenTest@702b8b12]" started-at="2021-12-13T18:00:11 IST" name="verifyclickOnAgreementDetails" finished-at="2021-12-13T18:00:11 IST" duration-ms="133" status="PASS">
          <reporter-output>
          </reporter-output>
        </test-method> <!-- verifyclickOnAgreementDetails -->
        <test-method signature="verifyselectAgreementSignedDate()[pri:4, instance:com.PRMSTool.Tests.ClientScreenTest@702b8b12]" started-at="2021-12-13T18:00:11 IST" name="verifyselectAgreementSignedDate" finished-at="2021-12-13T18:00:19 IST" duration-ms="8294" status="PASS">
          <reporter-output>
          </reporter-output>
        </test-method> <!-- verifyselectAgreementSignedDate -->
        <test-method signature="verifyselectApproxStartDate()[pri:5, instance:com.PRMSTool.Tests.ClientScreenTest@702b8b12]" started-at="2021-12-13T18:00:19 IST" name="verifyselectApproxStartDate" finished-at="2021-12-13T18:00:27 IST" duration-ms="7787" status="PASS">
          <reporter-output>
          </reporter-output>
        </test-method> <!-- verifyselectApproxStartDate -->
        <test-method signature="verifyaddAgreementDetails()[pri:6, instance:com.PRMSTool.Tests.ClientScreenTest@702b8b12]" started-at="2021-12-13T18:00:27 IST" name="verifyaddAgreementDetails" finished-at="2021-12-13T18:00:28 IST" duration-ms="1046" status="PASS">
          <reporter-output>
          </reporter-output>
        </test-method> <!-- verifyaddAgreementDetails -->
        <test-method signature="verifyclickOnStakeholderDetails()[pri:7, instance:com.PRMSTool.Tests.ClientScreenTest@702b8b12]" started-at="2021-12-13T18:00:28 IST" name="verifyclickOnStakeholderDetails" finished-at="2021-12-13T18:00:28 IST" duration-ms="87" status="PASS">
          <reporter-output>
          </reporter-output>
        </test-method> <!-- verifyclickOnStakeholderDetails -->
        <test-method signature="verifyaddStakeholderDetails()[pri:8, instance:com.PRMSTool.Tests.ClientScreenTest@702b8b12]" started-at="2021-12-13T18:00:28 IST" name="verifyaddStakeholderDetails" finished-at="2021-12-13T18:00:34 IST" duration-ms="6230" status="PASS">
          <reporter-output>
          </reporter-output>
        </test-method> <!-- verifyaddStakeholderDetails -->
        <test-method signature="verifyclickOnAdd()[pri:9, instance:com.PRMSTool.Tests.ClientScreenTest@702b8b12]" started-at="2021-12-13T18:00:34 IST" name="verifyclickOnAdd" finished-at="2021-12-13T18:00:39 IST" duration-ms="5093" status="PASS">
          <reporter-output>
          </reporter-output>
        </test-method> <!-- verifyclickOnAdd -->
        <test-method signature="verifydisplayAllStatusList()[pri:10, instance:com.PRMSTool.Tests.ClientScreenTest@702b8b12]" started-at="2021-12-13T18:00:39 IST" name="verifydisplayAllStatusList" finished-at="2021-12-13T18:00:47 IST" duration-ms="8130" status="PASS">
          <reporter-output>
          </reporter-output>
        </test-method> <!-- verifydisplayAllStatusList -->
        <test-method signature="verifysearchClient()[pri:11, instance:com.PRMSTool.Tests.ClientScreenTest@702b8b12]" started-at="2021-12-13T18:00:47 IST" name="verifysearchClient" finished-at="2021-12-13T18:00:58 IST" duration-ms="10291" status="PASS">
          <reporter-output>
          </reporter-output>
        </test-method> <!-- verifysearchClient -->
        <test-method signature="verifyeditClient()[pri:12, instance:com.PRMSTool.Tests.ClientScreenTest@702b8b12]" started-at="2021-12-13T18:00:58 IST" name="verifyeditClient" finished-at="2021-12-13T18:00:58 IST" duration-ms="159" status="PASS">
          <reporter-output>
          </reporter-output>
        </test-method> <!-- verifyeditClient -->
        <test-method signature="verifyeditClientInformation()[pri:13, instance:com.PRMSTool.Tests.ClientScreenTest@702b8b12]" started-at="2021-12-13T18:00:58 IST" name="verifyeditClientInformation" finished-at="2021-12-13T18:01:11 IST" duration-ms="12942" status="PASS">
          <reporter-output>
          </reporter-output>
        </test-method> <!-- verifyeditClientInformation -->
        <test-method signature="verifyeditAgreementDetails()[pri:14, instance:com.PRMSTool.Tests.ClientScreenTest@702b8b12]" started-at="2021-12-13T18:01:11 IST" name="verifyeditAgreementDetails" finished-at="2021-12-13T18:01:17 IST" duration-ms="6223" status="PASS">
          <reporter-output>
          </reporter-output>
        </test-method> <!-- verifyeditAgreementDetails -->
        <test-method signature="verifyeditAgreementSignedDate()[pri:15, instance:com.PRMSTool.Tests.ClientScreenTest@702b8b12]" started-at="2021-12-13T18:01:17 IST" name="verifyeditAgreementSignedDate" finished-at="2021-12-13T18:01:25 IST" duration-ms="7822" status="PASS">
          <reporter-output>
          </reporter-output>
        </test-method> <!-- verifyeditAgreementSignedDate -->
        <test-method signature="verifyeditApproxStartDate()[pri:16, instance:com.PRMSTool.Tests.ClientScreenTest@702b8b12]" started-at="2021-12-13T18:01:25 IST" name="verifyeditApproxStartDate" finished-at="2021-12-13T18:01:33 IST" duration-ms="7830" status="PASS">
          <reporter-output>
          </reporter-output>
        </test-method> <!-- verifyeditApproxStartDate -->
        <test-method signature="verifyeditStakeholder()[pri:17, instance:com.PRMSTool.Tests.ClientScreenTest@702b8b12]" started-at="2021-12-13T18:01:33 IST" name="verifyeditStakeholder" finished-at="2021-12-13T18:01:39 IST" duration-ms="5833" status="PASS">
          <reporter-output>
          </reporter-output>
        </test-method> <!-- verifyeditStakeholder -->
        <test-method signature="verifyclickOnUpdateClient()[pri:18, instance:com.PRMSTool.Tests.ClientScreenTest@702b8b12]" started-at="2021-12-13T18:01:39 IST" name="verifyclickOnUpdateClient" finished-at="2021-12-13T18:01:39 IST" duration-ms="87" status="PASS">
          <reporter-output>
          </reporter-output>
        </test-method> <!-- verifyclickOnUpdateClient -->
        <test-method signature="verifydeleteClient()[pri:19, instance:com.PRMSTool.Tests.ClientScreenTest@702b8b12]" started-at="2021-12-13T18:01:39 IST" name="verifydeleteClient" finished-at="2021-12-13T18:01:59 IST" duration-ms="20552" status="PASS">
          <reporter-output>
          </reporter-output>
        </test-method> <!-- verifydeleteClient -->
        <test-method signature="verifydownloadFile()[pri:20, instance:com.PRMSTool.Tests.ClientScreenTest@702b8b12]" started-at="2021-12-13T18:01:59 IST" name="verifydownloadFile" finished-at="2021-12-13T18:02:04 IST" duration-ms="5108" status="PASS">
          <reporter-output>
          </reporter-output>
        </test-method> <!-- verifydownloadFile -->
        <test-method signature="verifydisplayInactiveStatusList()[pri:21, instance:com.PRMSTool.Tests.ClientScreenTest@702b8b12]" started-at="2021-12-13T18:02:04 IST" name="verifydisplayInactiveStatusList" finished-at="2021-12-13T18:02:10 IST" duration-ms="5278" status="PASS">
          <reporter-output>
          </reporter-output>
        </test-method> <!-- verifydisplayInactiveStatusList -->
        <test-method signature="verifydisplayActiveStatusList()[pri:22, instance:com.PRMSTool.Tests.ClientScreenTest@702b8b12]" started-at="2021-12-13T18:02:10 IST" name="verifydisplayActiveStatusList" finished-at="2021-12-13T18:02:15 IST" duration-ms="5177" status="PASS">
          <reporter-output>
          </reporter-output>
        </test-method> <!-- verifydisplayActiveStatusList -->
        <test-method signature="verifydisplayvResourcingBusinessUnit()[pri:23, instance:com.PRMSTool.Tests.ClientScreenTest@702b8b12]" started-at="2021-12-13T18:02:15 IST" name="verifydisplayvResourcingBusinessUnit" finished-at="2021-12-13T18:02:20 IST" duration-ms="5204" status="PASS">
          <reporter-output>
          </reporter-output>
        </test-method> <!-- verifydisplayvResourcingBusinessUnit -->
        <test-method signature="verifydisplayIPBusinessUnit()[pri:24, instance:com.PRMSTool.Tests.ClientScreenTest@702b8b12]" started-at="2021-12-13T18:02:20 IST" name="verifydisplayIPBusinessUnit" finished-at="2021-12-13T18:02:25 IST" duration-ms="5211" status="PASS">
          <reporter-output>
          </reporter-output>
        </test-method> <!-- verifydisplayIPBusinessUnit -->
        <test-method signature="verifydisplayLicenceBusinessUnit()[pri:25, instance:com.PRMSTool.Tests.ClientScreenTest@702b8b12]" started-at="2021-12-13T18:02:25 IST" name="verifydisplayLicenceBusinessUnit" finished-at="2021-12-13T18:02:30 IST" duration-ms="5192" status="PASS">
          <reporter-output>
          </reporter-output>
        </test-method> <!-- verifydisplayLicenceBusinessUnit -->
        <test-method signature="verifydisplayPracticesBusinessUnit()[pri:26, instance:com.PRMSTool.Tests.ClientScreenTest@702b8b12]" started-at="2021-12-13T18:02:30 IST" name="verifydisplayPracticesBusinessUnit" finished-at="2021-12-13T18:02:36 IST" duration-ms="5172" status="PASS">
          <reporter-output>
          </reporter-output>
        </test-method> <!-- verifydisplayPracticesBusinessUnit -->
        <test-method signature="verifydisplaySafeGuardBusinessUnit()[pri:27, instance:com.PRMSTool.Tests.ClientScreenTest@702b8b12]" started-at="2021-12-13T18:02:36 IST" name="verifydisplaySafeGuardBusinessUnit" finished-at="2021-12-13T18:02:41 IST" duration-ms="5171" status="PASS">
          <reporter-output>
          </reporter-output>
        </test-method> <!-- verifydisplaySafeGuardBusinessUnit -->
        <test-method signature="verifydisplayAllBusinessUnit()[pri:28, instance:com.PRMSTool.Tests.ClientScreenTest@702b8b12]" started-at="2021-12-13T18:02:41 IST" name="verifydisplayAllBusinessUnit" finished-at="2021-12-13T18:02:46 IST" duration-ms="5184" status="PASS">
          <reporter-output>
          </reporter-output>
        </test-method> <!-- verifydisplayAllBusinessUnit -->
        <test-method is-config="true" signature="finish()[pri:0, instance:com.PRMSTool.Tests.ClientScreenTest@702b8b12]" started-at="2021-12-13T18:02:46 IST" name="finish" finished-at="2021-12-13T18:02:47 IST" duration-ms="678" status="PASS">
          <reporter-output>
          </reporter-output>
        </test-method> <!-- finish -->
      </class> <!-- com.PRMSTool.Tests.ClientScreenTest -->
    </test> <!-- ClientScreen Test -->
  </suite> <!-- ClientScreen Suite -->
  <suite started-at="2021-12-13T18:08:52 IST" name="ResourceScreen Suite" finished-at="2021-12-13T18:10:58 IST" duration-ms="125627">
    <groups>
    </groups>
    <test started-at="2021-12-13T18:08:52 IST" name="ResourceScreen Test" finished-at="2021-12-13T18:10:58 IST" duration-ms="125627">
      <class name="com.PRMSTool.Tests.ResourceScreenTest">
        <test-method is-config="true" signature="OpenBrowser()[pri:0, instance:com.PRMSTool.Tests.ResourceScreenTest@3bf9ce3e]" started-at="2021-12-13T18:08:49 IST" name="OpenBrowser" finished-at="2021-12-13T18:08:52 IST" duration-ms="2852" status="PASS">
          <reporter-output>
          </reporter-output>
        </test-method> <!-- OpenBrowser -->
        <test-method signature="verifyLogin()[pri:0, instance:com.PRMSTool.Tests.ResourceScreenTest@3bf9ce3e]" started-at="2021-12-13T18:08:52 IST" name="verifyLogin" finished-at="2021-12-13T18:09:02 IST" duration-ms="9349" status="PASS">
          <reporter-output>
          </reporter-output>
        </test-method> <!-- verifyLogin -->
        <test-method signature="verifyclickOnResource()[pri:1, instance:com.PRMSTool.Tests.ResourceScreenTest@3bf9ce3e]" started-at="2021-12-13T18:09:02 IST" name="verifyclickOnResource" finished-at="2021-12-13T18:09:07 IST" duration-ms="5041" status="PASS">
          <reporter-output>
          </reporter-output>
        </test-method> <!-- verifyclickOnResource -->
        <test-method signature="verifyclickOnAddNew()[pri:2, instance:com.PRMSTool.Tests.ResourceScreenTest@3bf9ce3e]" started-at="2021-12-13T18:09:07 IST" name="verifyclickOnAddNew" finished-at="2021-12-13T18:09:12 IST" duration-ms="5201" status="PASS">
          <reporter-output>
          </reporter-output>
        </test-method> <!-- verifyclickOnAddNew -->
        <test-method signature="verifyaddResourceDetails()[pri:3, instance:com.PRMSTool.Tests.ResourceScreenTest@3bf9ce3e]" started-at="2021-12-13T18:09:12 IST" name="verifyaddResourceDetails" finished-at="2021-12-13T18:09:20 IST" duration-ms="8678" status="PASS">
          <reporter-output>
          </reporter-output>
        </test-method> <!-- verifyaddResourceDetails -->
        <test-method signature="verifyselectBirthDate()[pri:4, instance:com.PRMSTool.Tests.ResourceScreenTest@3bf9ce3e]" started-at="2021-12-13T18:09:20 IST" name="verifyselectBirthDate" finished-at="2021-12-13T18:09:45 IST" duration-ms="24347" status="PASS">
          <reporter-output>
          </reporter-output>
        </test-method> <!-- verifyselectBirthDate -->
        <test-method signature="verifyselectJoiningDate()[pri:5, instance:com.PRMSTool.Tests.ResourceScreenTest@3bf9ce3e]" started-at="2021-12-13T18:09:45 IST" name="verifyselectJoiningDate" finished-at="2021-12-13T18:09:47 IST" duration-ms="2506" status="PASS">
          <reporter-output>
          </reporter-output>
        </test-method> <!-- verifyselectJoiningDate -->
        <test-method signature="verifyclickOnAdd()[pri:6, instance:com.PRMSTool.Tests.ResourceScreenTest@3bf9ce3e]" started-at="2021-12-13T18:09:47 IST" name="verifyclickOnAdd" finished-at="2021-12-13T18:09:52 IST" duration-ms="5090" status="PASS">
          <reporter-output>
          </reporter-output>
        </test-method> <!-- verifyclickOnAdd -->
        <test-method signature="verifydisplayAllStatusList()[pri:7, instance:com.PRMSTool.Tests.ResourceScreenTest@3bf9ce3e]" started-at="2021-12-13T18:09:52 IST" name="verifydisplayAllStatusList" finished-at="2021-12-13T18:10:01 IST" duration-ms="8144" status="PASS">
          <reporter-output>
          </reporter-output>
        </test-method> <!-- verifydisplayAllStatusList -->
        <test-method signature="verifysearch()[pri:8, instance:com.PRMSTool.Tests.ResourceScreenTest@3bf9ce3e]" started-at="2021-12-13T18:10:01 IST" name="verifysearch" finished-at="2021-12-13T18:10:11 IST" duration-ms="10203" status="PASS">
          <reporter-output>
          </reporter-output>
        </test-method> <!-- verifysearch -->
        <test-method signature="verifyclickOnEditButton()[pri:9, instance:com.PRMSTool.Tests.ResourceScreenTest@3bf9ce3e]" started-at="2021-12-13T18:10:11 IST" name="verifyclickOnEditButton" finished-at="2021-12-13T18:10:11 IST" duration-ms="123" status="PASS">
          <reporter-output>
          </reporter-output>
        </test-method> <!-- verifyclickOnEditButton -->
        <test-method signature="verifyeditResourceInformation()[pri:10, instance:com.PRMSTool.Tests.ResourceScreenTest@3bf9ce3e]" started-at="2021-12-13T18:10:11 IST" name="verifyeditResourceInformation" finished-at="2021-12-13T18:10:21 IST" duration-ms="9770" status="PASS">
          <reporter-output>
          </reporter-output>
        </test-method> <!-- verifyeditResourceInformation -->
        <test-method signature="verifyclickOnUpdateButton()[pri:11, instance:com.PRMSTool.Tests.ResourceScreenTest@3bf9ce3e]" started-at="2021-12-13T18:10:21 IST" name="verifyclickOnUpdateButton" finished-at="2021-12-13T18:10:21 IST" duration-ms="66" status="PASS">
          <reporter-output>
          </reporter-output>
        </test-method> <!-- verifyclickOnUpdateButton -->
        <test-method signature="verifydelete()[pri:12, instance:com.PRMSTool.Tests.ResourceScreenTest@3bf9ce3e]" started-at="2021-12-13T18:10:21 IST" name="verifydelete" finished-at="2021-12-13T18:10:42 IST" duration-ms="21480" status="PASS">
          <reporter-output>
          </reporter-output>
        </test-method> <!-- verifydelete -->
        <test-method signature="verifydownloadFile()[pri:13, instance:com.PRMSTool.Tests.ResourceScreenTest@3bf9ce3e]" started-at="2021-12-13T18:10:42 IST" name="verifydownloadFile" finished-at="2021-12-13T18:10:47 IST" duration-ms="5117" status="PASS">
          <reporter-output>
          </reporter-output>
        </test-method> <!-- verifydownloadFile -->
        <test-method signature="verifydisplayInactiveStatusList()[pri:14, instance:com.PRMSTool.Tests.ResourceScreenTest@3bf9ce3e]" started-at="2021-12-13T18:10:47 IST" name="verifydisplayInactiveStatusList" finished-at="2021-12-13T18:10:53 IST" duration-ms="5323" status="PASS">
          <reporter-output>
          </reporter-output>
        </test-method> <!-- verifydisplayInactiveStatusList -->
        <test-method signature="verifydisplayActiveStatusList()[pri:15, instance:com.PRMSTool.Tests.ResourceScreenTest@3bf9ce3e]" started-at="2021-12-13T18:10:53 IST" name="verifydisplayActiveStatusList" finished-at="2021-12-13T18:10:58 IST" duration-ms="5180" status="PASS">
          <reporter-output>
          </reporter-output>
        </test-method> <!-- verifydisplayActiveStatusList -->
        <test-method is-config="true" signature="finish()[pri:0, instance:com.PRMSTool.Tests.ResourceScreenTest@3bf9ce3e]" started-at="2021-12-13T18:10:58 IST" name="finish" finished-at="2021-12-13T18:10:59 IST" duration-ms="698" status="PASS">
          <reporter-output>
          </reporter-output>
        </test-method> <!-- finish -->
      </class> <!-- com.PRMSTool.Tests.ResourceScreenTest -->
    </test> <!-- ResourceScreen Test -->
  </suite> <!-- ResourceScreen Suite -->
  <suite started-at="2021-12-13T18:17:20 IST" name="SalesLead Suite" finished-at="2021-12-13T18:19:21 IST" duration-ms="121132">
    <groups>
    </groups>
    <test started-at="2021-12-13T18:17:20 IST" name="SalesLeadScreen Test" finished-at="2021-12-13T18:19:21 IST" duration-ms="121132">
      <class name="com.PRMSTool.Tests.SalesLeadScreenTest">
        <test-method is-config="true" signature="OpenBrowser()[pri:0, instance:com.PRMSTool.Tests.SalesLeadScreenTest@485966cc]" started-at="2021-12-13T18:17:16 IST" name="OpenBrowser" finished-at="2021-12-13T18:17:20 IST" duration-ms="3133" status="PASS">
          <reporter-output>
          </reporter-output>
        </test-method> <!-- OpenBrowser -->
        <test-method signature="verifyLogin()[pri:0, instance:com.PRMSTool.Tests.SalesLeadScreenTest@485966cc]" started-at="2021-12-13T18:17:20 IST" name="verifyLogin" finished-at="2021-12-13T18:17:31 IST" duration-ms="11441" status="PASS">
          <reporter-output>
          </reporter-output>
        </test-method> <!-- verifyLogin -->
        <test-method signature="verifyclickOnSalesLead()[pri:1, instance:com.PRMSTool.Tests.SalesLeadScreenTest@485966cc]" started-at="2021-12-13T18:17:31 IST" name="verifyclickOnSalesLead" finished-at="2021-12-13T18:17:36 IST" duration-ms="5048" status="PASS">
          <reporter-output>
          </reporter-output>
        </test-method> <!-- verifyclickOnSalesLead -->
        <test-method signature="verifyclickOnAddNew()[pri:2, instance:com.PRMSTool.Tests.SalesLeadScreenTest@485966cc]" started-at="2021-12-13T18:17:36 IST" name="verifyclickOnAddNew" finished-at="2021-12-13T18:17:42 IST" duration-ms="5702" status="PASS">
          <reporter-output>
          </reporter-output>
        </test-method> <!-- verifyclickOnAddNew -->
        <test-method signature="verifyaddSalesLeadInformation()[pri:3, instance:com.PRMSTool.Tests.SalesLeadScreenTest@485966cc]" started-at="2021-12-13T18:17:42 IST" name="verifyaddSalesLeadInformation" finished-at="2021-12-13T18:17:45 IST" duration-ms="2807" status="PASS">
          <reporter-output>
          </reporter-output>
        </test-method> <!-- verifyaddSalesLeadInformation -->
        <test-method signature="verifyselectLastUpdatedDate()[pri:4, instance:com.PRMSTool.Tests.SalesLeadScreenTest@485966cc]" started-at="2021-12-13T18:17:45 IST" name="verifyselectLastUpdatedDate" finished-at="2021-12-13T18:17:50 IST" duration-ms="5932" status="PASS">
          <reporter-output>
          </reporter-output>
        </test-method> <!-- verifyselectLastUpdatedDate -->
        <test-method signature="verifyclickOnCompanyDetails()[pri:5, instance:com.PRMSTool.Tests.SalesLeadScreenTest@485966cc]" started-at="2021-12-13T18:17:50 IST" name="verifyclickOnCompanyDetails" finished-at="2021-12-13T18:17:51 IST" duration-ms="129" status="PASS">
          <reporter-output>
          </reporter-output>
        </test-method> <!-- verifyclickOnCompanyDetails -->
        <test-method signature="verifyaddCompanyDetails()[pri:6, instance:com.PRMSTool.Tests.SalesLeadScreenTest@485966cc]" started-at="2021-12-13T18:17:51 IST" name="verifyaddCompanyDetails" finished-at="2021-12-13T18:17:53 IST" duration-ms="2044" status="PASS">
          <reporter-output>
          </reporter-output>
        </test-method> <!-- verifyaddCompanyDetails -->
        <test-method signature="verifyclickOnOtherDetails()[pri:7, instance:com.PRMSTool.Tests.SalesLeadScreenTest@485966cc]" started-at="2021-12-13T18:17:53 IST" name="verifyclickOnOtherDetails" finished-at="2021-12-13T18:17:53 IST" duration-ms="109" status="PASS">
          <reporter-output>
          </reporter-output>
        </test-method> <!-- verifyclickOnOtherDetails -->
        <test-method signature="verifyaddOtherDetails()[pri:8, instance:com.PRMSTool.Tests.SalesLeadScreenTest@485966cc]" started-at="2021-12-13T18:17:53 IST" name="verifyaddOtherDetails" finished-at="2021-12-13T18:17:54 IST" duration-ms="1472" status="PASS">
          <reporter-output>
          </reporter-output>
        </test-method> <!-- verifyaddOtherDetails -->
        <test-method signature="verifyselectFUPDate()[pri:9, instance:com.PRMSTool.Tests.SalesLeadScreenTest@485966cc]" started-at="2021-12-13T18:17:54 IST" name="verifyselectFUPDate" finished-at="2021-12-13T18:18:00 IST" duration-ms="5842" status="PASS">
          <reporter-output>
          </reporter-output>
        </test-method> <!-- verifyselectFUPDate -->
        <test-method signature="verifyselectCalledDate()[pri:10, instance:com.PRMSTool.Tests.SalesLeadScreenTest@485966cc]" started-at="2021-12-13T18:18:00 IST" name="verifyselectCalledDate" finished-at="2021-12-13T18:18:06 IST" duration-ms="5836" status="PASS">
          <reporter-output>
          </reporter-output>
        </test-method> <!-- verifyselectCalledDate -->
        <test-method signature="verifyclickOnAdd()[pri:11, instance:com.PRMSTool.Tests.SalesLeadScreenTest@485966cc]" started-at="2021-12-13T18:18:06 IST" name="verifyclickOnAdd" finished-at="2021-12-13T18:18:11 IST" duration-ms="5101" status="PASS">
          <reporter-output>
          </reporter-output>
        </test-method> <!-- verifyclickOnAdd -->
        <test-method signature="verifysearch()[pri:12, instance:com.PRMSTool.Tests.SalesLeadScreenTest@485966cc]" started-at="2021-12-13T18:18:11 IST" name="verifysearch" finished-at="2021-12-13T18:18:21 IST" duration-ms="10214" status="PASS">
          <reporter-output>
          </reporter-output>
        </test-method> <!-- verifysearch -->
        <test-method signature="verifyclickOnEditButton()[pri:13, instance:com.PRMSTool.Tests.SalesLeadScreenTest@485966cc]" started-at="2021-12-13T18:18:21 IST" name="verifyclickOnEditButton" finished-at="2021-12-13T18:18:21 IST" duration-ms="146" status="PASS">
          <reporter-output>
          </reporter-output>
        </test-method> <!-- verifyclickOnEditButton -->
        <test-method signature="verifyeditSalesLeadInformation()[pri:14, instance:com.PRMSTool.Tests.SalesLeadScreenTest@485966cc]" started-at="2021-12-13T18:18:21 IST" name="verifyeditSalesLeadInformation" finished-at="2021-12-13T18:18:24 IST" duration-ms="2809" status="PASS">
          <reporter-output>
          </reporter-output>
        </test-method> <!-- verifyeditSalesLeadInformation -->
        <test-method signature="verifyeditLastUpdatedDate()[pri:15, instance:com.PRMSTool.Tests.SalesLeadScreenTest@485966cc]" started-at="2021-12-13T18:18:24 IST" name="verifyeditLastUpdatedDate" finished-at="2021-12-13T18:18:30 IST" duration-ms="5889" status="PASS">
          <reporter-output>
          </reporter-output>
        </test-method> <!-- verifyeditLastUpdatedDate -->
        <test-method signature="verifyeditCompanyDetails()[pri:16, instance:com.PRMSTool.Tests.SalesLeadScreenTest@485966cc]" started-at="2021-12-13T18:18:30 IST" name="verifyeditCompanyDetails" finished-at="2021-12-13T18:18:32 IST" duration-ms="2166" status="PASS">
          <reporter-output>
          </reporter-output>
        </test-method> <!-- verifyeditCompanyDetails -->
        <test-method signature="verifyeditOtherDetails()[pri:17, instance:com.PRMSTool.Tests.SalesLeadScreenTest@485966cc]" started-at="2021-12-13T18:18:32 IST" name="verifyeditOtherDetails" finished-at="2021-12-13T18:18:34 IST" duration-ms="1488" status="PASS">
          <reporter-output>
          </reporter-output>
        </test-method> <!-- verifyeditOtherDetails -->
        <test-method signature="verifyeditFUPDate()[pri:18, instance:com.PRMSTool.Tests.SalesLeadScreenTest@485966cc]" started-at="2021-12-13T18:18:34 IST" name="verifyeditFUPDate" finished-at="2021-12-13T18:18:38 IST" duration-ms="4648" status="PASS">
          <reporter-output>
          </reporter-output>
        </test-method> <!-- verifyeditFUPDate -->
        <test-method signature="verifyclickOnUpdateButton()[pri:19, instance:com.PRMSTool.Tests.SalesLeadScreenTest@485966cc]" started-at="2021-12-13T18:18:38 IST" name="verifyclickOnUpdateButton" finished-at="2021-12-13T18:18:38 IST" duration-ms="78" status="PASS">
          <reporter-output>
          </reporter-output>
        </test-method> <!-- verifyclickOnUpdateButton -->
        <test-method signature="verifydeleteSalesLead()[pri:20, instance:com.PRMSTool.Tests.SalesLeadScreenTest@485966cc]" started-at="2021-12-13T18:18:38 IST" name="verifydeleteSalesLead" finished-at="2021-12-13T18:18:53 IST" duration-ms="14516" status="PASS">
          <reporter-output>
          </reporter-output>
        </test-method> <!-- verifydeleteSalesLead -->
        <test-method signature="verifyclickOnCloudUpload()[pri:21, instance:com.PRMSTool.Tests.SalesLeadScreenTest@485966cc]" started-at="2021-12-13T18:18:53 IST" name="verifyclickOnCloudUpload" finished-at="2021-12-13T18:18:53 IST" duration-ms="147" status="PASS">
          <reporter-output>
          </reporter-output>
        </test-method> <!-- verifyclickOnCloudUpload -->
        <test-method signature="verifydownloadFile()[pri:22, instance:com.PRMSTool.Tests.SalesLeadScreenTest@485966cc]" started-at="2021-12-13T18:18:53 IST" name="verifydownloadFile" finished-at="2021-12-13T18:19:01 IST" duration-ms="8093" status="PASS">
          <reporter-output>
          </reporter-output>
        </test-method> <!-- verifydownloadFile -->
        <test-method signature="verifyclickOnBackButton()[pri:23, instance:com.PRMSTool.Tests.SalesLeadScreenTest@485966cc]" started-at="2021-12-13T18:19:01 IST" name="verifyclickOnBackButton" finished-at="2021-12-13T18:19:01 IST" duration-ms="122" status="PASS">
          <reporter-output>
          </reporter-output>
        </test-method> <!-- verifyclickOnBackButton -->
        <test-method signature="verifyuploadFile()[pri:24, instance:com.PRMSTool.Tests.SalesLeadScreenTest@485966cc]" started-at="2021-12-13T18:19:01 IST" name="verifyuploadFile" finished-at="2021-12-13T18:19:21 IST" duration-ms="19339" status="PASS">
          <reporter-output>
          </reporter-output>
        </test-method> <!-- verifyuploadFile -->
        <test-method is-config="true" signature="finish()[pri:0, instance:com.PRMSTool.Tests.SalesLeadScreenTest@485966cc]" started-at="2021-12-13T18:19:21 IST" name="finish" finished-at="2021-12-13T18:19:21 IST" duration-ms="697" status="PASS">
          <reporter-output>
          </reporter-output>
        </test-method> <!-- finish -->
      </class> <!-- com.PRMSTool.Tests.SalesLeadScreenTest -->
    </test> <!-- SalesLeadScreen Test -->
  </suite> <!-- SalesLead Suite -->
  <suite started-at="2021-12-13T18:14:13 IST" name="ClientRevirewScreen Suite" finished-at="2021-12-13T18:17:16 IST" duration-ms="182463">
    <groups>
    </groups>
    <test started-at="2021-12-13T18:14:13 IST" name="ClientRevirewScreen Test" finished-at="2021-12-13T18:17:16 IST" duration-ms="182463">
      <class name="com.PRMSTool.Tests.ClientReviewTest">
        <test-method is-config="true" signature="OpenBrowser()[pri:0, instance:com.PRMSTool.Tests.ClientReviewTest@f5acb9d]" started-at="2021-12-13T18:14:09 IST" name="OpenBrowser" finished-at="2021-12-13T18:14:13 IST" duration-ms="3784" status="PASS">
          <reporter-output>
          </reporter-output>
        </test-method> <!-- OpenBrowser -->
        <test-method signature="verifyLogin()[pri:0, instance:com.PRMSTool.Tests.ClientReviewTest@f5acb9d]" started-at="2021-12-13T18:14:13 IST" name="verifyLogin" finished-at="2021-12-13T18:14:23 IST" duration-ms="9481" status="PASS">
          <reporter-output>
          </reporter-output>
        </test-method> <!-- verifyLogin -->
        <test-method signature="verifyclickOnClientReview()[pri:1, instance:com.PRMSTool.Tests.ClientReviewTest@f5acb9d]" started-at="2021-12-13T18:14:23 IST" name="verifyclickOnClientReview" finished-at="2021-12-13T18:14:28 IST" duration-ms="5044" status="PASS">
          <reporter-output>
          </reporter-output>
        </test-method> <!-- verifyclickOnClientReview -->
        <test-method signature="verifyclickOnAddNew()[pri:2, instance:com.PRMSTool.Tests.ClientReviewTest@f5acb9d]" started-at="2021-12-13T18:14:28 IST" name="verifyclickOnAddNew" finished-at="2021-12-13T18:14:33 IST" duration-ms="5516" status="PASS">
          <reporter-output>
          </reporter-output>
        </test-method> <!-- verifyclickOnAddNew -->
        <test-method signature="verifyaddNewClientReview()[pri:3, instance:com.PRMSTool.Tests.ClientReviewTest@f5acb9d]" started-at="2021-12-13T18:14:33 IST" name="verifyaddNewClientReview" finished-at="2021-12-13T18:14:59 IST" duration-ms="25993" status="PASS">
          <reporter-output>
          </reporter-output>
        </test-method> <!-- verifyaddNewClientReview -->
        <test-method signature="verifysearch()[pri:4, instance:com.PRMSTool.Tests.ClientReviewTest@f5acb9d]" started-at="2021-12-13T18:14:59 IST" name="verifysearch" finished-at="2021-12-13T18:15:13 IST" duration-ms="13392" status="PASS">
          <reporter-output>
          </reporter-output>
        </test-method> <!-- verifysearch -->
        <test-method signature="verifyclickOnEditButton()[pri:5, instance:com.PRMSTool.Tests.ClientReviewTest@f5acb9d]" started-at="2021-12-13T18:15:13 IST" name="verifyclickOnEditButton" finished-at="2021-12-13T18:15:13 IST" duration-ms="113" status="PASS">
          <reporter-output>
          </reporter-output>
        </test-method> <!-- verifyclickOnEditButton -->
        <test-method signature="verifyeditClientReview()[pri:6, instance:com.PRMSTool.Tests.ClientReviewTest@f5acb9d]" started-at="2021-12-13T18:15:13 IST" name="verifyeditClientReview" finished-at="2021-12-13T18:15:33 IST" duration-ms="19821" status="PASS">
          <reporter-output>
          </reporter-output>
        </test-method> <!-- verifyeditClientReview -->
        <test-method signature="verifyclickOnUpdateButton()[pri:7, instance:com.PRMSTool.Tests.ClientReviewTest@f5acb9d]" started-at="2021-12-13T18:15:33 IST" name="verifyclickOnUpdateButton" finished-at="2021-12-13T18:15:33 IST" duration-ms="78" status="PASS">
          <reporter-output>
          </reporter-output>
        </test-method> <!-- verifyclickOnUpdateButton -->
        <test-method signature="verifydelete()[pri:8, instance:com.PRMSTool.Tests.ClientReviewTest@f5acb9d]" started-at="2021-12-13T18:15:33 IST" name="verifydelete" finished-at="2021-12-13T18:15:51 IST" duration-ms="18599" status="PASS">
          <reporter-output>
          </reporter-output>
        </test-method> <!-- verifydelete -->
        <test-method signature="verifydisplayDateJanuary()[pri:9, instance:com.PRMSTool.Tests.ClientReviewTest@f5acb9d]" started-at="2021-12-13T18:15:51 IST" name="verifydisplayDateJanuary" finished-at="2021-12-13T18:15:54 IST" duration-ms="3153" status="PASS">
          <reporter-output>
          </reporter-output>
        </test-method> <!-- verifydisplayDateJanuary -->
        <test-method signature="verifydisplayDateJanuary1()[pri:10, instance:com.PRMSTool.Tests.ClientReviewTest@f5acb9d]" started-at="2021-12-13T18:15:54 IST" name="verifydisplayDateJanuary1" finished-at="2021-12-13T18:16:00 IST" duration-ms="6096" status="PASS">
          <reporter-output>
          </reporter-output>
        </test-method> <!-- verifydisplayDateJanuary1 -->
        <test-method signature="verifydisplayDateFebruary()[pri:11, instance:com.PRMSTool.Tests.ClientReviewTest@f5acb9d]" started-at="2021-12-13T18:16:01 IST" name="verifydisplayDateFebruary" finished-at="2021-12-13T18:16:07 IST" duration-ms="6119" status="PASS">
          <reporter-output>
          </reporter-output>
        </test-method> <!-- verifydisplayDateFebruary -->
        <test-method signature="verifydisplayDateFebruary1()[pri:12, instance:com.PRMSTool.Tests.ClientReviewTest@f5acb9d]" started-at="2021-12-13T18:16:07 IST" name="verifydisplayDateFebruary1" finished-at="2021-12-13T18:16:13 IST" duration-ms="6090" status="PASS">
          <reporter-output>
          </reporter-output>
        </test-method> <!-- verifydisplayDateFebruary1 -->
        <test-method signature="verifydisplayDateMarch()[pri:13, instance:com.PRMSTool.Tests.ClientReviewTest@f5acb9d]" started-at="2021-12-13T18:16:13 IST" name="verifydisplayDateMarch" finished-at="2021-12-13T18:16:16 IST" duration-ms="3140" status="PASS">
          <reporter-output>
          </reporter-output>
        </test-method> <!-- verifydisplayDateMarch -->
        <test-method signature="verifydisplayDateMarch1()[pri:14, instance:com.PRMSTool.Tests.ClientReviewTest@f5acb9d]" started-at="2021-12-13T18:16:16 IST" name="verifydisplayDateMarch1" finished-at="2021-12-13T18:16:19 IST" duration-ms="3154" status="PASS">
          <reporter-output>
          </reporter-output>
        </test-method> <!-- verifydisplayDateMarch1 -->
        <test-method signature="verifydisplayDateApril()[pri:15, instance:com.PRMSTool.Tests.ClientReviewTest@f5acb9d]" started-at="2021-12-13T18:16:19 IST" name="verifydisplayDateApril" finished-at="2021-12-13T18:16:22 IST" duration-ms="3130" status="PASS">
          <reporter-output>
          </reporter-output>
        </test-method> <!-- verifydisplayDateApril -->
        <test-method signature="verifydisplayDateApril1()[pri:16, instance:com.PRMSTool.Tests.ClientReviewTest@f5acb9d]" started-at="2021-12-13T18:16:22 IST" name="verifydisplayDateApril1" finished-at="2021-12-13T18:16:25 IST" duration-ms="3129" status="PASS">
          <reporter-output>
          </reporter-output>
        </test-method> <!-- verifydisplayDateApril1 -->
        <test-method signature="verifydisplayDateMay()[pri:17, instance:com.PRMSTool.Tests.ClientReviewTest@f5acb9d]" started-at="2021-12-13T18:16:25 IST" name="verifydisplayDateMay" finished-at="2021-12-13T18:16:28 IST" duration-ms="3136" status="PASS">
          <reporter-output>
          </reporter-output>
        </test-method> <!-- verifydisplayDateMay -->
        <test-method signature="verifydisplayDateMay1()[pri:18, instance:com.PRMSTool.Tests.ClientReviewTest@f5acb9d]" started-at="2021-12-13T18:16:28 IST" name="verifydisplayDateMay1" finished-at="2021-12-13T18:16:32 IST" duration-ms="3138" status="PASS">
          <reporter-output>
          </reporter-output>
        </test-method> <!-- verifydisplayDateMay1 -->
        <test-method signature="verifydisplayDateJune()[pri:19, instance:com.PRMSTool.Tests.ClientReviewTest@f5acb9d]" started-at="2021-12-13T18:16:32 IST" name="verifydisplayDateJune" finished-at="2021-12-13T18:16:35 IST" duration-ms="3151" status="PASS">
          <reporter-output>
          </reporter-output>
        </test-method> <!-- verifydisplayDateJune -->
        <test-method signature="verifydisplayDateJune1()[pri:20, instance:com.PRMSTool.Tests.ClientReviewTest@f5acb9d]" started-at="2021-12-13T18:16:35 IST" name="verifydisplayDateJune1" finished-at="2021-12-13T18:16:38 IST" duration-ms="3129" status="PASS">
          <reporter-output>
          </reporter-output>
        </test-method> <!-- verifydisplayDateJune1 -->
        <test-method signature="verifydisplayDateJuly()[pri:21, instance:com.PRMSTool.Tests.ClientReviewTest@f5acb9d]" started-at="2021-12-13T18:16:38 IST" name="verifydisplayDateJuly" finished-at="2021-12-13T18:16:41 IST" duration-ms="3138" status="PASS">
          <reporter-output>
          </reporter-output>
        </test-method> <!-- verifydisplayDateJuly -->
        <test-method signature="verifydisplayDateJuly1()[pri:22, instance:com.PRMSTool.Tests.ClientReviewTest@f5acb9d]" started-at="2021-12-13T18:16:41 IST" name="verifydisplayDateJuly1" finished-at="2021-12-13T18:16:44 IST" duration-ms="3151" status="PASS">
          <reporter-output>
          </reporter-output>
        </test-method> <!-- verifydisplayDateJuly1 -->
        <test-method signature="verifydisplayDateAugust()[pri:23, instance:com.PRMSTool.Tests.ClientReviewTest@f5acb9d]" started-at="2021-12-13T18:16:44 IST" name="verifydisplayDateAugust" finished-at="2021-12-13T18:16:47 IST" duration-ms="3134" status="PASS">
          <reporter-output>
          </reporter-output>
        </test-method> <!-- verifydisplayDateAugust -->
        <test-method signature="verifydisplayDateAugust1()[pri:24, instance:com.PRMSTool.Tests.ClientReviewTest@f5acb9d]" started-at="2021-12-13T18:16:47 IST" name="verifydisplayDateAugust1" finished-at="2021-12-13T18:16:50 IST" duration-ms="3145" status="PASS">
          <reporter-output>
          </reporter-output>
        </test-method> <!-- verifydisplayDateAugust1 -->
        <test-method signature="verifydisplayDateSeptember()[pri:25, instance:com.PRMSTool.Tests.ClientReviewTest@f5acb9d]" started-at="2021-12-13T18:16:50 IST" name="verifydisplayDateSeptember" finished-at="2021-12-13T18:16:54 IST" duration-ms="3125" status="PASS">
          <reporter-output>
          </reporter-output>
        </test-method> <!-- verifydisplayDateSeptember -->
        <test-method signature="verifydisplayDateSeptember1()[pri:26, instance:com.PRMSTool.Tests.ClientReviewTest@f5acb9d]" started-at="2021-12-13T18:16:54 IST" name="verifydisplayDateSeptember1" finished-at="2021-12-13T18:16:57 IST" duration-ms="3124" status="PASS">
          <reporter-output>
          </reporter-output>
        </test-method> <!-- verifydisplayDateSeptember1 -->
        <test-method signature="verifydisplayDateOctober()[pri:27, instance:com.PRMSTool.Tests.ClientReviewTest@f5acb9d]" started-at="2021-12-13T18:16:57 IST" name="verifydisplayDateOctober" finished-at="2021-12-13T18:17:00 IST" duration-ms="3162" status="PASS">
          <reporter-output>
          </reporter-output>
        </test-method> <!-- verifydisplayDateOctober -->
        <test-method signature="verifydisplayDateOctober1()[pri:28, instance:com.PRMSTool.Tests.ClientReviewTest@f5acb9d]" started-at="2021-12-13T18:17:00 IST" name="verifydisplayDateOctober1" finished-at="2021-12-13T18:17:03 IST" duration-ms="3125" status="PASS">
          <reporter-output>
          </reporter-output>
        </test-method> <!-- verifydisplayDateOctober1 -->
        <test-method signature="verifydisplayDateNovember()[pri:29, instance:com.PRMSTool.Tests.ClientReviewTest@f5acb9d]" started-at="2021-12-13T18:17:03 IST" name="verifydisplayDateNovember" finished-at="2021-12-13T18:17:06 IST" duration-ms="3131" status="PASS">
          <reporter-output>
          </reporter-output>
        </test-method> <!-- verifydisplayDateNovember -->
        <test-method signature="verifydisplayDateNovember1()[pri:30, instance:com.PRMSTool.Tests.ClientReviewTest@f5acb9d]" started-at="2021-12-13T18:17:06 IST" name="verifydisplayDateNovember1" finished-at="2021-12-13T18:17:09 IST" duration-ms="3134" status="PASS">
          <reporter-output>
          </reporter-output>
        </test-method> <!-- verifydisplayDateNovember1 -->
        <test-method signature="verifydisplayDateDecember()[pri:31, instance:com.PRMSTool.Tests.ClientReviewTest@f5acb9d]" started-at="2021-12-13T18:17:09 IST" name="verifydisplayDateDecember" finished-at="2021-12-13T18:17:12 IST" duration-ms="3128" status="PASS">
          <reporter-output>
          </reporter-output>
        </test-method> <!-- verifydisplayDateDecember -->
        <test-method signature="verifydisplayDateDecember1()[pri:32, instance:com.PRMSTool.Tests.ClientReviewTest@f5acb9d]" started-at="2021-12-13T18:17:12 IST" name="verifydisplayDateDecember1" finished-at="2021-12-13T18:17:15 IST" duration-ms="3137" status="PASS">
          <reporter-output>
          </reporter-output>
        </test-method> <!-- verifydisplayDateDecember1 -->
        <test-method signature="verifydisplayYearAll()[pri:33, instance:com.PRMSTool.Tests.ClientReviewTest@f5acb9d]" started-at="2021-12-13T18:17:15 IST" name="verifydisplayYearAll" finished-at="2021-12-13T18:17:16 IST" duration-ms="197" status="PASS">
          <reporter-output>
          </reporter-output>
        </test-method> <!-- verifydisplayYearAll -->
        <test-method is-config="true" signature="finish()[pri:0, instance:com.PRMSTool.Tests.ClientReviewTest@f5acb9d]" started-at="2021-12-13T18:17:16 IST" name="finish" finished-at="2021-12-13T18:17:16 IST" duration-ms="722" status="PASS">
          <reporter-output>
          </reporter-output>
        </test-method> <!-- finish -->
      </class> <!-- com.PRMSTool.Tests.ClientReviewTest -->
    </test> <!-- ClientRevirewScreen Test -->
  </suite> <!-- ClientRevirewScreen Suite -->
  <suite started-at="2021-12-13T18:11:03 IST" name="ProjectResourceScreen Suite" finished-at="2021-12-13T18:14:09 IST" duration-ms="185933">
    <groups>
    </groups>
    <test started-at="2021-12-13T18:11:03 IST" name="ProjectResourceScreen Test" finished-at="2021-12-13T18:14:09 IST" duration-ms="185933">
      <class name="com.PRMSTool.Tests.ProjectResourceScreenTest">
        <test-method is-config="true" signature="OpenBrowser()[pri:0, instance:com.PRMSTool.Tests.ProjectResourceScreenTest@73e22a3d]" started-at="2021-12-13T18:10:59 IST" name="OpenBrowser" finished-at="2021-12-13T18:11:03 IST" duration-ms="4201" status="PASS">
          <reporter-output>
          </reporter-output>
        </test-method> <!-- OpenBrowser -->
        <test-method signature="verifyLogin()[pri:0, instance:com.PRMSTool.Tests.ProjectResourceScreenTest@73e22a3d]" started-at="2021-12-13T18:11:03 IST" name="verifyLogin" finished-at="2021-12-13T18:11:13 IST" duration-ms="10483" status="PASS">
          <reporter-output>
          </reporter-output>
        </test-method> <!-- verifyLogin -->
        <test-method signature="verifyclickOnProjectResource()[pri:1, instance:com.PRMSTool.Tests.ProjectResourceScreenTest@73e22a3d]" started-at="2021-12-13T18:11:13 IST" name="verifyclickOnProjectResource" finished-at="2021-12-13T18:11:18 IST" duration-ms="5060" status="PASS">
          <reporter-output>
          </reporter-output>
        </test-method> <!-- verifyclickOnProjectResource -->
        <test-method signature="verifyclickOnAddNew()[pri:2, instance:com.PRMSTool.Tests.ProjectResourceScreenTest@73e22a3d]" started-at="2021-12-13T18:11:18 IST" name="verifyclickOnAddNew" finished-at="2021-12-13T18:11:24 IST" duration-ms="5653" status="PASS">
          <reporter-output>
          </reporter-output>
        </test-method> <!-- verifyclickOnAddNew -->
        <test-method signature="verifyaddProjectResourceDetails()[pri:3, instance:com.PRMSTool.Tests.ProjectResourceScreenTest@73e22a3d]" started-at="2021-12-13T18:11:24 IST" name="verifyaddProjectResourceDetails" finished-at="2021-12-13T18:11:54 IST" duration-ms="30010" status="PASS">
          <reporter-output>
          </reporter-output>
        </test-method> <!-- verifyaddProjectResourceDetails -->
        <test-method signature="verifyselectStartDate()[pri:4, instance:com.PRMSTool.Tests.ProjectResourceScreenTest@73e22a3d]" started-at="2021-12-13T18:11:54 IST" name="verifyselectStartDate" finished-at="2021-12-13T18:11:57 IST" duration-ms="2721" status="PASS">
          <reporter-output>
          </reporter-output>
        </test-method> <!-- verifyselectStartDate -->
        <test-method signature="verifyselectEndDate()[pri:5, instance:com.PRMSTool.Tests.ProjectResourceScreenTest@73e22a3d]" started-at="2021-12-13T18:11:57 IST" name="verifyselectEndDate" finished-at="2021-12-13T18:11:59 IST" duration-ms="2595" status="PASS">
          <reporter-output>
          </reporter-output>
        </test-method> <!-- verifyselectEndDate -->
        <test-method signature="verifyclickOnAdd()[pri:6, instance:com.PRMSTool.Tests.ProjectResourceScreenTest@73e22a3d]" started-at="2021-12-13T18:11:59 IST" name="verifyclickOnAdd" finished-at="2021-12-13T18:12:04 IST" duration-ms="5093" status="PASS">
          <reporter-output>
          </reporter-output>
        </test-method> <!-- verifyclickOnAdd -->
        <test-method signature="verifydisplayAllStatusList()[pri:7, instance:com.PRMSTool.Tests.ProjectResourceScreenTest@73e22a3d]" started-at="2021-12-13T18:12:04 IST" name="verifydisplayAllStatusList" finished-at="2021-12-13T18:12:13 IST" duration-ms="8150" status="PASS">
          <reporter-output>
          </reporter-output>
        </test-method> <!-- verifydisplayAllStatusList -->
        <test-method signature="verifysearch()[pri:8, instance:com.PRMSTool.Tests.ProjectResourceScreenTest@73e22a3d]" started-at="2021-12-13T18:12:13 IST" name="verifysearch" finished-at="2021-12-13T18:12:23 IST" duration-ms="10237" status="PASS">
          <reporter-output>
          </reporter-output>
        </test-method> <!-- verifysearch -->
        <test-method signature="verifyclickOnEditButton()[pri:9, instance:com.PRMSTool.Tests.ProjectResourceScreenTest@73e22a3d]" started-at="2021-12-13T18:12:23 IST" name="verifyclickOnEditButton" finished-at="2021-12-13T18:12:23 IST" duration-ms="104" status="PASS">
          <reporter-output>
          </reporter-output>
        </test-method> <!-- verifyclickOnEditButton -->
        <test-method signature="verifyeditResourceInformation()[pri:10, instance:com.PRMSTool.Tests.ProjectResourceScreenTest@73e22a3d]" started-at="2021-12-13T18:12:23 IST" name="verifyeditResourceInformation" finished-at="2021-12-13T18:12:54 IST" duration-ms="31322" status="PASS">
          <reporter-output>
          </reporter-output>
        </test-method> <!-- verifyeditResourceInformation -->
        <test-method signature="verifyclickOnUpdateButton()[pri:11, instance:com.PRMSTool.Tests.ProjectResourceScreenTest@73e22a3d]" started-at="2021-12-13T18:12:54 IST" name="verifyclickOnUpdateButton" finished-at="2021-12-13T18:12:54 IST" duration-ms="81" status="PASS">
          <reporter-output>
          </reporter-output>
        </test-method> <!-- verifyclickOnUpdateButton -->
        <test-method signature="verifydelete()[pri:12, instance:com.PRMSTool.Tests.ProjectResourceScreenTest@73e22a3d]" started-at="2021-12-13T18:12:54 IST" name="verifydelete" finished-at="2021-12-13T18:13:19 IST" duration-ms="24676" status="PASS">
          <reporter-output>
          </reporter-output>
        </test-method> <!-- verifydelete -->
        <test-method signature="verifydownloadFile()[pri:13, instance:com.PRMSTool.Tests.ProjectResourceScreenTest@73e22a3d]" started-at="2021-12-13T18:13:19 IST" name="verifydownloadFile" finished-at="2021-12-13T18:13:27 IST" duration-ms="8165" status="PASS">
          <reporter-output>
          </reporter-output>
        </test-method> <!-- verifydownloadFile -->
        <test-method signature="verifydisplayInactiveStatusList()[pri:14, instance:com.PRMSTool.Tests.ProjectResourceScreenTest@73e22a3d]" started-at="2021-12-13T18:13:27 IST" name="verifydisplayInactiveStatusList" finished-at="2021-12-13T18:13:32 IST" duration-ms="5296" status="PASS">
          <reporter-output>
          </reporter-output>
        </test-method> <!-- verifydisplayInactiveStatusList -->
        <test-method signature="verifydisplayActiveStatusList()[pri:15, instance:com.PRMSTool.Tests.ProjectResourceScreenTest@73e22a3d]" started-at="2021-12-13T18:13:32 IST" name="verifydisplayActiveStatusList" finished-at="2021-12-13T18:13:38 IST" duration-ms="5171" status="PASS">
          <reporter-output>
          </reporter-output>
        </test-method> <!-- verifydisplayActiveStatusList -->
        <test-method signature="verifydisplayvResourcingBusinessUnit()[pri:16, instance:com.PRMSTool.Tests.ProjectResourceScreenTest@73e22a3d]" started-at="2021-12-13T18:13:38 IST" name="verifydisplayvResourcingBusinessUnit" finished-at="2021-12-13T18:13:43 IST" duration-ms="5195" status="PASS">
          <reporter-output>
          </reporter-output>
        </test-method> <!-- verifydisplayvResourcingBusinessUnit -->
        <test-method signature="verifydisplayROWBusinessUnit()[pri:17, instance:com.PRMSTool.Tests.ProjectResourceScreenTest@73e22a3d]" started-at="2021-12-13T18:13:43 IST" name="verifydisplayROWBusinessUnit" finished-at="2021-12-13T18:13:48 IST" duration-ms="5181" status="PASS">
          <reporter-output>
          </reporter-output>
        </test-method> <!-- verifydisplayROWBusinessUnit -->
        <test-method signature="verifydisplayLicenceBusinessUnit()[pri:18, instance:com.PRMSTool.Tests.ProjectResourceScreenTest@73e22a3d]" started-at="2021-12-13T18:13:48 IST" name="verifydisplayLicenceBusinessUnit" finished-at="2021-12-13T18:13:53 IST" duration-ms="5174" status="PASS">
          <reporter-output>
          </reporter-output>
        </test-method> <!-- verifydisplayLicenceBusinessUnit -->
        <test-method signature="verifydisplayPracticesBusinessUnit()[pri:19, instance:com.PRMSTool.Tests.ProjectResourceScreenTest@73e22a3d]" started-at="2021-12-13T18:13:53 IST" name="verifydisplayPracticesBusinessUnit" finished-at="2021-12-13T18:13:58 IST" duration-ms="5189" status="PASS">
          <reporter-output>
          </reporter-output>
        </test-method> <!-- verifydisplayPracticesBusinessUnit -->
        <test-method signature="verifydisplaySafeGuardBusinessUnit()[pri:20, instance:com.PRMSTool.Tests.ProjectResourceScreenTest@73e22a3d]" started-at="2021-12-13T18:13:58 IST" name="verifydisplaySafeGuardBusinessUnit" finished-at="2021-12-13T18:14:03 IST" duration-ms="5173" status="PASS">
          <reporter-output>
          </reporter-output>
        </test-method> <!-- verifydisplaySafeGuardBusinessUnit -->
        <test-method signature="verifydisplayAllBusinessUnit()[pri:21, instance:com.PRMSTool.Tests.ProjectResourceScreenTest@73e22a3d]" started-at="2021-12-13T18:14:03 IST" name="verifydisplayAllBusinessUnit" finished-at="2021-12-13T18:14:09 IST" duration-ms="5189" status="PASS">
          <reporter-output>
          </reporter-output>
        </test-method> <!-- verifydisplayAllBusinessUnit -->
        <test-method is-config="true" signature="finish()[pri:0, instance:com.PRMSTool.Tests.ProjectResourceScreenTest@73e22a3d]" started-at="2021-12-13T18:14:09 IST" name="finish" finished-at="2021-12-13T18:14:09 IST" duration-ms="739" status="PASS">
          <reporter-output>
          </reporter-output>
        </test-method> <!-- finish -->
      </class> <!-- com.PRMSTool.Tests.ProjectResourceScreenTest -->
    </test> <!-- ProjectResourceScreen Test -->
  </suite> <!-- ProjectResourceScreen Suite -->
</testng-results>
