<?xml version="1.0" encoding="UTF-8"?>
<testng-results ignored="0" total="13" passed="13" failed="0" skipped="0">
  <reporter-output>
  </reporter-output>
  <suite started-at="2021-03-09T17:57:36 IST" name="Default suite" finished-at="2021-03-09T17:59:21 IST" duration-ms="105022">
    <groups>
    </groups>
    <test started-at="2021-03-09T17:57:36 IST" name="Default test" finished-at="2021-03-09T17:59:21 IST" duration-ms="105022">
      <class name="com.PRMSTool.Tests.ResourceScreenTest">
        <test-method is-config="true" signature="OpenBrowserGrade()[pri:0, instance:com.PRMSTool.Tests.ResourceScreenTest@2f8dad04]" started-at="2021-03-09T17:57:31 IST" name="OpenBrowserGrade" finished-at="2021-03-09T17:57:36 IST" duration-ms="4417" status="PASS">
          <reporter-output>
          </reporter-output>
        </test-method> <!-- OpenBrowserGrade -->
        <test-method signature="verifyLogin()[pri:0, instance:com.PRMSTool.Tests.ResourceScreenTest@2f8dad04]" started-at="2021-03-09T17:57:36 IST" name="verifyLogin" finished-at="2021-03-09T17:57:42 IST" duration-ms="5937" status="PASS">
          <reporter-output>
          </reporter-output>
        </test-method> <!-- verifyLogin -->
        <test-method signature="verifyclickOnResource()[pri:1, instance:com.PRMSTool.Tests.ResourceScreenTest@2f8dad04]" started-at="2021-03-09T17:57:42 IST" name="verifyclickOnResource" finished-at="2021-03-09T17:57:43 IST" duration-ms="1531" status="PASS">
          <reporter-output>
          </reporter-output>
        </test-method> <!-- verifyclickOnResource -->
        <test-method signature="verifyclickOnAddNew()[pri:2, instance:com.PRMSTool.Tests.ResourceScreenTest@2f8dad04]" started-at="2021-03-09T17:57:43 IST" name="verifyclickOnAddNew" finished-at="2021-03-09T17:57:49 IST" duration-ms="5794" status="PASS">
          <reporter-output>
          </reporter-output>
        </test-method> <!-- verifyclickOnAddNew -->
        <test-method signature="verifyaddResourceDetails()[pri:3, instance:com.PRMSTool.Tests.ResourceScreenTest@2f8dad04]" started-at="2021-03-09T17:57:49 IST" name="verifyaddResourceDetails" finished-at="2021-03-09T17:58:28 IST" duration-ms="38835" status="PASS">
          <reporter-output>
          </reporter-output>
        </test-method> <!-- verifyaddResourceDetails -->
        <test-method signature="verifyselectBirthDate()[pri:4, instance:com.PRMSTool.Tests.ResourceScreenTest@2f8dad04]" started-at="2021-03-09T17:58:28 IST" name="verifyselectBirthDate" finished-at="2021-03-09T17:58:37 IST" duration-ms="8842" status="PASS">
          <reporter-output>
          </reporter-output>
        </test-method> <!-- verifyselectBirthDate -->
        <test-method signature="verifyselectJoiningDate()[pri:5, instance:com.PRMSTool.Tests.ResourceScreenTest@2f8dad04]" started-at="2021-03-09T17:58:37 IST" name="verifyselectJoiningDate" finished-at="2021-03-09T17:58:44 IST" duration-ms="7247" status="PASS">
          <reporter-output>
          </reporter-output>
        </test-method> <!-- verifyselectJoiningDate -->
        <test-method signature="verifyclickOnAdd()[pri:6, instance:com.PRMSTool.Tests.ResourceScreenTest@2f8dad04]" started-at="2021-03-09T17:58:44 IST" name="verifyclickOnAdd" finished-at="2021-03-09T17:58:44 IST" duration-ms="369" status="PASS">
          <reporter-output>
          </reporter-output>
        </test-method> <!-- verifyclickOnAdd -->
        <test-method signature="verifysearch()[pri:7, instance:com.PRMSTool.Tests.ResourceScreenTest@2f8dad04]" started-at="2021-03-09T17:58:44 IST" name="verifysearch" finished-at="2021-03-09T17:58:56 IST" duration-ms="11590" status="PASS">
          <reporter-output>
          </reporter-output>
        </test-method> <!-- verifysearch -->
        <test-method signature="verifyclickOnEditButton()[pri:8, instance:com.PRMSTool.Tests.ResourceScreenTest@2f8dad04]" started-at="2021-03-09T17:58:56 IST" name="verifyclickOnEditButton" finished-at="2021-03-09T17:58:57 IST" duration-ms="623" status="PASS">
          <reporter-output>
          </reporter-output>
        </test-method> <!-- verifyclickOnEditButton -->
        <test-method signature="verifyeditResourceInformation()[pri:9, instance:com.PRMSTool.Tests.ResourceScreenTest@2f8dad04]" started-at="2021-03-09T17:58:57 IST" name="verifyeditResourceInformation" finished-at="2021-03-09T17:59:05 IST" duration-ms="8607" status="PASS">
          <reporter-output>
          </reporter-output>
        </test-method> <!-- verifyeditResourceInformation -->
        <test-method signature="verifyclickOnUpdateButton()[pri:10, instance:com.PRMSTool.Tests.ResourceScreenTest@2f8dad04]" started-at="2021-03-09T17:59:05 IST" name="verifyclickOnUpdateButton" finished-at="2021-03-09T17:59:05 IST" duration-ms="191" status="PASS">
          <reporter-output>
          </reporter-output>
        </test-method> <!-- verifyclickOnUpdateButton -->
        <test-method signature="verifydelete()[pri:11, instance:com.PRMSTool.Tests.ResourceScreenTest@2f8dad04]" started-at="2021-03-09T17:59:05 IST" name="verifydelete" finished-at="2021-03-09T17:59:12 IST" duration-ms="6924" status="PASS">
          <reporter-output>
          </reporter-output>
        </test-method> <!-- verifydelete -->
        <test-method signature="verifydownloadFile()[pri:12, instance:com.PRMSTool.Tests.ResourceScreenTest@2f8dad04]" started-at="2021-03-09T17:59:12 IST" name="verifydownloadFile" finished-at="2021-03-09T17:59:21 IST" duration-ms="8424" status="PASS">
          <reporter-output>
          </reporter-output>
        </test-method> <!-- verifydownloadFile -->
        <test-method is-config="true" signature="finish()[pri:0, instance:com.PRMSTool.Tests.ResourceScreenTest@2f8dad04]" started-at="2021-03-09T17:59:21 IST" name="finish" finished-at="2021-03-09T17:59:22 IST" duration-ms="928" status="PASS">
          <reporter-output>
          </reporter-output>
        </test-method> <!-- finish -->
      </class> <!-- com.PRMSTool.Tests.ResourceScreenTest -->
    </test> <!-- Default test -->
  </suite> <!-- Default suite -->
</testng-results>
