<?xml version="1.0" encoding="UTF-8"?>
<testng-results ignored="1" total="9" passed="8" failed="0" skipped="0">
  <reporter-output>
  </reporter-output>
  <suite started-at="2021-02-16T12:31:34 IST" name="Default suite" finished-at="2021-02-16T12:32:57 IST" duration-ms="83642">
    <groups>
    </groups>
    <test started-at="2021-02-16T12:31:34 IST" name="Default test" finished-at="2021-02-16T12:32:57 IST" duration-ms="83642">
      <class name="com.PRMSTool.Tests.ProjectScreenTest">
        <test-method is-config="true" signature="OpenBrowserGrade()[pri:0, instance:com.PRMSTool.Tests.ProjectScreenTest@696da30b]" started-at="2021-02-16T12:31:31 IST" name="OpenBrowserGrade" finished-at="2021-02-16T12:31:34 IST" duration-ms="2994" status="PASS">
          <reporter-output>
          </reporter-output>
        </test-method> <!-- OpenBrowserGrade -->
        <test-method signature="verifyLogin()[pri:0, instance:com.PRMSTool.Tests.ProjectScreenTest@696da30b]" started-at="2021-02-16T12:31:34 IST" name="verifyLogin" finished-at="2021-02-16T12:31:43 IST" duration-ms="9258" status="PASS">
          <reporter-output>
          </reporter-output>
        </test-method> <!-- verifyLogin -->
        <test-method signature="verifyclickOnProject()[pri:1, instance:com.PRMSTool.Tests.ProjectScreenTest@696da30b]" started-at="2021-02-16T12:31:43 IST" name="verifyclickOnProject" finished-at="2021-02-16T12:31:44 IST" duration-ms="958" status="PASS">
          <reporter-output>
          </reporter-output>
        </test-method> <!-- verifyclickOnProject -->
        <test-method signature="verifyclickOnAddNew()[pri:3, instance:com.PRMSTool.Tests.ProjectScreenTest@696da30b]" started-at="2021-02-16T12:31:44 IST" name="verifyclickOnAddNew" finished-at="2021-02-16T12:31:49 IST" duration-ms="5426" status="PASS">
          <reporter-output>
          </reporter-output>
        </test-method> <!-- verifyclickOnAddNew -->
        <test-method signature="verifyaddProjectDetails()[pri:4, instance:com.PRMSTool.Tests.ProjectScreenTest@696da30b]" started-at="2021-02-16T12:31:49 IST" name="verifyaddProjectDetails" finished-at="2021-02-16T12:32:08 IST" duration-ms="18310" status="PASS">
          <reporter-output>
          </reporter-output>
        </test-method> <!-- verifyaddProjectDetails -->
        <test-method signature="verifyselectStartDate()[pri:5, instance:com.PRMSTool.Tests.ProjectScreenTest@696da30b]" started-at="2021-02-16T12:32:08 IST" name="verifyselectStartDate" finished-at="2021-02-16T12:32:15 IST" duration-ms="7706" status="PASS">
          <reporter-output>
          </reporter-output>
        </test-method> <!-- verifyselectStartDate -->
        <test-method signature="verifyselectEndDate()[pri:6, instance:com.PRMSTool.Tests.ProjectScreenTest@696da30b]" started-at="2021-02-16T12:32:15 IST" name="verifyselectEndDate" finished-at="2021-02-16T12:32:23 IST" duration-ms="7616" status="PASS">
          <reporter-output>
          </reporter-output>
        </test-method> <!-- verifyselectEndDate -->
        <test-method signature="verifyselectActualStartDate()[pri:7, instance:com.PRMSTool.Tests.ProjectScreenTest@696da30b]" started-at="2021-02-16T12:32:23 IST" name="verifyselectActualStartDate" finished-at="2021-02-16T12:32:31 IST" duration-ms="7814" status="PASS">
          <reporter-output>
          </reporter-output>
        </test-method> <!-- verifyselectActualStartDate -->
        <test-method signature="verifyselectActualEndDate()[pri:8, instance:com.PRMSTool.Tests.ProjectScreenTest@696da30b]" started-at="2021-02-16T12:32:31 IST" name="verifyselectActualEndDate" finished-at="2021-02-16T12:32:57 IST" duration-ms="26502" status="PASS">
          <reporter-output>
          </reporter-output>
        </test-method> <!-- verifyselectActualEndDate -->
        <test-method is-config="true" signature="finish()[pri:0, instance:com.PRMSTool.Tests.ProjectScreenTest@696da30b]" started-at="2021-02-16T12:32:57 IST" name="finish" finished-at="2021-02-16T12:32:58 IST" duration-ms="674" status="PASS">
          <reporter-output>
          </reporter-output>
        </test-method> <!-- finish -->
      </class> <!-- com.PRMSTool.Tests.ProjectScreenTest -->
    </test> <!-- Default test -->
  </suite> <!-- Default suite -->
</testng-results>
