<?xml version="1.0" encoding="UTF-8"?>
<testng-results ignored="21" total="24" passed="3" failed="0" skipped="0">
  <reporter-output>
  </reporter-output>
  <suite started-at="2021-05-07T18:20:37 IST" name="Default suite" finished-at="2021-05-07T18:21:02 IST" duration-ms="25223">
    <groups>
    </groups>
    <test started-at="2021-05-07T18:20:37 IST" name="Default test" finished-at="2021-05-07T18:21:02 IST" duration-ms="25223">
      <class name="com.PRMSTool.Tests.SalesLeadScreenTest">
        <test-method is-config="true" signature="OpenBrowser()[pri:0, instance:com.PRMSTool.Tests.SalesLeadScreenTest@120f102b]" started-at="2021-05-07T18:20:33 IST" name="OpenBrowser" finished-at="2021-05-07T18:20:37 IST" duration-ms="3878" status="PASS">
          <reporter-output>
          </reporter-output>
        </test-method> <!-- OpenBrowser -->
        <test-method signature="verifyLogin()[pri:0, instance:com.PRMSTool.Tests.SalesLeadScreenTest@120f102b]" started-at="2021-05-07T18:20:37 IST" name="verifyLogin" finished-at="2021-05-07T18:20:47 IST" duration-ms="10474" status="PASS">
          <reporter-output>
          </reporter-output>
        </test-method> <!-- verifyLogin -->
        <test-method signature="verifyclickOnSalesLead()[pri:1, instance:com.PRMSTool.Tests.SalesLeadScreenTest@120f102b]" started-at="2021-05-07T18:20:47 IST" name="verifyclickOnSalesLead" finished-at="2021-05-07T18:20:52 IST" duration-ms="5077" status="PASS">
          <reporter-output>
          </reporter-output>
        </test-method> <!-- verifyclickOnSalesLead -->
        <test-method signature="verifyuploadFile()[pri:23, instance:com.PRMSTool.Tests.SalesLeadScreenTest@120f102b]" started-at="2021-05-07T18:20:52 IST" name="verifyuploadFile" finished-at="2021-05-07T18:21:02 IST" duration-ms="9644" status="PASS">
          <reporter-output>
          </reporter-output>
        </test-method> <!-- verifyuploadFile -->
        <test-method is-config="true" signature="finish()[pri:0, instance:com.PRMSTool.Tests.SalesLeadScreenTest@120f102b]" started-at="2021-05-07T18:21:02 IST" name="finish" finished-at="2021-05-07T18:21:03 IST" duration-ms="1119" status="PASS">
          <reporter-output>
          </reporter-output>
        </test-method> <!-- finish -->
      </class> <!-- com.PRMSTool.Tests.SalesLeadScreenTest -->
    </test> <!-- Default test -->
  </suite> <!-- Default suite -->
</testng-results>
